[0.007s] Invoking command in '/root/ros2_ws/build/webots_ros2_driver': AMENT_PREFIX_PATH=/root/ros2_ws/install/webots_ros2_msgs:/root/ros2_ws/install/webots_ros2_importer:${AMENT_PREFIX_PATH} CMAKE_PREFIX_PATH=/root/ros2_ws/install/webots_ros2_msgs:/opt/ros/humble LD_LIBRARY_PATH=/root/ros2_ws/install/webots_ros2_msgs/lib:${LD_LIBRARY_PATH} PYTHONPATH=/root/ros2_ws/install/webots_ros2_msgs/local/lib/python3.10/dist-packages:/root/ros2_ws/install/webots_ros2_importer/lib/python3.10/site-packages:${PYTHONPATH} /usr/bin/cmake /root/ros2_ws/src/webots_ros2/webots_ros2_driver -DCMAKE_INSTALL_PREFIX=/root/ros2_ws/install/webots_ros2_driver
[0.052s] -- The C compiler identification is GNU 11.4.0
[0.096s] -- The CXX compiler identification is GNU 11.4.0
[0.102s] -- Detecting C compiler ABI info
[0.159s] -- Detecting C compiler ABI info - done
[0.164s] -- Check for working C compiler: /usr/bin/cc - skipped
[0.165s] -- Detecting C compile features
[0.165s] -- Detecting C compile features - done
[0.167s] -- Detecting CXX compiler ABI info
[0.232s] -- Detecting CXX compiler ABI info - done
[0.237s] -- Check for working CXX compiler: /usr/bin/c++ - skipped
[0.237s] -- Detecting CXX compile features
[0.237s] -- Detecting CXX compile features - done
[0.240s] -- Found ament_cmake: 1.3.12 (/opt/ros/humble/share/ament_cmake/cmake)
[0.355s] -- Found Python3: /usr/bin/python3 (found version "3.10.12") found components: Interpreter 
[0.433s] -- Found rosgraph_msgs: 1.2.2 (/opt/ros/humble/share/rosgraph_msgs/cmake)
[0.465s] -- Found rosidl_generator_c: 3.1.8 (/opt/ros/humble/share/rosidl_generator_c/cmake)
[0.471s] -- Found rosidl_adapter: 3.1.8 (/opt/ros/humble/share/rosidl_adapter/cmake)
[0.478s] -- Found rosidl_generator_cpp: 3.1.8 (/opt/ros/humble/share/rosidl_generator_cpp/cmake)
[0.489s] -- Using all available rosidl_typesupport_c: rosidl_typesupport_fastrtps_c;rosidl_typesupport_introspection_c
[0.503s] -- Using all available rosidl_typesupport_cpp: rosidl_typesupport_fastrtps_cpp;rosidl_typesupport_introspection_cpp
[0.528s] -- Found rclcpp: 16.0.17 (/opt/ros/humble/share/rclcpp/cmake)
[0.573s] -- Found rmw_implementation_cmake: 6.1.2 (/opt/ros/humble/share/rmw_implementation_cmake/cmake)
[0.576s] -- Found rmw_fastrtps_cpp: 6.2.9 (/opt/ros/humble/share/rmw_fastrtps_cpp/cmake)
[0.675s] -- Found OpenSSL: /usr/lib/x86_64-linux-gnu/libcrypto.so (found version "3.0.2")  
[0.701s] -- Found FastRTPS: /opt/ros/humble/include  
[0.742s] -- Using RMW implementation 'rmw_fastrtps_cpp' as default
[0.753s] -- Looking for pthread.h
[0.812s] -- Looking for pthread.h - found
[0.812s] -- Performing Test CMAKE_HAVE_LIBC_PTHREAD
[0.870s] -- Performing Test CMAKE_HAVE_LIBC_PTHREAD - Success
[0.871s] -- Found Threads: TRUE  
[0.906s] -- Found pluginlib: 5.1.3 (/opt/ros/humble/share/pluginlib/cmake)
[0.938s] -- Found sensor_msgs: 4.9.0 (/opt/ros/humble/share/sensor_msgs/cmake)
[0.966s] -- Found tf2_geometry_msgs: 0.25.18 (/opt/ros/humble/share/tf2_geometry_msgs/cmake)
[0.984s] -- Found eigen3_cmake_module: 0.1.1 (/opt/ros/humble/share/eigen3_cmake_module/cmake)
[0.985s] -- Found Eigen3: TRUE (found version "3.4.0") 
[0.985s] -- Ensuring Eigen3 include directory is part of orocos-kdl CMake target
[1.082s] -- Found vision_msgs: 4.1.1 (/opt/ros/humble/share/vision_msgs/cmake)
[1.093s] -- Found webots_ros2_msgs: 2025.0.1 (/root/ros2_ws/install/webots_ros2_msgs/share/webots_ros2_msgs/cmake)
[1.106s] -- Found TinyXML2 via Config file: TinyXML2_DIR-NOTFOUND
[1.239s] -- Found Python: /usr/include/python3.10 (found suitable exact version "3.10.12") found components: Development Development.Module Development.Embed 
[1.460s] -- Configuring done
[1.484s] -- Generating done
[1.492s] -- Build files have been written to: /root/ros2_ws/build/webots_ros2_driver
[1.502s] Invoked command in '/root/ros2_ws/build/webots_ros2_driver' returned '0': AMENT_PREFIX_PATH=/root/ros2_ws/install/webots_ros2_msgs:/root/ros2_ws/install/webots_ros2_importer:${AMENT_PREFIX_PATH} CMAKE_PREFIX_PATH=/root/ros2_ws/install/webots_ros2_msgs:/opt/ros/humble LD_LIBRARY_PATH=/root/ros2_ws/install/webots_ros2_msgs/lib:${LD_LIBRARY_PATH} PYTHONPATH=/root/ros2_ws/install/webots_ros2_msgs/local/lib/python3.10/dist-packages:/root/ros2_ws/install/webots_ros2_importer/lib/python3.10/site-packages:${PYTHONPATH} /usr/bin/cmake /root/ros2_ws/src/webots_ros2/webots_ros2_driver -DCMAKE_INSTALL_PREFIX=/root/ros2_ws/install/webots_ros2_driver
[1.503s] Invoking command in '/root/ros2_ws/build/webots_ros2_driver': AMENT_PREFIX_PATH=/root/ros2_ws/install/webots_ros2_msgs:/root/ros2_ws/install/webots_ros2_importer:${AMENT_PREFIX_PATH} CMAKE_PREFIX_PATH=/root/ros2_ws/install/webots_ros2_msgs:/opt/ros/humble LD_LIBRARY_PATH=/root/ros2_ws/install/webots_ros2_msgs/lib:${LD_LIBRARY_PATH} PYTHONPATH=/root/ros2_ws/install/webots_ros2_msgs/local/lib/python3.10/dist-packages:/root/ros2_ws/install/webots_ros2_importer/lib/python3.10/site-packages:${PYTHONPATH} /usr/bin/cmake --build /root/ros2_ws/build/webots_ros2_driver -- -j16 -l16
[1.555s] [  0%] Built target ament_cmake_python_copy_vehicle
[1.555s] [  0%] Built target ament_cmake_python_copy_webots_ros2_driver
[1.558s] [  0%] Built target ament_cmake_python_copy_controller
[1.746s] running egg_info
[1.746s] running egg_info
[1.747s] running egg_info
[1.747s] creating vehicle.egg-info
[1.747s] creating webots_ros2_driver.egg-info
[1.747s] creating controller.egg-info
[1.747s] writing vehicle.egg-info/PKG-INFO
[1.747s] writing webots_ros2_driver.egg-info/PKG-INFO
[1.747s] writing controller.egg-info/PKG-INFO
[1.747s] writing dependency_links to vehicle.egg-info/dependency_links.txt
[1.747s] writing dependency_links to webots_ros2_driver.egg-info/dependency_links.txt
[1.747s] writing dependency_links to controller.egg-info/dependency_links.txt
[1.748s] writing top-level names to vehicle.egg-info/top_level.txt
[1.748s] writing top-level names to webots_ros2_driver.egg-info/top_level.txt
[1.748s] writing manifest file 'vehicle.egg-info/SOURCES.txt'
[1.748s] writing top-level names to controller.egg-info/top_level.txt
[1.748s] writing manifest file 'webots_ros2_driver.egg-info/SOURCES.txt'
[1.748s] writing manifest file 'controller.egg-info/SOURCES.txt'
[1.749s] reading manifest file 'vehicle.egg-info/SOURCES.txt'
[1.749s] reading manifest file 'webots_ros2_driver.egg-info/SOURCES.txt'
[1.749s] writing manifest file 'vehicle.egg-info/SOURCES.txt'
[1.750s] reading manifest file 'controller.egg-info/SOURCES.txt'
[1.750s] writing manifest file 'webots_ros2_driver.egg-info/SOURCES.txt'
[1.750s] writing manifest file 'controller.egg-info/SOURCES.txt'
[1.783s] [  0%] Built target ament_cmake_python_build_vehicle_egg
[1.783s] [  0%] Built target ament_cmake_python_build_webots_ros2_driver_egg
[1.783s] [  0%] Built target ament_cmake_python_build_controller_egg
[16.616s] [  0%] Built target compile-lib-controller
[16.821s] [  0%] Built target compile-generic-window
[18.250s] [  0%] Built target compile-lib-vehicle
[18.276s] [ 25%] [32mBuilding CXX object CMakeFiles/driver.dir/src/plugins/static/Ros2Lidar.cpp.o[0m
[18.276s] [ 25%] [32mBuilding CXX object CMakeFiles/driver.dir/src/plugins/Ros2SensorPlugin.cpp.o[0m
[18.276s] [ 25%] [32mBuilding CXX object CMakeFiles/driver.dir/src/plugins/static/Ros2Pen.cpp.o[0m
[18.276s] [ 25%] [32mBuilding CXX object CMakeFiles/webots_ros2_driver_rgbd.dir/src/plugins/dynamic/Ros2RGBD.cpp.o[0m
[18.276s] [ 25%] [32mBuilding CXX object CMakeFiles/driver.dir/src/plugins/static/Ros2LED.cpp.o[0m
[18.276s] [ 25%] [32mBuilding CXX object CMakeFiles/driver.dir/src/Driver.cpp.o[0m
[18.276s] [ 25%] [32mBuilding CXX object CMakeFiles/driver.dir/src/WebotsNode.cpp.o[0m
[18.276s] [ 29%] [32mBuilding CXX object CMakeFiles/driver.dir/src/PythonPlugin.cpp.o[0m
[18.276s] [ 33%] [32mBuilding CXX object CMakeFiles/webots_ros2_driver_rgbd.dir/src/plugins/Ros2SensorPlugin.cpp.o[0m
[18.276s] [ 37%] [32mBuilding CXX object CMakeFiles/webots_ros2_driver_imu.dir/src/plugins/dynamic/Ros2IMU.cpp.o[0m
[18.276s] [ 40%] [32mBuilding CXX object CMakeFiles/driver.dir/src/plugins/static/Ros2Camera.cpp.o[0m
[18.276s] [ 48%] [32mBuilding CXX object CMakeFiles/driver.dir/src/plugins/static/Ros2GPS.cpp.o[0m
[18.278s] [ 48%] [32mBuilding CXX object CMakeFiles/webots_ros2_driver_rgbd.dir/src/utils/Utils.cpp.o[0m
[18.278s] [ 51%] [32mBuilding CXX object CMakeFiles/webots_ros2_driver_imu.dir/src/plugins/Ros2SensorPlugin.cpp.o[0m
[18.278s] [ 55%] [32mBuilding CXX object CMakeFiles/webots_ros2_driver_imu.dir/src/utils/Utils.cpp.o[0m
[18.279s] [ 59%] [32mBuilding CXX object CMakeFiles/driver.dir/src/plugins/static/Ros2RangeFinder.cpp.o[0m
[18.825s] [ 62%] [32mBuilding CXX object CMakeFiles/driver.dir/src/plugins/static/Ros2DistanceSensor.cpp.o[0m
[18.838s] [ 66%] [32mBuilding CXX object CMakeFiles/driver.dir/src/plugins/static/Ros2LightSensor.cpp.o[0m
[24.014s] [ 70%] [32mBuilding CXX object CMakeFiles/driver.dir/src/plugins/static/Ros2Emitter.cpp.o[0m
[24.342s] [ 74%] [32mBuilding CXX object CMakeFiles/driver.dir/src/plugins/static/Ros2Receiver.cpp.o[0m
[24.524s] [ 77%] [32mBuilding CXX object CMakeFiles/driver.dir/src/plugins/static/Ros2Compass.cpp.o[0m
[24.634s] [ 81%] [32mBuilding CXX object CMakeFiles/driver.dir/src/plugins/static/Ros2VacuumGripper.cpp.o[0m
[24.676s] [ 85%] [32mBuilding CXX object CMakeFiles/driver.dir/src/utils/Math.cpp.o[0m
[25.746s] [ 88%] [32mBuilding CXX object CMakeFiles/driver.dir/src/utils/Utils.cpp.o[0m
[26.286s] [ 92%] [32m[1mLinking CXX shared library libwebots_ros2_driver_imu.so[0m
[26.355s] [ 96%] [32m[1mLinking CXX shared library libwebots_ros2_driver_rgbd.so[0m
[26.809s] [ 96%] Built target webots_ros2_driver_rgbd
[26.838s] [ 96%] Built target webots_ros2_driver_imu
[34.187s] [100%] [32m[1mLinking CXX executable driver[0m
[35.854s] [100%] Built target driver
[35.865s] Invoked command in '/root/ros2_ws/build/webots_ros2_driver' returned '0': AMENT_PREFIX_PATH=/root/ros2_ws/install/webots_ros2_msgs:/root/ros2_ws/install/webots_ros2_importer:${AMENT_PREFIX_PATH} CMAKE_PREFIX_PATH=/root/ros2_ws/install/webots_ros2_msgs:/opt/ros/humble LD_LIBRARY_PATH=/root/ros2_ws/install/webots_ros2_msgs/lib:${LD_LIBRARY_PATH} PYTHONPATH=/root/ros2_ws/install/webots_ros2_msgs/local/lib/python3.10/dist-packages:/root/ros2_ws/install/webots_ros2_importer/lib/python3.10/site-packages:${PYTHONPATH} /usr/bin/cmake --build /root/ros2_ws/build/webots_ros2_driver -- -j16 -l16
[35.866s] Invoking command in '/root/ros2_ws/build/webots_ros2_driver': AMENT_PREFIX_PATH=/root/ros2_ws/install/webots_ros2_msgs:/root/ros2_ws/install/webots_ros2_importer:${AMENT_PREFIX_PATH} CMAKE_PREFIX_PATH=/root/ros2_ws/install/webots_ros2_msgs:/opt/ros/humble LD_LIBRARY_PATH=/root/ros2_ws/install/webots_ros2_msgs/lib:${LD_LIBRARY_PATH} PYTHONPATH=/root/ros2_ws/install/webots_ros2_msgs/local/lib/python3.10/dist-packages:/root/ros2_ws/install/webots_ros2_importer/lib/python3.10/site-packages:${PYTHONPATH} /usr/bin/cmake --install /root/ros2_ws/build/webots_ros2_driver
[35.872s] -- Install configuration: ""
[35.872s] -- Installing: /root/ros2_ws/install/webots_ros2_driver/share/webots_ros2_driver/environment/pythonpath.sh
[35.872s] -- Installing: /root/ros2_ws/install/webots_ros2_driver/share/webots_ros2_driver/environment/pythonpath.dsv
[35.873s] -- Installing: /root/ros2_ws/install/webots_ros2_driver/local/lib/python3.10/dist-packages/controller-2025.0.1-py3.10.egg-info
[35.873s] -- Installing: /root/ros2_ws/install/webots_ros2_driver/local/lib/python3.10/dist-packages/controller-2025.0.1-py3.10.egg-info/dependency_links.txt
[35.873s] -- Installing: /root/ros2_ws/install/webots_ros2_driver/local/lib/python3.10/dist-packages/controller-2025.0.1-py3.10.egg-info/SOURCES.txt
[35.873s] -- Installing: /root/ros2_ws/install/webots_ros2_driver/local/lib/python3.10/dist-packages/controller-2025.0.1-py3.10.egg-info/PKG-INFO
[35.873s] -- Installing: /root/ros2_ws/install/webots_ros2_driver/local/lib/python3.10/dist-packages/controller-2025.0.1-py3.10.egg-info/top_level.txt
[35.873s] -- Installing: /root/ros2_ws/install/webots_ros2_driver/local/lib/python3.10/dist-packages/controller
[35.873s] -- Installing: /root/ros2_ws/install/webots_ros2_driver/local/lib/python3.10/dist-packages/controller/compass.py
[35.873s] -- Installing: /root/ros2_ws/install/webots_ros2_driver/local/lib/python3.10/dist-packages/controller/motion.py
[35.874s] -- Installing: /root/ros2_ws/install/webots_ros2_driver/local/lib/python3.10/dist-packages/controller/altimeter.py
[35.874s] -- Installing: /root/ros2_ws/install/webots_ros2_driver/local/lib/python3.10/dist-packages/controller/wb.py
[35.874s] -- Installing: /root/ros2_ws/install/webots_ros2_driver/local/lib/python3.10/dist-packages/controller/lidar_point.py
[35.874s] -- Installing: /root/ros2_ws/install/webots_ros2_driver/local/lib/python3.10/dist-packages/controller/camera.py
[35.874s] -- Installing: /root/ros2_ws/install/webots_ros2_driver/local/lib/python3.10/dist-packages/controller/skin.py
[35.874s] -- Installing: /root/ros2_ws/install/webots_ros2_driver/local/lib/python3.10/dist-packages/controller/joystick.py
[35.874s] -- Installing: /root/ros2_ws/install/webots_ros2_driver/local/lib/python3.10/dist-packages/controller/receiver.py
[35.874s] -- Installing: /root/ros2_ws/install/webots_ros2_driver/local/lib/python3.10/dist-packages/controller/emitter.py
[35.875s] -- Installing: /root/ros2_ws/install/webots_ros2_driver/local/lib/python3.10/dist-packages/controller/gyro.py
[35.875s] -- Installing: /root/ros2_ws/install/webots_ros2_driver/local/lib/python3.10/dist-packages/controller/distance_sensor.py
[35.875s] -- Installing: /root/ros2_ws/install/webots_ros2_driver/local/lib/python3.10/dist-packages/controller/accelerometer.py
[35.875s] -- Installing: /root/ros2_ws/install/webots_ros2_driver/local/lib/python3.10/dist-packages/controller/node.py
[35.875s] -- Installing: /root/ros2_ws/install/webots_ros2_driver/local/lib/python3.10/dist-packages/controller/mouse.py
[35.875s] -- Installing: /root/ros2_ws/install/webots_ros2_driver/local/lib/python3.10/dist-packages/controller/pen.py
[35.875s] -- Installing: /root/ros2_ws/install/webots_ros2_driver/local/lib/python3.10/dist-packages/controller/light_sensor.py
[35.875s] -- Installing: /root/ros2_ws/install/webots_ros2_driver/local/lib/python3.10/dist-packages/controller/led.py
[35.876s] -- Installing: /root/ros2_ws/install/webots_ros2_driver/local/lib/python3.10/dist-packages/controller/gps.py
[35.876s] -- Installing: /root/ros2_ws/install/webots_ros2_driver/local/lib/python3.10/dist-packages/controller/range_finder.py
[35.876s] -- Installing: /root/ros2_ws/install/webots_ros2_driver/local/lib/python3.10/dist-packages/controller/brake.py
[35.876s] -- Installing: /root/ros2_ws/install/webots_ros2_driver/local/lib/python3.10/dist-packages/controller/speaker.py
[35.876s] -- Installing: /root/ros2_ws/install/webots_ros2_driver/local/lib/python3.10/dist-packages/controller/radar.py
[35.876s] -- Installing: /root/ros2_ws/install/webots_ros2_driver/local/lib/python3.10/dist-packages/controller/constants.py
[35.876s] -- Installing: /root/ros2_ws/install/webots_ros2_driver/local/lib/python3.10/dist-packages/controller/touch_sensor.py
[35.876s] -- Installing: /root/ros2_ws/install/webots_ros2_driver/local/lib/python3.10/dist-packages/controller/display.py
[35.877s] -- Installing: /root/ros2_ws/install/webots_ros2_driver/local/lib/python3.10/dist-packages/controller/lidar.py
[35.877s] -- Installing: /root/ros2_ws/install/webots_ros2_driver/local/lib/python3.10/dist-packages/controller/keyboard.py
[35.877s] -- Installing: /root/ros2_ws/install/webots_ros2_driver/local/lib/python3.10/dist-packages/controller/connector.py
[35.877s] -- Installing: /root/ros2_ws/install/webots_ros2_driver/local/lib/python3.10/dist-packages/controller/robot.py
[35.877s] -- Installing: /root/ros2_ws/install/webots_ros2_driver/local/lib/python3.10/dist-packages/controller/inertial_unit.py
[35.877s] -- Installing: /root/ros2_ws/install/webots_ros2_driver/local/lib/python3.10/dist-packages/controller/supervisor.py
[35.877s] -- Installing: /root/ros2_ws/install/webots_ros2_driver/local/lib/python3.10/dist-packages/controller/device.py
[35.878s] -- Installing: /root/ros2_ws/install/webots_ros2_driver/local/lib/python3.10/dist-packages/controller/field.py
[35.878s] -- Installing: /root/ros2_ws/install/webots_ros2_driver/local/lib/python3.10/dist-packages/controller/__init__.py
[35.878s] -- Installing: /root/ros2_ws/install/webots_ros2_driver/local/lib/python3.10/dist-packages/controller/vacuum_gripper.py
[35.878s] -- Installing: /root/ros2_ws/install/webots_ros2_driver/local/lib/python3.10/dist-packages/controller/position_sensor.py
[35.878s] -- Installing: /root/ros2_ws/install/webots_ros2_driver/local/lib/python3.10/dist-packages/controller/ansi_codes.py
[35.878s] -- Installing: /root/ros2_ws/install/webots_ros2_driver/local/lib/python3.10/dist-packages/controller/radar_target.py
[35.878s] -- Installing: /root/ros2_ws/install/webots_ros2_driver/local/lib/python3.10/dist-packages/controller/motor.py
[35.878s] -- Installing: /root/ros2_ws/install/webots_ros2_driver/local/lib/python3.10/dist-packages/controller/proto.py
[35.879s] -- Installing: /root/ros2_ws/install/webots_ros2_driver/local/lib/python3.10/dist-packages/controller/sensor.py
[35.924s] Listing '/root/ros2_ws/install/webots_ros2_driver/local/lib/python3.10/dist-packages/controller'...
[35.924s] Compiling '/root/ros2_ws/install/webots_ros2_driver/local/lib/python3.10/dist-packages/controller/__init__.py'...
[35.924s] Compiling '/root/ros2_ws/install/webots_ros2_driver/local/lib/python3.10/dist-packages/controller/accelerometer.py'...
[35.924s] Compiling '/root/ros2_ws/install/webots_ros2_driver/local/lib/python3.10/dist-packages/controller/altimeter.py'...
[35.925s] Compiling '/root/ros2_ws/install/webots_ros2_driver/local/lib/python3.10/dist-packages/controller/ansi_codes.py'...
[35.925s] Compiling '/root/ros2_ws/install/webots_ros2_driver/local/lib/python3.10/dist-packages/controller/brake.py'...
[35.925s] Compiling '/root/ros2_ws/install/webots_ros2_driver/local/lib/python3.10/dist-packages/controller/camera.py'...
[35.925s] Compiling '/root/ros2_ws/install/webots_ros2_driver/local/lib/python3.10/dist-packages/controller/compass.py'...
[35.925s] Compiling '/root/ros2_ws/install/webots_ros2_driver/local/lib/python3.10/dist-packages/controller/connector.py'...
[35.925s] Compiling '/root/ros2_ws/install/webots_ros2_driver/local/lib/python3.10/dist-packages/controller/constants.py'...
[35.925s] Compiling '/root/ros2_ws/install/webots_ros2_driver/local/lib/python3.10/dist-packages/controller/device.py'...
[35.925s] Compiling '/root/ros2_ws/install/webots_ros2_driver/local/lib/python3.10/dist-packages/controller/display.py'...
[35.925s] Compiling '/root/ros2_ws/install/webots_ros2_driver/local/lib/python3.10/dist-packages/controller/distance_sensor.py'...
[35.925s] Compiling '/root/ros2_ws/install/webots_ros2_driver/local/lib/python3.10/dist-packages/controller/emitter.py'...
[35.925s] Compiling '/root/ros2_ws/install/webots_ros2_driver/local/lib/python3.10/dist-packages/controller/field.py'...
[35.925s] Compiling '/root/ros2_ws/install/webots_ros2_driver/local/lib/python3.10/dist-packages/controller/gps.py'...
[35.925s] Compiling '/root/ros2_ws/install/webots_ros2_driver/local/lib/python3.10/dist-packages/controller/gyro.py'...
[35.925s] Compiling '/root/ros2_ws/install/webots_ros2_driver/local/lib/python3.10/dist-packages/controller/inertial_unit.py'...
[35.925s] Compiling '/root/ros2_ws/install/webots_ros2_driver/local/lib/python3.10/dist-packages/controller/joystick.py'...
[35.925s] Compiling '/root/ros2_ws/install/webots_ros2_driver/local/lib/python3.10/dist-packages/controller/keyboard.py'...
[35.925s] Compiling '/root/ros2_ws/install/webots_ros2_driver/local/lib/python3.10/dist-packages/controller/led.py'...
[35.925s] Compiling '/root/ros2_ws/install/webots_ros2_driver/local/lib/python3.10/dist-packages/controller/lidar.py'...
[35.925s] Compiling '/root/ros2_ws/install/webots_ros2_driver/local/lib/python3.10/dist-packages/controller/lidar_point.py'...
[35.925s] Compiling '/root/ros2_ws/install/webots_ros2_driver/local/lib/python3.10/dist-packages/controller/light_sensor.py'...
[35.925s] Compiling '/root/ros2_ws/install/webots_ros2_driver/local/lib/python3.10/dist-packages/controller/motion.py'...
[35.925s] Compiling '/root/ros2_ws/install/webots_ros2_driver/local/lib/python3.10/dist-packages/controller/motor.py'...
[35.925s] Compiling '/root/ros2_ws/install/webots_ros2_driver/local/lib/python3.10/dist-packages/controller/mouse.py'...
[35.926s] Compiling '/root/ros2_ws/install/webots_ros2_driver/local/lib/python3.10/dist-packages/controller/node.py'...
[35.926s] Compiling '/root/ros2_ws/install/webots_ros2_driver/local/lib/python3.10/dist-packages/controller/pen.py'...
[35.926s] Compiling '/root/ros2_ws/install/webots_ros2_driver/local/lib/python3.10/dist-packages/controller/position_sensor.py'...
[35.926s] Compiling '/root/ros2_ws/install/webots_ros2_driver/local/lib/python3.10/dist-packages/controller/proto.py'...
[35.926s] Compiling '/root/ros2_ws/install/webots_ros2_driver/local/lib/python3.10/dist-packages/controller/radar.py'...
[35.926s] Compiling '/root/ros2_ws/install/webots_ros2_driver/local/lib/python3.10/dist-packages/controller/radar_target.py'...
[35.926s] Compiling '/root/ros2_ws/install/webots_ros2_driver/local/lib/python3.10/dist-packages/controller/range_finder.py'...
[35.926s] Compiling '/root/ros2_ws/install/webots_ros2_driver/local/lib/python3.10/dist-packages/controller/receiver.py'...
[35.926s] Compiling '/root/ros2_ws/install/webots_ros2_driver/local/lib/python3.10/dist-packages/controller/robot.py'...
[35.926s] Compiling '/root/ros2_ws/install/webots_ros2_driver/local/lib/python3.10/dist-packages/controller/sensor.py'...
[35.926s] Compiling '/root/ros2_ws/install/webots_ros2_driver/local/lib/python3.10/dist-packages/controller/skin.py'...
[35.926s] Compiling '/root/ros2_ws/install/webots_ros2_driver/local/lib/python3.10/dist-packages/controller/speaker.py'...
[35.926s] Compiling '/root/ros2_ws/install/webots_ros2_driver/local/lib/python3.10/dist-packages/controller/supervisor.py'...
[35.926s] Compiling '/root/ros2_ws/install/webots_ros2_driver/local/lib/python3.10/dist-packages/controller/touch_sensor.py'...
[35.926s] Compiling '/root/ros2_ws/install/webots_ros2_driver/local/lib/python3.10/dist-packages/controller/vacuum_gripper.py'...
[35.926s] Compiling '/root/ros2_ws/install/webots_ros2_driver/local/lib/python3.10/dist-packages/controller/wb.py'...
[35.928s] -- Installing: /root/ros2_ws/install/webots_ros2_driver/local/lib/python3.10/dist-packages/vehicle-2025.0.1-py3.10.egg-info
[35.928s] -- Installing: /root/ros2_ws/install/webots_ros2_driver/local/lib/python3.10/dist-packages/vehicle-2025.0.1-py3.10.egg-info/dependency_links.txt
[35.928s] -- Installing: /root/ros2_ws/install/webots_ros2_driver/local/lib/python3.10/dist-packages/vehicle-2025.0.1-py3.10.egg-info/SOURCES.txt
[35.928s] -- Installing: /root/ros2_ws/install/webots_ros2_driver/local/lib/python3.10/dist-packages/vehicle-2025.0.1-py3.10.egg-info/PKG-INFO
[35.929s] -- Installing: /root/ros2_ws/install/webots_ros2_driver/local/lib/python3.10/dist-packages/vehicle-2025.0.1-py3.10.egg-info/top_level.txt
[35.929s] -- Installing: /root/ros2_ws/install/webots_ros2_driver/local/lib/python3.10/dist-packages/vehicle
[35.929s] -- Installing: /root/ros2_ws/install/webots_ros2_driver/local/lib/python3.10/dist-packages/vehicle/driver.py
[35.929s] -- Installing: /root/ros2_ws/install/webots_ros2_driver/local/lib/python3.10/dist-packages/vehicle/car.py
[35.929s] -- Installing: /root/ros2_ws/install/webots_ros2_driver/local/lib/python3.10/dist-packages/vehicle/__init__.py
[35.956s] Listing '/root/ros2_ws/install/webots_ros2_driver/local/lib/python3.10/dist-packages/vehicle'...
[35.956s] Compiling '/root/ros2_ws/install/webots_ros2_driver/local/lib/python3.10/dist-packages/vehicle/__init__.py'...
[35.956s] Compiling '/root/ros2_ws/install/webots_ros2_driver/local/lib/python3.10/dist-packages/vehicle/car.py'...
[35.957s] Compiling '/root/ros2_ws/install/webots_ros2_driver/local/lib/python3.10/dist-packages/vehicle/driver.py'...
[35.960s] -- Installing: /root/ros2_ws/install/webots_ros2_driver/local/lib/python3.10/dist-packages/webots_ros2_driver-2025.0.1-py3.10.egg-info
[35.960s] -- Installing: /root/ros2_ws/install/webots_ros2_driver/local/lib/python3.10/dist-packages/webots_ros2_driver-2025.0.1-py3.10.egg-info/dependency_links.txt
[35.960s] -- Installing: /root/ros2_ws/install/webots_ros2_driver/local/lib/python3.10/dist-packages/webots_ros2_driver-2025.0.1-py3.10.egg-info/SOURCES.txt
[35.961s] -- Installing: /root/ros2_ws/install/webots_ros2_driver/local/lib/python3.10/dist-packages/webots_ros2_driver-2025.0.1-py3.10.egg-info/PKG-INFO
[35.961s] -- Installing: /root/ros2_ws/install/webots_ros2_driver/local/lib/python3.10/dist-packages/webots_ros2_driver-2025.0.1-py3.10.egg-info/top_level.txt
[35.961s] -- Installing: /root/ros2_ws/install/webots_ros2_driver/local/lib/python3.10/dist-packages/webots_ros2_driver
[35.961s] -- Installing: /root/ros2_ws/install/webots_ros2_driver/local/lib/python3.10/dist-packages/webots_ros2_driver/webots_launcher.py
[35.961s] -- Installing: /root/ros2_ws/install/webots_ros2_driver/local/lib/python3.10/dist-packages/webots_ros2_driver/wait_for_controller_connection.py
[35.961s] -- Installing: /root/ros2_ws/install/webots_ros2_driver/local/lib/python3.10/dist-packages/webots_ros2_driver/ros2_supervisor.py
[35.961s] -- Installing: /root/ros2_ws/install/webots_ros2_driver/local/lib/python3.10/dist-packages/webots_ros2_driver/urdf_spawner.py
[35.961s] -- Installing: /root/ros2_ws/install/webots_ros2_driver/local/lib/python3.10/dist-packages/webots_ros2_driver/__init__.py
[35.962s] -- Installing: /root/ros2_ws/install/webots_ros2_driver/local/lib/python3.10/dist-packages/webots_ros2_driver/utils.py
[35.962s] -- Installing: /root/ros2_ws/install/webots_ros2_driver/local/lib/python3.10/dist-packages/webots_ros2_driver/webots_controller.py
[35.991s] Listing '/root/ros2_ws/install/webots_ros2_driver/local/lib/python3.10/dist-packages/webots_ros2_driver'...
[35.991s] Compiling '/root/ros2_ws/install/webots_ros2_driver/local/lib/python3.10/dist-packages/webots_ros2_driver/__init__.py'...
[35.991s] Compiling '/root/ros2_ws/install/webots_ros2_driver/local/lib/python3.10/dist-packages/webots_ros2_driver/ros2_supervisor.py'...
[35.991s] Compiling '/root/ros2_ws/install/webots_ros2_driver/local/lib/python3.10/dist-packages/webots_ros2_driver/urdf_spawner.py'...
[35.991s] Compiling '/root/ros2_ws/install/webots_ros2_driver/local/lib/python3.10/dist-packages/webots_ros2_driver/utils.py'...
[35.991s] Compiling '/root/ros2_ws/install/webots_ros2_driver/local/lib/python3.10/dist-packages/webots_ros2_driver/wait_for_controller_connection.py'...
[35.991s] Compiling '/root/ros2_ws/install/webots_ros2_driver/local/lib/python3.10/dist-packages/webots_ros2_driver/webots_controller.py'...
[35.991s] Compiling '/root/ros2_ws/install/webots_ros2_driver/local/lib/python3.10/dist-packages/webots_ros2_driver/webots_launcher.py'...
[35.995s] -- Installing: /root/ros2_ws/install/webots_ros2_driver/include
[35.996s] -- Installing: /root/ros2_ws/install/webots_ros2_driver/include/webots_ros2_driver
[35.996s] -- Installing: /root/ros2_ws/install/webots_ros2_driver/include/webots_ros2_driver/PythonPlugin.hpp
[35.996s] -- Installing: /root/ros2_ws/install/webots_ros2_driver/include/webots_ros2_driver/plugins
[35.996s] -- Installing: /root/ros2_ws/install/webots_ros2_driver/include/webots_ros2_driver/plugins/static
[35.996s] -- Installing: /root/ros2_ws/install/webots_ros2_driver/include/webots_ros2_driver/plugins/static/Ros2Receiver.hpp
[35.996s] -- Installing: /root/ros2_ws/install/webots_ros2_driver/include/webots_ros2_driver/plugins/static/Ros2Compass.hpp
[35.996s] -- Installing: /root/ros2_ws/install/webots_ros2_driver/include/webots_ros2_driver/plugins/static/Ros2GPS.hpp
[35.996s] -- Installing: /root/ros2_ws/install/webots_ros2_driver/include/webots_ros2_driver/plugins/static/Ros2RangeFinder.hpp
[35.997s] -- Installing: /root/ros2_ws/install/webots_ros2_driver/include/webots_ros2_driver/plugins/static/Ros2DistanceSensor.hpp
[35.997s] -- Installing: /root/ros2_ws/install/webots_ros2_driver/include/webots_ros2_driver/plugins/static/Ros2Camera.hpp
[35.997s] -- Installing: /root/ros2_ws/install/webots_ros2_driver/include/webots_ros2_driver/plugins/static/Ros2Lidar.hpp
[35.997s] -- Installing: /root/ros2_ws/install/webots_ros2_driver/include/webots_ros2_driver/plugins/static/Ros2Pen.hpp
[35.997s] -- Installing: /root/ros2_ws/install/webots_ros2_driver/include/webots_ros2_driver/plugins/static/Ros2LightSensor.hpp
[35.997s] -- Installing: /root/ros2_ws/install/webots_ros2_driver/include/webots_ros2_driver/plugins/static/Ros2LED.hpp
[35.997s] -- Installing: /root/ros2_ws/install/webots_ros2_driver/include/webots_ros2_driver/plugins/static/Ros2VacuumGripper.hpp
[35.997s] -- Installing: /root/ros2_ws/install/webots_ros2_driver/include/webots_ros2_driver/plugins/static/Ros2Emitter.hpp
[35.997s] -- Installing: /root/ros2_ws/install/webots_ros2_driver/include/webots_ros2_driver/plugins/dynamic
[35.998s] -- Installing: /root/ros2_ws/install/webots_ros2_driver/include/webots_ros2_driver/plugins/dynamic/Ros2IMU.hpp
[35.998s] -- Installing: /root/ros2_ws/install/webots_ros2_driver/include/webots_ros2_driver/plugins/dynamic/Ros2RGBD.hpp
[35.998s] -- Installing: /root/ros2_ws/install/webots_ros2_driver/include/webots_ros2_driver/plugins/Ros2SensorPlugin.hpp
[35.998s] -- Installing: /root/ros2_ws/install/webots_ros2_driver/include/webots_ros2_driver/WebotsNode.hpp
[35.998s] -- Installing: /root/ros2_ws/install/webots_ros2_driver/include/webots_ros2_driver/utils
[35.998s] -- Installing: /root/ros2_ws/install/webots_ros2_driver/include/webots_ros2_driver/utils/Math.hpp
[35.998s] -- Installing: /root/ros2_ws/install/webots_ros2_driver/include/webots_ros2_driver/utils/Utils.hpp
[35.998s] -- Installing: /root/ros2_ws/install/webots_ros2_driver/include/webots_ros2_driver/PluginInterface.hpp
[35.998s] -- Installing: /root/ros2_ws/install/webots_ros2_driver/lib/webots_ros2_driver/driver
[36.014s] -- Installing: /root/ros2_ws/install/webots_ros2_driver/lib/libwebots_ros2_driver_imu.so
[36.016s] -- Installing: /root/ros2_ws/install/webots_ros2_driver/lib/libwebots_ros2_driver_rgbd.so
[36.018s] -- Installing: /root/ros2_ws/install/webots_ros2_driver/include/webots/c
[36.019s] -- Installing: /root/ros2_ws/install/webots_ros2_driver/include/webots/c/webots
[36.019s] -- Installing: /root/ros2_ws/install/webots_ros2_driver/include/webots/c/webots/light_sensor.h
[36.019s] -- Installing: /root/ros2_ws/install/webots_ros2_driver/include/webots/c/webots/joystick.h
[36.019s] -- Installing: /root/ros2_ws/install/webots_ros2_driver/include/webots/c/webots/camera_recognition_object.h
[36.019s] -- Installing: /root/ros2_ws/install/webots_ros2_driver/include/webots/c/webots/gps.h
[36.019s] -- Installing: /root/ros2_ws/install/webots_ros2_driver/include/webots/c/webots/mouse.h
[36.019s] -- Installing: /root/ros2_ws/install/webots_ros2_driver/include/webots/c/webots/nodes.h
[36.019s] -- Installing: /root/ros2_ws/install/webots_ros2_driver/include/webots/c/webots/inertial_unit.h
[36.019s] -- Installing: /root/ros2_ws/install/webots_ros2_driver/include/webots/c/webots/microphone.h
[36.020s] -- Installing: /root/ros2_ws/install/webots_ros2_driver/include/webots/c/webots/compass.h
[36.020s] -- Installing: /root/ros2_ws/install/webots_ros2_driver/include/webots/c/webots/device.h
[36.020s] -- Installing: /root/ros2_ws/install/webots_ros2_driver/include/webots/c/webots/motor.h
[36.020s] -- Installing: /root/ros2_ws/install/webots_ros2_driver/include/webots/c/webots/accelerometer.h
[36.020s] -- Installing: /root/ros2_ws/install/webots_ros2_driver/include/webots/c/webots/plugins
[36.020s] -- Installing: /root/ros2_ws/install/webots_ros2_driver/include/webots/c/webots/plugins/robot_window
[36.020s] -- Installing: /root/ros2_ws/install/webots_ros2_driver/include/webots/c/webots/plugins/robot_window/robot_window.h
[36.020s] -- Installing: /root/ros2_ws/install/webots_ros2_driver/include/webots/c/webots/plugins/robot_window/generic_robot_window
[36.020s] -- Installing: /root/ros2_ws/install/webots_ros2_driver/include/webots/c/webots/plugins/robot_window/generic_robot_window/generic.h
[36.020s] -- Installing: /root/ros2_ws/install/webots_ros2_driver/include/webots/c/webots/plugins/robot_window/default.h
[36.020s] -- Installing: /root/ros2_ws/install/webots_ros2_driver/include/webots/c/webots/plugins/robot_window/robot_wwi.h
[36.021s] -- Installing: /root/ros2_ws/install/webots_ros2_driver/include/webots/c/webots/receiver.h
[36.021s] -- Installing: /root/ros2_ws/install/webots_ros2_driver/include/webots/c/webots/lidar_point.h
[36.021s] -- Installing: /root/ros2_ws/install/webots_ros2_driver/include/webots/c/webots/supervisor.h
[36.021s] -- Installing: /root/ros2_ws/install/webots_ros2_driver/include/webots/c/webots/altimeter.h
[36.021s] -- Installing: /root/ros2_ws/install/webots_ros2_driver/include/webots/c/webots/vehicle
[36.021s] -- Installing: /root/ros2_ws/install/webots_ros2_driver/include/webots/c/webots/vehicle/driver.h
[36.021s] -- Installing: /root/ros2_ws/install/webots_ros2_driver/include/webots/c/webots/vehicle/car.h
[36.021s] -- Installing: /root/ros2_ws/install/webots_ros2_driver/include/webots/c/webots/remote_control.h
[36.021s] -- Installing: /root/ros2_ws/install/webots_ros2_driver/include/webots/c/webots/speaker.h
[36.021s] -- Installing: /root/ros2_ws/install/webots_ros2_driver/include/webots/c/webots/brake.h
[36.022s] -- Installing: /root/ros2_ws/install/webots_ros2_driver/include/webots/c/webots/utils
[36.022s] -- Installing: /root/ros2_ws/install/webots_ros2_driver/include/webots/c/webots/utils/string.h
[36.022s] -- Installing: /root/ros2_ws/install/webots_ros2_driver/include/webots/c/webots/utils/motion.h
[36.022s] -- Installing: /root/ros2_ws/install/webots_ros2_driver/include/webots/c/webots/utils/ansi_codes.h
[36.022s] -- Installing: /root/ros2_ws/install/webots_ros2_driver/include/webots/c/webots/utils/system.h
[36.022s] -- Installing: /root/ros2_ws/install/webots_ros2_driver/include/webots/c/webots/contact_point.h
[36.022s] -- Installing: /root/ros2_ws/install/webots_ros2_driver/include/webots/c/webots/emitter.h
[36.022s] -- Installing: /root/ros2_ws/install/webots_ros2_driver/include/webots/c/webots/skin.h
[36.022s] -- Installing: /root/ros2_ws/install/webots_ros2_driver/include/webots/c/webots/console.h
[36.023s] -- Installing: /root/ros2_ws/install/webots_ros2_driver/include/webots/c/webots/gyro.h
[36.023s] -- Installing: /root/ros2_ws/install/webots_ros2_driver/include/webots/c/webots/distance_sensor.h
[36.023s] -- Installing: /root/ros2_ws/install/webots_ros2_driver/include/webots/c/webots/camera.h
[36.023s] -- Installing: /root/ros2_ws/install/webots_ros2_driver/include/webots/c/webots/connector.h
[36.023s] -- Installing: /root/ros2_ws/install/webots_ros2_driver/include/webots/c/webots/pen.h
[36.023s] -- Installing: /root/ros2_ws/install/webots_ros2_driver/include/webots/c/webots/vacuum_gripper.h
[36.023s] -- Installing: /root/ros2_ws/install/webots_ros2_driver/include/webots/c/webots/radar.h
[36.023s] -- Installing: /root/ros2_ws/install/webots_ros2_driver/include/webots/c/webots/radio.h
[36.023s] -- Installing: /root/ros2_ws/install/webots_ros2_driver/include/webots/c/webots/lidar.h
[36.024s] -- Installing: /root/ros2_ws/install/webots_ros2_driver/include/webots/c/webots/radar_target.h
[36.024s] -- Installing: /root/ros2_ws/install/webots_ros2_driver/include/webots/c/webots/range_finder.h
[36.024s] -- Installing: /root/ros2_ws/install/webots_ros2_driver/include/webots/c/webots/keyboard.h
[36.024s] -- Installing: /root/ros2_ws/install/webots_ros2_driver/include/webots/c/webots/led.h
[36.024s] -- Installing: /root/ros2_ws/install/webots_ros2_driver/include/webots/c/webots/touch_sensor.h
[36.024s] -- Installing: /root/ros2_ws/install/webots_ros2_driver/include/webots/c/webots/position_sensor.h
[36.024s] -- Installing: /root/ros2_ws/install/webots_ros2_driver/include/webots/c/webots/robot.h
[36.024s] -- Installing: /root/ros2_ws/install/webots_ros2_driver/include/webots/c/webots/display.h
[36.024s] -- Installing: /root/ros2_ws/install/webots_ros2_driver/include/webots/c/webots/mouse_state.h
[36.025s] -- Installing: /root/ros2_ws/install/webots_ros2_driver/include/webots/c/webots/types.h
[36.025s] -- Installing: /root/ros2_ws/install/webots_ros2_driver/include/webots/cpp
[36.025s] -- Installing: /root/ros2_ws/install/webots_ros2_driver/include/webots/cpp/webots
[36.025s] -- Installing: /root/ros2_ws/install/webots_ros2_driver/include/webots/cpp/webots/VacuumGripper.hpp
[36.025s] -- Installing: /root/ros2_ws/install/webots_ros2_driver/include/webots/cpp/webots/Display.hpp
[36.025s] -- Installing: /root/ros2_ws/install/webots_ros2_driver/include/webots/cpp/webots/Node.hpp
[36.025s] -- Installing: /root/ros2_ws/install/webots_ros2_driver/include/webots/cpp/webots/Camera.hpp
[36.025s] -- Installing: /root/ros2_ws/install/webots_ros2_driver/include/webots/cpp/webots/Device.hpp
[36.025s] -- Installing: /root/ros2_ws/install/webots_ros2_driver/include/webots/cpp/webots/Robot.hpp
[36.025s] -- Installing: /root/ros2_ws/install/webots_ros2_driver/include/webots/cpp/webots/Keyboard.hpp
[36.026s] -- Installing: /root/ros2_ws/install/webots_ros2_driver/include/webots/cpp/webots/Gyro.hpp
[36.026s] -- Installing: /root/ros2_ws/install/webots_ros2_driver/include/webots/cpp/webots/PositionSensor.hpp
[36.026s] -- Installing: /root/ros2_ws/install/webots_ros2_driver/include/webots/cpp/webots/TouchSensor.hpp
[36.026s] -- Installing: /root/ros2_ws/install/webots_ros2_driver/include/webots/cpp/webots/Joystick.hpp
[36.026s] -- Installing: /root/ros2_ws/install/webots_ros2_driver/include/webots/cpp/webots/ImageRef.hpp
[36.026s] -- Installing: /root/ros2_ws/install/webots_ros2_driver/include/webots/cpp/webots/Motor.hpp
[36.026s] -- Installing: /root/ros2_ws/install/webots_ros2_driver/include/webots/cpp/webots/LightSensor.hpp
[36.026s] -- Installing: /root/ros2_ws/install/webots_ros2_driver/include/webots/cpp/webots/Supervisor.hpp
[36.026s] -- Installing: /root/ros2_ws/install/webots_ros2_driver/include/webots/cpp/webots/Skin.hpp
[36.027s] -- Installing: /root/ros2_ws/install/webots_ros2_driver/include/webots/cpp/webots/GPS.hpp
[36.027s] -- Installing: /root/ros2_ws/install/webots_ros2_driver/include/webots/cpp/webots/DistanceSensor.hpp
[36.027s] -- Installing: /root/ros2_ws/install/webots_ros2_driver/include/webots/cpp/webots/Altimeter.hpp
[36.027s] -- Installing: /root/ros2_ws/install/webots_ros2_driver/include/webots/cpp/webots/vehicle
[36.027s] -- Installing: /root/ros2_ws/install/webots_ros2_driver/include/webots/cpp/webots/vehicle/Car.hpp
[36.027s] -- Installing: /root/ros2_ws/install/webots_ros2_driver/include/webots/cpp/webots/vehicle/Driver.hpp
[36.027s] -- Installing: /root/ros2_ws/install/webots_ros2_driver/include/webots/cpp/webots/Connector.hpp
[36.027s] -- Installing: /root/ros2_ws/install/webots_ros2_driver/include/webots/cpp/webots/utils
[36.027s] -- Installing: /root/ros2_ws/install/webots_ros2_driver/include/webots/cpp/webots/utils/AnsiCodes.hpp
[36.027s] -- Installing: /root/ros2_ws/install/webots_ros2_driver/include/webots/cpp/webots/utils/Motion.hpp
[36.028s] -- Installing: /root/ros2_ws/install/webots_ros2_driver/include/webots/cpp/webots/Emitter.hpp
[36.028s] -- Installing: /root/ros2_ws/install/webots_ros2_driver/include/webots/cpp/webots/InertialUnit.hpp
[36.028s] -- Installing: /root/ros2_ws/install/webots_ros2_driver/include/webots/cpp/webots/Mouse.hpp
[36.028s] -- Installing: /root/ros2_ws/install/webots_ros2_driver/include/webots/cpp/webots/Field.hpp
[36.028s] -- Installing: /root/ros2_ws/install/webots_ros2_driver/include/webots/cpp/webots/Brake.hpp
[36.028s] -- Installing: /root/ros2_ws/install/webots_ros2_driver/include/webots/cpp/webots/Compass.hpp
[36.028s] -- Installing: /root/ros2_ws/install/webots_ros2_driver/include/webots/cpp/webots/Proto.hpp
[36.028s] -- Installing: /root/ros2_ws/install/webots_ros2_driver/include/webots/cpp/webots/Radar.hpp
[36.028s] -- Installing: /root/ros2_ws/install/webots_ros2_driver/include/webots/cpp/webots/RangeFinder.hpp
[36.029s] -- Installing: /root/ros2_ws/install/webots_ros2_driver/include/webots/cpp/webots/Lidar.hpp
[36.029s] -- Installing: /root/ros2_ws/install/webots_ros2_driver/include/webots/cpp/webots/Pen.hpp
[36.029s] -- Installing: /root/ros2_ws/install/webots_ros2_driver/include/webots/cpp/webots/LED.hpp
[36.029s] -- Installing: /root/ros2_ws/install/webots_ros2_driver/include/webots/cpp/webots/Accelerometer.hpp
[36.029s] -- Installing: /root/ros2_ws/install/webots_ros2_driver/include/webots/cpp/webots/Receiver.hpp
[36.029s] -- Installing: /root/ros2_ws/install/webots_ros2_driver/include/webots/cpp/webots/Speaker.hpp
[36.029s] -- Installing: /root/ros2_ws/install/webots_ros2_driver/lib/controller
[36.029s] -- Installing: /root/ros2_ws/install/webots_ros2_driver/lib/controller/libCppController.so
[36.030s] -- Installing: /root/ros2_ws/install/webots_ros2_driver/lib/controller/libgeneric_robot_window.so
[36.030s] -- Installing: /root/ros2_ws/install/webots_ros2_driver/lib/controller/libCppDriver.so
[36.030s] -- Installing: /root/ros2_ws/install/webots_ros2_driver/lib/controller/libdriver.so
[36.030s] -- Installing: /root/ros2_ws/install/webots_ros2_driver/lib/controller/libcar.so
[36.031s] -- Installing: /root/ros2_ws/install/webots_ros2_driver/lib/controller/libCppCar.so
[36.031s] -- Installing: /root/ros2_ws/install/webots_ros2_driver/lib/controller/.gitignore
[36.031s] -- Installing: /root/ros2_ws/install/webots_ros2_driver/lib/controller/libController.so
[36.032s] -- Installing: /root/ros2_ws/install/webots_ros2_driver/share/webots_ros2_driver/webots_ros2_imu.xml
[36.032s] -- Installing: /root/ros2_ws/install/webots_ros2_driver/share/webots_ros2_driver/webots_ros2_rgbd.xml
[36.032s] -- Installing: /root/ros2_ws/install/webots_ros2_driver/lib/webots_ros2_driver/ros2_supervisor.py
[36.032s] -- Installing: /root/ros2_ws/install/webots_ros2_driver/share/webots_ros2_driver/scripts
[36.032s] -- Installing: /root/ros2_ws/install/webots_ros2_driver/share/webots_ros2_driver/scripts/webots_tcp_client.py
[36.032s] -- Installing: /root/ros2_ws/install/webots_ros2_driver/share/webots_ros2_driver/scripts/webots-controller
[36.032s] -- Installing: /root/ros2_ws/install/webots_ros2_driver/share/webots_ros2_driver/environment/library_path.sh
[36.033s] -- Installing: /root/ros2_ws/install/webots_ros2_driver/share/webots_ros2_driver/environment/library_path.dsv
[36.033s] -- Installing: /root/ros2_ws/install/webots_ros2_driver/share/ament_index/resource_index/package_run_dependencies/webots_ros2_driver
[36.033s] -- Installing: /root/ros2_ws/install/webots_ros2_driver/share/ament_index/resource_index/parent_prefix_path/webots_ros2_driver
[36.033s] -- Installing: /root/ros2_ws/install/webots_ros2_driver/share/webots_ros2_driver/environment/ament_prefix_path.sh
[36.033s] -- Installing: /root/ros2_ws/install/webots_ros2_driver/share/webots_ros2_driver/environment/ament_prefix_path.dsv
[36.034s] -- Installing: /root/ros2_ws/install/webots_ros2_driver/share/webots_ros2_driver/environment/path.sh
[36.034s] -- Installing: /root/ros2_ws/install/webots_ros2_driver/share/webots_ros2_driver/environment/path.dsv
[36.034s] -- Installing: /root/ros2_ws/install/webots_ros2_driver/share/webots_ros2_driver/local_setup.bash
[36.034s] -- Installing: /root/ros2_ws/install/webots_ros2_driver/share/webots_ros2_driver/local_setup.sh
[36.034s] -- Installing: /root/ros2_ws/install/webots_ros2_driver/share/webots_ros2_driver/local_setup.zsh
[36.034s] -- Installing: /root/ros2_ws/install/webots_ros2_driver/share/webots_ros2_driver/local_setup.dsv
[36.034s] -- Installing: /root/ros2_ws/install/webots_ros2_driver/share/webots_ros2_driver/package.dsv
[36.035s] -- Installing: /root/ros2_ws/install/webots_ros2_driver/share/ament_index/resource_index/packages/webots_ros2_driver
[36.035s] -- Installing: /root/ros2_ws/install/webots_ros2_driver/share/ament_index/resource_index/webots_ros2_driver__pluginlib__plugin/webots_ros2_driver
[36.035s] -- Installing: /root/ros2_ws/install/webots_ros2_driver/share/webots_ros2_driver/cmake/ament_cmake_export_include_directories-extras.cmake
[36.035s] -- Installing: /root/ros2_ws/install/webots_ros2_driver/share/webots_ros2_driver/cmake/ament_cmake_export_dependencies-extras.cmake
[36.035s] -- Installing: /root/ros2_ws/install/webots_ros2_driver/share/webots_ros2_driver/cmake/ament_cmake_export_libraries-extras.cmake
[36.035s] -- Installing: /root/ros2_ws/install/webots_ros2_driver/share/webots_ros2_driver/cmake/webots_ros2_driverConfig.cmake
[36.035s] -- Installing: /root/ros2_ws/install/webots_ros2_driver/share/webots_ros2_driver/cmake/webots_ros2_driverConfig-version.cmake
[36.036s] -- Installing: /root/ros2_ws/install/webots_ros2_driver/share/webots_ros2_driver/package.xml
[36.038s] Invoked command in '/root/ros2_ws/build/webots_ros2_driver' returned '0': AMENT_PREFIX_PATH=/root/ros2_ws/install/webots_ros2_msgs:/root/ros2_ws/install/webots_ros2_importer:${AMENT_PREFIX_PATH} CMAKE_PREFIX_PATH=/root/ros2_ws/install/webots_ros2_msgs:/opt/ros/humble LD_LIBRARY_PATH=/root/ros2_ws/install/webots_ros2_msgs/lib:${LD_LIBRARY_PATH} PYTHONPATH=/root/ros2_ws/install/webots_ros2_msgs/local/lib/python3.10/dist-packages:/root/ros2_ws/install/webots_ros2_importer/lib/python3.10/site-packages:${PYTHONPATH} /usr/bin/cmake --install /root/ros2_ws/build/webots_ros2_driver
