[0.107s] DEBUG:colcon:Command line arguments: ['/usr/bin/colcon', 'build']
[0.107s] DEBUG:colcon:Parsed command line arguments: Namespace(log_base=None, log_level=None, verb_name='build', build_base='build', install_base='install', merge_install=False, symlink_install=False, test_result_base=None, continue_on_error=False, executor='parallel', parallel_workers=16, event_handlers=None, ignore_user_meta=False, metas=['./colcon.meta'], base_paths=['.'], packages_ignore=None, packages_ignore_regex=None, paths=None, packages_up_to=None, packages_up_to_regex=None, packages_above=None, packages_above_and_dependencies=None, packages_above_depth=None, packages_select_by_dep=None, packages_skip_by_dep=None, packages_skip_up_to=None, packages_select_build_failed=False, packages_skip_build_finished=False, packages_select_test_failures=False, packages_skip_test_passed=False, packages_select=None, packages_skip=None, packages_select_regex=None, packages_skip_regex=None, packages_start=None, packages_end=None, allow_overriding=[], cmake_args=None, cmake_target=None, cmake_target_skip_unavailable=False, cmake_clean_cache=False, cmake_clean_first=False, cmake_force_configure=False, ament_cmake_args=None, catkin_cmake_args=None, catkin_skip_building_tests=False, verb_parser=<colcon_defaults.argument_parser.defaults.DefaultArgumentsDecorator object at 0x7f88b7ba9690>, verb_extension=<colcon_core.verb.build.BuildVerb object at 0x7f88b7ba91b0>, main=<bound method BuildVerb.main of <colcon_core.verb.build.BuildVerb object at 0x7f88b7ba91b0>>)
[0.266s] Level 1:colcon.colcon_core.package_discovery:discover_packages(colcon_meta) check parameters
[0.267s] Level 1:colcon.colcon_core.package_discovery:discover_packages(recursive) check parameters
[0.267s] Level 1:colcon.colcon_core.package_discovery:discover_packages(ignore) check parameters
[0.267s] Level 1:colcon.colcon_core.package_discovery:discover_packages(path) check parameters
[0.267s] Level 1:colcon.colcon_core.package_discovery:discover_packages(colcon_meta) discover
[0.267s] Level 1:colcon.colcon_core.package_discovery:discover_packages(recursive) discover
[0.267s] INFO:colcon.colcon_core.package_discovery:Crawling recursively for packages in '/root/ros2_ws'
[0.267s] Level 1:colcon.colcon_core.package_identification:_identify(.) by extensions ['ignore', 'ignore_ament_install']
[0.267s] Level 1:colcon.colcon_core.package_identification:_identify(.) by extension 'ignore'
[0.267s] Level 1:colcon.colcon_core.package_identification:_identify(.) by extension 'ignore_ament_install'
[0.267s] Level 1:colcon.colcon_core.package_identification:_identify(.) by extensions ['colcon_pkg']
[0.267s] Level 1:colcon.colcon_core.package_identification:_identify(.) by extension 'colcon_pkg'
[0.267s] Level 1:colcon.colcon_core.package_identification:_identify(.) by extensions ['colcon_meta']
[0.267s] Level 1:colcon.colcon_core.package_identification:_identify(.) by extension 'colcon_meta'
[0.267s] Level 1:colcon.colcon_core.package_identification:_identify(.) by extensions ['ros']
[0.267s] Level 1:colcon.colcon_core.package_identification:_identify(.) by extension 'ros'
[0.277s] Level 1:colcon.colcon_core.package_identification:_identify(.) by extensions ['cmake', 'python']
[0.277s] Level 1:colcon.colcon_core.package_identification:_identify(.) by extension 'cmake'
[0.277s] Level 1:colcon.colcon_core.package_identification:_identify(.) by extension 'python'
[0.277s] Level 1:colcon.colcon_core.package_identification:_identify(.) by extensions ['python_setup_py']
[0.277s] Level 1:colcon.colcon_core.package_identification:_identify(.) by extension 'python_setup_py'
[0.277s] Level 1:colcon.colcon_core.package_identification:_identify(build) by extensions ['ignore', 'ignore_ament_install']
[0.278s] Level 1:colcon.colcon_core.package_identification:_identify(build) by extension 'ignore'
[0.278s] Level 1:colcon.colcon_core.package_identification:_identify(build) ignored
[0.278s] Level 1:colcon.colcon_core.package_identification:_identify(install) by extensions ['ignore', 'ignore_ament_install']
[0.278s] Level 1:colcon.colcon_core.package_identification:_identify(install) by extension 'ignore'
[0.278s] Level 1:colcon.colcon_core.package_identification:_identify(install) ignored
[0.278s] Level 1:colcon.colcon_core.package_identification:_identify(log) by extensions ['ignore', 'ignore_ament_install']
[0.278s] Level 1:colcon.colcon_core.package_identification:_identify(log) by extension 'ignore'
[0.278s] Level 1:colcon.colcon_core.package_identification:_identify(log) ignored
[0.278s] Level 1:colcon.colcon_core.package_identification:_identify(src) by extensions ['ignore', 'ignore_ament_install']
[0.278s] Level 1:colcon.colcon_core.package_identification:_identify(src) by extension 'ignore'
[0.278s] Level 1:colcon.colcon_core.package_identification:_identify(src) by extension 'ignore_ament_install'
[0.279s] Level 1:colcon.colcon_core.package_identification:_identify(src) by extensions ['colcon_pkg']
[0.279s] Level 1:colcon.colcon_core.package_identification:_identify(src) by extension 'colcon_pkg'
[0.279s] Level 1:colcon.colcon_core.package_identification:_identify(src) by extensions ['colcon_meta']
[0.279s] Level 1:colcon.colcon_core.package_identification:_identify(src) by extension 'colcon_meta'
[0.279s] Level 1:colcon.colcon_core.package_identification:_identify(src) by extensions ['ros']
[0.279s] Level 1:colcon.colcon_core.package_identification:_identify(src) by extension 'ros'
[0.279s] Level 1:colcon.colcon_core.package_identification:_identify(src) by extensions ['cmake', 'python']
[0.279s] Level 1:colcon.colcon_core.package_identification:_identify(src) by extension 'cmake'
[0.279s] Level 1:colcon.colcon_core.package_identification:_identify(src) by extension 'python'
[0.279s] Level 1:colcon.colcon_core.package_identification:_identify(src) by extensions ['python_setup_py']
[0.279s] Level 1:colcon.colcon_core.package_identification:_identify(src) by extension 'python_setup_py'
[0.279s] Level 1:colcon.colcon_core.package_identification:_identify(src/coverage_metrics) by extensions ['ignore', 'ignore_ament_install']
[0.279s] Level 1:colcon.colcon_core.package_identification:_identify(src/coverage_metrics) by extension 'ignore'
[0.279s] Level 1:colcon.colcon_core.package_identification:_identify(src/coverage_metrics) by extension 'ignore_ament_install'
[0.279s] Level 1:colcon.colcon_core.package_identification:_identify(src/coverage_metrics) by extensions ['colcon_pkg']
[0.279s] Level 1:colcon.colcon_core.package_identification:_identify(src/coverage_metrics) by extension 'colcon_pkg'
[0.279s] Level 1:colcon.colcon_core.package_identification:_identify(src/coverage_metrics) by extensions ['colcon_meta']
[0.279s] Level 1:colcon.colcon_core.package_identification:_identify(src/coverage_metrics) by extension 'colcon_meta'
[0.279s] Level 1:colcon.colcon_core.package_identification:_identify(src/coverage_metrics) by extensions ['ros']
[0.279s] Level 1:colcon.colcon_core.package_identification:_identify(src/coverage_metrics) by extension 'ros'
[0.281s] DEBUG:colcon.colcon_core.package_identification:Package 'src/coverage_metrics' with type 'ros.ament_python' and name 'coverage_metrics'
[0.281s] Level 1:colcon.colcon_core.package_identification:_identify(src/coverage_planner) by extensions ['ignore', 'ignore_ament_install']
[0.282s] Level 1:colcon.colcon_core.package_identification:_identify(src/coverage_planner) by extension 'ignore'
[0.282s] Level 1:colcon.colcon_core.package_identification:_identify(src/coverage_planner) by extension 'ignore_ament_install'
[0.282s] Level 1:colcon.colcon_core.package_identification:_identify(src/coverage_planner) by extensions ['colcon_pkg']
[0.282s] Level 1:colcon.colcon_core.package_identification:_identify(src/coverage_planner) by extension 'colcon_pkg'
[0.282s] Level 1:colcon.colcon_core.package_identification:_identify(src/coverage_planner) by extensions ['colcon_meta']
[0.282s] Level 1:colcon.colcon_core.package_identification:_identify(src/coverage_planner) by extension 'colcon_meta'
[0.282s] Level 1:colcon.colcon_core.package_identification:_identify(src/coverage_planner) by extensions ['ros']
[0.282s] Level 1:colcon.colcon_core.package_identification:_identify(src/coverage_planner) by extension 'ros'
[0.282s] DEBUG:colcon.colcon_core.package_identification:Package 'src/coverage_planner' with type 'ros.ament_python' and name 'coverage_planner'
[0.282s] Level 1:colcon.colcon_core.package_identification:_identify(src/coverage_tracker) by extensions ['ignore', 'ignore_ament_install']
[0.282s] Level 1:colcon.colcon_core.package_identification:_identify(src/coverage_tracker) by extension 'ignore'
[0.282s] Level 1:colcon.colcon_core.package_identification:_identify(src/coverage_tracker) by extension 'ignore_ament_install'
[0.282s] Level 1:colcon.colcon_core.package_identification:_identify(src/coverage_tracker) by extensions ['colcon_pkg']
[0.282s] Level 1:colcon.colcon_core.package_identification:_identify(src/coverage_tracker) by extension 'colcon_pkg'
[0.282s] Level 1:colcon.colcon_core.package_identification:_identify(src/coverage_tracker) by extensions ['colcon_meta']
[0.283s] Level 1:colcon.colcon_core.package_identification:_identify(src/coverage_tracker) by extension 'colcon_meta'
[0.283s] Level 1:colcon.colcon_core.package_identification:_identify(src/coverage_tracker) by extensions ['ros']
[0.283s] Level 1:colcon.colcon_core.package_identification:_identify(src/coverage_tracker) by extension 'ros'
[0.283s] DEBUG:colcon.colcon_core.package_identification:Package 'src/coverage_tracker' with type 'ros.ament_python' and name 'coverage_tracker'
[0.283s] Level 1:colcon.colcon_core.package_identification:_identify(src/coverage_webots) by extensions ['ignore', 'ignore_ament_install']
[0.283s] Level 1:colcon.colcon_core.package_identification:_identify(src/coverage_webots) by extension 'ignore'
[0.283s] Level 1:colcon.colcon_core.package_identification:_identify(src/coverage_webots) by extension 'ignore_ament_install'
[0.283s] Level 1:colcon.colcon_core.package_identification:_identify(src/coverage_webots) by extensions ['colcon_pkg']
[0.283s] Level 1:colcon.colcon_core.package_identification:_identify(src/coverage_webots) by extension 'colcon_pkg'
[0.283s] Level 1:colcon.colcon_core.package_identification:_identify(src/coverage_webots) by extensions ['colcon_meta']
[0.283s] Level 1:colcon.colcon_core.package_identification:_identify(src/coverage_webots) by extension 'colcon_meta'
[0.283s] Level 1:colcon.colcon_core.package_identification:_identify(src/coverage_webots) by extensions ['ros']
[0.283s] Level 1:colcon.colcon_core.package_identification:_identify(src/coverage_webots) by extension 'ros'
[0.284s] DEBUG:colcon.colcon_core.package_identification:Package 'src/coverage_webots' with type 'ros.ament_python' and name 'coverage_webots'
[0.284s] Level 1:colcon.colcon_core.package_identification:_identify(src/zigzag_planner) by extensions ['ignore', 'ignore_ament_install']
[0.284s] Level 1:colcon.colcon_core.package_identification:_identify(src/zigzag_planner) by extension 'ignore'
[0.284s] Level 1:colcon.colcon_core.package_identification:_identify(src/zigzag_planner) by extension 'ignore_ament_install'
[0.284s] Level 1:colcon.colcon_core.package_identification:_identify(src/zigzag_planner) by extensions ['colcon_pkg']
[0.284s] Level 1:colcon.colcon_core.package_identification:_identify(src/zigzag_planner) by extension 'colcon_pkg'
[0.284s] Level 1:colcon.colcon_core.package_identification:_identify(src/zigzag_planner) by extensions ['colcon_meta']
[0.284s] Level 1:colcon.colcon_core.package_identification:_identify(src/zigzag_planner) by extension 'colcon_meta'
[0.284s] Level 1:colcon.colcon_core.package_identification:_identify(src/zigzag_planner) by extensions ['ros']
[0.284s] Level 1:colcon.colcon_core.package_identification:_identify(src/zigzag_planner) by extension 'ros'
[0.285s] DEBUG:colcon.colcon_core.package_identification:Package 'src/zigzag_planner' with type 'ros.ament_python' and name 'zigzag_planner'
[0.285s] Level 1:colcon.colcon_core.package_discovery:discover_packages(recursive) using defaults
[0.285s] Level 1:colcon.colcon_core.package_discovery:discover_packages(ignore) discover
[0.285s] Level 1:colcon.colcon_core.package_discovery:discover_packages(ignore) using defaults
[0.285s] Level 1:colcon.colcon_core.package_discovery:discover_packages(path) discover
[0.285s] Level 1:colcon.colcon_core.package_discovery:discover_packages(path) using defaults
[0.304s] Level 1:colcon.colcon_core.package_discovery:discover_packages(prefix_path) check parameters
[0.304s] Level 1:colcon.colcon_core.package_discovery:discover_packages(prefix_path) discover
[0.307s] DEBUG:colcon.colcon_installed_package_information.package_discovery:Found 16 installed packages in /root/ros2_ws/install
[0.309s] DEBUG:colcon.colcon_installed_package_information.package_discovery:Found 301 installed packages in /opt/ros/humble
[0.319s] Level 1:colcon.colcon_core.package_discovery:discover_packages(prefix_path) using defaults
[0.364s] Level 5:colcon.colcon_core.verb:set package 'coverage_metrics' build argument 'cmake_args' from command line to 'None'
[0.364s] Level 5:colcon.colcon_core.verb:set package 'coverage_metrics' build argument 'cmake_target' from command line to 'None'
[0.364s] Level 5:colcon.colcon_core.verb:set package 'coverage_metrics' build argument 'cmake_target_skip_unavailable' from command line to 'False'
[0.364s] Level 5:colcon.colcon_core.verb:set package 'coverage_metrics' build argument 'cmake_clean_cache' from command line to 'False'
[0.364s] Level 5:colcon.colcon_core.verb:set package 'coverage_metrics' build argument 'cmake_clean_first' from command line to 'False'
[0.364s] Level 5:colcon.colcon_core.verb:set package 'coverage_metrics' build argument 'cmake_force_configure' from command line to 'False'
[0.364s] Level 5:colcon.colcon_core.verb:set package 'coverage_metrics' build argument 'ament_cmake_args' from command line to 'None'
[0.365s] Level 5:colcon.colcon_core.verb:set package 'coverage_metrics' build argument 'catkin_cmake_args' from command line to 'None'
[0.365s] Level 5:colcon.colcon_core.verb:set package 'coverage_metrics' build argument 'catkin_skip_building_tests' from command line to 'False'
[0.365s] DEBUG:colcon.colcon_core.verb:Building package 'coverage_metrics' with the following arguments: {'ament_cmake_args': None, 'build_base': '/root/ros2_ws/build/coverage_metrics', 'catkin_cmake_args': None, 'catkin_skip_building_tests': False, 'cmake_args': None, 'cmake_clean_cache': False, 'cmake_clean_first': False, 'cmake_force_configure': False, 'cmake_target': None, 'cmake_target_skip_unavailable': False, 'install_base': '/root/ros2_ws/install/coverage_metrics', 'merge_install': False, 'path': '/root/ros2_ws/src/coverage_metrics', 'symlink_install': False, 'test_result_base': None}
[0.365s] Level 5:colcon.colcon_core.verb:set package 'coverage_planner' build argument 'cmake_args' from command line to 'None'
[0.365s] Level 5:colcon.colcon_core.verb:set package 'coverage_planner' build argument 'cmake_target' from command line to 'None'
[0.365s] Level 5:colcon.colcon_core.verb:set package 'coverage_planner' build argument 'cmake_target_skip_unavailable' from command line to 'False'
[0.365s] Level 5:colcon.colcon_core.verb:set package 'coverage_planner' build argument 'cmake_clean_cache' from command line to 'False'
[0.365s] Level 5:colcon.colcon_core.verb:set package 'coverage_planner' build argument 'cmake_clean_first' from command line to 'False'
[0.365s] Level 5:colcon.colcon_core.verb:set package 'coverage_planner' build argument 'cmake_force_configure' from command line to 'False'
[0.365s] Level 5:colcon.colcon_core.verb:set package 'coverage_planner' build argument 'ament_cmake_args' from command line to 'None'
[0.365s] Level 5:colcon.colcon_core.verb:set package 'coverage_planner' build argument 'catkin_cmake_args' from command line to 'None'
[0.365s] Level 5:colcon.colcon_core.verb:set package 'coverage_planner' build argument 'catkin_skip_building_tests' from command line to 'False'
[0.365s] DEBUG:colcon.colcon_core.verb:Building package 'coverage_planner' with the following arguments: {'ament_cmake_args': None, 'build_base': '/root/ros2_ws/build/coverage_planner', 'catkin_cmake_args': None, 'catkin_skip_building_tests': False, 'cmake_args': None, 'cmake_clean_cache': False, 'cmake_clean_first': False, 'cmake_force_configure': False, 'cmake_target': None, 'cmake_target_skip_unavailable': False, 'install_base': '/root/ros2_ws/install/coverage_planner', 'merge_install': False, 'path': '/root/ros2_ws/src/coverage_planner', 'symlink_install': False, 'test_result_base': None}
[0.365s] Level 5:colcon.colcon_core.verb:set package 'coverage_tracker' build argument 'cmake_args' from command line to 'None'
[0.365s] Level 5:colcon.colcon_core.verb:set package 'coverage_tracker' build argument 'cmake_target' from command line to 'None'
[0.365s] Level 5:colcon.colcon_core.verb:set package 'coverage_tracker' build argument 'cmake_target_skip_unavailable' from command line to 'False'
[0.365s] Level 5:colcon.colcon_core.verb:set package 'coverage_tracker' build argument 'cmake_clean_cache' from command line to 'False'
[0.365s] Level 5:colcon.colcon_core.verb:set package 'coverage_tracker' build argument 'cmake_clean_first' from command line to 'False'
[0.365s] Level 5:colcon.colcon_core.verb:set package 'coverage_tracker' build argument 'cmake_force_configure' from command line to 'False'
[0.365s] Level 5:colcon.colcon_core.verb:set package 'coverage_tracker' build argument 'ament_cmake_args' from command line to 'None'
[0.366s] Level 5:colcon.colcon_core.verb:set package 'coverage_tracker' build argument 'catkin_cmake_args' from command line to 'None'
[0.366s] Level 5:colcon.colcon_core.verb:set package 'coverage_tracker' build argument 'catkin_skip_building_tests' from command line to 'False'
[0.366s] DEBUG:colcon.colcon_core.verb:Building package 'coverage_tracker' with the following arguments: {'ament_cmake_args': None, 'build_base': '/root/ros2_ws/build/coverage_tracker', 'catkin_cmake_args': None, 'catkin_skip_building_tests': False, 'cmake_args': None, 'cmake_clean_cache': False, 'cmake_clean_first': False, 'cmake_force_configure': False, 'cmake_target': None, 'cmake_target_skip_unavailable': False, 'install_base': '/root/ros2_ws/install/coverage_tracker', 'merge_install': False, 'path': '/root/ros2_ws/src/coverage_tracker', 'symlink_install': False, 'test_result_base': None}
[0.366s] Level 5:colcon.colcon_core.verb:set package 'coverage_webots' build argument 'cmake_args' from command line to 'None'
[0.366s] Level 5:colcon.colcon_core.verb:set package 'coverage_webots' build argument 'cmake_target' from command line to 'None'
[0.366s] Level 5:colcon.colcon_core.verb:set package 'coverage_webots' build argument 'cmake_target_skip_unavailable' from command line to 'False'
[0.366s] Level 5:colcon.colcon_core.verb:set package 'coverage_webots' build argument 'cmake_clean_cache' from command line to 'False'
[0.366s] Level 5:colcon.colcon_core.verb:set package 'coverage_webots' build argument 'cmake_clean_first' from command line to 'False'
[0.366s] Level 5:colcon.colcon_core.verb:set package 'coverage_webots' build argument 'cmake_force_configure' from command line to 'False'
[0.366s] Level 5:colcon.colcon_core.verb:set package 'coverage_webots' build argument 'ament_cmake_args' from command line to 'None'
[0.366s] Level 5:colcon.colcon_core.verb:set package 'coverage_webots' build argument 'catkin_cmake_args' from command line to 'None'
[0.366s] Level 5:colcon.colcon_core.verb:set package 'coverage_webots' build argument 'catkin_skip_building_tests' from command line to 'False'
[0.366s] DEBUG:colcon.colcon_core.verb:Building package 'coverage_webots' with the following arguments: {'ament_cmake_args': None, 'build_base': '/root/ros2_ws/build/coverage_webots', 'catkin_cmake_args': None, 'catkin_skip_building_tests': False, 'cmake_args': None, 'cmake_clean_cache': False, 'cmake_clean_first': False, 'cmake_force_configure': False, 'cmake_target': None, 'cmake_target_skip_unavailable': False, 'install_base': '/root/ros2_ws/install/coverage_webots', 'merge_install': False, 'path': '/root/ros2_ws/src/coverage_webots', 'symlink_install': False, 'test_result_base': None}
[0.366s] Level 5:colcon.colcon_core.verb:set package 'zigzag_planner' build argument 'cmake_args' from command line to 'None'
[0.366s] Level 5:colcon.colcon_core.verb:set package 'zigzag_planner' build argument 'cmake_target' from command line to 'None'
[0.366s] Level 5:colcon.colcon_core.verb:set package 'zigzag_planner' build argument 'cmake_target_skip_unavailable' from command line to 'False'
[0.366s] Level 5:colcon.colcon_core.verb:set package 'zigzag_planner' build argument 'cmake_clean_cache' from command line to 'False'
[0.366s] Level 5:colcon.colcon_core.verb:set package 'zigzag_planner' build argument 'cmake_clean_first' from command line to 'False'
[0.366s] Level 5:colcon.colcon_core.verb:set package 'zigzag_planner' build argument 'cmake_force_configure' from command line to 'False'
[0.366s] Level 5:colcon.colcon_core.verb:set package 'zigzag_planner' build argument 'ament_cmake_args' from command line to 'None'
[0.367s] Level 5:colcon.colcon_core.verb:set package 'zigzag_planner' build argument 'catkin_cmake_args' from command line to 'None'
[0.367s] Level 5:colcon.colcon_core.verb:set package 'zigzag_planner' build argument 'catkin_skip_building_tests' from command line to 'False'
[0.367s] DEBUG:colcon.colcon_core.verb:Building package 'zigzag_planner' with the following arguments: {'ament_cmake_args': None, 'build_base': '/root/ros2_ws/build/zigzag_planner', 'catkin_cmake_args': None, 'catkin_skip_building_tests': False, 'cmake_args': None, 'cmake_clean_cache': False, 'cmake_clean_first': False, 'cmake_force_configure': False, 'cmake_target': None, 'cmake_target_skip_unavailable': False, 'install_base': '/root/ros2_ws/install/zigzag_planner', 'merge_install': False, 'path': '/root/ros2_ws/src/zigzag_planner', 'symlink_install': False, 'test_result_base': None}
[0.367s] INFO:colcon.colcon_core.executor:Executing jobs using 'parallel' executor
[0.368s] DEBUG:colcon.colcon_parallel_executor.executor.parallel:run_until_complete
[0.368s] INFO:colcon.colcon_ros.task.ament_python.build:Building ROS package in '/root/ros2_ws/src/coverage_metrics' with build type 'ament_python'
[0.368s] Level 1:colcon.colcon_core.shell:create_environment_hook('coverage_metrics', 'ament_prefix_path')
[0.370s] INFO:colcon.colcon_core.plugin_system:Skipping extension 'colcon_core.shell.bat': Not used on non-Windows systems
[0.370s] INFO:colcon.colcon_core.shell:Creating environment hook '/root/ros2_ws/install/coverage_metrics/share/coverage_metrics/hook/ament_prefix_path.ps1'
[0.371s] INFO:colcon.colcon_core.shell:Creating environment descriptor '/root/ros2_ws/install/coverage_metrics/share/coverage_metrics/hook/ament_prefix_path.dsv'
[0.372s] INFO:colcon.colcon_core.shell:Creating environment hook '/root/ros2_ws/install/coverage_metrics/share/coverage_metrics/hook/ament_prefix_path.sh'
[0.372s] INFO:colcon.colcon_core.shell:Skip shell extension 'powershell' for command environment: Not usable outside of PowerShell
[0.372s] DEBUG:colcon.colcon_core.shell:Skip shell extension 'dsv' for command environment
[0.376s] INFO:colcon.colcon_ros.task.ament_python.build:Building ROS package in '/root/ros2_ws/src/coverage_planner' with build type 'ament_python'
[0.376s] Level 1:colcon.colcon_core.shell:create_environment_hook('coverage_planner', 'ament_prefix_path')
[0.377s] INFO:colcon.colcon_core.shell:Creating environment hook '/root/ros2_ws/install/coverage_planner/share/coverage_planner/hook/ament_prefix_path.ps1'
[0.377s] INFO:colcon.colcon_core.shell:Creating environment descriptor '/root/ros2_ws/install/coverage_planner/share/coverage_planner/hook/ament_prefix_path.dsv'
[0.377s] INFO:colcon.colcon_core.shell:Creating environment hook '/root/ros2_ws/install/coverage_planner/share/coverage_planner/hook/ament_prefix_path.sh'
[0.378s] INFO:colcon.colcon_core.shell:Skip shell extension 'powershell' for command environment: Not usable outside of PowerShell
[0.378s] DEBUG:colcon.colcon_core.shell:Skip shell extension 'dsv' for command environment
[0.387s] INFO:colcon.colcon_ros.task.ament_python.build:Building ROS package in '/root/ros2_ws/src/coverage_tracker' with build type 'ament_python'
[0.387s] Level 1:colcon.colcon_core.shell:create_environment_hook('coverage_tracker', 'ament_prefix_path')
[0.387s] INFO:colcon.colcon_core.shell:Creating environment hook '/root/ros2_ws/install/coverage_tracker/share/coverage_tracker/hook/ament_prefix_path.ps1'
[0.388s] INFO:colcon.colcon_core.shell:Creating environment descriptor '/root/ros2_ws/install/coverage_tracker/share/coverage_tracker/hook/ament_prefix_path.dsv'
[0.388s] INFO:colcon.colcon_core.shell:Creating environment hook '/root/ros2_ws/install/coverage_tracker/share/coverage_tracker/hook/ament_prefix_path.sh'
[0.388s] INFO:colcon.colcon_core.shell:Skip shell extension 'powershell' for command environment: Not usable outside of PowerShell
[0.389s] DEBUG:colcon.colcon_core.shell:Skip shell extension 'dsv' for command environment
[0.394s] INFO:colcon.colcon_ros.task.ament_python.build:Building ROS package in '/root/ros2_ws/src/coverage_webots' with build type 'ament_python'
[0.394s] Level 1:colcon.colcon_core.shell:create_environment_hook('coverage_webots', 'ament_prefix_path')
[0.394s] INFO:colcon.colcon_core.shell:Creating environment hook '/root/ros2_ws/install/coverage_webots/share/coverage_webots/hook/ament_prefix_path.ps1'
[0.395s] INFO:colcon.colcon_core.shell:Creating environment descriptor '/root/ros2_ws/install/coverage_webots/share/coverage_webots/hook/ament_prefix_path.dsv'
[0.395s] INFO:colcon.colcon_core.shell:Creating environment hook '/root/ros2_ws/install/coverage_webots/share/coverage_webots/hook/ament_prefix_path.sh'
[0.395s] INFO:colcon.colcon_core.shell:Skip shell extension 'powershell' for command environment: Not usable outside of PowerShell
[0.396s] DEBUG:colcon.colcon_core.shell:Skip shell extension 'dsv' for command environment
[0.400s] INFO:colcon.colcon_ros.task.ament_python.build:Building ROS package in '/root/ros2_ws/src/zigzag_planner' with build type 'ament_python'
[0.400s] Level 1:colcon.colcon_core.shell:create_environment_hook('zigzag_planner', 'ament_prefix_path')
[0.400s] INFO:colcon.colcon_core.shell:Creating environment hook '/root/ros2_ws/install/zigzag_planner/share/zigzag_planner/hook/ament_prefix_path.ps1'
[0.401s] INFO:colcon.colcon_core.shell:Creating environment descriptor '/root/ros2_ws/install/zigzag_planner/share/zigzag_planner/hook/ament_prefix_path.dsv'
[0.401s] INFO:colcon.colcon_core.shell:Creating environment hook '/root/ros2_ws/install/zigzag_planner/share/zigzag_planner/hook/ament_prefix_path.sh'
[0.402s] INFO:colcon.colcon_core.shell:Skip shell extension 'powershell' for command environment: Not usable outside of PowerShell
[0.402s] DEBUG:colcon.colcon_core.shell:Skip shell extension 'dsv' for command environment
[0.663s] INFO:colcon.colcon_core.task.python.build:Building Python package in '/root/ros2_ws/src/coverage_metrics'
[0.663s] INFO:colcon.colcon_core.shell:Skip shell extension 'powershell' for command environment: Not usable outside of PowerShell
[0.663s] DEBUG:colcon.colcon_core.shell:Skip shell extension 'dsv' for command environment
[0.921s] INFO:colcon.colcon_core.task.python.build:Building Python package in '/root/ros2_ws/src/coverage_planner'
[0.922s] INFO:colcon.colcon_core.shell:Skip shell extension 'powershell' for command environment: Not usable outside of PowerShell
[0.922s] DEBUG:colcon.colcon_core.shell:Skip shell extension 'dsv' for command environment
[1.181s] INFO:colcon.colcon_core.task.python.build:Building Python package in '/root/ros2_ws/src/coverage_tracker'
[1.181s] INFO:colcon.colcon_core.shell:Skip shell extension 'powershell' for command environment: Not usable outside of PowerShell
[1.181s] DEBUG:colcon.colcon_core.shell:Skip shell extension 'dsv' for command environment
[1.439s] INFO:colcon.colcon_core.task.python.build:Building Python package in '/root/ros2_ws/src/coverage_webots'
[1.440s] INFO:colcon.colcon_core.shell:Skip shell extension 'powershell' for command environment: Not usable outside of PowerShell
[1.440s] DEBUG:colcon.colcon_core.shell:Skip shell extension 'dsv' for command environment
[1.710s] INFO:colcon.colcon_core.task.python.build:Building Python package in '/root/ros2_ws/src/zigzag_planner'
[1.710s] INFO:colcon.colcon_core.shell:Skip shell extension 'powershell' for command environment: Not usable outside of PowerShell
[1.710s] DEBUG:colcon.colcon_core.shell:Skip shell extension 'dsv' for command environment
[2.144s] DEBUG:colcon.colcon_core.event_handler.log_command:Invoking command in '/root/ros2_ws/src/coverage_metrics': PYTHONPATH=/root/ros2_ws/build/coverage_metrics/prefix_override:/usr/lib/python3/dist-packages/colcon_core/task/python/colcon_distutils_commands:/root/ros2_ws/install/coverage_metrics/lib/python3.10/site-packages:${PYTHONPATH} /usr/bin/python3 -W ignore:setup.py install is deprecated -W ignore:easy_install command is deprecated setup.py egg_info --egg-base ../../build/coverage_metrics build --build-base /root/ros2_ws/build/coverage_metrics/build install --record /root/ros2_ws/build/coverage_metrics/install.log --single-version-externally-managed install_data
[2.150s] DEBUG:colcon.colcon_core.event_handler.log_command:Invoking command in '/root/ros2_ws/src/coverage_planner': PYTHONPATH=/root/ros2_ws/build/coverage_planner/prefix_override:/usr/lib/python3/dist-packages/colcon_core/task/python/colcon_distutils_commands:/root/ros2_ws/install/coverage_planner/lib/python3.10/site-packages:${PYTHONPATH} /usr/bin/python3 -W ignore:setup.py install is deprecated -W ignore:easy_install command is deprecated setup.py egg_info --egg-base ../../build/coverage_planner build --build-base /root/ros2_ws/build/coverage_planner/build install --record /root/ros2_ws/build/coverage_planner/install.log --single-version-externally-managed install_data
[2.152s] DEBUG:colcon.colcon_core.event_handler.log_command:Invoking command in '/root/ros2_ws/src/coverage_webots': PYTHONPATH=/root/ros2_ws/build/coverage_webots/prefix_override:/usr/lib/python3/dist-packages/colcon_core/task/python/colcon_distutils_commands:/root/ros2_ws/install/coverage_webots/lib/python3.10/site-packages:${PYTHONPATH} /usr/bin/python3 -W ignore:setup.py install is deprecated -W ignore:easy_install command is deprecated setup.py egg_info --egg-base ../../build/coverage_webots build --build-base /root/ros2_ws/build/coverage_webots/build install --record /root/ros2_ws/build/coverage_webots/install.log --single-version-externally-managed install_data
[2.153s] DEBUG:colcon.colcon_core.event_handler.log_command:Invoking command in '/root/ros2_ws/src/coverage_tracker': PYTHONPATH=/root/ros2_ws/build/coverage_tracker/prefix_override:/usr/lib/python3/dist-packages/colcon_core/task/python/colcon_distutils_commands:/root/ros2_ws/install/coverage_tracker/lib/python3.10/site-packages:${PYTHONPATH} /usr/bin/python3 -W ignore:setup.py install is deprecated -W ignore:easy_install command is deprecated setup.py egg_info --egg-base ../../build/coverage_tracker build --build-base /root/ros2_ws/build/coverage_tracker/build install --record /root/ros2_ws/build/coverage_tracker/install.log --single-version-externally-managed install_data
[2.166s] DEBUG:colcon.colcon_core.event_handler.log_command:Invoking command in '/root/ros2_ws/src/zigzag_planner': PYTHONPATH=/root/ros2_ws/build/zigzag_planner/prefix_override:/usr/lib/python3/dist-packages/colcon_core/task/python/colcon_distutils_commands:/root/ros2_ws/install/zigzag_planner/lib/python3.10/site-packages:${PYTHONPATH} /usr/bin/python3 -W ignore:setup.py install is deprecated -W ignore:easy_install command is deprecated setup.py egg_info --egg-base ../../build/zigzag_planner build --build-base /root/ros2_ws/build/zigzag_planner/build install --record /root/ros2_ws/build/zigzag_planner/install.log --single-version-externally-managed install_data
[2.492s] DEBUG:colcon.colcon_core.event_handler.log_command:Invoked command in '/root/ros2_ws/src/coverage_metrics' returned '0': PYTHONPATH=/root/ros2_ws/build/coverage_metrics/prefix_override:/usr/lib/python3/dist-packages/colcon_core/task/python/colcon_distutils_commands:/root/ros2_ws/install/coverage_metrics/lib/python3.10/site-packages:${PYTHONPATH} /usr/bin/python3 -W ignore:setup.py install is deprecated -W ignore:easy_install command is deprecated setup.py egg_info --egg-base ../../build/coverage_metrics build --build-base /root/ros2_ws/build/coverage_metrics/build install --record /root/ros2_ws/build/coverage_metrics/install.log --single-version-externally-managed install_data
[2.495s] Level 1:colcon.colcon_core.environment:checking '/root/ros2_ws/install/coverage_metrics' for CMake module files
[2.495s] Level 1:colcon.colcon_core.environment:checking '/root/ros2_ws/install/coverage_metrics' for CMake config files
[2.496s] Level 1:colcon.colcon_core.environment:checking '/root/ros2_ws/install/coverage_metrics/lib'
[2.496s] Level 1:colcon.colcon_core.environment:checking '/root/ros2_ws/install/coverage_metrics/bin'
[2.496s] Level 1:colcon.colcon_core.environment:checking '/root/ros2_ws/install/coverage_metrics/lib/pkgconfig/coverage_metrics.pc'
[2.496s] Level 1:colcon.colcon_core.environment:checking '/root/ros2_ws/install/coverage_metrics/lib/python3.10/site-packages'
[2.496s] Level 1:colcon.colcon_core.shell:create_environment_hook('coverage_metrics', 'pythonpath')
[2.497s] INFO:colcon.colcon_core.shell:Creating environment hook '/root/ros2_ws/install/coverage_metrics/share/coverage_metrics/hook/pythonpath.ps1'
[2.497s] INFO:colcon.colcon_core.shell:Creating environment descriptor '/root/ros2_ws/install/coverage_metrics/share/coverage_metrics/hook/pythonpath.dsv'
[2.497s] INFO:colcon.colcon_core.shell:Creating environment hook '/root/ros2_ws/install/coverage_metrics/share/coverage_metrics/hook/pythonpath.sh'
[2.498s] Level 1:colcon.colcon_core.environment:checking '/root/ros2_ws/install/coverage_metrics/bin'
[2.498s] Level 1:colcon.colcon_core.environment:create_environment_scripts_only(coverage_metrics)
[2.498s] INFO:colcon.colcon_core.shell:Creating package script '/root/ros2_ws/install/coverage_metrics/share/coverage_metrics/package.ps1'
[2.499s] INFO:colcon.colcon_core.shell:Creating package descriptor '/root/ros2_ws/install/coverage_metrics/share/coverage_metrics/package.dsv'
[2.500s] INFO:colcon.colcon_core.shell:Creating package script '/root/ros2_ws/install/coverage_metrics/share/coverage_metrics/package.sh'
[2.500s] INFO:colcon.colcon_core.shell:Creating package script '/root/ros2_ws/install/coverage_metrics/share/coverage_metrics/package.bash'
[2.501s] INFO:colcon.colcon_core.shell:Creating package script '/root/ros2_ws/install/coverage_metrics/share/coverage_metrics/package.zsh'
[2.502s] Level 1:colcon.colcon_core.environment:create_file_with_runtime_dependencies(/root/ros2_ws/install/coverage_metrics/share/colcon-core/packages/coverage_metrics)
[2.511s] Level 1:colcon.colcon_core.environment:checking '/root/ros2_ws/install/coverage_tracker' for CMake module files
[2.512s] DEBUG:colcon.colcon_core.event_handler.log_command:Invoked command in '/root/ros2_ws/src/coverage_tracker' returned '0': PYTHONPATH=/root/ros2_ws/build/coverage_tracker/prefix_override:/usr/lib/python3/dist-packages/colcon_core/task/python/colcon_distutils_commands:/root/ros2_ws/install/coverage_tracker/lib/python3.10/site-packages:${PYTHONPATH} /usr/bin/python3 -W ignore:setup.py install is deprecated -W ignore:easy_install command is deprecated setup.py egg_info --egg-base ../../build/coverage_tracker build --build-base /root/ros2_ws/build/coverage_tracker/build install --record /root/ros2_ws/build/coverage_tracker/install.log --single-version-externally-managed install_data
[2.513s] Level 1:colcon.colcon_core.environment:checking '/root/ros2_ws/install/coverage_tracker' for CMake config files
[2.513s] Level 1:colcon.colcon_core.environment:checking '/root/ros2_ws/install/coverage_tracker/lib'
[2.513s] Level 1:colcon.colcon_core.environment:checking '/root/ros2_ws/install/coverage_tracker/bin'
[2.513s] Level 1:colcon.colcon_core.environment:checking '/root/ros2_ws/install/coverage_tracker/lib/pkgconfig/coverage_tracker.pc'
[2.514s] Level 1:colcon.colcon_core.environment:checking '/root/ros2_ws/install/coverage_tracker/lib/python3.10/site-packages'
[2.514s] Level 1:colcon.colcon_core.shell:create_environment_hook('coverage_tracker', 'pythonpath')
[2.514s] INFO:colcon.colcon_core.shell:Creating environment hook '/root/ros2_ws/install/coverage_tracker/share/coverage_tracker/hook/pythonpath.ps1'
[2.515s] INFO:colcon.colcon_core.shell:Creating environment descriptor '/root/ros2_ws/install/coverage_tracker/share/coverage_tracker/hook/pythonpath.dsv'
[2.516s] INFO:colcon.colcon_core.shell:Creating environment hook '/root/ros2_ws/install/coverage_tracker/share/coverage_tracker/hook/pythonpath.sh'
[2.516s] Level 1:colcon.colcon_core.environment:checking '/root/ros2_ws/install/coverage_tracker/bin'
[2.517s] Level 1:colcon.colcon_core.environment:create_environment_scripts_only(coverage_tracker)
[2.517s] INFO:colcon.colcon_core.shell:Creating package script '/root/ros2_ws/install/coverage_tracker/share/coverage_tracker/package.ps1'
[2.518s] INFO:colcon.colcon_core.shell:Creating package descriptor '/root/ros2_ws/install/coverage_tracker/share/coverage_tracker/package.dsv'
[2.519s] INFO:colcon.colcon_core.shell:Creating package script '/root/ros2_ws/install/coverage_tracker/share/coverage_tracker/package.sh'
[2.519s] INFO:colcon.colcon_core.shell:Creating package script '/root/ros2_ws/install/coverage_tracker/share/coverage_tracker/package.bash'
[2.519s] INFO:colcon.colcon_core.shell:Creating package script '/root/ros2_ws/install/coverage_tracker/share/coverage_tracker/package.zsh'
[2.520s] Level 1:colcon.colcon_core.environment:create_file_with_runtime_dependencies(/root/ros2_ws/install/coverage_tracker/share/colcon-core/packages/coverage_tracker)
[2.520s] Level 1:colcon.colcon_core.environment:checking '/root/ros2_ws/install/coverage_webots' for CMake module files
[2.522s] DEBUG:colcon.colcon_core.event_handler.log_command:Invoked command in '/root/ros2_ws/src/coverage_webots' returned '0': PYTHONPATH=/root/ros2_ws/build/coverage_webots/prefix_override:/usr/lib/python3/dist-packages/colcon_core/task/python/colcon_distutils_commands:/root/ros2_ws/install/coverage_webots/lib/python3.10/site-packages:${PYTHONPATH} /usr/bin/python3 -W ignore:setup.py install is deprecated -W ignore:easy_install command is deprecated setup.py egg_info --egg-base ../../build/coverage_webots build --build-base /root/ros2_ws/build/coverage_webots/build install --record /root/ros2_ws/build/coverage_webots/install.log --single-version-externally-managed install_data
[2.522s] Level 1:colcon.colcon_core.environment:checking '/root/ros2_ws/install/coverage_webots' for CMake config files
[2.523s] Level 1:colcon.colcon_core.environment:checking '/root/ros2_ws/install/coverage_webots/lib'
[2.523s] Level 1:colcon.colcon_core.environment:checking '/root/ros2_ws/install/coverage_webots/bin'
[2.523s] Level 1:colcon.colcon_core.environment:checking '/root/ros2_ws/install/coverage_webots/lib/pkgconfig/coverage_webots.pc'
[2.523s] Level 1:colcon.colcon_core.environment:checking '/root/ros2_ws/install/coverage_webots/lib/python3.10/site-packages'
[2.523s] Level 1:colcon.colcon_core.shell:create_environment_hook('coverage_webots', 'pythonpath')
[2.524s] INFO:colcon.colcon_core.shell:Creating environment hook '/root/ros2_ws/install/coverage_webots/share/coverage_webots/hook/pythonpath.ps1'
[2.524s] INFO:colcon.colcon_core.shell:Creating environment descriptor '/root/ros2_ws/install/coverage_webots/share/coverage_webots/hook/pythonpath.dsv'
[2.525s] INFO:colcon.colcon_core.shell:Creating environment hook '/root/ros2_ws/install/coverage_webots/share/coverage_webots/hook/pythonpath.sh'
[2.526s] Level 1:colcon.colcon_core.environment:checking '/root/ros2_ws/install/coverage_webots/bin'
[2.526s] Level 1:colcon.colcon_core.environment:create_environment_scripts_only(coverage_webots)
[2.527s] INFO:colcon.colcon_core.shell:Creating package script '/root/ros2_ws/install/coverage_webots/share/coverage_webots/package.ps1'
[2.527s] INFO:colcon.colcon_core.shell:Creating package descriptor '/root/ros2_ws/install/coverage_webots/share/coverage_webots/package.dsv'
[2.528s] INFO:colcon.colcon_core.shell:Creating package script '/root/ros2_ws/install/coverage_webots/share/coverage_webots/package.sh'
[2.529s] INFO:colcon.colcon_core.shell:Creating package script '/root/ros2_ws/install/coverage_webots/share/coverage_webots/package.bash'
[2.530s] INFO:colcon.colcon_core.shell:Creating package script '/root/ros2_ws/install/coverage_webots/share/coverage_webots/package.zsh'
[2.530s] Level 1:colcon.colcon_core.environment:create_file_with_runtime_dependencies(/root/ros2_ws/install/coverage_webots/share/colcon-core/packages/coverage_webots)
[2.532s] Level 1:colcon.colcon_core.environment:checking '/root/ros2_ws/install/coverage_planner' for CMake module files
[2.533s] DEBUG:colcon.colcon_core.event_handler.log_command:Invoked command in '/root/ros2_ws/src/coverage_planner' returned '0': PYTHONPATH=/root/ros2_ws/build/coverage_planner/prefix_override:/usr/lib/python3/dist-packages/colcon_core/task/python/colcon_distutils_commands:/root/ros2_ws/install/coverage_planner/lib/python3.10/site-packages:${PYTHONPATH} /usr/bin/python3 -W ignore:setup.py install is deprecated -W ignore:easy_install command is deprecated setup.py egg_info --egg-base ../../build/coverage_planner build --build-base /root/ros2_ws/build/coverage_planner/build install --record /root/ros2_ws/build/coverage_planner/install.log --single-version-externally-managed install_data
[2.533s] Level 1:colcon.colcon_core.environment:checking '/root/ros2_ws/install/coverage_planner' for CMake config files
[2.534s] Level 1:colcon.colcon_core.environment:checking '/root/ros2_ws/install/coverage_planner/lib'
[2.534s] Level 1:colcon.colcon_core.environment:checking '/root/ros2_ws/install/coverage_planner/bin'
[2.534s] Level 1:colcon.colcon_core.environment:checking '/root/ros2_ws/install/coverage_planner/lib/pkgconfig/coverage_planner.pc'
[2.534s] Level 1:colcon.colcon_core.environment:checking '/root/ros2_ws/install/coverage_planner/lib/python3.10/site-packages'
[2.534s] Level 1:colcon.colcon_core.shell:create_environment_hook('coverage_planner', 'pythonpath')
[2.534s] INFO:colcon.colcon_core.shell:Creating environment hook '/root/ros2_ws/install/coverage_planner/share/coverage_planner/hook/pythonpath.ps1'
[2.535s] INFO:colcon.colcon_core.shell:Creating environment descriptor '/root/ros2_ws/install/coverage_planner/share/coverage_planner/hook/pythonpath.dsv'
[2.535s] INFO:colcon.colcon_core.shell:Creating environment hook '/root/ros2_ws/install/coverage_planner/share/coverage_planner/hook/pythonpath.sh'
[2.537s] Level 1:colcon.colcon_core.environment:checking '/root/ros2_ws/install/coverage_planner/bin'
[2.537s] Level 1:colcon.colcon_core.environment:create_environment_scripts_only(coverage_planner)
[2.537s] INFO:colcon.colcon_core.shell:Creating package script '/root/ros2_ws/install/coverage_planner/share/coverage_planner/package.ps1'
[2.538s] INFO:colcon.colcon_core.shell:Creating package descriptor '/root/ros2_ws/install/coverage_planner/share/coverage_planner/package.dsv'
[2.539s] INFO:colcon.colcon_core.shell:Creating package script '/root/ros2_ws/install/coverage_planner/share/coverage_planner/package.sh'
[2.540s] INFO:colcon.colcon_core.shell:Creating package script '/root/ros2_ws/install/coverage_planner/share/coverage_planner/package.bash'
[2.540s] INFO:colcon.colcon_core.shell:Creating package script '/root/ros2_ws/install/coverage_planner/share/coverage_planner/package.zsh'
[2.540s] Level 1:colcon.colcon_core.environment:create_file_with_runtime_dependencies(/root/ros2_ws/install/coverage_planner/share/colcon-core/packages/coverage_planner)
[2.542s] Level 1:colcon.colcon_core.environment:checking '/root/ros2_ws/install/zigzag_planner' for CMake module files
[2.543s] DEBUG:colcon.colcon_core.event_handler.log_command:Invoked command in '/root/ros2_ws/src/zigzag_planner' returned '0': PYTHONPATH=/root/ros2_ws/build/zigzag_planner/prefix_override:/usr/lib/python3/dist-packages/colcon_core/task/python/colcon_distutils_commands:/root/ros2_ws/install/zigzag_planner/lib/python3.10/site-packages:${PYTHONPATH} /usr/bin/python3 -W ignore:setup.py install is deprecated -W ignore:easy_install command is deprecated setup.py egg_info --egg-base ../../build/zigzag_planner build --build-base /root/ros2_ws/build/zigzag_planner/build install --record /root/ros2_ws/build/zigzag_planner/install.log --single-version-externally-managed install_data
[2.543s] Level 1:colcon.colcon_core.environment:checking '/root/ros2_ws/install/zigzag_planner' for CMake config files
[2.544s] Level 1:colcon.colcon_core.environment:checking '/root/ros2_ws/install/zigzag_planner/lib'
[2.544s] Level 1:colcon.colcon_core.environment:checking '/root/ros2_ws/install/zigzag_planner/bin'
[2.544s] Level 1:colcon.colcon_core.environment:checking '/root/ros2_ws/install/zigzag_planner/lib/pkgconfig/zigzag_planner.pc'
[2.544s] Level 1:colcon.colcon_core.environment:checking '/root/ros2_ws/install/zigzag_planner/lib/python3.10/site-packages'
[2.544s] Level 1:colcon.colcon_core.shell:create_environment_hook('zigzag_planner', 'pythonpath')
[2.545s] INFO:colcon.colcon_core.shell:Creating environment hook '/root/ros2_ws/install/zigzag_planner/share/zigzag_planner/hook/pythonpath.ps1'
[2.545s] INFO:colcon.colcon_core.shell:Creating environment descriptor '/root/ros2_ws/install/zigzag_planner/share/zigzag_planner/hook/pythonpath.dsv'
[2.545s] INFO:colcon.colcon_core.shell:Creating environment hook '/root/ros2_ws/install/zigzag_planner/share/zigzag_planner/hook/pythonpath.sh'
[2.546s] Level 1:colcon.colcon_core.environment:checking '/root/ros2_ws/install/zigzag_planner/bin'
[2.546s] Level 1:colcon.colcon_core.environment:create_environment_scripts_only(zigzag_planner)
[2.546s] INFO:colcon.colcon_core.shell:Creating package script '/root/ros2_ws/install/zigzag_planner/share/zigzag_planner/package.ps1'
[2.547s] INFO:colcon.colcon_core.shell:Creating package descriptor '/root/ros2_ws/install/zigzag_planner/share/zigzag_planner/package.dsv'
[2.547s] INFO:colcon.colcon_core.shell:Creating package script '/root/ros2_ws/install/zigzag_planner/share/zigzag_planner/package.sh'
[2.548s] INFO:colcon.colcon_core.shell:Creating package script '/root/ros2_ws/install/zigzag_planner/share/zigzag_planner/package.bash'
[2.548s] INFO:colcon.colcon_core.shell:Creating package script '/root/ros2_ws/install/zigzag_planner/share/zigzag_planner/package.zsh'
[2.548s] Level 1:colcon.colcon_core.environment:create_file_with_runtime_dependencies(/root/ros2_ws/install/zigzag_planner/share/colcon-core/packages/zigzag_planner)
[2.549s] DEBUG:colcon.colcon_parallel_executor.executor.parallel:closing loop
[2.549s] DEBUG:colcon.colcon_parallel_executor.executor.parallel:loop closed
[2.549s] DEBUG:colcon.colcon_parallel_executor.executor.parallel:run_until_complete finished with '0'
[2.549s] DEBUG:colcon.colcon_core.event_reactor:joining thread
[2.555s] INFO:colcon.colcon_core.plugin_system:Skipping extension 'colcon_notification.desktop_notification.notify_send': Could not find 'notify-send'
[2.555s] INFO:colcon.colcon_core.plugin_system:Skipping extension 'colcon_notification.desktop_notification.terminal_notifier': Not used on non-Darwin systems
[2.555s] INFO:colcon.colcon_core.plugin_system:Skipping extension 'colcon_notification.desktop_notification.win32': Not used on non-Windows systems
[2.555s] INFO:colcon.colcon_notification.desktop_notification:Sending desktop notification using 'notify2'
[2.558s] DEBUG:colcon.colcon_notification.desktop_notification.notify2:Failed to initialize notify2: org.freedesktop.DBus.Error.Spawn.ExecFailed: /usr/bin/dbus-launch terminated abnormally without any error message
[2.558s] DEBUG:colcon.colcon_core.event_reactor:joined thread
[2.559s] INFO:colcon.colcon_core.shell:Creating prefix script '/root/ros2_ws/install/local_setup.ps1'
[2.560s] INFO:colcon.colcon_core.shell:Creating prefix util module '/root/ros2_ws/install/_local_setup_util_ps1.py'
[2.562s] INFO:colcon.colcon_core.shell:Creating prefix chain script '/root/ros2_ws/install/setup.ps1'
[2.565s] INFO:colcon.colcon_core.shell:Creating prefix script '/root/ros2_ws/install/local_setup.sh'
[2.566s] INFO:colcon.colcon_core.shell:Creating prefix util module '/root/ros2_ws/install/_local_setup_util_sh.py'
[2.567s] INFO:colcon.colcon_core.shell:Creating prefix chain script '/root/ros2_ws/install/setup.sh'
[2.570s] INFO:colcon.colcon_core.shell:Creating prefix script '/root/ros2_ws/install/local_setup.bash'
[2.570s] INFO:colcon.colcon_core.shell:Creating prefix chain script '/root/ros2_ws/install/setup.bash'
[2.572s] INFO:colcon.colcon_core.shell:Creating prefix script '/root/ros2_ws/install/local_setup.zsh'
[2.572s] INFO:colcon.colcon_core.shell:Creating prefix chain script '/root/ros2_ws/install/setup.zsh'
