[0.971s] Invoking command in '/root/ros2_ws/src/coverage_webots': PYTHONPATH=/root/ros2_ws/build/coverage_webots/prefix_override:/usr/lib/python3/dist-packages/colcon_core/task/python/colcon_distutils_commands:/root/ros2_ws/install/coverage_webots/lib/python3.10/site-packages:${PYTHONPATH} /usr/bin/python3 -W ignore:setup.py install is deprecated -W ignore:easy_install command is deprecated setup.py egg_info --egg-base ../../build/coverage_webots build --build-base /root/ros2_ws/build/coverage_webots/build install --record /root/ros2_ws/build/coverage_webots/install.log --single-version-externally-managed install_data
[1.349s] running egg_info
[1.350s] writing ../../build/coverage_webots/coverage_webots.egg-info/PKG-INFO
[1.351s] writing dependency_links to ../../build/coverage_webots/coverage_webots.egg-info/dependency_links.txt
[1.351s] writing entry points to ../../build/coverage_webots/coverage_webots.egg-info/entry_points.txt
[1.351s] writing requirements to ../../build/coverage_webots/coverage_webots.egg-info/requires.txt
[1.351s] writing top-level names to ../../build/coverage_webots/coverage_webots.egg-info/top_level.txt
[1.354s] reading manifest file '../../build/coverage_webots/coverage_webots.egg-info/SOURCES.txt'
[1.355s] writing manifest file '../../build/coverage_webots/coverage_webots.egg-info/SOURCES.txt'
[1.355s] running build
[1.355s] running build_py
[1.355s] running install
[1.356s] running install_lib
[1.358s] running install_data
[1.358s] copying worlds/project_world.wbt -> /root/ros2_ws/install/coverage_webots/share/coverage_webots/worlds
[1.358s] running install_egg_info
[1.361s] removing '/root/ros2_ws/install/coverage_webots/lib/python3.10/site-packages/coverage_webots-0.0.0-py3.10.egg-info' (and everything under it)
[1.362s] Copying ../../build/coverage_webots/coverage_webots.egg-info to /root/ros2_ws/install/coverage_webots/lib/python3.10/site-packages/coverage_webots-0.0.0-py3.10.egg-info
[1.363s] running install_scripts
[1.394s] Installing coverage_controller script to /root/ros2_ws/install/coverage_webots/lib/coverage_webots
[1.394s] writing list of installed files to '/root/ros2_ws/build/coverage_webots/install.log'
[1.428s] Invoked command in '/root/ros2_ws/src/coverage_webots' returned '0': PYTHONPATH=/root/ros2_ws/build/coverage_webots/prefix_override:/usr/lib/python3/dist-packages/colcon_core/task/python/colcon_distutils_commands:/root/ros2_ws/install/coverage_webots/lib/python3.10/site-packages:${PYTHONPATH} /usr/bin/python3 -W ignore:setup.py install is deprecated -W ignore:easy_install command is deprecated setup.py egg_info --egg-base ../../build/coverage_webots build --build-base /root/ros2_ws/build/coverage_webots/build install --record /root/ros2_ws/build/coverage_webots/install.log --single-version-externally-managed install_data
