[1.766s] Invoking command in '/root/ros2_ws/src/zigzag_planner': PYTHONPATH=/root/ros2_ws/build/zigzag_planner/prefix_override:/usr/lib/python3/dist-packages/colcon_core/task/python/colcon_distutils_commands:/root/ros2_ws/install/zigzag_planner/lib/python3.10/site-packages:${PYTHONPATH} /usr/bin/python3 -W ignore:setup.py install is deprecated -W ignore:easy_install command is deprecated setup.py egg_info --egg-base ../../build/zigzag_planner build --build-base /root/ros2_ws/build/zigzag_planner/build install --record /root/ros2_ws/build/zigzag_planner/install.log --single-version-externally-managed install_data
[2.040s] running egg_info
[2.041s] creating ../../build/zigzag_planner/zigzag_planner.egg-info
[2.041s] writing ../../build/zigzag_planner/zigzag_planner.egg-info/PKG-INFO
[2.041s] writing dependency_links to ../../build/zigzag_planner/zigzag_planner.egg-info/dependency_links.txt
[2.042s] writing entry points to ../../build/zigzag_planner/zigzag_planner.egg-info/entry_points.txt
[2.042s] writing requirements to ../../build/zigzag_planner/zigzag_planner.egg-info/requires.txt
[2.042s] writing top-level names to ../../build/zigzag_planner/zigzag_planner.egg-info/top_level.txt
[2.042s] writing manifest file '../../build/zigzag_planner/zigzag_planner.egg-info/SOURCES.txt'
[2.044s] reading manifest file '../../build/zigzag_planner/zigzag_planner.egg-info/SOURCES.txt'
[2.044s] writing manifest file '../../build/zigzag_planner/zigzag_planner.egg-info/SOURCES.txt'
[2.044s] running build
[2.045s] running build_py
[2.045s] creating /root/ros2_ws/build/zigzag_planner/build
[2.045s] creating /root/ros2_ws/build/zigzag_planner/build/lib
[2.045s] creating /root/ros2_ws/build/zigzag_planner/build/lib/zigzag_planner
[2.045s] copying zigzag_planner/zigzag_node.py -> /root/ros2_ws/build/zigzag_planner/build/lib/zigzag_planner
[2.045s] copying zigzag_planner/__init__.py -> /root/ros2_ws/build/zigzag_planner/build/lib/zigzag_planner
[2.045s] running install
[2.045s] running install_lib
[2.046s] creating /root/ros2_ws/install/zigzag_planner/lib/python3.10/site-packages/zigzag_planner
[2.046s] copying /root/ros2_ws/build/zigzag_planner/build/lib/zigzag_planner/zigzag_node.py -> /root/ros2_ws/install/zigzag_planner/lib/python3.10/site-packages/zigzag_planner
[2.046s] copying /root/ros2_ws/build/zigzag_planner/build/lib/zigzag_planner/__init__.py -> /root/ros2_ws/install/zigzag_planner/lib/python3.10/site-packages/zigzag_planner
[2.047s] byte-compiling /root/ros2_ws/install/zigzag_planner/lib/python3.10/site-packages/zigzag_planner/zigzag_node.py to zigzag_node.cpython-310.pyc
[2.047s] byte-compiling /root/ros2_ws/install/zigzag_planner/lib/python3.10/site-packages/zigzag_planner/__init__.py to __init__.cpython-310.pyc
[2.048s] running install_data
[2.048s] creating /root/ros2_ws/install/zigzag_planner/share/ament_index
[2.048s] creating /root/ros2_ws/install/zigzag_planner/share/ament_index/resource_index
[2.048s] creating /root/ros2_ws/install/zigzag_planner/share/ament_index/resource_index/packages
[2.048s] copying resource/zigzag_planner -> /root/ros2_ws/install/zigzag_planner/share/ament_index/resource_index/packages
[2.048s] copying package.xml -> /root/ros2_ws/install/zigzag_planner/share/zigzag_planner
[2.048s] running install_egg_info
[2.050s] Copying ../../build/zigzag_planner/zigzag_planner.egg-info to /root/ros2_ws/install/zigzag_planner/lib/python3.10/site-packages/zigzag_planner-0.0.0-py3.10.egg-info
[2.051s] running install_scripts
[2.078s] Installing zigzag_node script to /root/ros2_ws/install/zigzag_planner/lib/zigzag_planner
[2.079s] writing list of installed files to '/root/ros2_ws/build/zigzag_planner/install.log'
[2.143s] Invoked command in '/root/ros2_ws/src/zigzag_planner' returned '0': PYTHONPATH=/root/ros2_ws/build/zigzag_planner/prefix_override:/usr/lib/python3/dist-packages/colcon_core/task/python/colcon_distutils_commands:/root/ros2_ws/install/zigzag_planner/lib/python3.10/site-packages:${PYTHONPATH} /usr/bin/python3 -W ignore:setup.py install is deprecated -W ignore:easy_install command is deprecated setup.py egg_info --egg-base ../../build/zigzag_planner build --build-base /root/ros2_ws/build/zigzag_planner/build install --record /root/ros2_ws/build/zigzag_planner/install.log --single-version-externally-managed install_data
