[0.016s] Invoking command in '/root/ros2_ws/build/webots_ros2_control': AMENT_PREFIX_PATH=/root/ros2_ws/install/webots_ros2_driver:/root/ros2_ws/install/webots_ros2_msgs:/root/ros2_ws/install/webots_ros2_importer:${AMENT_PREFIX_PATH} CMAKE_PREFIX_PATH=/root/ros2_ws/install/webots_ros2_driver:/root/ros2_ws/install/webots_ros2_msgs:/opt/ros/humble LD_LIBRARY_PATH=/root/ros2_ws/install/webots_ros2_driver/lib:/root/ros2_ws/install/webots_ros2_msgs/lib:${LD_LIBRARY_PATH} PYTHONPATH=/root/ros2_ws/install/webots_ros2_driver/local/lib/python3.10/dist-packages:/root/ros2_ws/install/webots_ros2_msgs/local/lib/python3.10/dist-packages:/root/ros2_ws/install/webots_ros2_importer/lib/python3.10/site-packages:${PYTHONPATH} /usr/bin/cmake /root/ros2_ws/src/webots_ros2/webots_ros2_control -DCMAKE_INSTALL_PREFIX=/root/ros2_ws/install/webots_ros2_control
[0.213s] -- The C compiler identification is GNU 11.4.0
[0.213s] -- The CXX compiler identification is GNU 11.4.0
[0.213s] -- Detecting C compiler ABI info
[0.213s] -- Detecting C compiler ABI info - done
[0.214s] -- Check for working C compiler: /usr/bin/cc - skipped
[0.214s] -- Detecting C compile features
[0.214s] -- Detecting C compile features - done
[0.214s] -- Detecting CXX compiler ABI info
[0.251s] -- Detecting CXX compiler ABI info - done
[0.257s] -- Check for working CXX compiler: /usr/bin/c++ - skipped
[0.257s] -- Detecting CXX compile features
[0.257s] -- Detecting CXX compile features - done
[0.260s] -- Found ament_cmake: 1.3.12 (/opt/ros/humble/share/ament_cmake/cmake)
[0.383s] -- Found Python3: /usr/bin/python3 (found version "3.10.12") found components: Interpreter 
[0.480s] -- Found hardware_interface: 2.53.0 (/opt/ros/humble/share/hardware_interface/cmake)
[0.527s] -- Found rosidl_generator_c: 3.1.8 (/opt/ros/humble/share/rosidl_generator_c/cmake)
[0.533s] -- Found rosidl_adapter: 3.1.8 (/opt/ros/humble/share/rosidl_adapter/cmake)
[0.543s] -- Found rosidl_generator_cpp: 3.1.8 (/opt/ros/humble/share/rosidl_generator_cpp/cmake)
[0.556s] -- Using all available rosidl_typesupport_c: rosidl_typesupport_fastrtps_c;rosidl_typesupport_introspection_c
[0.572s] -- Using all available rosidl_typesupport_cpp: rosidl_typesupport_fastrtps_cpp;rosidl_typesupport_introspection_cpp
[0.775s] -- Found rmw_implementation_cmake: 6.1.2 (/opt/ros/humble/share/rmw_implementation_cmake/cmake)
[0.779s] -- Found rmw_fastrtps_cpp: 6.2.9 (/opt/ros/humble/share/rmw_fastrtps_cpp/cmake)
[0.810s] -- Found TinyXML2 via Config file: TinyXML2_DIR-NOTFOUND
[0.873s] -- Found OpenSSL: /usr/lib/x86_64-linux-gnu/libcrypto.so (found version "3.0.2")  
[0.876s] -- Found TinyXML2 via Config file: TinyXML2_DIR-NOTFOUND
[0.889s] -- Found FastRTPS: /opt/ros/humble/include  
[0.892s] -- Found TinyXML2 via Config file: TinyXML2_DIR-NOTFOUND
[0.899s] -- Found TinyXML2 via Config file: TinyXML2_DIR-NOTFOUND
[0.908s] -- Using RMW implementation 'rmw_fastrtps_cpp' as default
[0.918s] -- Looking for pthread.h
[0.991s] -- Looking for pthread.h - found
[0.995s] -- Performing Test CMAKE_HAVE_LIBC_PTHREAD
[1.060s] -- Performing Test CMAKE_HAVE_LIBC_PTHREAD - Success
[1.061s] -- Found Threads: TRUE  
[1.106s] -- Found controller_manager: 2.53.0 (/opt/ros/humble/share/controller_manager/cmake)
[1.146s] -- Found webots_ros2_driver: 2025.0.1 (/root/ros2_ws/install/webots_ros2_driver/share/webots_ros2_driver/cmake)
[1.171s] -- Found eigen3_cmake_module: 0.1.1 (/opt/ros/humble/share/eigen3_cmake_module/cmake)
[1.172s] -- Found Eigen3: TRUE (found version "3.4.0") 
[1.172s] -- Ensuring Eigen3 include directory is part of orocos-kdl CMake target
[1.332s] -- Configuring done
[1.390s] -- Generating done
[1.398s] -- Build files have been written to: /root/ros2_ws/build/webots_ros2_control
[1.412s] Invoked command in '/root/ros2_ws/build/webots_ros2_control' returned '0': AMENT_PREFIX_PATH=/root/ros2_ws/install/webots_ros2_driver:/root/ros2_ws/install/webots_ros2_msgs:/root/ros2_ws/install/webots_ros2_importer:${AMENT_PREFIX_PATH} CMAKE_PREFIX_PATH=/root/ros2_ws/install/webots_ros2_driver:/root/ros2_ws/install/webots_ros2_msgs:/opt/ros/humble LD_LIBRARY_PATH=/root/ros2_ws/install/webots_ros2_driver/lib:/root/ros2_ws/install/webots_ros2_msgs/lib:${LD_LIBRARY_PATH} PYTHONPATH=/root/ros2_ws/install/webots_ros2_driver/local/lib/python3.10/dist-packages:/root/ros2_ws/install/webots_ros2_msgs/local/lib/python3.10/dist-packages:/root/ros2_ws/install/webots_ros2_importer/lib/python3.10/site-packages:${PYTHONPATH} /usr/bin/cmake /root/ros2_ws/src/webots_ros2/webots_ros2_control -DCMAKE_INSTALL_PREFIX=/root/ros2_ws/install/webots_ros2_control
[1.413s] Invoking command in '/root/ros2_ws/build/webots_ros2_control': AMENT_PREFIX_PATH=/root/ros2_ws/install/webots_ros2_driver:/root/ros2_ws/install/webots_ros2_msgs:/root/ros2_ws/install/webots_ros2_importer:${AMENT_PREFIX_PATH} CMAKE_PREFIX_PATH=/root/ros2_ws/install/webots_ros2_driver:/root/ros2_ws/install/webots_ros2_msgs:/opt/ros/humble LD_LIBRARY_PATH=/root/ros2_ws/install/webots_ros2_driver/lib:/root/ros2_ws/install/webots_ros2_msgs/lib:${LD_LIBRARY_PATH} PYTHONPATH=/root/ros2_ws/install/webots_ros2_driver/local/lib/python3.10/dist-packages:/root/ros2_ws/install/webots_ros2_msgs/local/lib/python3.10/dist-packages:/root/ros2_ws/install/webots_ros2_importer/lib/python3.10/site-packages:${PYTHONPATH} /usr/bin/cmake --build /root/ros2_ws/build/webots_ros2_control -- -j16 -l16
[1.461s] [ 50%] [32mBuilding CXX object CMakeFiles/webots_ros2_control_system.dir/src/Ros2ControlSystem.cpp.o[0m
[1.461s] [ 50%] [32mBuilding CXX object CMakeFiles/webots_ros2_control.dir/src/Ros2Control.cpp.o[0m
[4.748s] [ 75%] [32m[1mLinking CXX shared library libwebots_ros2_control_system.so[0m
[4.907s] [ 75%] Built target webots_ros2_control_system
[6.691s] [100%] [32m[1mLinking CXX shared library libwebots_ros2_control.so[0m
[6.963s] [100%] Built target webots_ros2_control
[6.972s] Invoked command in '/root/ros2_ws/build/webots_ros2_control' returned '0': AMENT_PREFIX_PATH=/root/ros2_ws/install/webots_ros2_driver:/root/ros2_ws/install/webots_ros2_msgs:/root/ros2_ws/install/webots_ros2_importer:${AMENT_PREFIX_PATH} CMAKE_PREFIX_PATH=/root/ros2_ws/install/webots_ros2_driver:/root/ros2_ws/install/webots_ros2_msgs:/opt/ros/humble LD_LIBRARY_PATH=/root/ros2_ws/install/webots_ros2_driver/lib:/root/ros2_ws/install/webots_ros2_msgs/lib:${LD_LIBRARY_PATH} PYTHONPATH=/root/ros2_ws/install/webots_ros2_driver/local/lib/python3.10/dist-packages:/root/ros2_ws/install/webots_ros2_msgs/local/lib/python3.10/dist-packages:/root/ros2_ws/install/webots_ros2_importer/lib/python3.10/site-packages:${PYTHONPATH} /usr/bin/cmake --build /root/ros2_ws/build/webots_ros2_control -- -j16 -l16
[6.973s] Invoking command in '/root/ros2_ws/build/webots_ros2_control': AMENT_PREFIX_PATH=/root/ros2_ws/install/webots_ros2_driver:/root/ros2_ws/install/webots_ros2_msgs:/root/ros2_ws/install/webots_ros2_importer:${AMENT_PREFIX_PATH} CMAKE_PREFIX_PATH=/root/ros2_ws/install/webots_ros2_driver:/root/ros2_ws/install/webots_ros2_msgs:/opt/ros/humble LD_LIBRARY_PATH=/root/ros2_ws/install/webots_ros2_driver/lib:/root/ros2_ws/install/webots_ros2_msgs/lib:${LD_LIBRARY_PATH} PYTHONPATH=/root/ros2_ws/install/webots_ros2_driver/local/lib/python3.10/dist-packages:/root/ros2_ws/install/webots_ros2_msgs/local/lib/python3.10/dist-packages:/root/ros2_ws/install/webots_ros2_importer/lib/python3.10/site-packages:${PYTHONPATH} /usr/bin/cmake --install /root/ros2_ws/build/webots_ros2_control
[6.979s] -- Install configuration: ""
[6.979s] -- Installing: /root/ros2_ws/install/webots_ros2_control/share/webots_ros2_control/webots_ros2_control.xml
[6.980s] -- Installing: /root/ros2_ws/install/webots_ros2_control/share/webots_ros2_control/webots_ros2_control_system.xml
[6.980s] -- Installing: /root/ros2_ws/install/webots_ros2_control/lib/libwebots_ros2_control.so
[6.982s] -- Set runtime path of "/root/ros2_ws/install/webots_ros2_control/lib/libwebots_ros2_control.so" to ""
[6.982s] -- Installing: /root/ros2_ws/install/webots_ros2_control/lib/libwebots_ros2_control_system.so
[6.984s] -- Set runtime path of "/root/ros2_ws/install/webots_ros2_control/lib/libwebots_ros2_control_system.so" to ""
[6.984s] -- Installing: /root/ros2_ws/install/webots_ros2_control/include
[6.984s] -- Installing: /root/ros2_ws/install/webots_ros2_control/include/webots_ros2_control
[6.984s] -- Installing: /root/ros2_ws/install/webots_ros2_control/include/webots_ros2_control/Ros2ControlSystemInterface.hpp
[6.984s] -- Installing: /root/ros2_ws/install/webots_ros2_control/include/webots_ros2_control/Ros2ControlSystem.hpp
[6.984s] -- Installing: /root/ros2_ws/install/webots_ros2_control/include/webots_ros2_control/Ros2Control.hpp
[6.984s] -- Installing: /root/ros2_ws/install/webots_ros2_control/share/webots_ros2_control/environment/library_path.sh
[6.984s] -- Installing: /root/ros2_ws/install/webots_ros2_control/share/webots_ros2_control/environment/library_path.dsv
[6.985s] -- Installing: /root/ros2_ws/install/webots_ros2_control/share/ament_index/resource_index/package_run_dependencies/webots_ros2_control
[6.985s] -- Installing: /root/ros2_ws/install/webots_ros2_control/share/ament_index/resource_index/parent_prefix_path/webots_ros2_control
[6.985s] -- Installing: /root/ros2_ws/install/webots_ros2_control/share/webots_ros2_control/environment/ament_prefix_path.sh
[6.985s] -- Installing: /root/ros2_ws/install/webots_ros2_control/share/webots_ros2_control/environment/ament_prefix_path.dsv
[6.985s] -- Installing: /root/ros2_ws/install/webots_ros2_control/share/webots_ros2_control/environment/path.sh
[6.985s] -- Installing: /root/ros2_ws/install/webots_ros2_control/share/webots_ros2_control/environment/path.dsv
[6.985s] -- Installing: /root/ros2_ws/install/webots_ros2_control/share/webots_ros2_control/local_setup.bash
[6.985s] -- Installing: /root/ros2_ws/install/webots_ros2_control/share/webots_ros2_control/local_setup.sh
[6.986s] -- Installing: /root/ros2_ws/install/webots_ros2_control/share/webots_ros2_control/local_setup.zsh
[6.986s] -- Installing: /root/ros2_ws/install/webots_ros2_control/share/webots_ros2_control/local_setup.dsv
[6.986s] -- Installing: /root/ros2_ws/install/webots_ros2_control/share/webots_ros2_control/package.dsv
[6.986s] -- Installing: /root/ros2_ws/install/webots_ros2_control/share/ament_index/resource_index/packages/webots_ros2_control
[6.986s] -- Installing: /root/ros2_ws/install/webots_ros2_control/share/ament_index/resource_index/webots_ros2_driver__pluginlib__plugin/webots_ros2_control
[6.986s] -- Installing: /root/ros2_ws/install/webots_ros2_control/share/ament_index/resource_index/webots_ros2_control__pluginlib__plugin/webots_ros2_control
[6.987s] -- Installing: /root/ros2_ws/install/webots_ros2_control/share/webots_ros2_control/cmake/ament_cmake_export_include_directories-extras.cmake
[6.987s] -- Installing: /root/ros2_ws/install/webots_ros2_control/share/webots_ros2_control/cmake/ament_cmake_export_dependencies-extras.cmake
[6.987s] -- Installing: /root/ros2_ws/install/webots_ros2_control/share/webots_ros2_control/cmake/ament_cmake_export_libraries-extras.cmake
[6.987s] -- Installing: /root/ros2_ws/install/webots_ros2_control/share/webots_ros2_control/cmake/webots_ros2_controlConfig.cmake
[6.987s] -- Installing: /root/ros2_ws/install/webots_ros2_control/share/webots_ros2_control/cmake/webots_ros2_controlConfig-version.cmake
[6.987s] -- Installing: /root/ros2_ws/install/webots_ros2_control/share/webots_ros2_control/package.xml
[6.989s] Invoked command in '/root/ros2_ws/build/webots_ros2_control' returned '0': AMENT_PREFIX_PATH=/root/ros2_ws/install/webots_ros2_driver:/root/ros2_ws/install/webots_ros2_msgs:/root/ros2_ws/install/webots_ros2_importer:${AMENT_PREFIX_PATH} CMAKE_PREFIX_PATH=/root/ros2_ws/install/webots_ros2_driver:/root/ros2_ws/install/webots_ros2_msgs:/opt/ros/humble LD_LIBRARY_PATH=/root/ros2_ws/install/webots_ros2_driver/lib:/root/ros2_ws/install/webots_ros2_msgs/lib:${LD_LIBRARY_PATH} PYTHONPATH=/root/ros2_ws/install/webots_ros2_driver/local/lib/python3.10/dist-packages:/root/ros2_ws/install/webots_ros2_msgs/local/lib/python3.10/dist-packages:/root/ros2_ws/install/webots_ros2_importer/lib/python3.10/site-packages:${PYTHONPATH} /usr/bin/cmake --install /root/ros2_ws/build/webots_ros2_control
