[0.436s] Invoking command in '/root/ros2_ws/src/coverage_webots': PYTHONPATH=/root/ros2_ws/build/coverage_webots/prefix_override:/usr/lib/python3/dist-packages/colcon_core/task/python/colcon_distutils_commands:/root/ros2_ws/install/coverage_webots/lib/python3.10/site-packages:${PYTHONPATH} /usr/bin/python3 -W ignore:setup.py install is deprecated -W ignore:easy_install command is deprecated setup.py egg_info --egg-base ../../build/coverage_webots build --build-base /root/ros2_ws/build/coverage_webots/build install --record /root/ros2_ws/build/coverage_webots/install.log --single-version-externally-managed install_data
[0.599s] running egg_info
[0.600s] writing ../../build/coverage_webots/coverage_webots.egg-info/PKG-INFO
[0.600s] writing dependency_links to ../../build/coverage_webots/coverage_webots.egg-info/dependency_links.txt
[0.600s] writing entry points to ../../build/coverage_webots/coverage_webots.egg-info/entry_points.txt
[0.600s] writing requirements to ../../build/coverage_webots/coverage_webots.egg-info/requires.txt
[0.600s] writing top-level names to ../../build/coverage_webots/coverage_webots.egg-info/top_level.txt
[0.602s] reading manifest file '../../build/coverage_webots/coverage_webots.egg-info/SOURCES.txt'
[0.602s] writing manifest file '../../build/coverage_webots/coverage_webots.egg-info/SOURCES.txt'
[0.602s] running build
[0.602s] running build_py
[0.602s] running install
[0.603s] running install_lib
[0.603s] running install_data
[0.604s] running install_egg_info
[0.605s] removing '/root/ros2_ws/install/coverage_webots/lib/python3.10/site-packages/coverage_webots-0.0.0-py3.10.egg-info' (and everything under it)
[0.605s] Copying ../../build/coverage_webots/coverage_webots.egg-info to /root/ros2_ws/install/coverage_webots/lib/python3.10/site-packages/coverage_webots-0.0.0-py3.10.egg-info
[0.606s] running install_scripts
[0.621s] Installing coverage_controller script to /root/ros2_ws/install/coverage_webots/lib/coverage_webots
[0.621s] writing list of installed files to '/root/ros2_ws/build/coverage_webots/install.log'
[0.639s] Invoked command in '/root/ros2_ws/src/coverage_webots' returned '0': PYTHONPATH=/root/ros2_ws/build/coverage_webots/prefix_override:/usr/lib/python3/dist-packages/colcon_core/task/python/colcon_distutils_commands:/root/ros2_ws/install/coverage_webots/lib/python3.10/site-packages:${PYTHONPATH} /usr/bin/python3 -W ignore:setup.py install is deprecated -W ignore:easy_install command is deprecated setup.py egg_info --egg-base ../../build/coverage_webots build --build-base /root/ros2_ws/build/coverage_webots/build install --record /root/ros2_ws/build/coverage_webots/install.log --single-version-externally-managed install_data
