1772722972.9691229 [INFO] [launch]: All log files can be found below /root/.ros/log/2026-03-05-20-32-52-967508-nixos-513
1772722972.9693222 [INFO] [launch]: Default logging verbosity is set to INFO
1772722973.0731471 [INFO] [webots-1]: process started with pid [514]
1772722973.0734448 [INFO] [ros2_supervisor.py-2]: process started with pid [516]
1772722973.0735977 [INFO] [robot_state_publisher-3]: process started with pid [518]
1772722973.0737572 [INFO] [static_transform_publisher-4]: process started with pid [521]
1772722973.0738997 [INFO] [webots_controller_TurtleBot3Burger-5]: process started with pid [524]
1772723051.5708139 [INFO] [spawner-6]: process started with pid [643]
1772723051.5709798 [INFO] [spawner-7]: process started with pid [645]
1772723052.8298187 [INFO] [spawner-6]: process has finished cleanly [pid 643]
1772723053.1206443 [INFO] [spawner-7]: process has finished cleanly [pid 645]
1772723194.5433786 [ERROR] [ros2_supervisor.py-2]: process has died [pid 516, exit code 1, cmd '/root/ros2_ws/install/webots_ros2_driver/lib/webots_ros2_driver/ros2_supervisor.py --ros-args -r __ns:=/Ros2Supervisor -r /Ros2Supervisor/clock:=/clock'].
1772723194.5449965 [INFO] [ros2_supervisor.py-2]: process started with pid [675]
1772723194.5877168 [INFO] [webots_controller_TurtleBot3Burger-5]: process has finished cleanly [pid 524]
1772723194.5895739 [INFO] [webots_controller_TurtleBot3Burger-5]: process started with pid [677]
1772723194.6245286 [INFO] [webots-1]: process has finished cleanly [pid 514]
1772723194.6278610 [INFO] [webots_controller_TurtleBot3Burger-5]: sending signal 'SIGINT' to process[webots_controller_TurtleBot3Burger-5]
1772723194.6290658 [INFO] [static_transform_publisher-4]: sending signal 'SIGINT' to process[static_transform_publisher-4]
1772723194.6304271 [INFO] [robot_state_publisher-3]: sending signal 'SIGINT' to process[robot_state_publisher-3]
1772723194.6315732 [INFO] [ros2_supervisor.py-2]: sending signal 'SIGINT' to process[ros2_supervisor.py-2]
1772723194.6374445 [ERROR] [webots_controller_TurtleBot3Burger-5]: process has died [pid 677, exit code -2, cmd '/root/ros2_ws/install/webots_ros2_driver/share/webots_ros2_driver/scripts/webots-controller --robot-name=TurtleBot3Burger --protocol=ipc --port=1234 ros2 --ros-args -r /diffdrive_controller/cmd_vel_unstamped:=/cmd_vel -r /diffdrive_controller/odom:=/odom -p robot_description:=/root/ros2_ws/install/webots_ros2_turtlebot/share/webots_ros2_turtlebot/resource/turtlebot_webots.urdf -p use_sim_time:=True -p set_robot_state_publisher:=True --params-file /root/ros2_ws/install/webots_ros2_turtlebot/share/webots_ros2_turtlebot/resource/ros2control.yml'].
1772723194.6486552 [ERROR] [ros2_supervisor.py-2]: process has died [pid 675, exit code -2, cmd '/root/ros2_ws/install/webots_ros2_driver/lib/webots_ros2_driver/ros2_supervisor.py --ros-args -r __ns:=/Ros2Supervisor -r /Ros2Supervisor/clock:=/clock'].
1772723194.7396529 [INFO] [static_transform_publisher-4]: process has finished cleanly [pid 521]
1772723194.7415261 [INFO] [robot_state_publisher-3]: process has finished cleanly [pid 518]
