[1.818s] Invoking command in '/root/ros2_ws/src/zigzag_planner': PYTHONPATH=/root/ros2_ws/build/zigzag_planner/prefix_override:/usr/lib/python3/dist-packages/colcon_core/task/python/colcon_distutils_commands:/root/ros2_ws/install/zigzag_planner/lib/python3.10/site-packages:${PYTHONPATH} /usr/bin/python3 -W ignore:setup.py install is deprecated -W ignore:easy_install command is deprecated setup.py egg_info --egg-base ../../build/zigzag_planner build --build-base /root/ros2_ws/build/zigzag_planner/build install --record /root/ros2_ws/build/zigzag_planner/install.log --single-version-externally-managed install_data
[2.103s] running egg_info
[2.104s] writing ../../build/zigzag_planner/zigzag_planner.egg-info/PKG-INFO
[2.104s] writing dependency_links to ../../build/zigzag_planner/zigzag_planner.egg-info/dependency_links.txt
[2.104s] writing entry points to ../../build/zigzag_planner/zigzag_planner.egg-info/entry_points.txt
[2.104s] writing requirements to ../../build/zigzag_planner/zigzag_planner.egg-info/requires.txt
[2.104s] writing top-level names to ../../build/zigzag_planner/zigzag_planner.egg-info/top_level.txt
[2.106s] reading manifest file '../../build/zigzag_planner/zigzag_planner.egg-info/SOURCES.txt'
[2.107s] writing manifest file '../../build/zigzag_planner/zigzag_planner.egg-info/SOURCES.txt'
[2.108s] running build
[2.108s] running build_py
[2.108s] running install
[2.108s] running install_lib
[2.109s] running install_data
[2.109s] running install_egg_info
[2.111s] removing '/root/ros2_ws/install/zigzag_planner/lib/python3.10/site-packages/zigzag_planner-0.0.0-py3.10.egg-info' (and everything under it)
[2.112s] Copying ../../build/zigzag_planner/zigzag_planner.egg-info to /root/ros2_ws/install/zigzag_planner/lib/python3.10/site-packages/zigzag_planner-0.0.0-py3.10.egg-info
[2.113s] running install_scripts
[2.138s] Installing zigzag_node script to /root/ros2_ws/install/zigzag_planner/lib/zigzag_planner
[2.138s] writing list of installed files to '/root/ros2_ws/build/zigzag_planner/install.log'
[2.205s] Invoked command in '/root/ros2_ws/src/zigzag_planner' returned '0': PYTHONPATH=/root/ros2_ws/build/zigzag_planner/prefix_override:/usr/lib/python3/dist-packages/colcon_core/task/python/colcon_distutils_commands:/root/ros2_ws/install/zigzag_planner/lib/python3.10/site-packages:${PYTHONPATH} /usr/bin/python3 -W ignore:setup.py install is deprecated -W ignore:easy_install command is deprecated setup.py egg_info --egg-base ../../build/zigzag_planner build --build-base /root/ros2_ws/build/zigzag_planner/build install --record /root/ros2_ws/build/zigzag_planner/install.log --single-version-externally-managed install_data
