[0.990s] Invoking command in '/root/ros2_ws/src/webots_ros2/webots_ros2_tesla': AMENT_PREFIX_PATH=/root/ros2_ws/install/webots_ros2_driver:/root/ros2_ws/install/webots_ros2_msgs:/root/ros2_ws/install/webots_ros2_importer:${AMENT_PREFIX_PATH} CMAKE_PREFIX_PATH=/root/ros2_ws/install/webots_ros2_driver:/root/ros2_ws/install/webots_ros2_msgs LD_LIBRARY_PATH=/root/ros2_ws/install/webots_ros2_driver/lib:/root/ros2_ws/install/webots_ros2_msgs/lib:${LD_LIBRARY_PATH} PYTHONPATH=/root/ros2_ws/build/webots_ros2_tesla/prefix_override:/usr/lib/python3/dist-packages/colcon_core/task/python/colcon_distutils_commands:/root/ros2_ws/install/webots_ros2_tesla/lib/python3.10/site-packages:/root/ros2_ws/install/webots_ros2_driver/local/lib/python3.10/dist-packages:/root/ros2_ws/install/webots_ros2_msgs/local/lib/python3.10/dist-packages:/root/ros2_ws/install/webots_ros2_importer/lib/python3.10/site-packages:${PYTHONPATH} /usr/bin/python3 -W ignore:setup.py install is deprecated -W ignore:easy_install command is deprecated setup.py egg_info --egg-base ../../../build/webots_ros2_tesla build --build-base /root/ros2_ws/build/webots_ros2_tesla/build install --record /root/ros2_ws/build/webots_ros2_tesla/install.log --single-version-externally-managed install_data
[1.180s] running egg_info
[1.181s] creating ../../../build/webots_ros2_tesla/webots_ros2_tesla.egg-info
[1.181s] writing ../../../build/webots_ros2_tesla/webots_ros2_tesla.egg-info/PKG-INFO
[1.181s] writing dependency_links to ../../../build/webots_ros2_tesla/webots_ros2_tesla.egg-info/dependency_links.txt
[1.182s] writing entry points to ../../../build/webots_ros2_tesla/webots_ros2_tesla.egg-info/entry_points.txt
[1.182s] writing requirements to ../../../build/webots_ros2_tesla/webots_ros2_tesla.egg-info/requires.txt
[1.182s] writing top-level names to ../../../build/webots_ros2_tesla/webots_ros2_tesla.egg-info/top_level.txt
[1.182s] writing manifest file '../../../build/webots_ros2_tesla/webots_ros2_tesla.egg-info/SOURCES.txt'
[1.183s] reading manifest file '../../../build/webots_ros2_tesla/webots_ros2_tesla.egg-info/SOURCES.txt'
[1.184s] writing manifest file '../../../build/webots_ros2_tesla/webots_ros2_tesla.egg-info/SOURCES.txt'
[1.184s] running build
[1.184s] running build_py
[1.184s] creating /root/ros2_ws/build/webots_ros2_tesla/build
[1.184s] creating /root/ros2_ws/build/webots_ros2_tesla/build/lib
[1.184s] creating /root/ros2_ws/build/webots_ros2_tesla/build/lib/webots_ros2_tesla
[1.184s] copying webots_ros2_tesla/tesla_driver.py -> /root/ros2_ws/build/webots_ros2_tesla/build/lib/webots_ros2_tesla
[1.184s] copying webots_ros2_tesla/lane_follower.py -> /root/ros2_ws/build/webots_ros2_tesla/build/lib/webots_ros2_tesla
[1.184s] copying webots_ros2_tesla/__init__.py -> /root/ros2_ws/build/webots_ros2_tesla/build/lib/webots_ros2_tesla
[1.185s] running install
[1.185s] running install_lib
[1.185s] creating /root/ros2_ws/install/webots_ros2_tesla/lib/python3.10/site-packages/webots_ros2_tesla
[1.185s] copying /root/ros2_ws/build/webots_ros2_tesla/build/lib/webots_ros2_tesla/tesla_driver.py -> /root/ros2_ws/install/webots_ros2_tesla/lib/python3.10/site-packages/webots_ros2_tesla
[1.185s] copying /root/ros2_ws/build/webots_ros2_tesla/build/lib/webots_ros2_tesla/lane_follower.py -> /root/ros2_ws/install/webots_ros2_tesla/lib/python3.10/site-packages/webots_ros2_tesla
[1.186s] copying /root/ros2_ws/build/webots_ros2_tesla/build/lib/webots_ros2_tesla/__init__.py -> /root/ros2_ws/install/webots_ros2_tesla/lib/python3.10/site-packages/webots_ros2_tesla
[1.186s] byte-compiling /root/ros2_ws/install/webots_ros2_tesla/lib/python3.10/site-packages/webots_ros2_tesla/tesla_driver.py to tesla_driver.cpython-310.pyc
[1.187s] byte-compiling /root/ros2_ws/install/webots_ros2_tesla/lib/python3.10/site-packages/webots_ros2_tesla/lane_follower.py to lane_follower.cpython-310.pyc
[1.188s] byte-compiling /root/ros2_ws/install/webots_ros2_tesla/lib/python3.10/site-packages/webots_ros2_tesla/__init__.py to __init__.cpython-310.pyc
[1.188s] running install_data
[1.188s] creating /root/ros2_ws/install/webots_ros2_tesla/share/ament_index
[1.188s] creating /root/ros2_ws/install/webots_ros2_tesla/share/ament_index/resource_index
[1.188s] creating /root/ros2_ws/install/webots_ros2_tesla/share/ament_index/resource_index/packages
[1.188s] copying resource/webots_ros2_tesla -> /root/ros2_ws/install/webots_ros2_tesla/share/ament_index/resource_index/packages
[1.188s] creating /root/ros2_ws/install/webots_ros2_tesla/share/webots_ros2_tesla/launch
[1.188s] copying launch/robot_launch.py -> /root/ros2_ws/install/webots_ros2_tesla/share/webots_ros2_tesla/launch
[1.188s] creating /root/ros2_ws/install/webots_ros2_tesla/share/webots_ros2_tesla/worlds
[1.188s] copying worlds/tesla_world.wbt -> /root/ros2_ws/install/webots_ros2_tesla/share/webots_ros2_tesla/worlds
[1.188s] copying worlds/.tesla_world.wbproj -> /root/ros2_ws/install/webots_ros2_tesla/share/webots_ros2_tesla/worlds
[1.188s] creating /root/ros2_ws/install/webots_ros2_tesla/share/webots_ros2_tesla/resource
[1.188s] copying resource/tesla_webots.urdf -> /root/ros2_ws/install/webots_ros2_tesla/share/webots_ros2_tesla/resource
[1.188s] copying package.xml -> /root/ros2_ws/install/webots_ros2_tesla/share/webots_ros2_tesla
[1.188s] running install_egg_info
[1.189s] Copying ../../../build/webots_ros2_tesla/webots_ros2_tesla.egg-info to /root/ros2_ws/install/webots_ros2_tesla/lib/python3.10/site-packages/webots_ros2_tesla-2025.0.1-py3.10.egg-info
[1.190s] running install_scripts
[1.206s] Installing lane_follower script to /root/ros2_ws/install/webots_ros2_tesla/lib/webots_ros2_tesla
[1.206s] writing list of installed files to '/root/ros2_ws/build/webots_ros2_tesla/install.log'
[1.242s] Invoked command in '/root/ros2_ws/src/webots_ros2/webots_ros2_tesla' returned '0': AMENT_PREFIX_PATH=/root/ros2_ws/install/webots_ros2_driver:/root/ros2_ws/install/webots_ros2_msgs:/root/ros2_ws/install/webots_ros2_importer:${AMENT_PREFIX_PATH} CMAKE_PREFIX_PATH=/root/ros2_ws/install/webots_ros2_driver:/root/ros2_ws/install/webots_ros2_msgs LD_LIBRARY_PATH=/root/ros2_ws/install/webots_ros2_driver/lib:/root/ros2_ws/install/webots_ros2_msgs/lib:${LD_LIBRARY_PATH} PYTHONPATH=/root/ros2_ws/build/webots_ros2_tesla/prefix_override:/usr/lib/python3/dist-packages/colcon_core/task/python/colcon_distutils_commands:/root/ros2_ws/install/webots_ros2_tesla/lib/python3.10/site-packages:/root/ros2_ws/install/webots_ros2_driver/local/lib/python3.10/dist-packages:/root/ros2_ws/install/webots_ros2_msgs/local/lib/python3.10/dist-packages:/root/ros2_ws/install/webots_ros2_importer/lib/python3.10/site-packages:${PYTHONPATH} /usr/bin/python3 -W ignore:setup.py install is deprecated -W ignore:easy_install command is deprecated setup.py egg_info --egg-base ../../../build/webots_ros2_tesla build --build-base /root/ros2_ws/build/webots_ros2_tesla/build install --record /root/ros2_ws/build/webots_ros2_tesla/install.log --single-version-externally-managed install_data
