1772941474.7363412 [INFO] [launch]: All log files can be found below /root/.ros/log/2026-03-08-09-14-34-735648-nixos-12452
1772941474.7364633 [INFO] [launch]: Default logging verbosity is set to INFO
1772941474.7849557 [INFO] [webots-1]: process started with pid [12453]
1772941474.7850943 [INFO] [ros2_supervisor.py-2]: process started with pid [12455]
1772941474.7851703 [INFO] [robot_state_publisher-3]: process started with pid [12457]
1772941474.7852428 [INFO] [static_transform_publisher-4]: process started with pid [12459]
1772941474.7853084 [INFO] [webots_controller_TurtleBot3Burger-5]: process started with pid [12462]
1772941483.0899518 [INFO] [spawner-6]: process started with pid [12609]
1772941483.0900979 [INFO] [spawner-7]: process started with pid [12611]
1772941483.7756958 [INFO] [spawner-6]: process has finished cleanly [pid 12609]
1772941483.9054818 [INFO] [spawner-7]: process has finished cleanly [pid 12611]
1772941589.0585215 [WARNING] [launch]: user interrupted with ctrl-c (SIGINT)
1772941589.0654192 [ERROR] [ros2_supervisor.py-2]: process has died [pid 12455, exit code -2, cmd '/root/ros2_ws/install/webots_ros2_driver/lib/webots_ros2_driver/ros2_supervisor.py --ros-args -r __ns:=/Ros2Supervisor -r /Ros2Supervisor/clock:=/clock'].
1772941589.1678543 [INFO] [static_transform_publisher-4]: process has finished cleanly [pid 12459]
1772941589.1686146 [INFO] [robot_state_publisher-3]: process has finished cleanly [pid 12457]
1772941594.0665119 [ERROR] [webots_controller_TurtleBot3Burger-5]: process[webots_controller_TurtleBot3Burger-5] failed to terminate '5' seconds after receiving 'SIGINT', escalating to 'SIGTERM'
1772941594.0670557 [ERROR] [webots-1]: process[webots-1] failed to terminate '5' seconds after receiving 'SIGINT', escalating to 'SIGTERM'
1772941594.0675144 [INFO] [webots_controller_TurtleBot3Burger-5]: sending signal 'SIGTERM' to process[webots_controller_TurtleBot3Burger-5]
1772941594.0681305 [INFO] [webots-1]: sending signal 'SIGTERM' to process[webots-1]
1772941594.0686848 [ERROR] [webots-1]: process has died [pid 12453, exit code -15, cmd '/root/.ros/webotsR2025a/webots/webots --port=1234 /tmp/tmpok4i07sv_world_with_URDF_robot.wbt --batch --mode=realtime'].
1772941594.0704112 [ERROR] [webots_controller_TurtleBot3Burger-5]: process has died [pid 12462, exit code -15, cmd '/root/ros2_ws/install/webots_ros2_driver/share/webots_ros2_driver/scripts/webots-controller --robot-name=TurtleBot3Burger --protocol=ipc --port=1234 ros2 --ros-args -r /diffdrive_controller/cmd_vel_unstamped:=/cmd_vel -r /diffdrive_controller/odom:=/odom -p robot_description:=/root/ros2_ws/install/webots_ros2_turtlebot/share/webots_ros2_turtlebot/resource/turtlebot_webots.urdf -p use_sim_time:=True -p set_robot_state_publisher:=True --params-file /root/ros2_ws/install/webots_ros2_turtlebot/share/webots_ros2_turtlebot/resource/ros2control.yml'].
