1772884011.9116318 [INFO] [launch]: All log files can be found below /root/.ros/log/2026-03-07-17-16-51-910082-nixos-1500
1772884011.9118900 [INFO] [launch]: Default logging verbosity is set to INFO
1772884011.9205327 [ERROR] [webots-1]: exception occurred while executing process:
Traceback (most recent call last):
  File "/opt/ros/humble/lib/python3.10/site-packages/launch/actions/execute_local.py", line 551, in __execute_process
    transport, self._subprocess_protocol = await async_execute_process(
  File "/opt/ros/humble/lib/python3.10/site-packages/osrf_pycommon/process_utils/async_execute_process_asyncio/impl.py", line 139, in async_execute_process
    transport, protocol = await _async_execute_process_nopty(
  File "/opt/ros/humble/lib/python3.10/site-packages/osrf_pycommon/process_utils/async_execute_process_asyncio/impl.py", line 45, in _async_execute_process_nopty
    transport, protocol = await loop.subprocess_exec(
  File "/usr/lib/python3.10/asyncio/base_events.py", line 1681, in subprocess_exec
    transport = await self._make_subprocess_transport(
  File "/usr/lib/python3.10/asyncio/unix_events.py", line 207, in _make_subprocess_transport
    transp = _UnixSubprocessTransport(self, protocol, args, shell,
  File "/usr/lib/python3.10/asyncio/base_subprocess.py", line 36, in __init__
    self._start(args=args, shell=shell, stdin=stdin, stdout=stdout,
  File "/usr/lib/python3.10/asyncio/unix_events.py", line 799, in _start
    self._proc = subprocess.Popen(
  File "/usr/lib/python3.10/subprocess.py", line 971, in __init__
    self._execute_child(args, executable, preexec_fn, close_fds,
  File "/usr/lib/python3.10/subprocess.py", line 1863, in _execute_child
    raise child_exception_type(errno_num, err_msg, err_filename)
FileNotFoundError: [Errno 2] No such file or directory: 'webots'

