[0.506s] Invoking command in '/root/ros2_ws/src/webots_ros2/webots_ros2': AMENT_PREFIX_PATH=/root/ros2_ws/install/webots_ros2_tests:/root/ros2_ws/install/webots_ros2_universal_robot:/root/ros2_ws/install/webots_ros2_turtlebot:/root/ros2_ws/install/webots_ros2_tiago:/root/ros2_ws/install/webots_ros2_husarion:/root/ros2_ws/install/webots_ros2_epuck:/root/ros2_ws/install/webots_ros2_tesla:/root/ros2_ws/install/webots_ros2_mavic:/root/ros2_ws/install/webots_ros2_crazyflie:/root/ros2_ws/install/webots_ros2_control:/root/ros2_ws/install/webots_ros2_driver:/root/ros2_ws/install/webots_ros2_msgs:/root/ros2_ws/install/webots_ros2_importer:${AMENT_PREFIX_PATH} CMAKE_PREFIX_PATH=/root/ros2_ws/install/webots_ros2_control:/root/ros2_ws/install/webots_ros2_driver:/root/ros2_ws/install/webots_ros2_msgs LD_LIBRARY_PATH=/root/ros2_ws/install/webots_ros2_control/lib:/root/ros2_ws/install/webots_ros2_driver/lib:/root/ros2_ws/install/webots_ros2_msgs/lib:${LD_LIBRARY_PATH} PYTHONPATH=/root/ros2_ws/build/webots_ros2/prefix_override:/usr/lib/python3/dist-packages/colcon_core/task/python/colcon_distutils_commands:/root/ros2_ws/install/webots_ros2/lib/python3.10/site-packages:/root/ros2_ws/install/webots_ros2_tests/lib/python3.10/site-packages:/root/ros2_ws/install/webots_ros2_universal_robot/lib/python3.10/site-packages:/root/ros2_ws/install/webots_ros2_turtlebot/lib/python3.10/site-packages:/root/ros2_ws/install/webots_ros2_tiago/lib/python3.10/site-packages:/root/ros2_ws/install/webots_ros2_husarion/lib/python3.10/site-packages:/root/ros2_ws/install/webots_ros2_epuck/lib/python3.10/site-packages:/root/ros2_ws/install/webots_ros2_tesla/lib/python3.10/site-packages:/root/ros2_ws/install/webots_ros2_mavic/lib/python3.10/site-packages:/root/ros2_ws/install/webots_ros2_crazyflie/lib/python3.10/site-packages:/root/ros2_ws/install/webots_ros2_driver/local/lib/python3.10/dist-packages:/root/ros2_ws/install/webots_ros2_msgs/local/lib/python3.10/dist-packages:/root/ros2_ws/install/webots_ros2_importer/lib/python3.10/site-packages:${PYTHONPATH} /usr/bin/python3 -W ignore:setup.py install is deprecated -W ignore:easy_install command is deprecated setup.py egg_info --egg-base ../../../build/webots_ros2 build --build-base /root/ros2_ws/build/webots_ros2/build install --record /root/ros2_ws/build/webots_ros2/install.log --single-version-externally-managed install_data
[0.698s] running egg_info
[0.698s] creating ../../../build/webots_ros2/webots_ros2.egg-info
[0.698s] writing ../../../build/webots_ros2/webots_ros2.egg-info/PKG-INFO
[0.698s] writing dependency_links to ../../../build/webots_ros2/webots_ros2.egg-info/dependency_links.txt
[0.699s] writing requirements to ../../../build/webots_ros2/webots_ros2.egg-info/requires.txt
[0.699s] writing top-level names to ../../../build/webots_ros2/webots_ros2.egg-info/top_level.txt
[0.699s] writing manifest file '../../../build/webots_ros2/webots_ros2.egg-info/SOURCES.txt'
[0.700s] reading manifest file '../../../build/webots_ros2/webots_ros2.egg-info/SOURCES.txt'
[0.700s] writing manifest file '../../../build/webots_ros2/webots_ros2.egg-info/SOURCES.txt'
[0.700s] running build
[0.700s] running build_py
[0.701s] creating /root/ros2_ws/build/webots_ros2/build
[0.701s] creating /root/ros2_ws/build/webots_ros2/build/lib
[0.701s] creating /root/ros2_ws/build/webots_ros2/build/lib/webots_ros2
[0.701s] copying webots_ros2/__init__.py -> /root/ros2_ws/build/webots_ros2/build/lib/webots_ros2
[0.701s] running install
[0.701s] running install_lib
[0.701s] creating /root/ros2_ws/install/webots_ros2/lib/python3.10/site-packages/webots_ros2
[0.702s] copying /root/ros2_ws/build/webots_ros2/build/lib/webots_ros2/__init__.py -> /root/ros2_ws/install/webots_ros2/lib/python3.10/site-packages/webots_ros2
[0.702s] byte-compiling /root/ros2_ws/install/webots_ros2/lib/python3.10/site-packages/webots_ros2/__init__.py to __init__.cpython-310.pyc
[0.702s] running install_data
[0.702s] copying package.xml -> /root/ros2_ws/install/webots_ros2/share/webots_ros2
[0.702s] creating /root/ros2_ws/install/webots_ros2/share/ament_index
[0.702s] creating /root/ros2_ws/install/webots_ros2/share/ament_index/resource_index
[0.703s] creating /root/ros2_ws/install/webots_ros2/share/ament_index/resource_index/packages
[0.703s] copying resource/webots_ros2 -> /root/ros2_ws/install/webots_ros2/share/ament_index/resource_index/packages
[0.703s] running install_egg_info
[0.704s] Copying ../../../build/webots_ros2/webots_ros2.egg-info to /root/ros2_ws/install/webots_ros2/lib/python3.10/site-packages/webots_ros2-2025.0.1-py3.10.egg-info
[0.705s] running install_scripts
[0.721s] writing list of installed files to '/root/ros2_ws/build/webots_ros2/install.log'
[0.744s] Invoked command in '/root/ros2_ws/src/webots_ros2/webots_ros2' returned '0': AMENT_PREFIX_PATH=/root/ros2_ws/install/webots_ros2_tests:/root/ros2_ws/install/webots_ros2_universal_robot:/root/ros2_ws/install/webots_ros2_turtlebot:/root/ros2_ws/install/webots_ros2_tiago:/root/ros2_ws/install/webots_ros2_husarion:/root/ros2_ws/install/webots_ros2_epuck:/root/ros2_ws/install/webots_ros2_tesla:/root/ros2_ws/install/webots_ros2_mavic:/root/ros2_ws/install/webots_ros2_crazyflie:/root/ros2_ws/install/webots_ros2_control:/root/ros2_ws/install/webots_ros2_driver:/root/ros2_ws/install/webots_ros2_msgs:/root/ros2_ws/install/webots_ros2_importer:${AMENT_PREFIX_PATH} CMAKE_PREFIX_PATH=/root/ros2_ws/install/webots_ros2_control:/root/ros2_ws/install/webots_ros2_driver:/root/ros2_ws/install/webots_ros2_msgs LD_LIBRARY_PATH=/root/ros2_ws/install/webots_ros2_control/lib:/root/ros2_ws/install/webots_ros2_driver/lib:/root/ros2_ws/install/webots_ros2_msgs/lib:${LD_LIBRARY_PATH} PYTHONPATH=/root/ros2_ws/build/webots_ros2/prefix_override:/usr/lib/python3/dist-packages/colcon_core/task/python/colcon_distutils_commands:/root/ros2_ws/install/webots_ros2/lib/python3.10/site-packages:/root/ros2_ws/install/webots_ros2_tests/lib/python3.10/site-packages:/root/ros2_ws/install/webots_ros2_universal_robot/lib/python3.10/site-packages:/root/ros2_ws/install/webots_ros2_turtlebot/lib/python3.10/site-packages:/root/ros2_ws/install/webots_ros2_tiago/lib/python3.10/site-packages:/root/ros2_ws/install/webots_ros2_husarion/lib/python3.10/site-packages:/root/ros2_ws/install/webots_ros2_epuck/lib/python3.10/site-packages:/root/ros2_ws/install/webots_ros2_tesla/lib/python3.10/site-packages:/root/ros2_ws/install/webots_ros2_mavic/lib/python3.10/site-packages:/root/ros2_ws/install/webots_ros2_crazyflie/lib/python3.10/site-packages:/root/ros2_ws/install/webots_ros2_driver/local/lib/python3.10/dist-packages:/root/ros2_ws/install/webots_ros2_msgs/local/lib/python3.10/dist-packages:/root/ros2_ws/install/webots_ros2_importer/lib/python3.10/site-packages:${PYTHONPATH} /usr/bin/python3 -W ignore:setup.py install is deprecated -W ignore:easy_install command is deprecated setup.py egg_info --egg-base ../../../build/webots_ros2 build --build-base /root/ros2_ws/build/webots_ros2/build install --record /root/ros2_ws/build/webots_ros2/install.log --single-version-externally-managed install_data
