[INFO] [1772893066.030616173] [resource_manager]: Initialize hardware 'WebotsControl' 
[INFO] [1772893066.030726454] [resource_manager]: Successful initialization of hardware 'WebotsControl'
[INFO] [1772893066.030831217] [resource_manager]: 'configure' hardware 'WebotsControl' 
[INFO] [1772893066.030841624] [resource_manager]: Successful 'configure' of hardware 'WebotsControl'
[INFO] [1772893066.030848328] [resource_manager]: 'activate' hardware 'WebotsControl' 
[INFO] [1772893066.030855033] [resource_manager]: Successful 'activate' of hardware 'WebotsControl'
[INFO] [1772893066.151988403] [plugin_node_example]:   - properties: {'parameterExample': 'someValue'}
[INFO] [1772893066.152377354] [plugin_node_example]:   - robot name: TurtleBot3Burger
[INFO] [1772893066.152770566] [plugin_node_example]:   - basic timestep: 20
[INFO] [1772893066.153167410] [plugin_node_example]:   - is supervisor? False
[INFO] [1772893066.154722798] [TurtleBot3Burger]: Controller successfully connected to robot in Webots simulation.
[INFO] [1772893066.374286738] [controller_manager]: Loading controller 'joint_state_broadcaster'
[INFO] [1772893066.434819689] [controller_manager]: Configuring controller 'joint_state_broadcaster'
[INFO] [1772893066.434928015] [joint_state_broadcaster]: 'joints' or 'interfaces' parameter is empty. All available state interfaces will be published
[INFO] [1772893066.549489852] [controller_manager]: Loading controller 'diffdrive_controller'
[INFO] [1772893066.687384535] [controller_manager]: Configuring controller 'diffdrive_controller'
[INFO] [1772893167.824804867] [rclcpp]: signal_handler(SIGINT/SIGTERM)
[INFO] [1772893167.891969363] [TurtleBot3Burger]: Controller successfully disconnected from robot in Webots simulation.
[INFO] [1772893167.892048005] [controller_manager]: Shutdown request received....
[INFO] [1772893167.892085300] [controller_manager]: Shutting down all controllers in the controller manager.
[INFO] [1772893167.892110932] [controller_manager]: Deactivating controller 'joint_state_broadcaster'
[INFO] [1772893167.892158704] [controller_manager]: Shutting down controller 'joint_state_broadcaster'
[INFO] [1772893167.892191809] [controller_manager]: Deactivating controller 'diffdrive_controller'
[INFO] [1772893167.892226102] [controller_manager]: Shutting down controller 'diffdrive_controller'
[INFO] [1772893167.892258997] [resource_manager]: 'deactivate' hardware 'WebotsControl' 
[INFO] [1772893167.892267867] [resource_manager]: Successful 'deactivate' of hardware 'WebotsControl'
[INFO] [1772893167.892274153] [resource_manager]: 'shutdown' hardware 'WebotsControl' 
[INFO] [1772893167.892280439] [resource_manager]: Successful 'shutdown' of hardware 'WebotsControl'
[INFO] [1772893167.892285677] [controller_manager]: Shutting down the controller manager.
