[INFO] [1772723051.414535239] [resource_manager]: Initialize hardware 'WebotsControl' 
[INFO] [1772723051.414683931] [resource_manager]: Successful initialization of hardware 'WebotsControl'
[INFO] [1772723051.414798332] [resource_manager]: 'configure' hardware 'WebotsControl' 
[INFO] [1772723051.414812300] [resource_manager]: Successful 'configure' of hardware 'WebotsControl'
[INFO] [1772723051.414821240] [resource_manager]: 'activate' hardware 'WebotsControl' 
[INFO] [1772723051.414829830] [resource_manager]: Successful 'activate' of hardware 'WebotsControl'
[INFO] [1772723051.561460865] [plugin_node_example]:   - properties: {'parameterExample': 'someValue'}
[INFO] [1772723051.561896816] [plugin_node_example]:   - robot name: TurtleBot3Burger
[INFO] [1772723051.562300082] [plugin_node_example]:   - basic timestep: 20
[INFO] [1772723051.562833112] [plugin_node_example]:   - is supervisor? False
[INFO] [1772723051.564819127] [TurtleBot3Burger]: Controller successfully connected to robot in Webots simulation.
[INFO] [1772723051.841169132] [controller_manager]: Loading controller 'diffdrive_controller'
[INFO] [1772723052.094751277] [controller_manager]: Loading controller 'joint_state_broadcaster'
[INFO] [1772723052.113395971] [controller_manager]: Configuring controller 'diffdrive_controller'
[INFO] [1772723052.377974389] [controller_manager]: Configuring controller 'joint_state_broadcaster'
[INFO] [1772723052.378067139] [joint_state_broadcaster]: 'joints' or 'interfaces' parameter is empty. All available state interfaces will be published
[INFO] [1772723194.419730557] [TurtleBot3Burger]: Controller successfully disconnected from robot in Webots simulation.
[INFO] [1772723194.419830570] [controller_manager]: Shutdown request received....
[INFO] [1772723194.419878621] [controller_manager]: Shutting down all controllers in the controller manager.
[INFO] [1772723194.419910050] [controller_manager]: Deactivating controller 'diffdrive_controller'
[INFO] [1772723194.419974444] [controller_manager]: Shutting down controller 'diffdrive_controller'
[INFO] [1772723194.420063771] [controller_manager]: Deactivating controller 'joint_state_broadcaster'
[INFO] [1772723194.420097155] [controller_manager]: Shutting down controller 'joint_state_broadcaster'
[INFO] [1772723194.420136686] [resource_manager]: 'deactivate' hardware 'WebotsControl' 
[INFO] [1772723194.420147790] [resource_manager]: Successful 'deactivate' of hardware 'WebotsControl'
[INFO] [1772723194.420155333] [resource_manager]: 'shutdown' hardware 'WebotsControl' 
[INFO] [1772723194.420163924] [resource_manager]: Successful 'shutdown' of hardware 'WebotsControl'
[INFO] [1772723194.420171537] [controller_manager]: Shutting down the controller manager.
