[INFO] [1772873190.116001675] [resource_manager]: Initialize hardware 'WebotsControl' 
[INFO] [1772873190.116221557] [resource_manager]: Successful initialization of hardware 'WebotsControl'
[INFO] [1772873190.116393173] [resource_manager]: 'configure' hardware 'WebotsControl' 
[INFO] [1772873190.116408121] [resource_manager]: Successful 'configure' of hardware 'WebotsControl'
[INFO] [1772873190.116419645] [resource_manager]: 'activate' hardware 'WebotsControl' 
[INFO] [1772873190.116430193] [resource_manager]: Successful 'activate' of hardware 'WebotsControl'
[INFO] [1772873190.408568689] [plugin_node_example]:   - properties: {'parameterExample': 'someValue'}
[INFO] [1772873190.409412312] [plugin_node_example]:   - robot name: TurtleBot3Burger
[INFO] [1772873190.410415887] [plugin_node_example]:   - basic timestep: 20
[INFO] [1772873190.411304772] [plugin_node_example]:   - is supervisor? False
[INFO] [1772873190.415303357] [TurtleBot3Burger]: Controller successfully connected to robot in Webots simulation.
[INFO] [1772873190.853913320] [controller_manager]: Loading controller 'joint_state_broadcaster'
[INFO] [1772873190.906710256] [controller_manager]: Loading controller 'diffdrive_controller'
[INFO] [1772873191.158781479] [controller_manager]: Configuring controller 'joint_state_broadcaster'
[INFO] [1772873191.159063525] [joint_state_broadcaster]: 'joints' or 'interfaces' parameter is empty. All available state interfaces will be published
[INFO] [1772873191.409674588] [controller_manager]: Configuring controller 'diffdrive_controller'
[INFO] [1772873243.122718903] [rclcpp]: signal_handler(SIGINT/SIGTERM)
[INFO] [1772873243.163639412] [TurtleBot3Burger]: Controller successfully disconnected from robot in Webots simulation.
[INFO] [1772873243.163764766] [controller_manager]: Shutdown request received....
[INFO] [1772873243.163821053] [controller_manager]: Shutting down all controllers in the controller manager.
[INFO] [1772873243.163874058] [controller_manager]: Deactivating controller 'joint_state_broadcaster'
[INFO] [1772873243.163964564] [controller_manager]: Shutting down controller 'joint_state_broadcaster'
[INFO] [1772873243.164090476] [controller_manager]: Deactivating controller 'diffdrive_controller'
[INFO] [1772873243.164154375] [controller_manager]: Shutting down controller 'diffdrive_controller'
[INFO] [1772873243.164222185] [resource_manager]: 'deactivate' hardware 'WebotsControl' 
[INFO] [1772873243.164241390] [resource_manager]: Successful 'deactivate' of hardware 'WebotsControl'
[INFO] [1772873243.164255147] [resource_manager]: 'shutdown' hardware 'WebotsControl' 
[INFO] [1772873243.164269533] [resource_manager]: Successful 'shutdown' of hardware 'WebotsControl'
[INFO] [1772873243.164284687] [controller_manager]: Shutting down the controller manager.
