[INFO] [1772940556.251495132] [resource_manager]: Initialize hardware 'WebotsControl' 
[INFO] [1772940556.251597103] [resource_manager]: Successful initialization of hardware 'WebotsControl'
[INFO] [1772940556.251680077] [resource_manager]: 'configure' hardware 'WebotsControl' 
[INFO] [1772940556.251687690] [resource_manager]: Successful 'configure' of hardware 'WebotsControl'
[INFO] [1772940556.251693976] [resource_manager]: 'activate' hardware 'WebotsControl' 
[INFO] [1772940556.251699703] [resource_manager]: Successful 'activate' of hardware 'WebotsControl'
[INFO] [1772940556.381979500] [plugin_node_example]:   - properties: {'parameterExample': 'someValue'}
[INFO] [1772940556.382379003] [plugin_node_example]:   - robot name: TurtleBot3Burger
[INFO] [1772940556.382732759] [plugin_node_example]:   - basic timestep: 20
[INFO] [1772940556.383078763] [plugin_node_example]:   - is supervisor? False
[INFO] [1772940556.384364229] [TurtleBot3Burger]: Controller successfully connected to robot in Webots simulation.
[INFO] [1772940556.605426397] [controller_manager]: Loading controller 'diffdrive_controller'
[INFO] [1772940556.645120780] [controller_manager]: Loading controller 'joint_state_broadcaster'
[INFO] [1772940556.665000344] [controller_manager]: Configuring controller 'diffdrive_controller'
[INFO] [1772940556.784297285] [controller_manager]: Configuring controller 'joint_state_broadcaster'
[INFO] [1772940556.784410361] [joint_state_broadcaster]: 'joints' or 'interfaces' parameter is empty. All available state interfaces will be published
[INFO] [1772940775.663121603] [rclcpp]: signal_handler(SIGINT/SIGTERM)
[INFO] [1772940775.738908651] [TurtleBot3Burger]: Controller successfully disconnected from robot in Webots simulation.
[INFO] [1772940775.739000758] [controller_manager]: Shutdown request received....
[INFO] [1772940775.739044473] [controller_manager]: Shutting down all controllers in the controller manager.
[INFO] [1772940775.739085463] [controller_manager]: Deactivating controller 'diffdrive_controller'
[INFO] [1772940775.739176663] [controller_manager]: Shutting down controller 'diffdrive_controller'
[INFO] [1772940775.739252010] [controller_manager]: Deactivating controller 'joint_state_broadcaster'
[INFO] [1772940775.739287415] [controller_manager]: Shutting down controller 'joint_state_broadcaster'
[INFO] [1772940775.739331129] [resource_manager]: 'deactivate' hardware 'WebotsControl' 
[INFO] [1772940775.739342092] [resource_manager]: Successful 'deactivate' of hardware 'WebotsControl'
[INFO] [1772940775.739349843] [resource_manager]: 'shutdown' hardware 'WebotsControl' 
[INFO] [1772940775.739357944] [resource_manager]: Successful 'shutdown' of hardware 'WebotsControl'
[INFO] [1772940775.739365905] [controller_manager]: Shutting down the controller manager.
