[INFO] [1772939339.180431868] [resource_manager]: Initialize hardware 'WebotsControl' 
[INFO] [1772939339.180549279] [resource_manager]: Successful initialization of hardware 'WebotsControl'
[INFO] [1772939339.180639869] [resource_manager]: 'configure' hardware 'WebotsControl' 
[INFO] [1772939339.180648460] [resource_manager]: Successful 'configure' of hardware 'WebotsControl'
[INFO] [1772939339.180655655] [resource_manager]: 'activate' hardware 'WebotsControl' 
[INFO] [1772939339.180661941] [resource_manager]: Successful 'activate' of hardware 'WebotsControl'
[INFO] [1772939339.310875274] [plugin_node_example]:   - properties: {'parameterExample': 'someValue'}
[INFO] [1772939339.311286248] [plugin_node_example]:   - robot name: TurtleBot3Burger
[INFO] [1772939339.311652729] [plugin_node_example]:   - basic timestep: 20
[INFO] [1772939339.312011527] [plugin_node_example]:   - is supervisor? False
[INFO] [1772939339.313700471] [TurtleBot3Burger]: Controller successfully connected to robot in Webots simulation.
[INFO] [1772939339.543824920] [controller_manager]: Loading controller 'joint_state_broadcaster'
[INFO] [1772939339.593831780] [controller_manager]: Loading controller 'diffdrive_controller'
[INFO] [1772939339.612348622] [controller_manager]: Configuring controller 'joint_state_broadcaster'
[INFO] [1772939339.612477627] [joint_state_broadcaster]: 'joints' or 'interfaces' parameter is empty. All available state interfaces will be published
[INFO] [1772939339.734866546] [controller_manager]: Configuring controller 'diffdrive_controller'
[INFO] [1772939495.809263971] [rclcpp]: signal_handler(SIGINT/SIGTERM)
[INFO] [1772939495.827906812] [TurtleBot3Burger]: Controller successfully disconnected from robot in Webots simulation.
[INFO] [1772939495.827971837] [controller_manager]: Shutdown request received....
[INFO] [1772939495.828003756] [controller_manager]: Shutting down all controllers in the controller manager.
[INFO] [1772939495.828032462] [controller_manager]: Deactivating controller 'joint_state_broadcaster'
[INFO] [1772939495.828082122] [controller_manager]: Shutting down controller 'joint_state_broadcaster'
[INFO] [1772939495.828131083] [controller_manager]: Deactivating controller 'diffdrive_controller'
[INFO] [1772939495.828170056] [controller_manager]: Shutting down controller 'diffdrive_controller'
[INFO] [1772939495.828204140] [resource_manager]: 'deactivate' hardware 'WebotsControl' 
[INFO] [1772939495.828214687] [resource_manager]: Successful 'deactivate' of hardware 'WebotsControl'
[INFO] [1772939495.828221951] [resource_manager]: 'shutdown' hardware 'WebotsControl' 
[INFO] [1772939495.828227538] [resource_manager]: Successful 'shutdown' of hardware 'WebotsControl'
[INFO] [1772939495.828232776] [controller_manager]: Shutting down the controller manager.
