[INFO] [1772938340.193267543] [resource_manager]: Initialize hardware 'WebotsControl' 
[INFO] [1772938340.193322705] [resource_manager]: Successful initialization of hardware 'WebotsControl'
[INFO] [1772938340.193344072] [resource_manager]: 'configure' hardware 'WebotsControl' 
[INFO] [1772938340.193351054] [resource_manager]: Successful 'configure' of hardware 'WebotsControl'
[INFO] [1772938340.193357688] [resource_manager]: 'activate' hardware 'WebotsControl' 
[INFO] [1772938340.193363902] [resource_manager]: Successful 'activate' of hardware 'WebotsControl'
[INFO] [1772938340.302776244] [plugin_node_example]:   - properties: {'parameterExample': 'someValue'}
[INFO] [1772938340.303129909] [plugin_node_example]:   - robot name: TurtleBot3Burger
[INFO] [1772938340.303552351] [plugin_node_example]:   - basic timestep: 20
[INFO] [1772938340.303919142] [plugin_node_example]:   - is supervisor? False
[INFO] [1772938340.305172434] [TurtleBot3Burger]: Controller successfully connected to robot in Webots simulation.
[INFO] [1772938340.496828633] [controller_manager]: Loading controller 'joint_state_broadcaster'
[INFO] [1772938340.557827274] [controller_manager]: Loading controller 'diffdrive_controller'
[INFO] [1772938340.576696060] [controller_manager]: Configuring controller 'joint_state_broadcaster'
[INFO] [1772938340.576821815] [joint_state_broadcaster]: 'joints' or 'interfaces' parameter is empty. All available state interfaces will be published
[INFO] [1772938340.684572108] [controller_manager]: Configuring controller 'diffdrive_controller'
[INFO] [1772939300.936270427] [rclcpp]: signal_handler(SIGINT/SIGTERM)
[INFO] [1772939300.982994140] [TurtleBot3Burger]: Controller successfully disconnected from robot in Webots simulation.
[INFO] [1772939300.983085081] [controller_manager]: Shutdown request received....
[INFO] [1772939300.983124684] [controller_manager]: Shutting down all controllers in the controller manager.
[INFO] [1772939300.983152832] [controller_manager]: Deactivating controller 'joint_state_broadcaster'
[INFO] [1772939300.983203750] [controller_manager]: Shutting down controller 'joint_state_broadcaster'
[INFO] [1772939300.983266263] [controller_manager]: Deactivating controller 'diffdrive_controller'
[INFO] [1772939300.983307402] [controller_manager]: Shutting down controller 'diffdrive_controller'
[INFO] [1772939300.983339113] [resource_manager]: 'deactivate' hardware 'WebotsControl' 
[INFO] [1772939300.983348542] [resource_manager]: Successful 'deactivate' of hardware 'WebotsControl'
[INFO] [1772939300.983353222] [resource_manager]: 'shutdown' hardware 'WebotsControl' 
[INFO] [1772939300.983359857] [resource_manager]: Successful 'shutdown' of hardware 'WebotsControl'
[INFO] [1772939300.983365515] [controller_manager]: Shutting down the controller manager.
