[INFO] [1772941365.827190250] [resource_manager]: Initialize hardware 'WebotsControl' 
[INFO] [1772941365.827294102] [resource_manager]: Successful initialization of hardware 'WebotsControl'
[INFO] [1772941365.827378888] [resource_manager]: 'configure' hardware 'WebotsControl' 
[INFO] [1772941365.827395720] [resource_manager]: Successful 'configure' of hardware 'WebotsControl'
[INFO] [1772941365.827402704] [resource_manager]: 'activate' hardware 'WebotsControl' 
[INFO] [1772941365.827409898] [resource_manager]: Successful 'activate' of hardware 'WebotsControl'
[INFO] [1772941365.955279047] [plugin_node_example]:   - properties: {'parameterExample': 'someValue'}
[INFO] [1772941365.955674762] [plugin_node_example]:   - robot name: TurtleBot3Burger
[INFO] [1772941365.956044007] [plugin_node_example]:   - basic timestep: 20
[INFO] [1772941365.956403615] [plugin_node_example]:   - is supervisor? False
[INFO] [1772941365.957754813] [TurtleBot3Burger]: Controller successfully connected to robot in Webots simulation.
[INFO] [1772941366.179141088] [controller_manager]: Loading controller 'diffdrive_controller'
[INFO] [1772941366.221484314] [controller_manager]: Loading controller 'joint_state_broadcaster'
[INFO] [1772941366.239714431] [controller_manager]: Configuring controller 'diffdrive_controller'
[INFO] [1772941366.351278338] [controller_manager]: Configuring controller 'joint_state_broadcaster'
[INFO] [1772941366.351376603] [joint_state_broadcaster]: 'joints' or 'interfaces' parameter is empty. All available state interfaces will be published
[INFO] [1772941471.854542234] [rclcpp]: signal_handler(SIGINT/SIGTERM)
[INFO] [1772941471.933372620] [TurtleBot3Burger]: Controller successfully disconnected from robot in Webots simulation.
[INFO] [1772941471.933467534] [controller_manager]: Shutdown request received....
[INFO] [1772941471.933502803] [controller_manager]: Shutting down all controllers in the controller manager.
[INFO] [1772941471.933538073] [controller_manager]: Deactivating controller 'diffdrive_controller'
[INFO] [1772941471.933594993] [controller_manager]: Shutting down controller 'diffdrive_controller'
[INFO] [1772941471.933663157] [controller_manager]: Deactivating controller 'joint_state_broadcaster'
[INFO] [1772941471.933690395] [controller_manager]: Shutting down controller 'joint_state_broadcaster'
[INFO] [1772941471.933721823] [resource_manager]: 'deactivate' hardware 'WebotsControl' 
[INFO] [1772941471.933729925] [resource_manager]: Successful 'deactivate' of hardware 'WebotsControl'
[INFO] [1772941471.933734674] [resource_manager]: 'shutdown' hardware 'WebotsControl' 
[INFO] [1772941471.933740052] [resource_manager]: Successful 'shutdown' of hardware 'WebotsControl'
[INFO] [1772941471.933744801] [controller_manager]: Shutting down the controller manager.
