[INFO] [1772962430.631485103] [resource_manager]: Initialize hardware 'WebotsControl' 
[INFO] [1772962430.631594617] [resource_manager]: Successful initialization of hardware 'WebotsControl'
[INFO] [1772962430.631702314] [resource_manager]: 'configure' hardware 'WebotsControl' 
[INFO] [1772962430.631713280] [resource_manager]: Successful 'configure' of hardware 'WebotsControl'
[INFO] [1772962430.631722918] [resource_manager]: 'activate' hardware 'WebotsControl' 
[INFO] [1772962430.631730531] [resource_manager]: Successful 'activate' of hardware 'WebotsControl'
[INFO] [1772962430.761545031] [plugin_node_example]:   - properties: {'parameterExample': 'someValue'}
[INFO] [1772962430.761954869] [plugin_node_example]:   - robot name: TurtleBot3Burger
[INFO] [1772962430.762326712] [plugin_node_example]:   - basic timestep: 20
[INFO] [1772962430.762687729] [plugin_node_example]:   - is supervisor? False
[INFO] [1772962430.764126072] [TurtleBot3Burger]: Controller successfully connected to robot in Webots simulation.
[INFO] [1772962430.990799121] [controller_manager]: Loading controller 'diffdrive_controller'
[INFO] [1772962431.028486007] [controller_manager]: Loading controller 'joint_state_broadcaster'
[INFO] [1772962431.046982749] [controller_manager]: Configuring controller 'diffdrive_controller'
[INFO] [1772962431.160616320] [controller_manager]: Configuring controller 'joint_state_broadcaster'
[INFO] [1772962431.160739802] [joint_state_broadcaster]: 'joints' or 'interfaces' parameter is empty. All available state interfaces will be published
[INFO] [1772962537.377646585] [rclcpp]: signal_handler(SIGINT/SIGTERM)
[INFO] [1772962537.485360843] [TurtleBot3Burger]: Controller successfully disconnected from robot in Webots simulation.
[INFO] [1772962537.485440252] [controller_manager]: Shutdown request received....
[INFO] [1772962537.485494519] [controller_manager]: Shutting down all controllers in the controller manager.
[INFO] [1772962537.485523084] [controller_manager]: Deactivating controller 'diffdrive_controller'
[INFO] [1772962537.485580773] [controller_manager]: Shutting down controller 'diffdrive_controller'
[INFO] [1772962537.485668913] [controller_manager]: Deactivating controller 'joint_state_broadcaster'
[INFO] [1772962537.485697059] [controller_manager]: Shutting down controller 'joint_state_broadcaster'
[INFO] [1772962537.485731700] [resource_manager]: 'deactivate' hardware 'WebotsControl' 
[INFO] [1772962537.485739871] [resource_manager]: Successful 'deactivate' of hardware 'WebotsControl'
[INFO] [1772962537.485746576] [resource_manager]: 'shutdown' hardware 'WebotsControl' 
[INFO] [1772962537.485752722] [resource_manager]: Successful 'shutdown' of hardware 'WebotsControl'
[INFO] [1772962537.485758449] [controller_manager]: Shutting down the controller manager.
