[INFO] [1772961514.205160680] [resource_manager]: Initialize hardware 'WebotsControl' 
[INFO] [1772961514.205265592] [resource_manager]: Successful initialization of hardware 'WebotsControl'
[INFO] [1772961514.205348851] [resource_manager]: 'configure' hardware 'WebotsControl' 
[INFO] [1772961514.205357233] [resource_manager]: Successful 'configure' of hardware 'WebotsControl'
[INFO] [1772961514.205362960] [resource_manager]: 'activate' hardware 'WebotsControl' 
[INFO] [1772961514.205368618] [resource_manager]: Successful 'activate' of hardware 'WebotsControl'
[INFO] [1772961514.337073959] [plugin_node_example]:   - properties: {'parameterExample': 'someValue'}
[INFO] [1772961514.337422501] [plugin_node_example]:   - robot name: TurtleBot3Burger
[INFO] [1772961514.337739820] [plugin_node_example]:   - basic timestep: 20
[INFO] [1772961514.338080330] [plugin_node_example]:   - is supervisor? False
[INFO] [1772961514.339561387] [TurtleBot3Burger]: Controller successfully connected to robot in Webots simulation.
[INFO] [1772961514.554818711] [controller_manager]: Loading controller 'joint_state_broadcaster'
[INFO] [1772961514.614916290] [controller_manager]: Loading controller 'diffdrive_controller'
[INFO] [1772961514.631781511] [controller_manager]: Configuring controller 'joint_state_broadcaster'
[INFO] [1772961514.631875457] [joint_state_broadcaster]: 'joints' or 'interfaces' parameter is empty. All available state interfaces will be published
[INFO] [1772961514.743901400] [controller_manager]: Configuring controller 'diffdrive_controller'
[INFO] [1772961665.078758661] [TurtleBot3Burger]: Controller successfully disconnected from robot in Webots simulation.
[INFO] [1772961665.078847743] [controller_manager]: Shutdown request received....
[INFO] [1772961665.078884144] [controller_manager]: Shutting down all controllers in the controller manager.
[INFO] [1772961665.078912300] [controller_manager]: Deactivating controller 'joint_state_broadcaster'
[INFO] [1772961665.078960159] [controller_manager]: Shutting down controller 'joint_state_broadcaster'
[INFO] [1772961665.079020245] [controller_manager]: Deactivating controller 'diffdrive_controller'
[INFO] [1772961665.079056996] [controller_manager]: Shutting down controller 'diffdrive_controller'
[INFO] [1772961665.079088436] [resource_manager]: 'deactivate' hardware 'WebotsControl' 
[INFO] [1772961665.079097868] [resource_manager]: Successful 'deactivate' of hardware 'WebotsControl'
[INFO] [1772961665.079104017] [resource_manager]: 'shutdown' hardware 'WebotsControl' 
[INFO] [1772961665.079110165] [resource_manager]: Successful 'shutdown' of hardware 'WebotsControl'
[INFO] [1772961665.079115964] [controller_manager]: Shutting down the controller manager.
