[INFO] [1772961464.805291300] [rviz2]: Stereo is NOT SUPPORTED
[INFO] [1772961464.805364322] [rviz2]: OpenGl version: 4.5 (GLSL 4.5)
[INFO] [1772961464.867509148] [rviz2]: Stereo is NOT SUPPORTED
[INFO] [1772961529.745087133] [rviz]: Message Filter dropping message: frame 'LDS-01' at time 21.540 for reason 'the timestamp on the message is earlier than all the data in the transform cache'
[INFO] [1772961532.265761134] [rviz]: Message Filter dropping message: frame 'LDS-01' at time 25.400 for reason 'the timestamp on the message is earlier than all the data in the transform cache'
[INFO] [1772961534.825779216] [rviz]: Message Filter dropping message: frame 'LDS-01' at time 29.040 for reason 'the timestamp on the message is earlier than all the data in the transform cache'
[INFO] [1772961537.513045806] [rviz]: Message Filter dropping message: frame 'LDS-01' at time 32.500 for reason 'the timestamp on the message is earlier than all the data in the transform cache'
[INFO] [1772961540.105717673] [rviz]: Message Filter dropping message: frame 'LDS-01' at time 35.720 for reason 'the timestamp on the message is earlier than all the data in the transform cache'
[INFO] [1772961542.665589277] [rviz]: Message Filter dropping message: frame 'LDS-01' at time 38.720 for reason 'the timestamp on the message is earlier than all the data in the transform cache'
[INFO] [1772961545.225542170] [rviz]: Message Filter dropping message: frame 'LDS-01' at time 41.720 for reason 'the timestamp on the message is earlier than all the data in the transform cache'
[INFO] [1772961546.415562775] [rviz2]: Trying to create a map of size 81 x 126 using 1 swatches
[ERROR] [1772961546.441697547] [rviz2]: Vertex Program:rviz/glsl120/indexed_8bit_image.vert Fragment Program:rviz/glsl120/indexed_8bit_image.frag GLSL link result : 
active samplers with a different type refer to the same texture image unit
[INFO] [1772961547.816893098] [rviz]: Message Filter dropping message: frame 'LDS-01' at time 45.140 for reason 'the timestamp on the message is earlier than all the data in the transform cache'
[INFO] [1772961550.505612220] [rviz]: Message Filter dropping message: frame 'LDS-01' at time 48.580 for reason 'the timestamp on the message is earlier than all the data in the transform cache'
[INFO] [1772961553.096844900] [rviz]: Message Filter dropping message: frame 'LDS-01' at time 51.780 for reason 'the timestamp on the message is earlier than all the data in the transform cache'
[INFO] [1772961555.657218915] [rviz]: Message Filter dropping message: frame 'LDS-01' at time 55.000 for reason 'the timestamp on the message is earlier than all the data in the transform cache'
[INFO] [1772961558.377049821] [rviz]: Message Filter dropping message: frame 'LDS-01' at time 58.220 for reason 'the timestamp on the message is earlier than all the data in the transform cache'
[INFO] [1772961560.969300888] [rviz]: Message Filter dropping message: frame 'LDS-01' at time 61.440 for reason 'the timestamp on the message is earlier than all the data in the transform cache'
[INFO] [1772961563.529795907] [rviz]: Message Filter dropping message: frame 'LDS-01' at time 64.600 for reason 'the timestamp on the message is earlier than all the data in the transform cache'
[INFO] [1772961566.121437866] [rviz]: Message Filter dropping message: frame 'LDS-01' at time 67.800 for reason 'the timestamp on the message is earlier than all the data in the transform cache'
[INFO] [1772961568.841350797] [rviz]: Message Filter dropping message: frame 'LDS-01' at time 71.440 for reason 'the timestamp on the message is earlier than all the data in the transform cache'
[INFO] [1772961571.465708936] [rviz]: Message Filter dropping message: frame 'LDS-01' at time 74.880 for reason 'the timestamp on the message is earlier than all the data in the transform cache'
[INFO] [1772961574.249396756] [rviz]: Message Filter dropping message: frame 'LDS-01' at time 78.080 for reason 'the timestamp on the message is earlier than all the data in the transform cache'
[INFO] [1772961576.873161927] [rviz]: Message Filter dropping message: frame 'LDS-01' at time 81.520 for reason 'the timestamp on the message is earlier than all the data in the transform cache'
[INFO] [1772961581.420079939] [rviz2]: Trying to create a map of size 99 x 130 using 1 swatches
[INFO] [1772961586.412689799] [rviz2]: Trying to create a map of size 113 x 149 using 1 swatches
[INFO] [1772961587.422998922] [rviz]: Message Filter dropping message: frame 'LDS-01' at time 84.740 for reason 'the timestamp on the message is earlier than all the data in the transform cache'
[INFO] [1772961591.452532309] [rviz2]: Trying to create a map of size 126 x 151 using 1 swatches
