[1.866s] Invoking command in '/root/ros2_ws/src/coverage_metrics': PYTHONPATH=/root/ros2_ws/build/coverage_metrics/prefix_override:/usr/lib/python3/dist-packages/colcon_core/task/python/colcon_distutils_commands:/root/ros2_ws/install/coverage_metrics/lib/python3.10/site-packages:${PYTHONPATH} /usr/bin/python3 -W ignore:setup.py install is deprecated -W ignore:easy_install command is deprecated setup.py egg_info --egg-base ../../build/coverage_metrics build --build-base /root/ros2_ws/build/coverage_metrics/build install --record /root/ros2_ws/build/coverage_metrics/install.log --single-version-externally-managed install_data
[2.150s] running egg_info
[2.151s] writing ../../build/coverage_metrics/coverage_metrics.egg-info/PKG-INFO
[2.151s] writing dependency_links to ../../build/coverage_metrics/coverage_metrics.egg-info/dependency_links.txt
[2.151s] writing entry points to ../../build/coverage_metrics/coverage_metrics.egg-info/entry_points.txt
[2.151s] writing requirements to ../../build/coverage_metrics/coverage_metrics.egg-info/requires.txt
[2.151s] writing top-level names to ../../build/coverage_metrics/coverage_metrics.egg-info/top_level.txt
[2.153s] reading manifest file '../../build/coverage_metrics/coverage_metrics.egg-info/SOURCES.txt'
[2.154s] writing manifest file '../../build/coverage_metrics/coverage_metrics.egg-info/SOURCES.txt'
[2.154s] running build
[2.154s] running build_py
[2.154s] running install
[2.154s] running install_lib
[2.156s] running install_data
[2.156s] running install_egg_info
[2.162s] removing '/root/ros2_ws/install/coverage_metrics/lib/python3.10/site-packages/coverage_metrics-0.0.0-py3.10.egg-info' (and everything under it)
[2.162s] Copying ../../build/coverage_metrics/coverage_metrics.egg-info to /root/ros2_ws/install/coverage_metrics/lib/python3.10/site-packages/coverage_metrics-0.0.0-py3.10.egg-info
[2.162s] running install_scripts
[2.185s] Installing metrics_node script to /root/ros2_ws/install/coverage_metrics/lib/coverage_metrics
[2.186s] writing list of installed files to '/root/ros2_ws/build/coverage_metrics/install.log'
[2.265s] Invoked command in '/root/ros2_ws/src/coverage_metrics' returned '0': PYTHONPATH=/root/ros2_ws/build/coverage_metrics/prefix_override:/usr/lib/python3/dist-packages/colcon_core/task/python/colcon_distutils_commands:/root/ros2_ws/install/coverage_metrics/lib/python3.10/site-packages:${PYTHONPATH} /usr/bin/python3 -W ignore:setup.py install is deprecated -W ignore:easy_install command is deprecated setup.py egg_info --egg-base ../../build/coverage_metrics build --build-base /root/ros2_ws/build/coverage_metrics/build install --record /root/ros2_ws/build/coverage_metrics/install.log --single-version-externally-managed install_data
