[1.019s] Invoking command in '/root/ros2_ws/src/coverage_webots': PYTHONPATH=/root/ros2_ws/build/coverage_webots/prefix_override:/usr/lib/python3/dist-packages/colcon_core/task/python/colcon_distutils_commands:/root/ros2_ws/install/coverage_webots/lib/python3.10/site-packages:${PYTHONPATH} /usr/bin/python3 -W ignore:setup.py install is deprecated -W ignore:easy_install command is deprecated setup.py egg_info --egg-base ../../build/coverage_webots build --build-base /root/ros2_ws/build/coverage_webots/build install --record /root/ros2_ws/build/coverage_webots/install.log --single-version-externally-managed install_data
[1.392s] running egg_info
[1.393s] writing ../../build/coverage_webots/coverage_webots.egg-info/PKG-INFO
[1.393s] writing dependency_links to ../../build/coverage_webots/coverage_webots.egg-info/dependency_links.txt
[1.393s] writing entry points to ../../build/coverage_webots/coverage_webots.egg-info/entry_points.txt
[1.394s] writing requirements to ../../build/coverage_webots/coverage_webots.egg-info/requires.txt
[1.394s] writing top-level names to ../../build/coverage_webots/coverage_webots.egg-info/top_level.txt
[1.396s] reading manifest file '../../build/coverage_webots/coverage_webots.egg-info/SOURCES.txt'
[1.397s] writing manifest file '../../build/coverage_webots/coverage_webots.egg-info/SOURCES.txt'
[1.397s] running build
[1.398s] running build_py
[1.398s] copying coverage_webots/coverage_controller.py -> /root/ros2_ws/build/coverage_webots/build/lib/coverage_webots
[1.398s] running install
[1.398s] running install_lib
[1.400s] copying /root/ros2_ws/build/coverage_webots/build/lib/coverage_webots/coverage_controller.py -> /root/ros2_ws/install/coverage_webots/lib/python3.10/site-packages/coverage_webots
[1.401s] byte-compiling /root/ros2_ws/install/coverage_webots/lib/python3.10/site-packages/coverage_webots/coverage_controller.py to coverage_controller.cpython-310.pyc
[1.402s] running install_data
[1.402s] running install_egg_info
[1.405s] removing '/root/ros2_ws/install/coverage_webots/lib/python3.10/site-packages/coverage_webots-0.0.0-py3.10.egg-info' (and everything under it)
[1.405s] Copying ../../build/coverage_webots/coverage_webots.egg-info to /root/ros2_ws/install/coverage_webots/lib/python3.10/site-packages/coverage_webots-0.0.0-py3.10.egg-info
[1.407s] running install_scripts
[1.440s] Installing coverage_controller script to /root/ros2_ws/install/coverage_webots/lib/coverage_webots
[1.440s] writing list of installed files to '/root/ros2_ws/build/coverage_webots/install.log'
[1.476s] Invoked command in '/root/ros2_ws/src/coverage_webots' returned '0': PYTHONPATH=/root/ros2_ws/build/coverage_webots/prefix_override:/usr/lib/python3/dist-packages/colcon_core/task/python/colcon_distutils_commands:/root/ros2_ws/install/coverage_webots/lib/python3.10/site-packages:${PYTHONPATH} /usr/bin/python3 -W ignore:setup.py install is deprecated -W ignore:easy_install command is deprecated setup.py egg_info --egg-base ../../build/coverage_webots build --build-base /root/ros2_ws/build/coverage_webots/build install --record /root/ros2_ws/build/coverage_webots/install.log --single-version-externally-managed install_data
