[1.340s] Invoking command in '/root/ros2_ws/src/webots_ros2/webots_ros2_universal_robot': AMENT_PREFIX_PATH=/root/ros2_ws/install/webots_ros2_control:/root/ros2_ws/install/webots_ros2_driver:/root/ros2_ws/install/webots_ros2_msgs:/root/ros2_ws/install/webots_ros2_importer:${AMENT_PREFIX_PATH} CMAKE_PREFIX_PATH=/root/ros2_ws/install/webots_ros2_control:/root/ros2_ws/install/webots_ros2_driver:/root/ros2_ws/install/webots_ros2_msgs LD_LIBRARY_PATH=/root/ros2_ws/install/webots_ros2_control/lib:/root/ros2_ws/install/webots_ros2_driver/lib:/root/ros2_ws/install/webots_ros2_msgs/lib:${LD_LIBRARY_PATH} PYTHONPATH=/root/ros2_ws/build/webots_ros2_universal_robot/prefix_override:/usr/lib/python3/dist-packages/colcon_core/task/python/colcon_distutils_commands:/root/ros2_ws/install/webots_ros2_universal_robot/lib/python3.10/site-packages:/root/ros2_ws/install/webots_ros2_driver/local/lib/python3.10/dist-packages:/root/ros2_ws/install/webots_ros2_msgs/local/lib/python3.10/dist-packages:/root/ros2_ws/install/webots_ros2_importer/lib/python3.10/site-packages:${PYTHONPATH} /usr/bin/python3 -W ignore:setup.py install is deprecated -W ignore:easy_install command is deprecated setup.py egg_info --egg-base ../../../build/webots_ros2_universal_robot build --build-base /root/ros2_ws/build/webots_ros2_universal_robot/build install --record /root/ros2_ws/build/webots_ros2_universal_robot/install.log --single-version-externally-managed install_data
[1.534s] running egg_info
[1.535s] creating ../../../build/webots_ros2_universal_robot/webots_ros2_universal_robot.egg-info
[1.535s] writing ../../../build/webots_ros2_universal_robot/webots_ros2_universal_robot.egg-info/PKG-INFO
[1.535s] writing dependency_links to ../../../build/webots_ros2_universal_robot/webots_ros2_universal_robot.egg-info/dependency_links.txt
[1.535s] writing entry points to ../../../build/webots_ros2_universal_robot/webots_ros2_universal_robot.egg-info/entry_points.txt
[1.535s] writing requirements to ../../../build/webots_ros2_universal_robot/webots_ros2_universal_robot.egg-info/requires.txt
[1.535s] writing top-level names to ../../../build/webots_ros2_universal_robot/webots_ros2_universal_robot.egg-info/top_level.txt
[1.535s] writing manifest file '../../../build/webots_ros2_universal_robot/webots_ros2_universal_robot.egg-info/SOURCES.txt'
[1.537s] reading manifest file '../../../build/webots_ros2_universal_robot/webots_ros2_universal_robot.egg-info/SOURCES.txt'
[1.539s] writing manifest file '../../../build/webots_ros2_universal_robot/webots_ros2_universal_robot.egg-info/SOURCES.txt'
[1.539s] running build
[1.539s] running build_py
[1.539s] creating /root/ros2_ws/build/webots_ros2_universal_robot/build
[1.539s] creating /root/ros2_ws/build/webots_ros2_universal_robot/build/lib
[1.539s] creating /root/ros2_ws/build/webots_ros2_universal_robot/build/lib/webots_ros2_universal_robot
[1.540s] copying webots_ros2_universal_robot/follow_joint_trajectory_client.py -> /root/ros2_ws/build/webots_ros2_universal_robot/build/lib/webots_ros2_universal_robot
[1.540s] copying webots_ros2_universal_robot/ur5e_controller.py -> /root/ros2_ws/build/webots_ros2_universal_robot/build/lib/webots_ros2_universal_robot
[1.540s] copying webots_ros2_universal_robot/abb_controller.py -> /root/ros2_ws/build/webots_ros2_universal_robot/build/lib/webots_ros2_universal_robot
[1.540s] copying webots_ros2_universal_robot/__init__.py -> /root/ros2_ws/build/webots_ros2_universal_robot/build/lib/webots_ros2_universal_robot
[1.541s] running install
[1.541s] running install_lib
[1.541s] creating /root/ros2_ws/install/webots_ros2_universal_robot/lib/python3.10/site-packages/webots_ros2_universal_robot
[1.542s] copying /root/ros2_ws/build/webots_ros2_universal_robot/build/lib/webots_ros2_universal_robot/follow_joint_trajectory_client.py -> /root/ros2_ws/install/webots_ros2_universal_robot/lib/python3.10/site-packages/webots_ros2_universal_robot
[1.542s] copying /root/ros2_ws/build/webots_ros2_universal_robot/build/lib/webots_ros2_universal_robot/ur5e_controller.py -> /root/ros2_ws/install/webots_ros2_universal_robot/lib/python3.10/site-packages/webots_ros2_universal_robot
[1.542s] copying /root/ros2_ws/build/webots_ros2_universal_robot/build/lib/webots_ros2_universal_robot/abb_controller.py -> /root/ros2_ws/install/webots_ros2_universal_robot/lib/python3.10/site-packages/webots_ros2_universal_robot
[1.542s] copying /root/ros2_ws/build/webots_ros2_universal_robot/build/lib/webots_ros2_universal_robot/__init__.py -> /root/ros2_ws/install/webots_ros2_universal_robot/lib/python3.10/site-packages/webots_ros2_universal_robot
[1.542s] byte-compiling /root/ros2_ws/install/webots_ros2_universal_robot/lib/python3.10/site-packages/webots_ros2_universal_robot/follow_joint_trajectory_client.py to follow_joint_trajectory_client.cpython-310.pyc
[1.542s] byte-compiling /root/ros2_ws/install/webots_ros2_universal_robot/lib/python3.10/site-packages/webots_ros2_universal_robot/ur5e_controller.py to ur5e_controller.cpython-310.pyc
[1.542s] byte-compiling /root/ros2_ws/install/webots_ros2_universal_robot/lib/python3.10/site-packages/webots_ros2_universal_robot/abb_controller.py to abb_controller.cpython-310.pyc
[1.542s] byte-compiling /root/ros2_ws/install/webots_ros2_universal_robot/lib/python3.10/site-packages/webots_ros2_universal_robot/__init__.py to __init__.cpython-310.pyc
[1.542s] running install_data
[1.542s] creating /root/ros2_ws/install/webots_ros2_universal_robot/share/ament_index
[1.542s] creating /root/ros2_ws/install/webots_ros2_universal_robot/share/ament_index/resource_index
[1.542s] creating /root/ros2_ws/install/webots_ros2_universal_robot/share/ament_index/resource_index/packages
[1.543s] copying resource/webots_ros2_universal_robot -> /root/ros2_ws/install/webots_ros2_universal_robot/share/ament_index/resource_index/packages
[1.543s] creating /root/ros2_ws/install/webots_ros2_universal_robot/share/webots_ros2_universal_robot/launch
[1.543s] copying launch/robot_launch/robot_nodes_launch.py -> /root/ros2_ws/install/webots_ros2_universal_robot/share/webots_ros2_universal_robot/launch
[1.543s] copying launch/robot_launch/robot_world_launch.py -> /root/ros2_ws/install/webots_ros2_universal_robot/share/webots_ros2_universal_robot/launch
[1.543s] copying launch/robot_launch/robot_moveit_nodes_launch.py -> /root/ros2_ws/install/webots_ros2_universal_robot/share/webots_ros2_universal_robot/launch
[1.543s] copying launch/multirobot_launch.py -> /root/ros2_ws/install/webots_ros2_universal_robot/share/webots_ros2_universal_robot/launch
[1.543s] creating /root/ros2_ws/install/webots_ros2_universal_robot/share/webots_ros2_universal_robot/worlds
[1.543s] copying worlds/universal_robot.wbt -> /root/ros2_ws/install/webots_ros2_universal_robot/share/webots_ros2_universal_robot/worlds
[1.543s] copying worlds/.universal_robot.wbproj -> /root/ros2_ws/install/webots_ros2_universal_robot/share/webots_ros2_universal_robot/worlds
[1.543s] copying worlds/robotic_arms.wbt -> /root/ros2_ws/install/webots_ros2_universal_robot/share/webots_ros2_universal_robot/worlds
[1.543s] copying worlds/.robotic_arms.wbproj -> /root/ros2_ws/install/webots_ros2_universal_robot/share/webots_ros2_universal_robot/worlds
[1.543s] copying package.xml -> /root/ros2_ws/install/webots_ros2_universal_robot/share/webots_ros2_universal_robot
[1.543s] creating /root/ros2_ws/install/webots_ros2_universal_robot/share/webots_ros2_universal_robot/resource
[1.543s] copying resource/ros2_control_config.yaml -> /root/ros2_ws/install/webots_ros2_universal_robot/share/webots_ros2_universal_robot/resource
[1.543s] copying resource/ros2_control_abb_config.yaml -> /root/ros2_ws/install/webots_ros2_universal_robot/share/webots_ros2_universal_robot/resource
[1.543s] copying resource/moveit_visualization.rviz -> /root/ros2_ws/install/webots_ros2_universal_robot/share/webots_ros2_universal_robot/resource
[1.544s] copying resource/moveit_controllers.yaml -> /root/ros2_ws/install/webots_ros2_universal_robot/share/webots_ros2_universal_robot/resource
[1.544s] copying resource/moveit_ur5e.srdf -> /root/ros2_ws/install/webots_ros2_universal_robot/share/webots_ros2_universal_robot/resource
[1.544s] copying resource/moveit_kinematics.yaml -> /root/ros2_ws/install/webots_ros2_universal_robot/share/webots_ros2_universal_robot/resource
[1.544s] copying resource/ur5e_with_gripper.urdf -> /root/ros2_ws/install/webots_ros2_universal_robot/share/webots_ros2_universal_robot/resource
[1.544s] copying resource/ur5e_with_gripper.urdf.xacro -> /root/ros2_ws/install/webots_ros2_universal_robot/share/webots_ros2_universal_robot/resource
[1.544s] copying resource/webots_abb_description.urdf -> /root/ros2_ws/install/webots_ros2_universal_robot/share/webots_ros2_universal_robot/resource
[1.544s] copying resource/moveit_movegroup.yaml -> /root/ros2_ws/install/webots_ros2_universal_robot/share/webots_ros2_universal_robot/resource
[1.544s] creating /root/ros2_ws/install/webots_ros2_universal_robot/share/webots_ros2_universal_robot/resource/Universal_Robots_ROS2_Driver
[1.544s] creating /root/ros2_ws/install/webots_ros2_universal_robot/share/webots_ros2_universal_robot/resource/Universal_Robots_ROS2_Driver/ur_description
[1.544s] creating /root/ros2_ws/install/webots_ros2_universal_robot/share/webots_ros2_universal_robot/resource/Universal_Robots_ROS2_Driver/ur_description/urdf
[1.544s] copying resource/Universal_Robots_ROS2_Driver/ur_description/urdf/ur_macro.xacro -> /root/ros2_ws/install/webots_ros2_universal_robot/share/webots_ros2_universal_robot/resource/Universal_Robots_ROS2_Driver/ur_description/urdf
[1.544s] copying resource/Universal_Robots_ROS2_Driver/ur_description/urdf/ur.urdf.xacro -> /root/ros2_ws/install/webots_ros2_universal_robot/share/webots_ros2_universal_robot/resource/Universal_Robots_ROS2_Driver/ur_description/urdf
[1.544s] copying resource/Universal_Robots_ROS2_Driver/ur_description/urdf/ur.ros2_control.xacro -> /root/ros2_ws/install/webots_ros2_universal_robot/share/webots_ros2_universal_robot/resource/Universal_Robots_ROS2_Driver/ur_description/urdf
[1.544s] creating /root/ros2_ws/install/webots_ros2_universal_robot/share/webots_ros2_universal_robot/resource/Universal_Robots_ROS2_Driver/ur_description/urdf/inc
[1.544s] copying resource/Universal_Robots_ROS2_Driver/ur_description/urdf/inc/ur_common.xacro -> /root/ros2_ws/install/webots_ros2_universal_robot/share/webots_ros2_universal_robot/resource/Universal_Robots_ROS2_Driver/ur_description/urdf/inc
[1.545s] copying resource/Universal_Robots_ROS2_Driver/ur_description/urdf/inc/ur_transmissions.xacro -> /root/ros2_ws/install/webots_ros2_universal_robot/share/webots_ros2_universal_robot/resource/Universal_Robots_ROS2_Driver/ur_description/urdf/inc
[1.545s] creating /root/ros2_ws/install/webots_ros2_universal_robot/share/webots_ros2_universal_robot/resource/Universal_Robots_ROS2_Driver/ur_description/config
[1.545s] copying resource/Universal_Robots_ROS2_Driver/ur_description/config/initial_positions.yaml -> /root/ros2_ws/install/webots_ros2_universal_robot/share/webots_ros2_universal_robot/resource/Universal_Robots_ROS2_Driver/ur_description/config
[1.545s] creating /root/ros2_ws/install/webots_ros2_universal_robot/share/webots_ros2_universal_robot/resource/Universal_Robots_ROS2_Driver/ur_description/config/ur5e
[1.545s] copying resource/Universal_Robots_ROS2_Driver/ur_description/config/ur5e/visual_parameters.yaml -> /root/ros2_ws/install/webots_ros2_universal_robot/share/webots_ros2_universal_robot/resource/Universal_Robots_ROS2_Driver/ur_description/config/ur5e
[1.545s] copying resource/Universal_Robots_ROS2_Driver/ur_description/config/ur5e/default_kinematics.yaml -> /root/ros2_ws/install/webots_ros2_universal_robot/share/webots_ros2_universal_robot/resource/Universal_Robots_ROS2_Driver/ur_description/config/ur5e
[1.545s] copying resource/Universal_Robots_ROS2_Driver/ur_description/config/ur5e/joint_limits.yaml -> /root/ros2_ws/install/webots_ros2_universal_robot/share/webots_ros2_universal_robot/resource/Universal_Robots_ROS2_Driver/ur_description/config/ur5e
[1.545s] copying resource/Universal_Robots_ROS2_Driver/ur_description/config/ur5e/physical_parameters.yaml -> /root/ros2_ws/install/webots_ros2_universal_robot/share/webots_ros2_universal_robot/resource/Universal_Robots_ROS2_Driver/ur_description/config/ur5e
[1.545s] creating /root/ros2_ws/install/webots_ros2_universal_robot/share/webots_ros2_universal_robot/resource/Universal_Robots_ROS2_Driver/ur_description/meshes
[1.545s] creating /root/ros2_ws/install/webots_ros2_universal_robot/share/webots_ros2_universal_robot/resource/Universal_Robots_ROS2_Driver/ur_description/meshes/ur5e
[1.545s] creating /root/ros2_ws/install/webots_ros2_universal_robot/share/webots_ros2_universal_robot/resource/Universal_Robots_ROS2_Driver/ur_description/meshes/ur5e/collision
[1.545s] copying resource/Universal_Robots_ROS2_Driver/ur_description/meshes/ur5e/collision/base.stl -> /root/ros2_ws/install/webots_ros2_universal_robot/share/webots_ros2_universal_robot/resource/Universal_Robots_ROS2_Driver/ur_description/meshes/ur5e/collision
[1.545s] copying resource/Universal_Robots_ROS2_Driver/ur_description/meshes/ur5e/collision/upperarm.stl -> /root/ros2_ws/install/webots_ros2_universal_robot/share/webots_ros2_universal_robot/resource/Universal_Robots_ROS2_Driver/ur_description/meshes/ur5e/collision
[1.545s] copying resource/Universal_Robots_ROS2_Driver/ur_description/meshes/ur5e/collision/wrist2.stl -> /root/ros2_ws/install/webots_ros2_universal_robot/share/webots_ros2_universal_robot/resource/Universal_Robots_ROS2_Driver/ur_description/meshes/ur5e/collision
[1.545s] copying resource/Universal_Robots_ROS2_Driver/ur_description/meshes/ur5e/collision/wrist1.stl -> /root/ros2_ws/install/webots_ros2_universal_robot/share/webots_ros2_universal_robot/resource/Universal_Robots_ROS2_Driver/ur_description/meshes/ur5e/collision
[1.545s] copying resource/Universal_Robots_ROS2_Driver/ur_description/meshes/ur5e/collision/shoulder.stl -> /root/ros2_ws/install/webots_ros2_universal_robot/share/webots_ros2_universal_robot/resource/Universal_Robots_ROS2_Driver/ur_description/meshes/ur5e/collision
[1.545s] copying resource/Universal_Robots_ROS2_Driver/ur_description/meshes/ur5e/collision/forearm.stl -> /root/ros2_ws/install/webots_ros2_universal_robot/share/webots_ros2_universal_robot/resource/Universal_Robots_ROS2_Driver/ur_description/meshes/ur5e/collision
[1.545s] copying resource/Universal_Robots_ROS2_Driver/ur_description/meshes/ur5e/collision/wrist3.stl -> /root/ros2_ws/install/webots_ros2_universal_robot/share/webots_ros2_universal_robot/resource/Universal_Robots_ROS2_Driver/ur_description/meshes/ur5e/collision
[1.545s] creating /root/ros2_ws/install/webots_ros2_universal_robot/share/webots_ros2_universal_robot/resource/Universal_Robots_ROS2_Driver/ur_description/meshes/ur5e/visual
[1.545s] copying resource/Universal_Robots_ROS2_Driver/ur_description/meshes/ur5e/visual/forearm.dae -> /root/ros2_ws/install/webots_ros2_universal_robot/share/webots_ros2_universal_robot/resource/Universal_Robots_ROS2_Driver/ur_description/meshes/ur5e/visual
[1.545s] copying resource/Universal_Robots_ROS2_Driver/ur_description/meshes/ur5e/visual/upperarm.dae -> /root/ros2_ws/install/webots_ros2_universal_robot/share/webots_ros2_universal_robot/resource/Universal_Robots_ROS2_Driver/ur_description/meshes/ur5e/visual
[1.549s] copying resource/Universal_Robots_ROS2_Driver/ur_description/meshes/ur5e/visual/base.dae -> /root/ros2_ws/install/webots_ros2_universal_robot/share/webots_ros2_universal_robot/resource/Universal_Robots_ROS2_Driver/ur_description/meshes/ur5e/visual
[1.549s] copying resource/Universal_Robots_ROS2_Driver/ur_description/meshes/ur5e/visual/wrist2.dae -> /root/ros2_ws/install/webots_ros2_universal_robot/share/webots_ros2_universal_robot/resource/Universal_Robots_ROS2_Driver/ur_description/meshes/ur5e/visual
[1.551s] copying resource/Universal_Robots_ROS2_Driver/ur_description/meshes/ur5e/visual/wrist3.dae -> /root/ros2_ws/install/webots_ros2_universal_robot/share/webots_ros2_universal_robot/resource/Universal_Robots_ROS2_Driver/ur_description/meshes/ur5e/visual
[1.551s] copying resource/Universal_Robots_ROS2_Driver/ur_description/meshes/ur5e/visual/wrist1.dae -> /root/ros2_ws/install/webots_ros2_universal_robot/share/webots_ros2_universal_robot/resource/Universal_Robots_ROS2_Driver/ur_description/meshes/ur5e/visual
[1.552s] copying resource/Universal_Robots_ROS2_Driver/ur_description/meshes/ur5e/visual/shoulder.dae -> /root/ros2_ws/install/webots_ros2_universal_robot/share/webots_ros2_universal_robot/resource/Universal_Robots_ROS2_Driver/ur_description/meshes/ur5e/visual
[1.554s] creating /root/ros2_ws/install/webots_ros2_universal_robot/share/webots_ros2_universal_robot/resource/robotiq
[1.554s] creating /root/ros2_ws/install/webots_ros2_universal_robot/share/webots_ros2_universal_robot/resource/robotiq/robotiq_3f_gripper_visualization
[1.554s] creating /root/ros2_ws/install/webots_ros2_universal_robot/share/webots_ros2_universal_robot/resource/robotiq/robotiq_3f_gripper_visualization/cfg
[1.555s] copying resource/robotiq/robotiq_3f_gripper_visualization/cfg/robotiq-3f-gripper_articulated_macro.xacro -> /root/ros2_ws/install/webots_ros2_universal_robot/share/webots_ros2_universal_robot/resource/robotiq/robotiq_3f_gripper_visualization/cfg
[1.555s] copying resource/robotiq/robotiq_3f_gripper_visualization/cfg/robotiq-3f-gripper_finger_articulated_macro.xacro -> /root/ros2_ws/install/webots_ros2_universal_robot/share/webots_ros2_universal_robot/resource/robotiq/robotiq_3f_gripper_visualization/cfg
[1.555s] creating /root/ros2_ws/install/webots_ros2_universal_robot/share/webots_ros2_universal_robot/resource/robotiq/robotiq_3f_gripper_visualization/meshes
[1.555s] creating /root/ros2_ws/install/webots_ros2_universal_robot/share/webots_ros2_universal_robot/resource/robotiq/robotiq_3f_gripper_visualization/meshes/robotiq-3f-gripper_articulated
[1.555s] creating /root/ros2_ws/install/webots_ros2_universal_robot/share/webots_ros2_universal_robot/resource/robotiq/robotiq_3f_gripper_visualization/meshes/robotiq-3f-gripper_articulated/collision
[1.555s] copying resource/robotiq/robotiq_3f_gripper_visualization/meshes/robotiq-3f-gripper_articulated/collision/link_1.STL -> /root/ros2_ws/install/webots_ros2_universal_robot/share/webots_ros2_universal_robot/resource/robotiq/robotiq_3f_gripper_visualization/meshes/robotiq-3f-gripper_articulated/collision
[1.555s] copying resource/robotiq/robotiq_3f_gripper_visualization/meshes/robotiq-3f-gripper_articulated/collision/link_0.STL -> /root/ros2_ws/install/webots_ros2_universal_robot/share/webots_ros2_universal_robot/resource/robotiq/robotiq_3f_gripper_visualization/meshes/robotiq-3f-gripper_articulated/collision
[1.555s] copying resource/robotiq/robotiq_3f_gripper_visualization/meshes/robotiq-3f-gripper_articulated/collision/palm.STL -> /root/ros2_ws/install/webots_ros2_universal_robot/share/webots_ros2_universal_robot/resource/robotiq/robotiq_3f_gripper_visualization/meshes/robotiq-3f-gripper_articulated/collision
[1.555s] copying resource/robotiq/robotiq_3f_gripper_visualization/meshes/robotiq-3f-gripper_articulated/collision/link_3.STL -> /root/ros2_ws/install/webots_ros2_universal_robot/share/webots_ros2_universal_robot/resource/robotiq/robotiq_3f_gripper_visualization/meshes/robotiq-3f-gripper_articulated/collision
[1.555s] copying resource/robotiq/robotiq_3f_gripper_visualization/meshes/robotiq-3f-gripper_articulated/collision/link_2.STL -> /root/ros2_ws/install/webots_ros2_universal_robot/share/webots_ros2_universal_robot/resource/robotiq/robotiq_3f_gripper_visualization/meshes/robotiq-3f-gripper_articulated/collision
[1.555s] creating /root/ros2_ws/install/webots_ros2_universal_robot/share/webots_ros2_universal_robot/resource/robotiq/robotiq_3f_gripper_visualization/meshes/robotiq-3f-gripper_articulated/visual
[1.556s] copying resource/robotiq/robotiq_3f_gripper_visualization/meshes/robotiq-3f-gripper_articulated/visual/link_1.dae -> /root/ros2_ws/install/webots_ros2_universal_robot/share/webots_ros2_universal_robot/resource/robotiq/robotiq_3f_gripper_visualization/meshes/robotiq-3f-gripper_articulated/visual
[1.556s] copying resource/robotiq/robotiq_3f_gripper_visualization/meshes/robotiq-3f-gripper_articulated/visual/link_3.dae -> /root/ros2_ws/install/webots_ros2_universal_robot/share/webots_ros2_universal_robot/resource/robotiq/robotiq_3f_gripper_visualization/meshes/robotiq-3f-gripper_articulated/visual
[1.556s] copying resource/robotiq/robotiq_3f_gripper_visualization/meshes/robotiq-3f-gripper_articulated/visual/link_0.dae -> /root/ros2_ws/install/webots_ros2_universal_robot/share/webots_ros2_universal_robot/resource/robotiq/robotiq_3f_gripper_visualization/meshes/robotiq-3f-gripper_articulated/visual
[1.556s] copying resource/robotiq/robotiq_3f_gripper_visualization/meshes/robotiq-3f-gripper_articulated/visual/link_2.dae -> /root/ros2_ws/install/webots_ros2_universal_robot/share/webots_ros2_universal_robot/resource/robotiq/robotiq_3f_gripper_visualization/meshes/robotiq-3f-gripper_articulated/visual
[1.556s] copying resource/robotiq/robotiq_3f_gripper_visualization/meshes/robotiq-3f-gripper_articulated/visual/palm.dae -> /root/ros2_ws/install/webots_ros2_universal_robot/share/webots_ros2_universal_robot/resource/robotiq/robotiq_3f_gripper_visualization/meshes/robotiq-3f-gripper_articulated/visual
[1.557s] running install_egg_info
[1.560s] Copying ../../../build/webots_ros2_universal_robot/webots_ros2_universal_robot.egg-info to /root/ros2_ws/install/webots_ros2_universal_robot/lib/python3.10/site-packages/webots_ros2_universal_robot-2025.0.1-py3.10.egg-info
[1.560s] running install_scripts
[1.581s] Installing abb_controller script to /root/ros2_ws/install/webots_ros2_universal_robot/lib/webots_ros2_universal_robot
[1.582s] Installing ur5e_controller script to /root/ros2_ws/install/webots_ros2_universal_robot/lib/webots_ros2_universal_robot
[1.582s] writing list of installed files to '/root/ros2_ws/build/webots_ros2_universal_robot/install.log'
[1.625s] Invoked command in '/root/ros2_ws/src/webots_ros2/webots_ros2_universal_robot' returned '0': AMENT_PREFIX_PATH=/root/ros2_ws/install/webots_ros2_control:/root/ros2_ws/install/webots_ros2_driver:/root/ros2_ws/install/webots_ros2_msgs:/root/ros2_ws/install/webots_ros2_importer:${AMENT_PREFIX_PATH} CMAKE_PREFIX_PATH=/root/ros2_ws/install/webots_ros2_control:/root/ros2_ws/install/webots_ros2_driver:/root/ros2_ws/install/webots_ros2_msgs LD_LIBRARY_PATH=/root/ros2_ws/install/webots_ros2_control/lib:/root/ros2_ws/install/webots_ros2_driver/lib:/root/ros2_ws/install/webots_ros2_msgs/lib:${LD_LIBRARY_PATH} PYTHONPATH=/root/ros2_ws/build/webots_ros2_universal_robot/prefix_override:/usr/lib/python3/dist-packages/colcon_core/task/python/colcon_distutils_commands:/root/ros2_ws/install/webots_ros2_universal_robot/lib/python3.10/site-packages:/root/ros2_ws/install/webots_ros2_driver/local/lib/python3.10/dist-packages:/root/ros2_ws/install/webots_ros2_msgs/local/lib/python3.10/dist-packages:/root/ros2_ws/install/webots_ros2_importer/lib/python3.10/site-packages:${PYTHONPATH} /usr/bin/python3 -W ignore:setup.py install is deprecated -W ignore:easy_install command is deprecated setup.py egg_info --egg-base ../../../build/webots_ros2_universal_robot build --build-base /root/ros2_ws/build/webots_ros2_universal_robot/build install --record /root/ros2_ws/build/webots_ros2_universal_robot/install.log --single-version-externally-managed install_data
