[1.372s] Invoking command in '/root/ros2_ws/src/coverage_planner': PYTHONPATH=/root/ros2_ws/build/coverage_planner/prefix_override:/usr/lib/python3/dist-packages/colcon_core/task/python/colcon_distutils_commands:/root/ros2_ws/install/coverage_planner/lib/python3.10/site-packages:${PYTHONPATH} /usr/bin/python3 -W ignore:setup.py install is deprecated -W ignore:easy_install command is deprecated setup.py egg_info --egg-base ../../build/coverage_planner build --build-base /root/ros2_ws/build/coverage_planner/build install --record /root/ros2_ws/build/coverage_planner/install.log --single-version-externally-managed install_data
[1.568s] running egg_info
[1.568s] writing ../../build/coverage_planner/coverage_planner.egg-info/PKG-INFO
[1.569s] writing dependency_links to ../../build/coverage_planner/coverage_planner.egg-info/dependency_links.txt
[1.569s] writing entry points to ../../build/coverage_planner/coverage_planner.egg-info/entry_points.txt
[1.569s] writing requirements to ../../build/coverage_planner/coverage_planner.egg-info/requires.txt
[1.569s] writing top-level names to ../../build/coverage_planner/coverage_planner.egg-info/top_level.txt
[1.570s] reading manifest file '../../build/coverage_planner/coverage_planner.egg-info/SOURCES.txt'
[1.572s] writing manifest file '../../build/coverage_planner/coverage_planner.egg-info/SOURCES.txt'
[1.572s] running build
[1.572s] running build_py
[1.572s] running install
[1.572s] running install_lib
[1.573s] running install_data
[1.573s] running install_egg_info
[1.574s] removing '/root/ros2_ws/install/coverage_planner/lib/python3.10/site-packages/coverage_planner-0.0.0-py3.10.egg-info' (and everything under it)
[1.575s] Copying ../../build/coverage_planner/coverage_planner.egg-info to /root/ros2_ws/install/coverage_planner/lib/python3.10/site-packages/coverage_planner-0.0.0-py3.10.egg-info
[1.575s] running install_scripts
[1.594s] Installing frontier_node script to /root/ros2_ws/install/coverage_planner/lib/coverage_planner
[1.594s] writing list of installed files to '/root/ros2_ws/build/coverage_planner/install.log'
[1.643s] Invoked command in '/root/ros2_ws/src/coverage_planner' returned '0': PYTHONPATH=/root/ros2_ws/build/coverage_planner/prefix_override:/usr/lib/python3/dist-packages/colcon_core/task/python/colcon_distutils_commands:/root/ros2_ws/install/coverage_planner/lib/python3.10/site-packages:${PYTHONPATH} /usr/bin/python3 -W ignore:setup.py install is deprecated -W ignore:easy_install command is deprecated setup.py egg_info --egg-base ../../build/coverage_planner build --build-base /root/ros2_ws/build/coverage_planner/build install --record /root/ros2_ws/build/coverage_planner/install.log --single-version-externally-managed install_data
