1772893360.4910114 [INFO] [launch]: All log files can be found below /root/.ros/log/2026-03-07-19-52-40-490215-nixos-7736
1772893360.4911213 [INFO] [launch]: Default logging verbosity is set to INFO
1772893360.5407166 [INFO] [webots-1]: process started with pid [7737]
1772893360.5410628 [INFO] [ros2_supervisor.py-2]: process started with pid [7739]
1772893360.5411665 [INFO] [robot_state_publisher-3]: process started with pid [7741]
1772893360.5412617 [INFO] [static_transform_publisher-4]: process started with pid [7743]
1772893360.5413632 [INFO] [webots_controller_TurtleBot3Burger-5]: process started with pid [7746]
1772893368.2041068 [INFO] [spawner-6]: process started with pid [7857]
1772893368.2042565 [INFO] [spawner-7]: process started with pid [7859]
1772893368.8550351 [INFO] [spawner-7]: process has finished cleanly [pid 7859]
1772893368.9728518 [INFO] [spawner-6]: process has finished cleanly [pid 7857]
1772893676.8110015 [WARNING] [launch]: user interrupted with ctrl-c (SIGINT)
1772893676.8194344 [ERROR] [ros2_supervisor.py-2]: process has died [pid 7739, exit code -2, cmd '/root/ros2_ws/install/webots_ros2_driver/lib/webots_ros2_driver/ros2_supervisor.py --ros-args -r __ns:=/Ros2Supervisor -r /Ros2Supervisor/clock:=/clock'].
1772893677.1522272 [INFO] [webots-1]: process has finished cleanly [pid 7737]
1772893678.9300318 [INFO] [static_transform_publisher-4]: process has finished cleanly [pid 7743]
1772893679.2790005 [WARNING] [launch]: user interrupted with ctrl-c (SIGINT) again, ignoring...
1772893679.5126674 [WARNING] [launch]: user interrupted with ctrl-c (SIGINT) again, ignoring...
1772893679.7527857 [WARNING] [launch]: user interrupted with ctrl-c (SIGINT) again, ignoring...
1772893679.9283941 [INFO] [robot_state_publisher-3]: process has finished cleanly [pid 7741]
1772893679.9341176 [INFO] [webots_controller_TurtleBot3Burger-5]: process has finished cleanly [pid 7746]
