[0.080s] DEBUG:colcon:Command line arguments: ['/usr/bin/colcon', 'build']
[0.080s] DEBUG:colcon:Parsed command line arguments: Namespace(log_base=None, log_level=None, verb_name='build', build_base='build', install_base='install', merge_install=False, symlink_install=False, test_result_base=None, continue_on_error=False, executor='parallel', parallel_workers=16, event_handlers=None, ignore_user_meta=False, metas=['./colcon.meta'], base_paths=['.'], packages_ignore=None, packages_ignore_regex=None, paths=None, packages_up_to=None, packages_up_to_regex=None, packages_above=None, packages_above_and_dependencies=None, packages_above_depth=None, packages_select_by_dep=None, packages_skip_by_dep=None, packages_skip_up_to=None, packages_select_build_failed=False, packages_skip_build_finished=False, packages_select_test_failures=False, packages_skip_test_passed=False, packages_select=None, packages_skip=None, packages_select_regex=None, packages_skip_regex=None, packages_start=None, packages_end=None, allow_overriding=[], cmake_args=None, cmake_target=None, cmake_target_skip_unavailable=False, cmake_clean_cache=False, cmake_clean_first=False, cmake_force_configure=False, ament_cmake_args=None, catkin_cmake_args=None, catkin_skip_building_tests=False, verb_parser=<colcon_defaults.argument_parser.defaults.DefaultArgumentsDecorator object at 0x7f6412675a20>, verb_extension=<colcon_core.verb.build.BuildVerb object at 0x7f6412675540>, main=<bound method BuildVerb.main of <colcon_core.verb.build.BuildVerb object at 0x7f6412675540>>)
[0.204s] Level 1:colcon.colcon_core.package_discovery:discover_packages(colcon_meta) check parameters
[0.204s] Level 1:colcon.colcon_core.package_discovery:discover_packages(recursive) check parameters
[0.204s] Level 1:colcon.colcon_core.package_discovery:discover_packages(ignore) check parameters
[0.204s] Level 1:colcon.colcon_core.package_discovery:discover_packages(path) check parameters
[0.204s] Level 1:colcon.colcon_core.package_discovery:discover_packages(colcon_meta) discover
[0.204s] Level 1:colcon.colcon_core.package_discovery:discover_packages(recursive) discover
[0.204s] INFO:colcon.colcon_core.package_discovery:Crawling recursively for packages in '/root/ros2_ws'
[0.205s] Level 1:colcon.colcon_core.package_identification:_identify(.) by extensions ['ignore', 'ignore_ament_install']
[0.205s] Level 1:colcon.colcon_core.package_identification:_identify(.) by extension 'ignore'
[0.205s] Level 1:colcon.colcon_core.package_identification:_identify(.) by extension 'ignore_ament_install'
[0.205s] Level 1:colcon.colcon_core.package_identification:_identify(.) by extensions ['colcon_pkg']
[0.205s] Level 1:colcon.colcon_core.package_identification:_identify(.) by extension 'colcon_pkg'
[0.205s] Level 1:colcon.colcon_core.package_identification:_identify(.) by extensions ['colcon_meta']
[0.205s] Level 1:colcon.colcon_core.package_identification:_identify(.) by extension 'colcon_meta'
[0.205s] Level 1:colcon.colcon_core.package_identification:_identify(.) by extensions ['ros']
[0.205s] Level 1:colcon.colcon_core.package_identification:_identify(.) by extension 'ros'
[0.213s] Level 1:colcon.colcon_core.package_identification:_identify(.) by extensions ['cmake', 'python']
[0.213s] Level 1:colcon.colcon_core.package_identification:_identify(.) by extension 'cmake'
[0.213s] Level 1:colcon.colcon_core.package_identification:_identify(.) by extension 'python'
[0.213s] Level 1:colcon.colcon_core.package_identification:_identify(.) by extensions ['python_setup_py']
[0.213s] Level 1:colcon.colcon_core.package_identification:_identify(.) by extension 'python_setup_py'
[0.213s] Level 1:colcon.colcon_core.package_identification:_identify(build) by extensions ['ignore', 'ignore_ament_install']
[0.213s] Level 1:colcon.colcon_core.package_identification:_identify(build) by extension 'ignore'
[0.213s] Level 1:colcon.colcon_core.package_identification:_identify(build) ignored
[0.213s] Level 1:colcon.colcon_core.package_identification:_identify(install) by extensions ['ignore', 'ignore_ament_install']
[0.213s] Level 1:colcon.colcon_core.package_identification:_identify(install) by extension 'ignore'
[0.213s] Level 1:colcon.colcon_core.package_identification:_identify(install) ignored
[0.213s] Level 1:colcon.colcon_core.package_identification:_identify(log) by extensions ['ignore', 'ignore_ament_install']
[0.213s] Level 1:colcon.colcon_core.package_identification:_identify(log) by extension 'ignore'
[0.214s] Level 1:colcon.colcon_core.package_identification:_identify(log) ignored
[0.214s] Level 1:colcon.colcon_core.package_identification:_identify(src) by extensions ['ignore', 'ignore_ament_install']
[0.214s] Level 1:colcon.colcon_core.package_identification:_identify(src) by extension 'ignore'
[0.214s] Level 1:colcon.colcon_core.package_identification:_identify(src) by extension 'ignore_ament_install'
[0.214s] Level 1:colcon.colcon_core.package_identification:_identify(src) by extensions ['colcon_pkg']
[0.214s] Level 1:colcon.colcon_core.package_identification:_identify(src) by extension 'colcon_pkg'
[0.214s] Level 1:colcon.colcon_core.package_identification:_identify(src) by extensions ['colcon_meta']
[0.214s] Level 1:colcon.colcon_core.package_identification:_identify(src) by extension 'colcon_meta'
[0.214s] Level 1:colcon.colcon_core.package_identification:_identify(src) by extensions ['ros']
[0.214s] Level 1:colcon.colcon_core.package_identification:_identify(src) by extension 'ros'
[0.214s] Level 1:colcon.colcon_core.package_identification:_identify(src) by extensions ['cmake', 'python']
[0.214s] Level 1:colcon.colcon_core.package_identification:_identify(src) by extension 'cmake'
[0.214s] Level 1:colcon.colcon_core.package_identification:_identify(src) by extension 'python'
[0.214s] Level 1:colcon.colcon_core.package_identification:_identify(src) by extensions ['python_setup_py']
[0.214s] Level 1:colcon.colcon_core.package_identification:_identify(src) by extension 'python_setup_py'
[0.214s] Level 1:colcon.colcon_core.package_identification:_identify(src/coverage_metrics) by extensions ['ignore', 'ignore_ament_install']
[0.214s] Level 1:colcon.colcon_core.package_identification:_identify(src/coverage_metrics) by extension 'ignore'
[0.214s] Level 1:colcon.colcon_core.package_identification:_identify(src/coverage_metrics) by extension 'ignore_ament_install'
[0.214s] Level 1:colcon.colcon_core.package_identification:_identify(src/coverage_metrics) by extensions ['colcon_pkg']
[0.214s] Level 1:colcon.colcon_core.package_identification:_identify(src/coverage_metrics) by extension 'colcon_pkg'
[0.214s] Level 1:colcon.colcon_core.package_identification:_identify(src/coverage_metrics) by extensions ['colcon_meta']
[0.214s] Level 1:colcon.colcon_core.package_identification:_identify(src/coverage_metrics) by extension 'colcon_meta'
[0.214s] Level 1:colcon.colcon_core.package_identification:_identify(src/coverage_metrics) by extensions ['ros']
[0.214s] Level 1:colcon.colcon_core.package_identification:_identify(src/coverage_metrics) by extension 'ros'
[0.216s] DEBUG:colcon.colcon_core.package_identification:Package 'src/coverage_metrics' with type 'ros.ament_python' and name 'coverage_metrics'
[0.216s] Level 1:colcon.colcon_core.package_identification:_identify(src/coverage_planner) by extensions ['ignore', 'ignore_ament_install']
[0.216s] Level 1:colcon.colcon_core.package_identification:_identify(src/coverage_planner) by extension 'ignore'
[0.216s] Level 1:colcon.colcon_core.package_identification:_identify(src/coverage_planner) by extension 'ignore_ament_install'
[0.216s] Level 1:colcon.colcon_core.package_identification:_identify(src/coverage_planner) by extensions ['colcon_pkg']
[0.216s] Level 1:colcon.colcon_core.package_identification:_identify(src/coverage_planner) by extension 'colcon_pkg'
[0.216s] Level 1:colcon.colcon_core.package_identification:_identify(src/coverage_planner) by extensions ['colcon_meta']
[0.216s] Level 1:colcon.colcon_core.package_identification:_identify(src/coverage_planner) by extension 'colcon_meta'
[0.217s] Level 1:colcon.colcon_core.package_identification:_identify(src/coverage_planner) by extensions ['ros']
[0.217s] Level 1:colcon.colcon_core.package_identification:_identify(src/coverage_planner) by extension 'ros'
[0.217s] DEBUG:colcon.colcon_core.package_identification:Package 'src/coverage_planner' with type 'ros.ament_python' and name 'coverage_planner'
[0.217s] Level 1:colcon.colcon_core.package_identification:_identify(src/coverage_tracker) by extensions ['ignore', 'ignore_ament_install']
[0.217s] Level 1:colcon.colcon_core.package_identification:_identify(src/coverage_tracker) by extension 'ignore'
[0.217s] Level 1:colcon.colcon_core.package_identification:_identify(src/coverage_tracker) by extension 'ignore_ament_install'
[0.217s] Level 1:colcon.colcon_core.package_identification:_identify(src/coverage_tracker) by extensions ['colcon_pkg']
[0.217s] Level 1:colcon.colcon_core.package_identification:_identify(src/coverage_tracker) by extension 'colcon_pkg'
[0.217s] Level 1:colcon.colcon_core.package_identification:_identify(src/coverage_tracker) by extensions ['colcon_meta']
[0.217s] Level 1:colcon.colcon_core.package_identification:_identify(src/coverage_tracker) by extension 'colcon_meta'
[0.217s] Level 1:colcon.colcon_core.package_identification:_identify(src/coverage_tracker) by extensions ['ros']
[0.217s] Level 1:colcon.colcon_core.package_identification:_identify(src/coverage_tracker) by extension 'ros'
[0.218s] DEBUG:colcon.colcon_core.package_identification:Package 'src/coverage_tracker' with type 'ros.ament_python' and name 'coverage_tracker'
[0.219s] Level 1:colcon.colcon_core.package_identification:_identify(src/coverage_webots) by extensions ['ignore', 'ignore_ament_install']
[0.219s] Level 1:colcon.colcon_core.package_identification:_identify(src/coverage_webots) by extension 'ignore'
[0.219s] Level 1:colcon.colcon_core.package_identification:_identify(src/coverage_webots) by extension 'ignore_ament_install'
[0.219s] Level 1:colcon.colcon_core.package_identification:_identify(src/coverage_webots) by extensions ['colcon_pkg']
[0.219s] Level 1:colcon.colcon_core.package_identification:_identify(src/coverage_webots) by extension 'colcon_pkg'
[0.219s] Level 1:colcon.colcon_core.package_identification:_identify(src/coverage_webots) by extensions ['colcon_meta']
[0.219s] Level 1:colcon.colcon_core.package_identification:_identify(src/coverage_webots) by extension 'colcon_meta'
[0.219s] Level 1:colcon.colcon_core.package_identification:_identify(src/coverage_webots) by extensions ['ros']
[0.219s] Level 1:colcon.colcon_core.package_identification:_identify(src/coverage_webots) by extension 'ros'
[0.219s] DEBUG:colcon.colcon_core.package_identification:Package 'src/coverage_webots' with type 'ros.ament_python' and name 'coverage_webots'
[0.220s] Level 1:colcon.colcon_core.package_identification:_identify(src/zigzag_planner) by extensions ['ignore', 'ignore_ament_install']
[0.220s] Level 1:colcon.colcon_core.package_identification:_identify(src/zigzag_planner) by extension 'ignore'
[0.220s] Level 1:colcon.colcon_core.package_identification:_identify(src/zigzag_planner) by extension 'ignore_ament_install'
[0.220s] Level 1:colcon.colcon_core.package_identification:_identify(src/zigzag_planner) by extensions ['colcon_pkg']
[0.220s] Level 1:colcon.colcon_core.package_identification:_identify(src/zigzag_planner) by extension 'colcon_pkg'
[0.220s] Level 1:colcon.colcon_core.package_identification:_identify(src/zigzag_planner) by extensions ['colcon_meta']
[0.220s] Level 1:colcon.colcon_core.package_identification:_identify(src/zigzag_planner) by extension 'colcon_meta'
[0.220s] Level 1:colcon.colcon_core.package_identification:_identify(src/zigzag_planner) by extensions ['ros']
[0.220s] Level 1:colcon.colcon_core.package_identification:_identify(src/zigzag_planner) by extension 'ros'
[0.220s] DEBUG:colcon.colcon_core.package_identification:Package 'src/zigzag_planner' with type 'ros.ament_python' and name 'zigzag_planner'
[0.220s] Level 1:colcon.colcon_core.package_discovery:discover_packages(recursive) using defaults
[0.220s] Level 1:colcon.colcon_core.package_discovery:discover_packages(ignore) discover
[0.220s] Level 1:colcon.colcon_core.package_discovery:discover_packages(ignore) using defaults
[0.220s] Level 1:colcon.colcon_core.package_discovery:discover_packages(path) discover
[0.220s] Level 1:colcon.colcon_core.package_discovery:discover_packages(path) using defaults
[0.237s] Level 1:colcon.colcon_core.package_discovery:discover_packages(prefix_path) check parameters
[0.237s] Level 1:colcon.colcon_core.package_discovery:discover_packages(prefix_path) discover
[0.239s] DEBUG:colcon.colcon_installed_package_information.package_discovery:Found 19 installed packages in /root/ros2_ws/install
[0.241s] DEBUG:colcon.colcon_installed_package_information.package_discovery:Found 301 installed packages in /opt/ros/humble
[0.250s] Level 1:colcon.colcon_core.package_discovery:discover_packages(prefix_path) using defaults
[0.282s] Level 5:colcon.colcon_core.verb:set package 'coverage_metrics' build argument 'cmake_args' from command line to 'None'
[0.282s] Level 5:colcon.colcon_core.verb:set package 'coverage_metrics' build argument 'cmake_target' from command line to 'None'
[0.282s] Level 5:colcon.colcon_core.verb:set package 'coverage_metrics' build argument 'cmake_target_skip_unavailable' from command line to 'False'
[0.282s] Level 5:colcon.colcon_core.verb:set package 'coverage_metrics' build argument 'cmake_clean_cache' from command line to 'False'
[0.282s] Level 5:colcon.colcon_core.verb:set package 'coverage_metrics' build argument 'cmake_clean_first' from command line to 'False'
[0.282s] Level 5:colcon.colcon_core.verb:set package 'coverage_metrics' build argument 'cmake_force_configure' from command line to 'False'
[0.282s] Level 5:colcon.colcon_core.verb:set package 'coverage_metrics' build argument 'ament_cmake_args' from command line to 'None'
[0.282s] Level 5:colcon.colcon_core.verb:set package 'coverage_metrics' build argument 'catkin_cmake_args' from command line to 'None'
[0.282s] Level 5:colcon.colcon_core.verb:set package 'coverage_metrics' build argument 'catkin_skip_building_tests' from command line to 'False'
[0.282s] DEBUG:colcon.colcon_core.verb:Building package 'coverage_metrics' with the following arguments: {'ament_cmake_args': None, 'build_base': '/root/ros2_ws/build/coverage_metrics', 'catkin_cmake_args': None, 'catkin_skip_building_tests': False, 'cmake_args': None, 'cmake_clean_cache': False, 'cmake_clean_first': False, 'cmake_force_configure': False, 'cmake_target': None, 'cmake_target_skip_unavailable': False, 'install_base': '/root/ros2_ws/install/coverage_metrics', 'merge_install': False, 'path': '/root/ros2_ws/src/coverage_metrics', 'symlink_install': False, 'test_result_base': None}
[0.282s] Level 5:colcon.colcon_core.verb:set package 'coverage_planner' build argument 'cmake_args' from command line to 'None'
[0.282s] Level 5:colcon.colcon_core.verb:set package 'coverage_planner' build argument 'cmake_target' from command line to 'None'
[0.282s] Level 5:colcon.colcon_core.verb:set package 'coverage_planner' build argument 'cmake_target_skip_unavailable' from command line to 'False'
[0.282s] Level 5:colcon.colcon_core.verb:set package 'coverage_planner' build argument 'cmake_clean_cache' from command line to 'False'
[0.282s] Level 5:colcon.colcon_core.verb:set package 'coverage_planner' build argument 'cmake_clean_first' from command line to 'False'
[0.282s] Level 5:colcon.colcon_core.verb:set package 'coverage_planner' build argument 'cmake_force_configure' from command line to 'False'
[0.282s] Level 5:colcon.colcon_core.verb:set package 'coverage_planner' build argument 'ament_cmake_args' from command line to 'None'
[0.282s] Level 5:colcon.colcon_core.verb:set package 'coverage_planner' build argument 'catkin_cmake_args' from command line to 'None'
[0.282s] Level 5:colcon.colcon_core.verb:set package 'coverage_planner' build argument 'catkin_skip_building_tests' from command line to 'False'
[0.282s] DEBUG:colcon.colcon_core.verb:Building package 'coverage_planner' with the following arguments: {'ament_cmake_args': None, 'build_base': '/root/ros2_ws/build/coverage_planner', 'catkin_cmake_args': None, 'catkin_skip_building_tests': False, 'cmake_args': None, 'cmake_clean_cache': False, 'cmake_clean_first': False, 'cmake_force_configure': False, 'cmake_target': None, 'cmake_target_skip_unavailable': False, 'install_base': '/root/ros2_ws/install/coverage_planner', 'merge_install': False, 'path': '/root/ros2_ws/src/coverage_planner', 'symlink_install': False, 'test_result_base': None}
[0.283s] Level 5:colcon.colcon_core.verb:set package 'coverage_tracker' build argument 'cmake_args' from command line to 'None'
[0.283s] Level 5:colcon.colcon_core.verb:set package 'coverage_tracker' build argument 'cmake_target' from command line to 'None'
[0.283s] Level 5:colcon.colcon_core.verb:set package 'coverage_tracker' build argument 'cmake_target_skip_unavailable' from command line to 'False'
[0.283s] Level 5:colcon.colcon_core.verb:set package 'coverage_tracker' build argument 'cmake_clean_cache' from command line to 'False'
[0.283s] Level 5:colcon.colcon_core.verb:set package 'coverage_tracker' build argument 'cmake_clean_first' from command line to 'False'
[0.283s] Level 5:colcon.colcon_core.verb:set package 'coverage_tracker' build argument 'cmake_force_configure' from command line to 'False'
[0.283s] Level 5:colcon.colcon_core.verb:set package 'coverage_tracker' build argument 'ament_cmake_args' from command line to 'None'
[0.283s] Level 5:colcon.colcon_core.verb:set package 'coverage_tracker' build argument 'catkin_cmake_args' from command line to 'None'
[0.283s] Level 5:colcon.colcon_core.verb:set package 'coverage_tracker' build argument 'catkin_skip_building_tests' from command line to 'False'
[0.283s] DEBUG:colcon.colcon_core.verb:Building package 'coverage_tracker' with the following arguments: {'ament_cmake_args': None, 'build_base': '/root/ros2_ws/build/coverage_tracker', 'catkin_cmake_args': None, 'catkin_skip_building_tests': False, 'cmake_args': None, 'cmake_clean_cache': False, 'cmake_clean_first': False, 'cmake_force_configure': False, 'cmake_target': None, 'cmake_target_skip_unavailable': False, 'install_base': '/root/ros2_ws/install/coverage_tracker', 'merge_install': False, 'path': '/root/ros2_ws/src/coverage_tracker', 'symlink_install': False, 'test_result_base': None}
[0.283s] Level 5:colcon.colcon_core.verb:set package 'coverage_webots' build argument 'cmake_args' from command line to 'None'
[0.283s] Level 5:colcon.colcon_core.verb:set package 'coverage_webots' build argument 'cmake_target' from command line to 'None'
[0.283s] Level 5:colcon.colcon_core.verb:set package 'coverage_webots' build argument 'cmake_target_skip_unavailable' from command line to 'False'
[0.283s] Level 5:colcon.colcon_core.verb:set package 'coverage_webots' build argument 'cmake_clean_cache' from command line to 'False'
[0.283s] Level 5:colcon.colcon_core.verb:set package 'coverage_webots' build argument 'cmake_clean_first' from command line to 'False'
[0.283s] Level 5:colcon.colcon_core.verb:set package 'coverage_webots' build argument 'cmake_force_configure' from command line to 'False'
[0.283s] Level 5:colcon.colcon_core.verb:set package 'coverage_webots' build argument 'ament_cmake_args' from command line to 'None'
[0.283s] Level 5:colcon.colcon_core.verb:set package 'coverage_webots' build argument 'catkin_cmake_args' from command line to 'None'
[0.283s] Level 5:colcon.colcon_core.verb:set package 'coverage_webots' build argument 'catkin_skip_building_tests' from command line to 'False'
[0.283s] DEBUG:colcon.colcon_core.verb:Building package 'coverage_webots' with the following arguments: {'ament_cmake_args': None, 'build_base': '/root/ros2_ws/build/coverage_webots', 'catkin_cmake_args': None, 'catkin_skip_building_tests': False, 'cmake_args': None, 'cmake_clean_cache': False, 'cmake_clean_first': False, 'cmake_force_configure': False, 'cmake_target': None, 'cmake_target_skip_unavailable': False, 'install_base': '/root/ros2_ws/install/coverage_webots', 'merge_install': False, 'path': '/root/ros2_ws/src/coverage_webots', 'symlink_install': False, 'test_result_base': None}
[0.284s] Level 5:colcon.colcon_core.verb:set package 'zigzag_planner' build argument 'cmake_args' from command line to 'None'
[0.284s] Level 5:colcon.colcon_core.verb:set package 'zigzag_planner' build argument 'cmake_target' from command line to 'None'
[0.284s] Level 5:colcon.colcon_core.verb:set package 'zigzag_planner' build argument 'cmake_target_skip_unavailable' from command line to 'False'
[0.284s] Level 5:colcon.colcon_core.verb:set package 'zigzag_planner' build argument 'cmake_clean_cache' from command line to 'False'
[0.284s] Level 5:colcon.colcon_core.verb:set package 'zigzag_planner' build argument 'cmake_clean_first' from command line to 'False'
[0.284s] Level 5:colcon.colcon_core.verb:set package 'zigzag_planner' build argument 'cmake_force_configure' from command line to 'False'
[0.284s] Level 5:colcon.colcon_core.verb:set package 'zigzag_planner' build argument 'ament_cmake_args' from command line to 'None'
[0.284s] Level 5:colcon.colcon_core.verb:set package 'zigzag_planner' build argument 'catkin_cmake_args' from command line to 'None'
[0.284s] Level 5:colcon.colcon_core.verb:set package 'zigzag_planner' build argument 'catkin_skip_building_tests' from command line to 'False'
[0.284s] DEBUG:colcon.colcon_core.verb:Building package 'zigzag_planner' with the following arguments: {'ament_cmake_args': None, 'build_base': '/root/ros2_ws/build/zigzag_planner', 'catkin_cmake_args': None, 'catkin_skip_building_tests': False, 'cmake_args': None, 'cmake_clean_cache': False, 'cmake_clean_first': False, 'cmake_force_configure': False, 'cmake_target': None, 'cmake_target_skip_unavailable': False, 'install_base': '/root/ros2_ws/install/zigzag_planner', 'merge_install': False, 'path': '/root/ros2_ws/src/zigzag_planner', 'symlink_install': False, 'test_result_base': None}
[0.284s] INFO:colcon.colcon_core.executor:Executing jobs using 'parallel' executor
[0.285s] DEBUG:colcon.colcon_parallel_executor.executor.parallel:run_until_complete
[0.285s] INFO:colcon.colcon_ros.task.ament_python.build:Building ROS package in '/root/ros2_ws/src/coverage_metrics' with build type 'ament_python'
[0.285s] Level 1:colcon.colcon_core.shell:create_environment_hook('coverage_metrics', 'ament_prefix_path')
[0.287s] INFO:colcon.colcon_core.plugin_system:Skipping extension 'colcon_core.shell.bat': Not used on non-Windows systems
[0.288s] INFO:colcon.colcon_core.shell:Creating environment hook '/root/ros2_ws/install/coverage_metrics/share/coverage_metrics/hook/ament_prefix_path.ps1'
[0.288s] INFO:colcon.colcon_core.shell:Creating environment descriptor '/root/ros2_ws/install/coverage_metrics/share/coverage_metrics/hook/ament_prefix_path.dsv'
[0.288s] INFO:colcon.colcon_core.shell:Creating environment hook '/root/ros2_ws/install/coverage_metrics/share/coverage_metrics/hook/ament_prefix_path.sh'
[0.289s] INFO:colcon.colcon_core.shell:Skip shell extension 'powershell' for command environment: Not usable outside of PowerShell
[0.289s] DEBUG:colcon.colcon_core.shell:Skip shell extension 'dsv' for command environment
[0.292s] INFO:colcon.colcon_ros.task.ament_python.build:Building ROS package in '/root/ros2_ws/src/coverage_planner' with build type 'ament_python'
[0.293s] Level 1:colcon.colcon_core.shell:create_environment_hook('coverage_planner', 'ament_prefix_path')
[0.293s] INFO:colcon.colcon_core.shell:Creating environment hook '/root/ros2_ws/install/coverage_planner/share/coverage_planner/hook/ament_prefix_path.ps1'
[0.293s] INFO:colcon.colcon_core.shell:Creating environment descriptor '/root/ros2_ws/install/coverage_planner/share/coverage_planner/hook/ament_prefix_path.dsv'
[0.293s] INFO:colcon.colcon_core.shell:Creating environment hook '/root/ros2_ws/install/coverage_planner/share/coverage_planner/hook/ament_prefix_path.sh'
[0.294s] INFO:colcon.colcon_core.shell:Skip shell extension 'powershell' for command environment: Not usable outside of PowerShell
[0.294s] DEBUG:colcon.colcon_core.shell:Skip shell extension 'dsv' for command environment
[0.297s] INFO:colcon.colcon_ros.task.ament_python.build:Building ROS package in '/root/ros2_ws/src/coverage_tracker' with build type 'ament_python'
[0.297s] Level 1:colcon.colcon_core.shell:create_environment_hook('coverage_tracker', 'ament_prefix_path')
[0.297s] INFO:colcon.colcon_core.shell:Creating environment hook '/root/ros2_ws/install/coverage_tracker/share/coverage_tracker/hook/ament_prefix_path.ps1'
[0.298s] INFO:colcon.colcon_core.shell:Creating environment descriptor '/root/ros2_ws/install/coverage_tracker/share/coverage_tracker/hook/ament_prefix_path.dsv'
[0.298s] INFO:colcon.colcon_core.shell:Creating environment hook '/root/ros2_ws/install/coverage_tracker/share/coverage_tracker/hook/ament_prefix_path.sh'
[0.298s] INFO:colcon.colcon_core.shell:Skip shell extension 'powershell' for command environment: Not usable outside of PowerShell
[0.298s] DEBUG:colcon.colcon_core.shell:Skip shell extension 'dsv' for command environment
[0.302s] INFO:colcon.colcon_ros.task.ament_python.build:Building ROS package in '/root/ros2_ws/src/coverage_webots' with build type 'ament_python'
[0.302s] Level 1:colcon.colcon_core.shell:create_environment_hook('coverage_webots', 'ament_prefix_path')
[0.302s] INFO:colcon.colcon_core.shell:Creating environment hook '/root/ros2_ws/install/coverage_webots/share/coverage_webots/hook/ament_prefix_path.ps1'
[0.302s] INFO:colcon.colcon_core.shell:Creating environment descriptor '/root/ros2_ws/install/coverage_webots/share/coverage_webots/hook/ament_prefix_path.dsv'
[0.302s] INFO:colcon.colcon_core.shell:Creating environment hook '/root/ros2_ws/install/coverage_webots/share/coverage_webots/hook/ament_prefix_path.sh'
[0.303s] INFO:colcon.colcon_core.shell:Skip shell extension 'powershell' for command environment: Not usable outside of PowerShell
[0.303s] DEBUG:colcon.colcon_core.shell:Skip shell extension 'dsv' for command environment
[0.306s] INFO:colcon.colcon_ros.task.ament_python.build:Building ROS package in '/root/ros2_ws/src/zigzag_planner' with build type 'ament_python'
[0.306s] Level 1:colcon.colcon_core.shell:create_environment_hook('zigzag_planner', 'ament_prefix_path')
[0.306s] INFO:colcon.colcon_core.shell:Creating environment hook '/root/ros2_ws/install/zigzag_planner/share/zigzag_planner/hook/ament_prefix_path.ps1'
[0.307s] INFO:colcon.colcon_core.shell:Creating environment descriptor '/root/ros2_ws/install/zigzag_planner/share/zigzag_planner/hook/ament_prefix_path.dsv'
[0.307s] INFO:colcon.colcon_core.shell:Creating environment hook '/root/ros2_ws/install/zigzag_planner/share/zigzag_planner/hook/ament_prefix_path.sh'
[0.307s] INFO:colcon.colcon_core.shell:Skip shell extension 'powershell' for command environment: Not usable outside of PowerShell
[0.307s] DEBUG:colcon.colcon_core.shell:Skip shell extension 'dsv' for command environment
[0.517s] INFO:colcon.colcon_core.task.python.build:Building Python package in '/root/ros2_ws/src/coverage_metrics'
[0.517s] INFO:colcon.colcon_core.shell:Skip shell extension 'powershell' for command environment: Not usable outside of PowerShell
[0.517s] DEBUG:colcon.colcon_core.shell:Skip shell extension 'dsv' for command environment
[0.719s] INFO:colcon.colcon_core.task.python.build:Building Python package in '/root/ros2_ws/src/coverage_planner'
[0.720s] INFO:colcon.colcon_core.shell:Skip shell extension 'powershell' for command environment: Not usable outside of PowerShell
[0.720s] DEBUG:colcon.colcon_core.shell:Skip shell extension 'dsv' for command environment
[0.920s] INFO:colcon.colcon_core.task.python.build:Building Python package in '/root/ros2_ws/src/coverage_tracker'
[0.920s] INFO:colcon.colcon_core.shell:Skip shell extension 'powershell' for command environment: Not usable outside of PowerShell
[0.920s] DEBUG:colcon.colcon_core.shell:Skip shell extension 'dsv' for command environment
[1.127s] INFO:colcon.colcon_core.task.python.build:Building Python package in '/root/ros2_ws/src/coverage_webots'
[1.127s] INFO:colcon.colcon_core.shell:Skip shell extension 'powershell' for command environment: Not usable outside of PowerShell
[1.127s] DEBUG:colcon.colcon_core.shell:Skip shell extension 'dsv' for command environment
[1.328s] INFO:colcon.colcon_core.task.python.build:Building Python package in '/root/ros2_ws/src/zigzag_planner'
[1.328s] INFO:colcon.colcon_core.shell:Skip shell extension 'powershell' for command environment: Not usable outside of PowerShell
[1.328s] DEBUG:colcon.colcon_core.shell:Skip shell extension 'dsv' for command environment
[1.656s] DEBUG:colcon.colcon_core.event_handler.log_command:Invoking command in '/root/ros2_ws/src/coverage_webots': PYTHONPATH=/root/ros2_ws/build/coverage_webots/prefix_override:/usr/lib/python3/dist-packages/colcon_core/task/python/colcon_distutils_commands:/root/ros2_ws/install/coverage_webots/lib/python3.10/site-packages:${PYTHONPATH} /usr/bin/python3 -W ignore:setup.py install is deprecated -W ignore:easy_install command is deprecated setup.py egg_info --egg-base ../../build/coverage_webots build --build-base /root/ros2_ws/build/coverage_webots/build install --record /root/ros2_ws/build/coverage_webots/install.log --single-version-externally-managed install_data
[1.662s] DEBUG:colcon.colcon_core.event_handler.log_command:Invoking command in '/root/ros2_ws/src/coverage_metrics': PYTHONPATH=/root/ros2_ws/build/coverage_metrics/prefix_override:/usr/lib/python3/dist-packages/colcon_core/task/python/colcon_distutils_commands:/root/ros2_ws/install/coverage_metrics/lib/python3.10/site-packages:${PYTHONPATH} /usr/bin/python3 -W ignore:setup.py install is deprecated -W ignore:easy_install command is deprecated setup.py egg_info --egg-base ../../build/coverage_metrics build --build-base /root/ros2_ws/build/coverage_metrics/build install --record /root/ros2_ws/build/coverage_metrics/install.log --single-version-externally-managed install_data
[1.664s] DEBUG:colcon.colcon_core.event_handler.log_command:Invoking command in '/root/ros2_ws/src/zigzag_planner': PYTHONPATH=/root/ros2_ws/build/zigzag_planner/prefix_override:/usr/lib/python3/dist-packages/colcon_core/task/python/colcon_distutils_commands:/root/ros2_ws/install/zigzag_planner/lib/python3.10/site-packages:${PYTHONPATH} /usr/bin/python3 -W ignore:setup.py install is deprecated -W ignore:easy_install command is deprecated setup.py egg_info --egg-base ../../build/zigzag_planner build --build-base /root/ros2_ws/build/zigzag_planner/build install --record /root/ros2_ws/build/zigzag_planner/install.log --single-version-externally-managed install_data
[1.665s] DEBUG:colcon.colcon_core.event_handler.log_command:Invoking command in '/root/ros2_ws/src/coverage_planner': PYTHONPATH=/root/ros2_ws/build/coverage_planner/prefix_override:/usr/lib/python3/dist-packages/colcon_core/task/python/colcon_distutils_commands:/root/ros2_ws/install/coverage_planner/lib/python3.10/site-packages:${PYTHONPATH} /usr/bin/python3 -W ignore:setup.py install is deprecated -W ignore:easy_install command is deprecated setup.py egg_info --egg-base ../../build/coverage_planner build --build-base /root/ros2_ws/build/coverage_planner/build install --record /root/ros2_ws/build/coverage_planner/install.log --single-version-externally-managed install_data
[1.665s] DEBUG:colcon.colcon_core.event_handler.log_command:Invoking command in '/root/ros2_ws/src/coverage_tracker': PYTHONPATH=/root/ros2_ws/build/coverage_tracker/prefix_override:/usr/lib/python3/dist-packages/colcon_core/task/python/colcon_distutils_commands:/root/ros2_ws/install/coverage_tracker/lib/python3.10/site-packages:${PYTHONPATH} /usr/bin/python3 -W ignore:setup.py install is deprecated -W ignore:easy_install command is deprecated setup.py egg_info --egg-base ../../build/coverage_tracker build --build-base /root/ros2_ws/build/coverage_tracker/build install --record /root/ros2_ws/build/coverage_tracker/install.log --single-version-externally-managed install_data
[1.926s] DEBUG:colcon.colcon_core.event_handler.log_command:Invoked command in '/root/ros2_ws/src/coverage_webots' returned '0': PYTHONPATH=/root/ros2_ws/build/coverage_webots/prefix_override:/usr/lib/python3/dist-packages/colcon_core/task/python/colcon_distutils_commands:/root/ros2_ws/install/coverage_webots/lib/python3.10/site-packages:${PYTHONPATH} /usr/bin/python3 -W ignore:setup.py install is deprecated -W ignore:easy_install command is deprecated setup.py egg_info --egg-base ../../build/coverage_webots build --build-base /root/ros2_ws/build/coverage_webots/build install --record /root/ros2_ws/build/coverage_webots/install.log --single-version-externally-managed install_data
[1.928s] Level 1:colcon.colcon_core.environment:checking '/root/ros2_ws/install/coverage_webots' for CMake module files
[1.929s] Level 1:colcon.colcon_core.environment:checking '/root/ros2_ws/install/coverage_webots' for CMake config files
[1.930s] Level 1:colcon.colcon_core.environment:checking '/root/ros2_ws/install/coverage_webots/lib'
[1.930s] Level 1:colcon.colcon_core.environment:checking '/root/ros2_ws/install/coverage_webots/bin'
[1.930s] Level 1:colcon.colcon_core.environment:checking '/root/ros2_ws/install/coverage_webots/lib/pkgconfig/coverage_webots.pc'
[1.930s] Level 1:colcon.colcon_core.environment:checking '/root/ros2_ws/install/coverage_webots/lib/python3.10/site-packages'
[1.930s] Level 1:colcon.colcon_core.shell:create_environment_hook('coverage_webots', 'pythonpath')
[1.930s] INFO:colcon.colcon_core.shell:Creating environment hook '/root/ros2_ws/install/coverage_webots/share/coverage_webots/hook/pythonpath.ps1'
[1.931s] INFO:colcon.colcon_core.shell:Creating environment descriptor '/root/ros2_ws/install/coverage_webots/share/coverage_webots/hook/pythonpath.dsv'
[1.931s] INFO:colcon.colcon_core.shell:Creating environment hook '/root/ros2_ws/install/coverage_webots/share/coverage_webots/hook/pythonpath.sh'
[1.931s] Level 1:colcon.colcon_core.environment:checking '/root/ros2_ws/install/coverage_webots/bin'
[1.931s] Level 1:colcon.colcon_core.environment:create_environment_scripts_only(coverage_webots)
[1.932s] INFO:colcon.colcon_core.shell:Creating package script '/root/ros2_ws/install/coverage_webots/share/coverage_webots/package.ps1'
[1.932s] INFO:colcon.colcon_core.shell:Creating package descriptor '/root/ros2_ws/install/coverage_webots/share/coverage_webots/package.dsv'
[1.933s] INFO:colcon.colcon_core.shell:Creating package script '/root/ros2_ws/install/coverage_webots/share/coverage_webots/package.sh'
[1.933s] INFO:colcon.colcon_core.shell:Creating package script '/root/ros2_ws/install/coverage_webots/share/coverage_webots/package.bash'
[1.934s] INFO:colcon.colcon_core.shell:Creating package script '/root/ros2_ws/install/coverage_webots/share/coverage_webots/package.zsh'
[1.934s] Level 1:colcon.colcon_core.environment:create_file_with_runtime_dependencies(/root/ros2_ws/install/coverage_webots/share/colcon-core/packages/coverage_webots)
[1.935s] Level 1:colcon.colcon_core.environment:checking '/root/ros2_ws/install/coverage_planner' for CMake module files
[1.936s] DEBUG:colcon.colcon_core.event_handler.log_command:Invoked command in '/root/ros2_ws/src/coverage_planner' returned '0': PYTHONPATH=/root/ros2_ws/build/coverage_planner/prefix_override:/usr/lib/python3/dist-packages/colcon_core/task/python/colcon_distutils_commands:/root/ros2_ws/install/coverage_planner/lib/python3.10/site-packages:${PYTHONPATH} /usr/bin/python3 -W ignore:setup.py install is deprecated -W ignore:easy_install command is deprecated setup.py egg_info --egg-base ../../build/coverage_planner build --build-base /root/ros2_ws/build/coverage_planner/build install --record /root/ros2_ws/build/coverage_planner/install.log --single-version-externally-managed install_data
[1.936s] Level 1:colcon.colcon_core.environment:checking '/root/ros2_ws/install/coverage_planner' for CMake config files
[1.936s] Level 1:colcon.colcon_core.environment:checking '/root/ros2_ws/install/coverage_planner/lib'
[1.936s] Level 1:colcon.colcon_core.environment:checking '/root/ros2_ws/install/coverage_planner/bin'
[1.936s] Level 1:colcon.colcon_core.environment:checking '/root/ros2_ws/install/coverage_planner/lib/pkgconfig/coverage_planner.pc'
[1.936s] Level 1:colcon.colcon_core.environment:checking '/root/ros2_ws/install/coverage_planner/lib/python3.10/site-packages'
[1.936s] Level 1:colcon.colcon_core.shell:create_environment_hook('coverage_planner', 'pythonpath')
[1.937s] INFO:colcon.colcon_core.shell:Creating environment hook '/root/ros2_ws/install/coverage_planner/share/coverage_planner/hook/pythonpath.ps1'
[1.937s] INFO:colcon.colcon_core.shell:Creating environment descriptor '/root/ros2_ws/install/coverage_planner/share/coverage_planner/hook/pythonpath.dsv'
[1.937s] INFO:colcon.colcon_core.shell:Creating environment hook '/root/ros2_ws/install/coverage_planner/share/coverage_planner/hook/pythonpath.sh'
[1.938s] Level 1:colcon.colcon_core.environment:checking '/root/ros2_ws/install/coverage_planner/bin'
[1.938s] Level 1:colcon.colcon_core.environment:create_environment_scripts_only(coverage_planner)
[1.938s] INFO:colcon.colcon_core.shell:Creating package script '/root/ros2_ws/install/coverage_planner/share/coverage_planner/package.ps1'
[1.939s] INFO:colcon.colcon_core.shell:Creating package descriptor '/root/ros2_ws/install/coverage_planner/share/coverage_planner/package.dsv'
[1.939s] INFO:colcon.colcon_core.shell:Creating package script '/root/ros2_ws/install/coverage_planner/share/coverage_planner/package.sh'
[1.939s] INFO:colcon.colcon_core.shell:Creating package script '/root/ros2_ws/install/coverage_planner/share/coverage_planner/package.bash'
[1.940s] INFO:colcon.colcon_core.shell:Creating package script '/root/ros2_ws/install/coverage_planner/share/coverage_planner/package.zsh'
[1.940s] Level 1:colcon.colcon_core.environment:create_file_with_runtime_dependencies(/root/ros2_ws/install/coverage_planner/share/colcon-core/packages/coverage_planner)
[1.941s] Level 1:colcon.colcon_core.environment:checking '/root/ros2_ws/install/zigzag_planner' for CMake module files
[1.942s] DEBUG:colcon.colcon_core.event_handler.log_command:Invoked command in '/root/ros2_ws/src/zigzag_planner' returned '0': PYTHONPATH=/root/ros2_ws/build/zigzag_planner/prefix_override:/usr/lib/python3/dist-packages/colcon_core/task/python/colcon_distutils_commands:/root/ros2_ws/install/zigzag_planner/lib/python3.10/site-packages:${PYTHONPATH} /usr/bin/python3 -W ignore:setup.py install is deprecated -W ignore:easy_install command is deprecated setup.py egg_info --egg-base ../../build/zigzag_planner build --build-base /root/ros2_ws/build/zigzag_planner/build install --record /root/ros2_ws/build/zigzag_planner/install.log --single-version-externally-managed install_data
[1.942s] Level 1:colcon.colcon_core.environment:checking '/root/ros2_ws/install/zigzag_planner' for CMake config files
[1.942s] Level 1:colcon.colcon_core.environment:checking '/root/ros2_ws/install/zigzag_planner/lib'
[1.942s] Level 1:colcon.colcon_core.environment:checking '/root/ros2_ws/install/zigzag_planner/bin'
[1.942s] Level 1:colcon.colcon_core.environment:checking '/root/ros2_ws/install/zigzag_planner/lib/pkgconfig/zigzag_planner.pc'
[1.942s] Level 1:colcon.colcon_core.environment:checking '/root/ros2_ws/install/zigzag_planner/lib/python3.10/site-packages'
[1.942s] Level 1:colcon.colcon_core.shell:create_environment_hook('zigzag_planner', 'pythonpath')
[1.943s] INFO:colcon.colcon_core.shell:Creating environment hook '/root/ros2_ws/install/zigzag_planner/share/zigzag_planner/hook/pythonpath.ps1'
[1.943s] INFO:colcon.colcon_core.shell:Creating environment descriptor '/root/ros2_ws/install/zigzag_planner/share/zigzag_planner/hook/pythonpath.dsv'
[1.943s] INFO:colcon.colcon_core.shell:Creating environment hook '/root/ros2_ws/install/zigzag_planner/share/zigzag_planner/hook/pythonpath.sh'
[1.944s] Level 1:colcon.colcon_core.environment:checking '/root/ros2_ws/install/zigzag_planner/bin'
[1.944s] Level 1:colcon.colcon_core.environment:create_environment_scripts_only(zigzag_planner)
[1.944s] INFO:colcon.colcon_core.shell:Creating package script '/root/ros2_ws/install/zigzag_planner/share/zigzag_planner/package.ps1'
[1.944s] INFO:colcon.colcon_core.shell:Creating package descriptor '/root/ros2_ws/install/zigzag_planner/share/zigzag_planner/package.dsv'
[1.945s] INFO:colcon.colcon_core.shell:Creating package script '/root/ros2_ws/install/zigzag_planner/share/zigzag_planner/package.sh'
[1.945s] INFO:colcon.colcon_core.shell:Creating package script '/root/ros2_ws/install/zigzag_planner/share/zigzag_planner/package.bash'
[1.945s] INFO:colcon.colcon_core.shell:Creating package script '/root/ros2_ws/install/zigzag_planner/share/zigzag_planner/package.zsh'
[1.946s] Level 1:colcon.colcon_core.environment:create_file_with_runtime_dependencies(/root/ros2_ws/install/zigzag_planner/share/colcon-core/packages/zigzag_planner)
[1.946s] Level 1:colcon.colcon_core.environment:checking '/root/ros2_ws/install/coverage_tracker' for CMake module files
[1.947s] DEBUG:colcon.colcon_core.event_handler.log_command:Invoked command in '/root/ros2_ws/src/coverage_tracker' returned '0': PYTHONPATH=/root/ros2_ws/build/coverage_tracker/prefix_override:/usr/lib/python3/dist-packages/colcon_core/task/python/colcon_distutils_commands:/root/ros2_ws/install/coverage_tracker/lib/python3.10/site-packages:${PYTHONPATH} /usr/bin/python3 -W ignore:setup.py install is deprecated -W ignore:easy_install command is deprecated setup.py egg_info --egg-base ../../build/coverage_tracker build --build-base /root/ros2_ws/build/coverage_tracker/build install --record /root/ros2_ws/build/coverage_tracker/install.log --single-version-externally-managed install_data
[1.947s] Level 1:colcon.colcon_core.environment:checking '/root/ros2_ws/install/coverage_tracker' for CMake config files
[1.947s] Level 1:colcon.colcon_core.environment:checking '/root/ros2_ws/install/coverage_tracker/lib'
[1.947s] Level 1:colcon.colcon_core.environment:checking '/root/ros2_ws/install/coverage_tracker/bin'
[1.947s] Level 1:colcon.colcon_core.environment:checking '/root/ros2_ws/install/coverage_tracker/lib/pkgconfig/coverage_tracker.pc'
[1.947s] Level 1:colcon.colcon_core.environment:checking '/root/ros2_ws/install/coverage_tracker/lib/python3.10/site-packages'
[1.947s] Level 1:colcon.colcon_core.shell:create_environment_hook('coverage_tracker', 'pythonpath')
[1.948s] INFO:colcon.colcon_core.shell:Creating environment hook '/root/ros2_ws/install/coverage_tracker/share/coverage_tracker/hook/pythonpath.ps1'
[1.948s] INFO:colcon.colcon_core.shell:Creating environment descriptor '/root/ros2_ws/install/coverage_tracker/share/coverage_tracker/hook/pythonpath.dsv'
[1.948s] INFO:colcon.colcon_core.shell:Creating environment hook '/root/ros2_ws/install/coverage_tracker/share/coverage_tracker/hook/pythonpath.sh'
[1.949s] Level 1:colcon.colcon_core.environment:checking '/root/ros2_ws/install/coverage_tracker/bin'
[1.949s] Level 1:colcon.colcon_core.environment:create_environment_scripts_only(coverage_tracker)
[1.949s] INFO:colcon.colcon_core.shell:Creating package script '/root/ros2_ws/install/coverage_tracker/share/coverage_tracker/package.ps1'
[1.949s] INFO:colcon.colcon_core.shell:Creating package descriptor '/root/ros2_ws/install/coverage_tracker/share/coverage_tracker/package.dsv'
[1.950s] INFO:colcon.colcon_core.shell:Creating package script '/root/ros2_ws/install/coverage_tracker/share/coverage_tracker/package.sh'
[1.950s] INFO:colcon.colcon_core.shell:Creating package script '/root/ros2_ws/install/coverage_tracker/share/coverage_tracker/package.bash'
[1.950s] INFO:colcon.colcon_core.shell:Creating package script '/root/ros2_ws/install/coverage_tracker/share/coverage_tracker/package.zsh'
[1.950s] Level 1:colcon.colcon_core.environment:create_file_with_runtime_dependencies(/root/ros2_ws/install/coverage_tracker/share/colcon-core/packages/coverage_tracker)
[1.951s] Level 1:colcon.colcon_core.environment:checking '/root/ros2_ws/install/coverage_metrics' for CMake module files
[1.951s] DEBUG:colcon.colcon_core.event_handler.log_command:Invoked command in '/root/ros2_ws/src/coverage_metrics' returned '0': PYTHONPATH=/root/ros2_ws/build/coverage_metrics/prefix_override:/usr/lib/python3/dist-packages/colcon_core/task/python/colcon_distutils_commands:/root/ros2_ws/install/coverage_metrics/lib/python3.10/site-packages:${PYTHONPATH} /usr/bin/python3 -W ignore:setup.py install is deprecated -W ignore:easy_install command is deprecated setup.py egg_info --egg-base ../../build/coverage_metrics build --build-base /root/ros2_ws/build/coverage_metrics/build install --record /root/ros2_ws/build/coverage_metrics/install.log --single-version-externally-managed install_data
[1.951s] Level 1:colcon.colcon_core.environment:checking '/root/ros2_ws/install/coverage_metrics' for CMake config files
[1.952s] Level 1:colcon.colcon_core.environment:checking '/root/ros2_ws/install/coverage_metrics/lib'
[1.952s] Level 1:colcon.colcon_core.environment:checking '/root/ros2_ws/install/coverage_metrics/bin'
[1.952s] Level 1:colcon.colcon_core.environment:checking '/root/ros2_ws/install/coverage_metrics/lib/pkgconfig/coverage_metrics.pc'
[1.952s] Level 1:colcon.colcon_core.environment:checking '/root/ros2_ws/install/coverage_metrics/lib/python3.10/site-packages'
[1.952s] Level 1:colcon.colcon_core.shell:create_environment_hook('coverage_metrics', 'pythonpath')
[1.952s] INFO:colcon.colcon_core.shell:Creating environment hook '/root/ros2_ws/install/coverage_metrics/share/coverage_metrics/hook/pythonpath.ps1'
[1.953s] INFO:colcon.colcon_core.shell:Creating environment descriptor '/root/ros2_ws/install/coverage_metrics/share/coverage_metrics/hook/pythonpath.dsv'
[1.953s] INFO:colcon.colcon_core.shell:Creating environment hook '/root/ros2_ws/install/coverage_metrics/share/coverage_metrics/hook/pythonpath.sh'
[1.953s] Level 1:colcon.colcon_core.environment:checking '/root/ros2_ws/install/coverage_metrics/bin'
[1.953s] Level 1:colcon.colcon_core.environment:create_environment_scripts_only(coverage_metrics)
[1.954s] INFO:colcon.colcon_core.shell:Creating package script '/root/ros2_ws/install/coverage_metrics/share/coverage_metrics/package.ps1'
[1.954s] INFO:colcon.colcon_core.shell:Creating package descriptor '/root/ros2_ws/install/coverage_metrics/share/coverage_metrics/package.dsv'
[1.954s] INFO:colcon.colcon_core.shell:Creating package script '/root/ros2_ws/install/coverage_metrics/share/coverage_metrics/package.sh'
[1.955s] INFO:colcon.colcon_core.shell:Creating package script '/root/ros2_ws/install/coverage_metrics/share/coverage_metrics/package.bash'
[1.955s] INFO:colcon.colcon_core.shell:Creating package script '/root/ros2_ws/install/coverage_metrics/share/coverage_metrics/package.zsh'
[1.955s] Level 1:colcon.colcon_core.environment:create_file_with_runtime_dependencies(/root/ros2_ws/install/coverage_metrics/share/colcon-core/packages/coverage_metrics)
[1.955s] DEBUG:colcon.colcon_parallel_executor.executor.parallel:closing loop
[1.956s] DEBUG:colcon.colcon_parallel_executor.executor.parallel:loop closed
[1.956s] DEBUG:colcon.colcon_parallel_executor.executor.parallel:run_until_complete finished with '0'
[1.956s] DEBUG:colcon.colcon_core.event_reactor:joining thread
[1.960s] INFO:colcon.colcon_core.plugin_system:Skipping extension 'colcon_notification.desktop_notification.notify_send': Could not find 'notify-send'
[1.960s] INFO:colcon.colcon_core.plugin_system:Skipping extension 'colcon_notification.desktop_notification.terminal_notifier': Not used on non-Darwin systems
[1.960s] INFO:colcon.colcon_core.plugin_system:Skipping extension 'colcon_notification.desktop_notification.win32': Not used on non-Windows systems
[1.960s] INFO:colcon.colcon_notification.desktop_notification:Sending desktop notification using 'notify2'
[1.963s] DEBUG:colcon.colcon_notification.desktop_notification.notify2:Failed to initialize notify2: org.freedesktop.DBus.Error.Spawn.ExecFailed: /usr/bin/dbus-launch terminated abnormally without any error message
[1.963s] DEBUG:colcon.colcon_core.event_reactor:joined thread
[1.963s] INFO:colcon.colcon_core.shell:Creating prefix script '/root/ros2_ws/install/local_setup.ps1'
[1.964s] INFO:colcon.colcon_core.shell:Creating prefix util module '/root/ros2_ws/install/_local_setup_util_ps1.py'
[1.965s] INFO:colcon.colcon_core.shell:Creating prefix chain script '/root/ros2_ws/install/setup.ps1'
[1.967s] INFO:colcon.colcon_core.shell:Creating prefix script '/root/ros2_ws/install/local_setup.sh'
[1.967s] INFO:colcon.colcon_core.shell:Creating prefix util module '/root/ros2_ws/install/_local_setup_util_sh.py'
[1.967s] INFO:colcon.colcon_core.shell:Creating prefix chain script '/root/ros2_ws/install/setup.sh'
[1.969s] INFO:colcon.colcon_core.shell:Creating prefix script '/root/ros2_ws/install/local_setup.bash'
[1.969s] INFO:colcon.colcon_core.shell:Creating prefix chain script '/root/ros2_ws/install/setup.bash'
[1.971s] INFO:colcon.colcon_core.shell:Creating prefix script '/root/ros2_ws/install/local_setup.zsh'
[1.971s] INFO:colcon.colcon_core.shell:Creating prefix chain script '/root/ros2_ws/install/setup.zsh'
