[0.083s] DEBUG:colcon:Command line arguments: ['/usr/bin/colcon', 'build']
[0.083s] DEBUG:colcon:Parsed command line arguments: Namespace(log_base=None, log_level=None, verb_name='build', build_base='build', install_base='install', merge_install=False, symlink_install=False, test_result_base=None, continue_on_error=False, executor='parallel', parallel_workers=16, event_handlers=None, ignore_user_meta=False, metas=['./colcon.meta'], base_paths=['.'], packages_ignore=None, packages_ignore_regex=None, paths=None, packages_up_to=None, packages_up_to_regex=None, packages_above=None, packages_above_and_dependencies=None, packages_above_depth=None, packages_select_by_dep=None, packages_skip_by_dep=None, packages_skip_up_to=None, packages_select_build_failed=False, packages_skip_build_finished=False, packages_select_test_failures=False, packages_skip_test_passed=False, packages_select=None, packages_skip=None, packages_select_regex=None, packages_skip_regex=None, packages_start=None, packages_end=None, allow_overriding=[], cmake_args=None, cmake_target=None, cmake_target_skip_unavailable=False, cmake_clean_cache=False, cmake_clean_first=False, cmake_force_configure=False, ament_cmake_args=None, catkin_cmake_args=None, catkin_skip_building_tests=False, verb_parser=<colcon_defaults.argument_parser.defaults.DefaultArgumentsDecorator object at 0x7f9c8a2cd9f0>, verb_extension=<colcon_core.verb.build.BuildVerb object at 0x7f9c8a2cd510>, main=<bound method BuildVerb.main of <colcon_core.verb.build.BuildVerb object at 0x7f9c8a2cd510>>)
[0.213s] Level 1:colcon.colcon_core.package_discovery:discover_packages(colcon_meta) check parameters
[0.213s] Level 1:colcon.colcon_core.package_discovery:discover_packages(recursive) check parameters
[0.213s] Level 1:colcon.colcon_core.package_discovery:discover_packages(ignore) check parameters
[0.213s] Level 1:colcon.colcon_core.package_discovery:discover_packages(path) check parameters
[0.213s] Level 1:colcon.colcon_core.package_discovery:discover_packages(colcon_meta) discover
[0.213s] Level 1:colcon.colcon_core.package_discovery:discover_packages(recursive) discover
[0.213s] INFO:colcon.colcon_core.package_discovery:Crawling recursively for packages in '/root/ros2_ws'
[0.213s] Level 1:colcon.colcon_core.package_identification:_identify(.) by extensions ['ignore', 'ignore_ament_install']
[0.213s] Level 1:colcon.colcon_core.package_identification:_identify(.) by extension 'ignore'
[0.213s] Level 1:colcon.colcon_core.package_identification:_identify(.) by extension 'ignore_ament_install'
[0.213s] Level 1:colcon.colcon_core.package_identification:_identify(.) by extensions ['colcon_pkg']
[0.213s] Level 1:colcon.colcon_core.package_identification:_identify(.) by extension 'colcon_pkg'
[0.213s] Level 1:colcon.colcon_core.package_identification:_identify(.) by extensions ['colcon_meta']
[0.213s] Level 1:colcon.colcon_core.package_identification:_identify(.) by extension 'colcon_meta'
[0.213s] Level 1:colcon.colcon_core.package_identification:_identify(.) by extensions ['ros']
[0.213s] Level 1:colcon.colcon_core.package_identification:_identify(.) by extension 'ros'
[0.223s] Level 1:colcon.colcon_core.package_identification:_identify(.) by extensions ['cmake', 'python']
[0.223s] Level 1:colcon.colcon_core.package_identification:_identify(.) by extension 'cmake'
[0.223s] Level 1:colcon.colcon_core.package_identification:_identify(.) by extension 'python'
[0.223s] Level 1:colcon.colcon_core.package_identification:_identify(.) by extensions ['python_setup_py']
[0.223s] Level 1:colcon.colcon_core.package_identification:_identify(.) by extension 'python_setup_py'
[0.223s] Level 1:colcon.colcon_core.package_identification:_identify(build) by extensions ['ignore', 'ignore_ament_install']
[0.223s] Level 1:colcon.colcon_core.package_identification:_identify(build) by extension 'ignore'
[0.223s] Level 1:colcon.colcon_core.package_identification:_identify(build) ignored
[0.223s] Level 1:colcon.colcon_core.package_identification:_identify(install) by extensions ['ignore', 'ignore_ament_install']
[0.223s] Level 1:colcon.colcon_core.package_identification:_identify(install) by extension 'ignore'
[0.223s] Level 1:colcon.colcon_core.package_identification:_identify(install) ignored
[0.223s] Level 1:colcon.colcon_core.package_identification:_identify(log) by extensions ['ignore', 'ignore_ament_install']
[0.223s] Level 1:colcon.colcon_core.package_identification:_identify(log) by extension 'ignore'
[0.223s] Level 1:colcon.colcon_core.package_identification:_identify(log) ignored
[0.224s] Level 1:colcon.colcon_core.package_identification:_identify(src) by extensions ['ignore', 'ignore_ament_install']
[0.224s] Level 1:colcon.colcon_core.package_identification:_identify(src) by extension 'ignore'
[0.224s] Level 1:colcon.colcon_core.package_identification:_identify(src) by extension 'ignore_ament_install'
[0.224s] Level 1:colcon.colcon_core.package_identification:_identify(src) by extensions ['colcon_pkg']
[0.224s] Level 1:colcon.colcon_core.package_identification:_identify(src) by extension 'colcon_pkg'
[0.224s] Level 1:colcon.colcon_core.package_identification:_identify(src) by extensions ['colcon_meta']
[0.224s] Level 1:colcon.colcon_core.package_identification:_identify(src) by extension 'colcon_meta'
[0.224s] Level 1:colcon.colcon_core.package_identification:_identify(src) by extensions ['ros']
[0.224s] Level 1:colcon.colcon_core.package_identification:_identify(src) by extension 'ros'
[0.224s] Level 1:colcon.colcon_core.package_identification:_identify(src) by extensions ['cmake', 'python']
[0.224s] Level 1:colcon.colcon_core.package_identification:_identify(src) by extension 'cmake'
[0.224s] Level 1:colcon.colcon_core.package_identification:_identify(src) by extension 'python'
[0.224s] Level 1:colcon.colcon_core.package_identification:_identify(src) by extensions ['python_setup_py']
[0.224s] Level 1:colcon.colcon_core.package_identification:_identify(src) by extension 'python_setup_py'
[0.224s] Level 1:colcon.colcon_core.package_identification:_identify(src/coverage_metrics) by extensions ['ignore', 'ignore_ament_install']
[0.224s] Level 1:colcon.colcon_core.package_identification:_identify(src/coverage_metrics) by extension 'ignore'
[0.224s] Level 1:colcon.colcon_core.package_identification:_identify(src/coverage_metrics) by extension 'ignore_ament_install'
[0.224s] Level 1:colcon.colcon_core.package_identification:_identify(src/coverage_metrics) by extensions ['colcon_pkg']
[0.224s] Level 1:colcon.colcon_core.package_identification:_identify(src/coverage_metrics) by extension 'colcon_pkg'
[0.224s] Level 1:colcon.colcon_core.package_identification:_identify(src/coverage_metrics) by extensions ['colcon_meta']
[0.224s] Level 1:colcon.colcon_core.package_identification:_identify(src/coverage_metrics) by extension 'colcon_meta'
[0.224s] Level 1:colcon.colcon_core.package_identification:_identify(src/coverage_metrics) by extensions ['ros']
[0.224s] Level 1:colcon.colcon_core.package_identification:_identify(src/coverage_metrics) by extension 'ros'
[0.226s] DEBUG:colcon.colcon_core.package_identification:Package 'src/coverage_metrics' with type 'ros.ament_python' and name 'coverage_metrics'
[0.226s] Level 1:colcon.colcon_core.package_identification:_identify(src/coverage_planner) by extensions ['ignore', 'ignore_ament_install']
[0.226s] Level 1:colcon.colcon_core.package_identification:_identify(src/coverage_planner) by extension 'ignore'
[0.226s] Level 1:colcon.colcon_core.package_identification:_identify(src/coverage_planner) by extension 'ignore_ament_install'
[0.226s] Level 1:colcon.colcon_core.package_identification:_identify(src/coverage_planner) by extensions ['colcon_pkg']
[0.226s] Level 1:colcon.colcon_core.package_identification:_identify(src/coverage_planner) by extension 'colcon_pkg'
[0.227s] Level 1:colcon.colcon_core.package_identification:_identify(src/coverage_planner) by extensions ['colcon_meta']
[0.227s] Level 1:colcon.colcon_core.package_identification:_identify(src/coverage_planner) by extension 'colcon_meta'
[0.227s] Level 1:colcon.colcon_core.package_identification:_identify(src/coverage_planner) by extensions ['ros']
[0.227s] Level 1:colcon.colcon_core.package_identification:_identify(src/coverage_planner) by extension 'ros'
[0.227s] DEBUG:colcon.colcon_core.package_identification:Package 'src/coverage_planner' with type 'ros.ament_python' and name 'coverage_planner'
[0.227s] Level 1:colcon.colcon_core.package_identification:_identify(src/coverage_tracker) by extensions ['ignore', 'ignore_ament_install']
[0.227s] Level 1:colcon.colcon_core.package_identification:_identify(src/coverage_tracker) by extension 'ignore'
[0.227s] Level 1:colcon.colcon_core.package_identification:_identify(src/coverage_tracker) by extension 'ignore_ament_install'
[0.227s] Level 1:colcon.colcon_core.package_identification:_identify(src/coverage_tracker) by extensions ['colcon_pkg']
[0.227s] Level 1:colcon.colcon_core.package_identification:_identify(src/coverage_tracker) by extension 'colcon_pkg'
[0.227s] Level 1:colcon.colcon_core.package_identification:_identify(src/coverage_tracker) by extensions ['colcon_meta']
[0.227s] Level 1:colcon.colcon_core.package_identification:_identify(src/coverage_tracker) by extension 'colcon_meta'
[0.227s] Level 1:colcon.colcon_core.package_identification:_identify(src/coverage_tracker) by extensions ['ros']
[0.227s] Level 1:colcon.colcon_core.package_identification:_identify(src/coverage_tracker) by extension 'ros'
[0.228s] DEBUG:colcon.colcon_core.package_identification:Package 'src/coverage_tracker' with type 'ros.ament_python' and name 'coverage_tracker'
[0.228s] Level 1:colcon.colcon_core.package_identification:_identify(src/coverage_webots) by extensions ['ignore', 'ignore_ament_install']
[0.228s] Level 1:colcon.colcon_core.package_identification:_identify(src/coverage_webots) by extension 'ignore'
[0.228s] Level 1:colcon.colcon_core.package_identification:_identify(src/coverage_webots) by extension 'ignore_ament_install'
[0.228s] Level 1:colcon.colcon_core.package_identification:_identify(src/coverage_webots) by extensions ['colcon_pkg']
[0.228s] Level 1:colcon.colcon_core.package_identification:_identify(src/coverage_webots) by extension 'colcon_pkg'
[0.228s] Level 1:colcon.colcon_core.package_identification:_identify(src/coverage_webots) by extensions ['colcon_meta']
[0.228s] Level 1:colcon.colcon_core.package_identification:_identify(src/coverage_webots) by extension 'colcon_meta'
[0.228s] Level 1:colcon.colcon_core.package_identification:_identify(src/coverage_webots) by extensions ['ros']
[0.228s] Level 1:colcon.colcon_core.package_identification:_identify(src/coverage_webots) by extension 'ros'
[0.228s] DEBUG:colcon.colcon_core.package_identification:Package 'src/coverage_webots' with type 'ros.ament_python' and name 'coverage_webots'
[0.228s] Level 1:colcon.colcon_core.package_identification:_identify(src/zigzag_planner) by extensions ['ignore', 'ignore_ament_install']
[0.229s] Level 1:colcon.colcon_core.package_identification:_identify(src/zigzag_planner) by extension 'ignore'
[0.229s] Level 1:colcon.colcon_core.package_identification:_identify(src/zigzag_planner) by extension 'ignore_ament_install'
[0.229s] Level 1:colcon.colcon_core.package_identification:_identify(src/zigzag_planner) by extensions ['colcon_pkg']
[0.229s] Level 1:colcon.colcon_core.package_identification:_identify(src/zigzag_planner) by extension 'colcon_pkg'
[0.229s] Level 1:colcon.colcon_core.package_identification:_identify(src/zigzag_planner) by extensions ['colcon_meta']
[0.229s] Level 1:colcon.colcon_core.package_identification:_identify(src/zigzag_planner) by extension 'colcon_meta'
[0.229s] Level 1:colcon.colcon_core.package_identification:_identify(src/zigzag_planner) by extensions ['ros']
[0.229s] Level 1:colcon.colcon_core.package_identification:_identify(src/zigzag_planner) by extension 'ros'
[0.229s] DEBUG:colcon.colcon_core.package_identification:Package 'src/zigzag_planner' with type 'ros.ament_python' and name 'zigzag_planner'
[0.229s] Level 1:colcon.colcon_core.package_discovery:discover_packages(recursive) using defaults
[0.229s] Level 1:colcon.colcon_core.package_discovery:discover_packages(ignore) discover
[0.229s] Level 1:colcon.colcon_core.package_discovery:discover_packages(ignore) using defaults
[0.229s] Level 1:colcon.colcon_core.package_discovery:discover_packages(path) discover
[0.229s] Level 1:colcon.colcon_core.package_discovery:discover_packages(path) using defaults
[0.246s] Level 1:colcon.colcon_core.package_discovery:discover_packages(prefix_path) check parameters
[0.246s] Level 1:colcon.colcon_core.package_discovery:discover_packages(prefix_path) discover
[0.248s] DEBUG:colcon.colcon_installed_package_information.package_discovery:Found 19 installed packages in /root/ros2_ws/install
[0.249s] DEBUG:colcon.colcon_installed_package_information.package_discovery:Found 301 installed packages in /opt/ros/humble
[0.260s] Level 1:colcon.colcon_core.package_discovery:discover_packages(prefix_path) using defaults
[0.293s] Level 5:colcon.colcon_core.verb:set package 'coverage_metrics' build argument 'cmake_args' from command line to 'None'
[0.293s] Level 5:colcon.colcon_core.verb:set package 'coverage_metrics' build argument 'cmake_target' from command line to 'None'
[0.293s] Level 5:colcon.colcon_core.verb:set package 'coverage_metrics' build argument 'cmake_target_skip_unavailable' from command line to 'False'
[0.293s] Level 5:colcon.colcon_core.verb:set package 'coverage_metrics' build argument 'cmake_clean_cache' from command line to 'False'
[0.293s] Level 5:colcon.colcon_core.verb:set package 'coverage_metrics' build argument 'cmake_clean_first' from command line to 'False'
[0.293s] Level 5:colcon.colcon_core.verb:set package 'coverage_metrics' build argument 'cmake_force_configure' from command line to 'False'
[0.293s] Level 5:colcon.colcon_core.verb:set package 'coverage_metrics' build argument 'ament_cmake_args' from command line to 'None'
[0.293s] Level 5:colcon.colcon_core.verb:set package 'coverage_metrics' build argument 'catkin_cmake_args' from command line to 'None'
[0.293s] Level 5:colcon.colcon_core.verb:set package 'coverage_metrics' build argument 'catkin_skip_building_tests' from command line to 'False'
[0.293s] DEBUG:colcon.colcon_core.verb:Building package 'coverage_metrics' with the following arguments: {'ament_cmake_args': None, 'build_base': '/root/ros2_ws/build/coverage_metrics', 'catkin_cmake_args': None, 'catkin_skip_building_tests': False, 'cmake_args': None, 'cmake_clean_cache': False, 'cmake_clean_first': False, 'cmake_force_configure': False, 'cmake_target': None, 'cmake_target_skip_unavailable': False, 'install_base': '/root/ros2_ws/install/coverage_metrics', 'merge_install': False, 'path': '/root/ros2_ws/src/coverage_metrics', 'symlink_install': False, 'test_result_base': None}
[0.293s] Level 5:colcon.colcon_core.verb:set package 'coverage_planner' build argument 'cmake_args' from command line to 'None'
[0.293s] Level 5:colcon.colcon_core.verb:set package 'coverage_planner' build argument 'cmake_target' from command line to 'None'
[0.293s] Level 5:colcon.colcon_core.verb:set package 'coverage_planner' build argument 'cmake_target_skip_unavailable' from command line to 'False'
[0.293s] Level 5:colcon.colcon_core.verb:set package 'coverage_planner' build argument 'cmake_clean_cache' from command line to 'False'
[0.293s] Level 5:colcon.colcon_core.verb:set package 'coverage_planner' build argument 'cmake_clean_first' from command line to 'False'
[0.293s] Level 5:colcon.colcon_core.verb:set package 'coverage_planner' build argument 'cmake_force_configure' from command line to 'False'
[0.293s] Level 5:colcon.colcon_core.verb:set package 'coverage_planner' build argument 'ament_cmake_args' from command line to 'None'
[0.293s] Level 5:colcon.colcon_core.verb:set package 'coverage_planner' build argument 'catkin_cmake_args' from command line to 'None'
[0.293s] Level 5:colcon.colcon_core.verb:set package 'coverage_planner' build argument 'catkin_skip_building_tests' from command line to 'False'
[0.293s] DEBUG:colcon.colcon_core.verb:Building package 'coverage_planner' with the following arguments: {'ament_cmake_args': None, 'build_base': '/root/ros2_ws/build/coverage_planner', 'catkin_cmake_args': None, 'catkin_skip_building_tests': False, 'cmake_args': None, 'cmake_clean_cache': False, 'cmake_clean_first': False, 'cmake_force_configure': False, 'cmake_target': None, 'cmake_target_skip_unavailable': False, 'install_base': '/root/ros2_ws/install/coverage_planner', 'merge_install': False, 'path': '/root/ros2_ws/src/coverage_planner', 'symlink_install': False, 'test_result_base': None}
[0.294s] Level 5:colcon.colcon_core.verb:set package 'coverage_tracker' build argument 'cmake_args' from command line to 'None'
[0.294s] Level 5:colcon.colcon_core.verb:set package 'coverage_tracker' build argument 'cmake_target' from command line to 'None'
[0.294s] Level 5:colcon.colcon_core.verb:set package 'coverage_tracker' build argument 'cmake_target_skip_unavailable' from command line to 'False'
[0.294s] Level 5:colcon.colcon_core.verb:set package 'coverage_tracker' build argument 'cmake_clean_cache' from command line to 'False'
[0.294s] Level 5:colcon.colcon_core.verb:set package 'coverage_tracker' build argument 'cmake_clean_first' from command line to 'False'
[0.294s] Level 5:colcon.colcon_core.verb:set package 'coverage_tracker' build argument 'cmake_force_configure' from command line to 'False'
[0.294s] Level 5:colcon.colcon_core.verb:set package 'coverage_tracker' build argument 'ament_cmake_args' from command line to 'None'
[0.294s] Level 5:colcon.colcon_core.verb:set package 'coverage_tracker' build argument 'catkin_cmake_args' from command line to 'None'
[0.294s] Level 5:colcon.colcon_core.verb:set package 'coverage_tracker' build argument 'catkin_skip_building_tests' from command line to 'False'
[0.294s] DEBUG:colcon.colcon_core.verb:Building package 'coverage_tracker' with the following arguments: {'ament_cmake_args': None, 'build_base': '/root/ros2_ws/build/coverage_tracker', 'catkin_cmake_args': None, 'catkin_skip_building_tests': False, 'cmake_args': None, 'cmake_clean_cache': False, 'cmake_clean_first': False, 'cmake_force_configure': False, 'cmake_target': None, 'cmake_target_skip_unavailable': False, 'install_base': '/root/ros2_ws/install/coverage_tracker', 'merge_install': False, 'path': '/root/ros2_ws/src/coverage_tracker', 'symlink_install': False, 'test_result_base': None}
[0.294s] Level 5:colcon.colcon_core.verb:set package 'coverage_webots' build argument 'cmake_args' from command line to 'None'
[0.294s] Level 5:colcon.colcon_core.verb:set package 'coverage_webots' build argument 'cmake_target' from command line to 'None'
[0.294s] Level 5:colcon.colcon_core.verb:set package 'coverage_webots' build argument 'cmake_target_skip_unavailable' from command line to 'False'
[0.294s] Level 5:colcon.colcon_core.verb:set package 'coverage_webots' build argument 'cmake_clean_cache' from command line to 'False'
[0.294s] Level 5:colcon.colcon_core.verb:set package 'coverage_webots' build argument 'cmake_clean_first' from command line to 'False'
[0.294s] Level 5:colcon.colcon_core.verb:set package 'coverage_webots' build argument 'cmake_force_configure' from command line to 'False'
[0.294s] Level 5:colcon.colcon_core.verb:set package 'coverage_webots' build argument 'ament_cmake_args' from command line to 'None'
[0.294s] Level 5:colcon.colcon_core.verb:set package 'coverage_webots' build argument 'catkin_cmake_args' from command line to 'None'
[0.294s] Level 5:colcon.colcon_core.verb:set package 'coverage_webots' build argument 'catkin_skip_building_tests' from command line to 'False'
[0.294s] DEBUG:colcon.colcon_core.verb:Building package 'coverage_webots' with the following arguments: {'ament_cmake_args': None, 'build_base': '/root/ros2_ws/build/coverage_webots', 'catkin_cmake_args': None, 'catkin_skip_building_tests': False, 'cmake_args': None, 'cmake_clean_cache': False, 'cmake_clean_first': False, 'cmake_force_configure': False, 'cmake_target': None, 'cmake_target_skip_unavailable': False, 'install_base': '/root/ros2_ws/install/coverage_webots', 'merge_install': False, 'path': '/root/ros2_ws/src/coverage_webots', 'symlink_install': False, 'test_result_base': None}
[0.295s] Level 5:colcon.colcon_core.verb:set package 'zigzag_planner' build argument 'cmake_args' from command line to 'None'
[0.295s] Level 5:colcon.colcon_core.verb:set package 'zigzag_planner' build argument 'cmake_target' from command line to 'None'
[0.295s] Level 5:colcon.colcon_core.verb:set package 'zigzag_planner' build argument 'cmake_target_skip_unavailable' from command line to 'False'
[0.295s] Level 5:colcon.colcon_core.verb:set package 'zigzag_planner' build argument 'cmake_clean_cache' from command line to 'False'
[0.295s] Level 5:colcon.colcon_core.verb:set package 'zigzag_planner' build argument 'cmake_clean_first' from command line to 'False'
[0.295s] Level 5:colcon.colcon_core.verb:set package 'zigzag_planner' build argument 'cmake_force_configure' from command line to 'False'
[0.295s] Level 5:colcon.colcon_core.verb:set package 'zigzag_planner' build argument 'ament_cmake_args' from command line to 'None'
[0.295s] Level 5:colcon.colcon_core.verb:set package 'zigzag_planner' build argument 'catkin_cmake_args' from command line to 'None'
[0.295s] Level 5:colcon.colcon_core.verb:set package 'zigzag_planner' build argument 'catkin_skip_building_tests' from command line to 'False'
[0.295s] DEBUG:colcon.colcon_core.verb:Building package 'zigzag_planner' with the following arguments: {'ament_cmake_args': None, 'build_base': '/root/ros2_ws/build/zigzag_planner', 'catkin_cmake_args': None, 'catkin_skip_building_tests': False, 'cmake_args': None, 'cmake_clean_cache': False, 'cmake_clean_first': False, 'cmake_force_configure': False, 'cmake_target': None, 'cmake_target_skip_unavailable': False, 'install_base': '/root/ros2_ws/install/zigzag_planner', 'merge_install': False, 'path': '/root/ros2_ws/src/zigzag_planner', 'symlink_install': False, 'test_result_base': None}
[0.295s] INFO:colcon.colcon_core.executor:Executing jobs using 'parallel' executor
[0.296s] DEBUG:colcon.colcon_parallel_executor.executor.parallel:run_until_complete
[0.296s] INFO:colcon.colcon_ros.task.ament_python.build:Building ROS package in '/root/ros2_ws/src/coverage_metrics' with build type 'ament_python'
[0.296s] Level 1:colcon.colcon_core.shell:create_environment_hook('coverage_metrics', 'ament_prefix_path')
[0.298s] INFO:colcon.colcon_core.plugin_system:Skipping extension 'colcon_core.shell.bat': Not used on non-Windows systems
[0.298s] INFO:colcon.colcon_core.shell:Creating environment hook '/root/ros2_ws/install/coverage_metrics/share/coverage_metrics/hook/ament_prefix_path.ps1'
[0.299s] INFO:colcon.colcon_core.shell:Creating environment descriptor '/root/ros2_ws/install/coverage_metrics/share/coverage_metrics/hook/ament_prefix_path.dsv'
[0.299s] INFO:colcon.colcon_core.shell:Creating environment hook '/root/ros2_ws/install/coverage_metrics/share/coverage_metrics/hook/ament_prefix_path.sh'
[0.300s] INFO:colcon.colcon_core.shell:Skip shell extension 'powershell' for command environment: Not usable outside of PowerShell
[0.300s] DEBUG:colcon.colcon_core.shell:Skip shell extension 'dsv' for command environment
[0.304s] INFO:colcon.colcon_ros.task.ament_python.build:Building ROS package in '/root/ros2_ws/src/coverage_planner' with build type 'ament_python'
[0.304s] Level 1:colcon.colcon_core.shell:create_environment_hook('coverage_planner', 'ament_prefix_path')
[0.304s] INFO:colcon.colcon_core.shell:Creating environment hook '/root/ros2_ws/install/coverage_planner/share/coverage_planner/hook/ament_prefix_path.ps1'
[0.304s] INFO:colcon.colcon_core.shell:Creating environment descriptor '/root/ros2_ws/install/coverage_planner/share/coverage_planner/hook/ament_prefix_path.dsv'
[0.304s] INFO:colcon.colcon_core.shell:Creating environment hook '/root/ros2_ws/install/coverage_planner/share/coverage_planner/hook/ament_prefix_path.sh'
[0.305s] INFO:colcon.colcon_core.shell:Skip shell extension 'powershell' for command environment: Not usable outside of PowerShell
[0.305s] DEBUG:colcon.colcon_core.shell:Skip shell extension 'dsv' for command environment
[0.308s] INFO:colcon.colcon_ros.task.ament_python.build:Building ROS package in '/root/ros2_ws/src/coverage_tracker' with build type 'ament_python'
[0.308s] Level 1:colcon.colcon_core.shell:create_environment_hook('coverage_tracker', 'ament_prefix_path')
[0.309s] INFO:colcon.colcon_core.shell:Creating environment hook '/root/ros2_ws/install/coverage_tracker/share/coverage_tracker/hook/ament_prefix_path.ps1'
[0.309s] INFO:colcon.colcon_core.shell:Creating environment descriptor '/root/ros2_ws/install/coverage_tracker/share/coverage_tracker/hook/ament_prefix_path.dsv'
[0.309s] INFO:colcon.colcon_core.shell:Creating environment hook '/root/ros2_ws/install/coverage_tracker/share/coverage_tracker/hook/ament_prefix_path.sh'
[0.310s] INFO:colcon.colcon_core.shell:Skip shell extension 'powershell' for command environment: Not usable outside of PowerShell
[0.310s] DEBUG:colcon.colcon_core.shell:Skip shell extension 'dsv' for command environment
[0.313s] INFO:colcon.colcon_ros.task.ament_python.build:Building ROS package in '/root/ros2_ws/src/coverage_webots' with build type 'ament_python'
[0.313s] Level 1:colcon.colcon_core.shell:create_environment_hook('coverage_webots', 'ament_prefix_path')
[0.313s] INFO:colcon.colcon_core.shell:Creating environment hook '/root/ros2_ws/install/coverage_webots/share/coverage_webots/hook/ament_prefix_path.ps1'
[0.314s] INFO:colcon.colcon_core.shell:Creating environment descriptor '/root/ros2_ws/install/coverage_webots/share/coverage_webots/hook/ament_prefix_path.dsv'
[0.314s] INFO:colcon.colcon_core.shell:Creating environment hook '/root/ros2_ws/install/coverage_webots/share/coverage_webots/hook/ament_prefix_path.sh'
[0.314s] INFO:colcon.colcon_core.shell:Skip shell extension 'powershell' for command environment: Not usable outside of PowerShell
[0.314s] DEBUG:colcon.colcon_core.shell:Skip shell extension 'dsv' for command environment
[0.318s] INFO:colcon.colcon_ros.task.ament_python.build:Building ROS package in '/root/ros2_ws/src/zigzag_planner' with build type 'ament_python'
[0.318s] Level 1:colcon.colcon_core.shell:create_environment_hook('zigzag_planner', 'ament_prefix_path')
[0.318s] INFO:colcon.colcon_core.shell:Creating environment hook '/root/ros2_ws/install/zigzag_planner/share/zigzag_planner/hook/ament_prefix_path.ps1'
[0.318s] INFO:colcon.colcon_core.shell:Creating environment descriptor '/root/ros2_ws/install/zigzag_planner/share/zigzag_planner/hook/ament_prefix_path.dsv'
[0.319s] INFO:colcon.colcon_core.shell:Creating environment hook '/root/ros2_ws/install/zigzag_planner/share/zigzag_planner/hook/ament_prefix_path.sh'
[0.319s] INFO:colcon.colcon_core.shell:Skip shell extension 'powershell' for command environment: Not usable outside of PowerShell
[0.319s] DEBUG:colcon.colcon_core.shell:Skip shell extension 'dsv' for command environment
[0.524s] INFO:colcon.colcon_core.task.python.build:Building Python package in '/root/ros2_ws/src/coverage_metrics'
[0.525s] INFO:colcon.colcon_core.shell:Skip shell extension 'powershell' for command environment: Not usable outside of PowerShell
[0.525s] DEBUG:colcon.colcon_core.shell:Skip shell extension 'dsv' for command environment
[0.732s] INFO:colcon.colcon_core.task.python.build:Building Python package in '/root/ros2_ws/src/coverage_planner'
[0.732s] INFO:colcon.colcon_core.shell:Skip shell extension 'powershell' for command environment: Not usable outside of PowerShell
[0.732s] DEBUG:colcon.colcon_core.shell:Skip shell extension 'dsv' for command environment
[0.939s] INFO:colcon.colcon_core.task.python.build:Building Python package in '/root/ros2_ws/src/coverage_tracker'
[0.940s] INFO:colcon.colcon_core.shell:Skip shell extension 'powershell' for command environment: Not usable outside of PowerShell
[0.940s] DEBUG:colcon.colcon_core.shell:Skip shell extension 'dsv' for command environment
[1.152s] INFO:colcon.colcon_core.task.python.build:Building Python package in '/root/ros2_ws/src/coverage_webots'
[1.152s] INFO:colcon.colcon_core.shell:Skip shell extension 'powershell' for command environment: Not usable outside of PowerShell
[1.152s] DEBUG:colcon.colcon_core.shell:Skip shell extension 'dsv' for command environment
[1.356s] INFO:colcon.colcon_core.task.python.build:Building Python package in '/root/ros2_ws/src/zigzag_planner'
[1.357s] INFO:colcon.colcon_core.shell:Skip shell extension 'powershell' for command environment: Not usable outside of PowerShell
[1.357s] DEBUG:colcon.colcon_core.shell:Skip shell extension 'dsv' for command environment
[1.694s] DEBUG:colcon.colcon_core.event_handler.log_command:Invoking command in '/root/ros2_ws/src/coverage_planner': PYTHONPATH=/root/ros2_ws/build/coverage_planner/prefix_override:/usr/lib/python3/dist-packages/colcon_core/task/python/colcon_distutils_commands:/root/ros2_ws/install/coverage_planner/lib/python3.10/site-packages:${PYTHONPATH} /usr/bin/python3 -W ignore:setup.py install is deprecated -W ignore:easy_install command is deprecated setup.py egg_info --egg-base ../../build/coverage_planner build --build-base /root/ros2_ws/build/coverage_planner/build install --record /root/ros2_ws/build/coverage_planner/install.log --single-version-externally-managed install_data
[1.698s] DEBUG:colcon.colcon_core.event_handler.log_command:Invoking command in '/root/ros2_ws/src/coverage_tracker': PYTHONPATH=/root/ros2_ws/build/coverage_tracker/prefix_override:/usr/lib/python3/dist-packages/colcon_core/task/python/colcon_distutils_commands:/root/ros2_ws/install/coverage_tracker/lib/python3.10/site-packages:${PYTHONPATH} /usr/bin/python3 -W ignore:setup.py install is deprecated -W ignore:easy_install command is deprecated setup.py egg_info --egg-base ../../build/coverage_tracker build --build-base /root/ros2_ws/build/coverage_tracker/build install --record /root/ros2_ws/build/coverage_tracker/install.log --single-version-externally-managed install_data
[1.702s] DEBUG:colcon.colcon_core.event_handler.log_command:Invoking command in '/root/ros2_ws/src/coverage_metrics': PYTHONPATH=/root/ros2_ws/build/coverage_metrics/prefix_override:/usr/lib/python3/dist-packages/colcon_core/task/python/colcon_distutils_commands:/root/ros2_ws/install/coverage_metrics/lib/python3.10/site-packages:${PYTHONPATH} /usr/bin/python3 -W ignore:setup.py install is deprecated -W ignore:easy_install command is deprecated setup.py egg_info --egg-base ../../build/coverage_metrics build --build-base /root/ros2_ws/build/coverage_metrics/build install --record /root/ros2_ws/build/coverage_metrics/install.log --single-version-externally-managed install_data
[1.705s] DEBUG:colcon.colcon_core.event_handler.log_command:Invoking command in '/root/ros2_ws/src/coverage_webots': PYTHONPATH=/root/ros2_ws/build/coverage_webots/prefix_override:/usr/lib/python3/dist-packages/colcon_core/task/python/colcon_distutils_commands:/root/ros2_ws/install/coverage_webots/lib/python3.10/site-packages:${PYTHONPATH} /usr/bin/python3 -W ignore:setup.py install is deprecated -W ignore:easy_install command is deprecated setup.py egg_info --egg-base ../../build/coverage_webots build --build-base /root/ros2_ws/build/coverage_webots/build install --record /root/ros2_ws/build/coverage_webots/install.log --single-version-externally-managed install_data
[1.706s] DEBUG:colcon.colcon_core.event_handler.log_command:Invoking command in '/root/ros2_ws/src/zigzag_planner': PYTHONPATH=/root/ros2_ws/build/zigzag_planner/prefix_override:/usr/lib/python3/dist-packages/colcon_core/task/python/colcon_distutils_commands:/root/ros2_ws/install/zigzag_planner/lib/python3.10/site-packages:${PYTHONPATH} /usr/bin/python3 -W ignore:setup.py install is deprecated -W ignore:easy_install command is deprecated setup.py egg_info --egg-base ../../build/zigzag_planner build --build-base /root/ros2_ws/build/zigzag_planner/build install --record /root/ros2_ws/build/zigzag_planner/install.log --single-version-externally-managed install_data
[1.975s] DEBUG:colcon.colcon_core.event_handler.log_command:Invoked command in '/root/ros2_ws/src/coverage_tracker' returned '0': PYTHONPATH=/root/ros2_ws/build/coverage_tracker/prefix_override:/usr/lib/python3/dist-packages/colcon_core/task/python/colcon_distutils_commands:/root/ros2_ws/install/coverage_tracker/lib/python3.10/site-packages:${PYTHONPATH} /usr/bin/python3 -W ignore:setup.py install is deprecated -W ignore:easy_install command is deprecated setup.py egg_info --egg-base ../../build/coverage_tracker build --build-base /root/ros2_ws/build/coverage_tracker/build install --record /root/ros2_ws/build/coverage_tracker/install.log --single-version-externally-managed install_data
[1.978s] Level 1:colcon.colcon_core.environment:checking '/root/ros2_ws/install/coverage_tracker' for CMake module files
[1.978s] Level 1:colcon.colcon_core.environment:checking '/root/ros2_ws/install/coverage_tracker' for CMake config files
[1.979s] Level 1:colcon.colcon_core.environment:checking '/root/ros2_ws/install/coverage_tracker/lib'
[1.979s] Level 1:colcon.colcon_core.environment:checking '/root/ros2_ws/install/coverage_tracker/bin'
[1.979s] Level 1:colcon.colcon_core.environment:checking '/root/ros2_ws/install/coverage_tracker/lib/pkgconfig/coverage_tracker.pc'
[1.979s] Level 1:colcon.colcon_core.environment:checking '/root/ros2_ws/install/coverage_tracker/lib/python3.10/site-packages'
[1.979s] Level 1:colcon.colcon_core.shell:create_environment_hook('coverage_tracker', 'pythonpath')
[1.980s] INFO:colcon.colcon_core.shell:Creating environment hook '/root/ros2_ws/install/coverage_tracker/share/coverage_tracker/hook/pythonpath.ps1'
[1.980s] INFO:colcon.colcon_core.shell:Creating environment descriptor '/root/ros2_ws/install/coverage_tracker/share/coverage_tracker/hook/pythonpath.dsv'
[1.980s] INFO:colcon.colcon_core.shell:Creating environment hook '/root/ros2_ws/install/coverage_tracker/share/coverage_tracker/hook/pythonpath.sh'
[1.981s] Level 1:colcon.colcon_core.environment:checking '/root/ros2_ws/install/coverage_tracker/bin'
[1.981s] Level 1:colcon.colcon_core.environment:create_environment_scripts_only(coverage_tracker)
[1.981s] INFO:colcon.colcon_core.shell:Creating package script '/root/ros2_ws/install/coverage_tracker/share/coverage_tracker/package.ps1'
[1.982s] INFO:colcon.colcon_core.shell:Creating package descriptor '/root/ros2_ws/install/coverage_tracker/share/coverage_tracker/package.dsv'
[1.982s] INFO:colcon.colcon_core.shell:Creating package script '/root/ros2_ws/install/coverage_tracker/share/coverage_tracker/package.sh'
[1.983s] INFO:colcon.colcon_core.shell:Creating package script '/root/ros2_ws/install/coverage_tracker/share/coverage_tracker/package.bash'
[1.983s] INFO:colcon.colcon_core.shell:Creating package script '/root/ros2_ws/install/coverage_tracker/share/coverage_tracker/package.zsh'
[1.984s] Level 1:colcon.colcon_core.environment:create_file_with_runtime_dependencies(/root/ros2_ws/install/coverage_tracker/share/colcon-core/packages/coverage_tracker)
[1.986s] Level 1:colcon.colcon_core.environment:checking '/root/ros2_ws/install/zigzag_planner' for CMake module files
[1.986s] DEBUG:colcon.colcon_core.event_handler.log_command:Invoked command in '/root/ros2_ws/src/zigzag_planner' returned '0': PYTHONPATH=/root/ros2_ws/build/zigzag_planner/prefix_override:/usr/lib/python3/dist-packages/colcon_core/task/python/colcon_distutils_commands:/root/ros2_ws/install/zigzag_planner/lib/python3.10/site-packages:${PYTHONPATH} /usr/bin/python3 -W ignore:setup.py install is deprecated -W ignore:easy_install command is deprecated setup.py egg_info --egg-base ../../build/zigzag_planner build --build-base /root/ros2_ws/build/zigzag_planner/build install --record /root/ros2_ws/build/zigzag_planner/install.log --single-version-externally-managed install_data
[1.986s] Level 1:colcon.colcon_core.environment:checking '/root/ros2_ws/install/zigzag_planner' for CMake config files
[1.987s] Level 1:colcon.colcon_core.environment:checking '/root/ros2_ws/install/zigzag_planner/lib'
[1.987s] Level 1:colcon.colcon_core.environment:checking '/root/ros2_ws/install/zigzag_planner/bin'
[1.987s] Level 1:colcon.colcon_core.environment:checking '/root/ros2_ws/install/zigzag_planner/lib/pkgconfig/zigzag_planner.pc'
[1.987s] Level 1:colcon.colcon_core.environment:checking '/root/ros2_ws/install/zigzag_planner/lib/python3.10/site-packages'
[1.987s] Level 1:colcon.colcon_core.shell:create_environment_hook('zigzag_planner', 'pythonpath')
[1.987s] INFO:colcon.colcon_core.shell:Creating environment hook '/root/ros2_ws/install/zigzag_planner/share/zigzag_planner/hook/pythonpath.ps1'
[1.988s] INFO:colcon.colcon_core.shell:Creating environment descriptor '/root/ros2_ws/install/zigzag_planner/share/zigzag_planner/hook/pythonpath.dsv'
[1.988s] INFO:colcon.colcon_core.shell:Creating environment hook '/root/ros2_ws/install/zigzag_planner/share/zigzag_planner/hook/pythonpath.sh'
[1.989s] Level 1:colcon.colcon_core.environment:checking '/root/ros2_ws/install/zigzag_planner/bin'
[1.989s] Level 1:colcon.colcon_core.environment:create_environment_scripts_only(zigzag_planner)
[1.989s] INFO:colcon.colcon_core.shell:Creating package script '/root/ros2_ws/install/zigzag_planner/share/zigzag_planner/package.ps1'
[1.989s] INFO:colcon.colcon_core.shell:Creating package descriptor '/root/ros2_ws/install/zigzag_planner/share/zigzag_planner/package.dsv'
[1.990s] INFO:colcon.colcon_core.shell:Creating package script '/root/ros2_ws/install/zigzag_planner/share/zigzag_planner/package.sh'
[1.990s] INFO:colcon.colcon_core.shell:Creating package script '/root/ros2_ws/install/zigzag_planner/share/zigzag_planner/package.bash'
[1.990s] INFO:colcon.colcon_core.shell:Creating package script '/root/ros2_ws/install/zigzag_planner/share/zigzag_planner/package.zsh'
[1.990s] Level 1:colcon.colcon_core.environment:create_file_with_runtime_dependencies(/root/ros2_ws/install/zigzag_planner/share/colcon-core/packages/zigzag_planner)
[1.991s] Level 1:colcon.colcon_core.environment:checking '/root/ros2_ws/install/coverage_planner' for CMake module files
[1.991s] DEBUG:colcon.colcon_core.event_handler.log_command:Invoked command in '/root/ros2_ws/src/coverage_planner' returned '0': PYTHONPATH=/root/ros2_ws/build/coverage_planner/prefix_override:/usr/lib/python3/dist-packages/colcon_core/task/python/colcon_distutils_commands:/root/ros2_ws/install/coverage_planner/lib/python3.10/site-packages:${PYTHONPATH} /usr/bin/python3 -W ignore:setup.py install is deprecated -W ignore:easy_install command is deprecated setup.py egg_info --egg-base ../../build/coverage_planner build --build-base /root/ros2_ws/build/coverage_planner/build install --record /root/ros2_ws/build/coverage_planner/install.log --single-version-externally-managed install_data
[1.992s] Level 1:colcon.colcon_core.environment:checking '/root/ros2_ws/install/coverage_planner' for CMake config files
[1.992s] Level 1:colcon.colcon_core.environment:checking '/root/ros2_ws/install/coverage_planner/lib'
[1.992s] Level 1:colcon.colcon_core.environment:checking '/root/ros2_ws/install/coverage_planner/bin'
[1.992s] Level 1:colcon.colcon_core.environment:checking '/root/ros2_ws/install/coverage_planner/lib/pkgconfig/coverage_planner.pc'
[1.992s] Level 1:colcon.colcon_core.environment:checking '/root/ros2_ws/install/coverage_planner/lib/python3.10/site-packages'
[1.992s] Level 1:colcon.colcon_core.shell:create_environment_hook('coverage_planner', 'pythonpath')
[1.993s] INFO:colcon.colcon_core.shell:Creating environment hook '/root/ros2_ws/install/coverage_planner/share/coverage_planner/hook/pythonpath.ps1'
[1.993s] INFO:colcon.colcon_core.shell:Creating environment descriptor '/root/ros2_ws/install/coverage_planner/share/coverage_planner/hook/pythonpath.dsv'
[1.993s] INFO:colcon.colcon_core.shell:Creating environment hook '/root/ros2_ws/install/coverage_planner/share/coverage_planner/hook/pythonpath.sh'
[1.994s] Level 1:colcon.colcon_core.environment:checking '/root/ros2_ws/install/coverage_planner/bin'
[1.994s] Level 1:colcon.colcon_core.environment:create_environment_scripts_only(coverage_planner)
[1.994s] INFO:colcon.colcon_core.shell:Creating package script '/root/ros2_ws/install/coverage_planner/share/coverage_planner/package.ps1'
[1.994s] INFO:colcon.colcon_core.shell:Creating package descriptor '/root/ros2_ws/install/coverage_planner/share/coverage_planner/package.dsv'
[1.995s] INFO:colcon.colcon_core.shell:Creating package script '/root/ros2_ws/install/coverage_planner/share/coverage_planner/package.sh'
[1.995s] INFO:colcon.colcon_core.shell:Creating package script '/root/ros2_ws/install/coverage_planner/share/coverage_planner/package.bash'
[1.995s] INFO:colcon.colcon_core.shell:Creating package script '/root/ros2_ws/install/coverage_planner/share/coverage_planner/package.zsh'
[1.996s] Level 1:colcon.colcon_core.environment:create_file_with_runtime_dependencies(/root/ros2_ws/install/coverage_planner/share/colcon-core/packages/coverage_planner)
[1.996s] Level 1:colcon.colcon_core.environment:checking '/root/ros2_ws/install/coverage_metrics' for CMake module files
[1.996s] DEBUG:colcon.colcon_core.event_handler.log_command:Invoked command in '/root/ros2_ws/src/coverage_metrics' returned '0': PYTHONPATH=/root/ros2_ws/build/coverage_metrics/prefix_override:/usr/lib/python3/dist-packages/colcon_core/task/python/colcon_distutils_commands:/root/ros2_ws/install/coverage_metrics/lib/python3.10/site-packages:${PYTHONPATH} /usr/bin/python3 -W ignore:setup.py install is deprecated -W ignore:easy_install command is deprecated setup.py egg_info --egg-base ../../build/coverage_metrics build --build-base /root/ros2_ws/build/coverage_metrics/build install --record /root/ros2_ws/build/coverage_metrics/install.log --single-version-externally-managed install_data
[1.997s] Level 1:colcon.colcon_core.environment:checking '/root/ros2_ws/install/coverage_metrics' for CMake config files
[1.997s] Level 1:colcon.colcon_core.environment:checking '/root/ros2_ws/install/coverage_metrics/lib'
[1.997s] Level 1:colcon.colcon_core.environment:checking '/root/ros2_ws/install/coverage_metrics/bin'
[1.997s] Level 1:colcon.colcon_core.environment:checking '/root/ros2_ws/install/coverage_metrics/lib/pkgconfig/coverage_metrics.pc'
[1.997s] Level 1:colcon.colcon_core.environment:checking '/root/ros2_ws/install/coverage_metrics/lib/python3.10/site-packages'
[1.997s] Level 1:colcon.colcon_core.shell:create_environment_hook('coverage_metrics', 'pythonpath')
[1.997s] INFO:colcon.colcon_core.shell:Creating environment hook '/root/ros2_ws/install/coverage_metrics/share/coverage_metrics/hook/pythonpath.ps1'
[1.998s] INFO:colcon.colcon_core.shell:Creating environment descriptor '/root/ros2_ws/install/coverage_metrics/share/coverage_metrics/hook/pythonpath.dsv'
[1.998s] INFO:colcon.colcon_core.shell:Creating environment hook '/root/ros2_ws/install/coverage_metrics/share/coverage_metrics/hook/pythonpath.sh'
[1.998s] Level 1:colcon.colcon_core.environment:checking '/root/ros2_ws/install/coverage_metrics/bin'
[1.999s] Level 1:colcon.colcon_core.environment:create_environment_scripts_only(coverage_metrics)
[1.999s] INFO:colcon.colcon_core.shell:Creating package script '/root/ros2_ws/install/coverage_metrics/share/coverage_metrics/package.ps1'
[1.999s] INFO:colcon.colcon_core.shell:Creating package descriptor '/root/ros2_ws/install/coverage_metrics/share/coverage_metrics/package.dsv'
[1.999s] INFO:colcon.colcon_core.shell:Creating package script '/root/ros2_ws/install/coverage_metrics/share/coverage_metrics/package.sh'
[2.000s] INFO:colcon.colcon_core.shell:Creating package script '/root/ros2_ws/install/coverage_metrics/share/coverage_metrics/package.bash'
[2.000s] INFO:colcon.colcon_core.shell:Creating package script '/root/ros2_ws/install/coverage_metrics/share/coverage_metrics/package.zsh'
[2.000s] Level 1:colcon.colcon_core.environment:create_file_with_runtime_dependencies(/root/ros2_ws/install/coverage_metrics/share/colcon-core/packages/coverage_metrics)
[2.001s] Level 1:colcon.colcon_core.environment:checking '/root/ros2_ws/install/coverage_webots' for CMake module files
[2.002s] DEBUG:colcon.colcon_core.event_handler.log_command:Invoked command in '/root/ros2_ws/src/coverage_webots' returned '0': PYTHONPATH=/root/ros2_ws/build/coverage_webots/prefix_override:/usr/lib/python3/dist-packages/colcon_core/task/python/colcon_distutils_commands:/root/ros2_ws/install/coverage_webots/lib/python3.10/site-packages:${PYTHONPATH} /usr/bin/python3 -W ignore:setup.py install is deprecated -W ignore:easy_install command is deprecated setup.py egg_info --egg-base ../../build/coverage_webots build --build-base /root/ros2_ws/build/coverage_webots/build install --record /root/ros2_ws/build/coverage_webots/install.log --single-version-externally-managed install_data
[2.002s] Level 1:colcon.colcon_core.environment:checking '/root/ros2_ws/install/coverage_webots' for CMake config files
[2.002s] Level 1:colcon.colcon_core.environment:checking '/root/ros2_ws/install/coverage_webots/lib'
[2.002s] Level 1:colcon.colcon_core.environment:checking '/root/ros2_ws/install/coverage_webots/bin'
[2.002s] Level 1:colcon.colcon_core.environment:checking '/root/ros2_ws/install/coverage_webots/lib/pkgconfig/coverage_webots.pc'
[2.003s] Level 1:colcon.colcon_core.environment:checking '/root/ros2_ws/install/coverage_webots/lib/python3.10/site-packages'
[2.003s] Level 1:colcon.colcon_core.shell:create_environment_hook('coverage_webots', 'pythonpath')
[2.003s] INFO:colcon.colcon_core.shell:Creating environment hook '/root/ros2_ws/install/coverage_webots/share/coverage_webots/hook/pythonpath.ps1'
[2.003s] INFO:colcon.colcon_core.shell:Creating environment descriptor '/root/ros2_ws/install/coverage_webots/share/coverage_webots/hook/pythonpath.dsv'
[2.004s] INFO:colcon.colcon_core.shell:Creating environment hook '/root/ros2_ws/install/coverage_webots/share/coverage_webots/hook/pythonpath.sh'
[2.004s] Level 1:colcon.colcon_core.environment:checking '/root/ros2_ws/install/coverage_webots/bin'
[2.004s] Level 1:colcon.colcon_core.environment:create_environment_scripts_only(coverage_webots)
[2.004s] INFO:colcon.colcon_core.shell:Creating package script '/root/ros2_ws/install/coverage_webots/share/coverage_webots/package.ps1'
[2.005s] INFO:colcon.colcon_core.shell:Creating package descriptor '/root/ros2_ws/install/coverage_webots/share/coverage_webots/package.dsv'
[2.005s] INFO:colcon.colcon_core.shell:Creating package script '/root/ros2_ws/install/coverage_webots/share/coverage_webots/package.sh'
[2.005s] INFO:colcon.colcon_core.shell:Creating package script '/root/ros2_ws/install/coverage_webots/share/coverage_webots/package.bash'
[2.006s] INFO:colcon.colcon_core.shell:Creating package script '/root/ros2_ws/install/coverage_webots/share/coverage_webots/package.zsh'
[2.006s] Level 1:colcon.colcon_core.environment:create_file_with_runtime_dependencies(/root/ros2_ws/install/coverage_webots/share/colcon-core/packages/coverage_webots)
[2.006s] DEBUG:colcon.colcon_parallel_executor.executor.parallel:closing loop
[2.006s] DEBUG:colcon.colcon_parallel_executor.executor.parallel:loop closed
[2.007s] DEBUG:colcon.colcon_parallel_executor.executor.parallel:run_until_complete finished with '0'
[2.007s] DEBUG:colcon.colcon_core.event_reactor:joining thread
[2.011s] INFO:colcon.colcon_core.plugin_system:Skipping extension 'colcon_notification.desktop_notification.notify_send': Could not find 'notify-send'
[2.011s] INFO:colcon.colcon_core.plugin_system:Skipping extension 'colcon_notification.desktop_notification.terminal_notifier': Not used on non-Darwin systems
[2.011s] INFO:colcon.colcon_core.plugin_system:Skipping extension 'colcon_notification.desktop_notification.win32': Not used on non-Windows systems
[2.011s] INFO:colcon.colcon_notification.desktop_notification:Sending desktop notification using 'notify2'
[2.014s] DEBUG:colcon.colcon_notification.desktop_notification.notify2:Failed to initialize notify2: org.freedesktop.DBus.Error.Spawn.ExecFailed: /usr/bin/dbus-launch terminated abnormally without any error message
[2.014s] DEBUG:colcon.colcon_core.event_reactor:joined thread
[2.015s] INFO:colcon.colcon_core.shell:Creating prefix script '/root/ros2_ws/install/local_setup.ps1'
[2.015s] INFO:colcon.colcon_core.shell:Creating prefix util module '/root/ros2_ws/install/_local_setup_util_ps1.py'
[2.016s] INFO:colcon.colcon_core.shell:Creating prefix chain script '/root/ros2_ws/install/setup.ps1'
[2.018s] INFO:colcon.colcon_core.shell:Creating prefix script '/root/ros2_ws/install/local_setup.sh'
[2.018s] INFO:colcon.colcon_core.shell:Creating prefix util module '/root/ros2_ws/install/_local_setup_util_sh.py'
[2.019s] INFO:colcon.colcon_core.shell:Creating prefix chain script '/root/ros2_ws/install/setup.sh'
[2.020s] INFO:colcon.colcon_core.shell:Creating prefix script '/root/ros2_ws/install/local_setup.bash'
[2.021s] INFO:colcon.colcon_core.shell:Creating prefix chain script '/root/ros2_ws/install/setup.bash'
[2.022s] INFO:colcon.colcon_core.shell:Creating prefix script '/root/ros2_ws/install/local_setup.zsh'
[2.023s] INFO:colcon.colcon_core.shell:Creating prefix chain script '/root/ros2_ws/install/setup.zsh'
