[0.525s] Invoking command in '/root/ros2_ws/src/coverage_webots': PYTHONPATH=/root/ros2_ws/build/coverage_webots/prefix_override:/usr/lib/python3/dist-packages/colcon_core/task/python/colcon_distutils_commands:/root/ros2_ws/install/coverage_webots/lib/python3.10/site-packages:${PYTHONPATH} /usr/bin/python3 -W ignore:setup.py install is deprecated -W ignore:easy_install command is deprecated setup.py egg_info --egg-base ../../build/coverage_webots build --build-base /root/ros2_ws/build/coverage_webots/build install --record /root/ros2_ws/build/coverage_webots/install.log --single-version-externally-managed install_data
[0.737s] running egg_info
[0.738s] writing ../../build/coverage_webots/coverage_webots.egg-info/PKG-INFO
[0.738s] writing dependency_links to ../../build/coverage_webots/coverage_webots.egg-info/dependency_links.txt
[0.738s] writing entry points to ../../build/coverage_webots/coverage_webots.egg-info/entry_points.txt
[0.738s] writing requirements to ../../build/coverage_webots/coverage_webots.egg-info/requires.txt
[0.738s] writing top-level names to ../../build/coverage_webots/coverage_webots.egg-info/top_level.txt
[0.739s] reading manifest file '../../build/coverage_webots/coverage_webots.egg-info/SOURCES.txt'
[0.740s] writing manifest file '../../build/coverage_webots/coverage_webots.egg-info/SOURCES.txt'
[0.740s] running build
[0.740s] running build_py
[0.740s] copying coverage_webots/coverage_controller.py -> /root/ros2_ws/build/coverage_webots/build/lib/coverage_webots
[0.740s] running install
[0.741s] running install_lib
[0.741s] copying /root/ros2_ws/build/coverage_webots/build/lib/coverage_webots/coverage_controller.py -> /root/ros2_ws/install/coverage_webots/lib/python3.10/site-packages/coverage_webots
[0.741s] byte-compiling /root/ros2_ws/install/coverage_webots/lib/python3.10/site-packages/coverage_webots/coverage_controller.py to coverage_controller.cpython-310.pyc
[0.742s] running install_data
[0.743s] copying launch/project_launch.py -> /root/ros2_ws/install/coverage_webots/share/coverage_webots/launch
[0.743s] running install_egg_info
[0.744s] removing '/root/ros2_ws/install/coverage_webots/lib/python3.10/site-packages/coverage_webots-0.0.0-py3.10.egg-info' (and everything under it)
[0.744s] Copying ../../build/coverage_webots/coverage_webots.egg-info to /root/ros2_ws/install/coverage_webots/lib/python3.10/site-packages/coverage_webots-0.0.0-py3.10.egg-info
[0.745s] running install_scripts
[0.762s] Installing coverage_controller script to /root/ros2_ws/install/coverage_webots/lib/coverage_webots
[0.762s] writing list of installed files to '/root/ros2_ws/build/coverage_webots/install.log'
[0.784s] Invoked command in '/root/ros2_ws/src/coverage_webots' returned '0': PYTHONPATH=/root/ros2_ws/build/coverage_webots/prefix_override:/usr/lib/python3/dist-packages/colcon_core/task/python/colcon_distutils_commands:/root/ros2_ws/install/coverage_webots/lib/python3.10/site-packages:${PYTHONPATH} /usr/bin/python3 -W ignore:setup.py install is deprecated -W ignore:easy_install command is deprecated setup.py egg_info --egg-base ../../build/coverage_webots build --build-base /root/ros2_ws/build/coverage_webots/build install --record /root/ros2_ws/build/coverage_webots/install.log --single-version-externally-managed install_data
