running egg_info
creating ../../build/coverage_webots/coverage_webots.egg-info
writing ../../build/coverage_webots/coverage_webots.egg-info/PKG-INFO
writing dependency_links to ../../build/coverage_webots/coverage_webots.egg-info/dependency_links.txt
writing entry points to ../../build/coverage_webots/coverage_webots.egg-info/entry_points.txt
writing requirements to ../../build/coverage_webots/coverage_webots.egg-info/requires.txt
writing top-level names to ../../build/coverage_webots/coverage_webots.egg-info/top_level.txt
writing manifest file '../../build/coverage_webots/coverage_webots.egg-info/SOURCES.txt'
reading manifest file '../../build/coverage_webots/coverage_webots.egg-info/SOURCES.txt'
writing manifest file '../../build/coverage_webots/coverage_webots.egg-info/SOURCES.txt'
running build
running build_py
creating /root/ros2_ws/build/coverage_webots/build
creating /root/ros2_ws/build/coverage_webots/build/lib
creating /root/ros2_ws/build/coverage_webots/build/lib/coverage_webots
copying coverage_webots/__init__.py -> /root/ros2_ws/build/coverage_webots/build/lib/coverage_webots
running install
running install_lib
creating /root/ros2_ws/install/coverage_webots/lib/python3.10/site-packages/coverage_webots
copying /root/ros2_ws/build/coverage_webots/build/lib/coverage_webots/__init__.py -> /root/ros2_ws/install/coverage_webots/lib/python3.10/site-packages/coverage_webots
byte-compiling /root/ros2_ws/install/coverage_webots/lib/python3.10/site-packages/coverage_webots/__init__.py to __init__.cpython-310.pyc
running install_data
creating /root/ros2_ws/install/coverage_webots/share/ament_index
creating /root/ros2_ws/install/coverage_webots/share/ament_index/resource_index
creating /root/ros2_ws/install/coverage_webots/share/ament_index/resource_index/packages
copying resource/coverage_webots -> /root/ros2_ws/install/coverage_webots/share/ament_index/resource_index/packages
copying package.xml -> /root/ros2_ws/install/coverage_webots/share/coverage_webots
creating /root/ros2_ws/install/coverage_webots/share/coverage_webots/launch
copying launch/project_launch.py -> /root/ros2_ws/install/coverage_webots/share/coverage_webots/launch
creating /root/ros2_ws/install/coverage_webots/share/coverage_webots/worlds
copying worlds/project_world.wbt -> /root/ros2_ws/install/coverage_webots/share/coverage_webots/worlds
running install_egg_info
Copying ../../build/coverage_webots/coverage_webots.egg-info to /root/ros2_ws/install/coverage_webots/lib/python3.10/site-packages/coverage_webots-0.0.0-py3.10.egg-info
running install_scripts
writing list of installed files to '/root/ros2_ws/build/coverage_webots/install.log'
