[1.773s] Invoking command in '/root/ros2_ws/src/coverage_planner': PYTHONPATH=/root/ros2_ws/build/coverage_planner/prefix_override:/usr/lib/python3/dist-packages/colcon_core/task/python/colcon_distutils_commands:/root/ros2_ws/install/coverage_planner/lib/python3.10/site-packages:${PYTHONPATH} /usr/bin/python3 -W ignore:setup.py install is deprecated -W ignore:easy_install command is deprecated setup.py egg_info --egg-base ../../build/coverage_planner build --build-base /root/ros2_ws/build/coverage_planner/build install --record /root/ros2_ws/build/coverage_planner/install.log --single-version-externally-managed install_data
[2.044s] running egg_info
[2.044s] writing ../../build/coverage_planner/coverage_planner.egg-info/PKG-INFO
[2.045s] writing dependency_links to ../../build/coverage_planner/coverage_planner.egg-info/dependency_links.txt
[2.045s] writing entry points to ../../build/coverage_planner/coverage_planner.egg-info/entry_points.txt
[2.045s] writing requirements to ../../build/coverage_planner/coverage_planner.egg-info/requires.txt
[2.045s] writing top-level names to ../../build/coverage_planner/coverage_planner.egg-info/top_level.txt
[2.047s] reading manifest file '../../build/coverage_planner/coverage_planner.egg-info/SOURCES.txt'
[2.048s] writing manifest file '../../build/coverage_planner/coverage_planner.egg-info/SOURCES.txt'
[2.048s] running build
[2.048s] running build_py
[2.050s] running install
[2.050s] running install_lib
[2.051s] running install_data
[2.052s] running install_egg_info
[2.052s] removing '/root/ros2_ws/install/coverage_planner/lib/python3.10/site-packages/coverage_planner-0.0.0-py3.10.egg-info' (and everything under it)
[2.053s] Copying ../../build/coverage_planner/coverage_planner.egg-info to /root/ros2_ws/install/coverage_planner/lib/python3.10/site-packages/coverage_planner-0.0.0-py3.10.egg-info
[2.054s] running install_scripts
[2.075s] Installing frontier_node script to /root/ros2_ws/install/coverage_planner/lib/coverage_planner
[2.075s] writing list of installed files to '/root/ros2_ws/build/coverage_planner/install.log'
[2.156s] Invoked command in '/root/ros2_ws/src/coverage_planner' returned '0': PYTHONPATH=/root/ros2_ws/build/coverage_planner/prefix_override:/usr/lib/python3/dist-packages/colcon_core/task/python/colcon_distutils_commands:/root/ros2_ws/install/coverage_planner/lib/python3.10/site-packages:${PYTHONPATH} /usr/bin/python3 -W ignore:setup.py install is deprecated -W ignore:easy_install command is deprecated setup.py egg_info --egg-base ../../build/coverage_planner build --build-base /root/ros2_ws/build/coverage_planner/build install --record /root/ros2_ws/build/coverage_planner/install.log --single-version-externally-managed install_data
