running egg_info
creating ../../build/coverage_metrics/coverage_metrics.egg-info
writing ../../build/coverage_metrics/coverage_metrics.egg-info/PKG-INFO
writing dependency_links to ../../build/coverage_metrics/coverage_metrics.egg-info/dependency_links.txt
writing entry points to ../../build/coverage_metrics/coverage_metrics.egg-info/entry_points.txt
writing requirements to ../../build/coverage_metrics/coverage_metrics.egg-info/requires.txt
writing top-level names to ../../build/coverage_metrics/coverage_metrics.egg-info/top_level.txt
writing manifest file '../../build/coverage_metrics/coverage_metrics.egg-info/SOURCES.txt'
reading manifest file '../../build/coverage_metrics/coverage_metrics.egg-info/SOURCES.txt'
writing manifest file '../../build/coverage_metrics/coverage_metrics.egg-info/SOURCES.txt'
running build
running build_py
creating /root/ros2_ws/build/coverage_metrics/build
creating /root/ros2_ws/build/coverage_metrics/build/lib
creating /root/ros2_ws/build/coverage_metrics/build/lib/coverage_metrics
copying coverage_metrics/metrics_node.py -> /root/ros2_ws/build/coverage_metrics/build/lib/coverage_metrics
copying coverage_metrics/__init__.py -> /root/ros2_ws/build/coverage_metrics/build/lib/coverage_metrics
running install
running install_lib
creating /root/ros2_ws/install/coverage_metrics/lib/python3.10/site-packages/coverage_metrics
copying /root/ros2_ws/build/coverage_metrics/build/lib/coverage_metrics/metrics_node.py -> /root/ros2_ws/install/coverage_metrics/lib/python3.10/site-packages/coverage_metrics
copying /root/ros2_ws/build/coverage_metrics/build/lib/coverage_metrics/__init__.py -> /root/ros2_ws/install/coverage_metrics/lib/python3.10/site-packages/coverage_metrics
byte-compiling /root/ros2_ws/install/coverage_metrics/lib/python3.10/site-packages/coverage_metrics/metrics_node.py to metrics_node.cpython-310.pyc
byte-compiling /root/ros2_ws/install/coverage_metrics/lib/python3.10/site-packages/coverage_metrics/__init__.py to __init__.cpython-310.pyc
running install_data
creating /root/ros2_ws/install/coverage_metrics/share/ament_index
creating /root/ros2_ws/install/coverage_metrics/share/ament_index/resource_index
creating /root/ros2_ws/install/coverage_metrics/share/ament_index/resource_index/packages
copying resource/coverage_metrics -> /root/ros2_ws/install/coverage_metrics/share/ament_index/resource_index/packages
copying package.xml -> /root/ros2_ws/install/coverage_metrics/share/coverage_metrics
running install_egg_info
Copying ../../build/coverage_metrics/coverage_metrics.egg-info to /root/ros2_ws/install/coverage_metrics/lib/python3.10/site-packages/coverage_metrics-0.0.0-py3.10.egg-info
running install_scripts
Installing metrics_node script to /root/ros2_ws/install/coverage_metrics/lib/coverage_metrics
writing list of installed files to '/root/ros2_ws/build/coverage_metrics/install.log'
