[1.775s] Invoking command in '/root/ros2_ws/src/coverage_metrics': PYTHONPATH=/root/ros2_ws/build/coverage_metrics/prefix_override:/usr/lib/python3/dist-packages/colcon_core/task/python/colcon_distutils_commands:/root/ros2_ws/install/coverage_metrics/lib/python3.10/site-packages:${PYTHONPATH} /usr/bin/python3 -W ignore:setup.py install is deprecated -W ignore:easy_install command is deprecated setup.py egg_info --egg-base ../../build/coverage_metrics build --build-base /root/ros2_ws/build/coverage_metrics/build install --record /root/ros2_ws/build/coverage_metrics/install.log --single-version-externally-managed install_data
[2.044s] running egg_info
[2.044s] creating ../../build/coverage_metrics/coverage_metrics.egg-info
[2.044s] writing ../../build/coverage_metrics/coverage_metrics.egg-info/PKG-INFO
[2.044s] writing dependency_links to ../../build/coverage_metrics/coverage_metrics.egg-info/dependency_links.txt
[2.044s] writing entry points to ../../build/coverage_metrics/coverage_metrics.egg-info/entry_points.txt
[2.044s] writing requirements to ../../build/coverage_metrics/coverage_metrics.egg-info/requires.txt
[2.044s] writing top-level names to ../../build/coverage_metrics/coverage_metrics.egg-info/top_level.txt
[2.045s] writing manifest file '../../build/coverage_metrics/coverage_metrics.egg-info/SOURCES.txt'
[2.049s] reading manifest file '../../build/coverage_metrics/coverage_metrics.egg-info/SOURCES.txt'
[2.049s] writing manifest file '../../build/coverage_metrics/coverage_metrics.egg-info/SOURCES.txt'
[2.049s] running build
[2.049s] running build_py
[2.049s] creating /root/ros2_ws/build/coverage_metrics/build
[2.049s] creating /root/ros2_ws/build/coverage_metrics/build/lib
[2.049s] creating /root/ros2_ws/build/coverage_metrics/build/lib/coverage_metrics
[2.050s] copying coverage_metrics/metrics_node.py -> /root/ros2_ws/build/coverage_metrics/build/lib/coverage_metrics
[2.051s] copying coverage_metrics/__init__.py -> /root/ros2_ws/build/coverage_metrics/build/lib/coverage_metrics
[2.051s] running install
[2.051s] running install_lib
[2.051s] creating /root/ros2_ws/install/coverage_metrics/lib/python3.10/site-packages/coverage_metrics
[2.051s] copying /root/ros2_ws/build/coverage_metrics/build/lib/coverage_metrics/metrics_node.py -> /root/ros2_ws/install/coverage_metrics/lib/python3.10/site-packages/coverage_metrics
[2.051s] copying /root/ros2_ws/build/coverage_metrics/build/lib/coverage_metrics/__init__.py -> /root/ros2_ws/install/coverage_metrics/lib/python3.10/site-packages/coverage_metrics
[2.051s] byte-compiling /root/ros2_ws/install/coverage_metrics/lib/python3.10/site-packages/coverage_metrics/metrics_node.py to metrics_node.cpython-310.pyc
[2.051s] byte-compiling /root/ros2_ws/install/coverage_metrics/lib/python3.10/site-packages/coverage_metrics/__init__.py to __init__.cpython-310.pyc
[2.052s] running install_data
[2.052s] creating /root/ros2_ws/install/coverage_metrics/share/ament_index
[2.052s] creating /root/ros2_ws/install/coverage_metrics/share/ament_index/resource_index
[2.052s] creating /root/ros2_ws/install/coverage_metrics/share/ament_index/resource_index/packages
[2.052s] copying resource/coverage_metrics -> /root/ros2_ws/install/coverage_metrics/share/ament_index/resource_index/packages
[2.052s] copying package.xml -> /root/ros2_ws/install/coverage_metrics/share/coverage_metrics
[2.052s] running install_egg_info
[2.053s] Copying ../../build/coverage_metrics/coverage_metrics.egg-info to /root/ros2_ws/install/coverage_metrics/lib/python3.10/site-packages/coverage_metrics-0.0.0-py3.10.egg-info
[2.056s] running install_scripts
[2.075s] Installing metrics_node script to /root/ros2_ws/install/coverage_metrics/lib/coverage_metrics
[2.076s] writing list of installed files to '/root/ros2_ws/build/coverage_metrics/install.log'
[2.124s] Invoked command in '/root/ros2_ws/src/coverage_metrics' returned '0': PYTHONPATH=/root/ros2_ws/build/coverage_metrics/prefix_override:/usr/lib/python3/dist-packages/colcon_core/task/python/colcon_distutils_commands:/root/ros2_ws/install/coverage_metrics/lib/python3.10/site-packages:${PYTHONPATH} /usr/bin/python3 -W ignore:setup.py install is deprecated -W ignore:easy_install command is deprecated setup.py egg_info --egg-base ../../build/coverage_metrics build --build-base /root/ros2_ws/build/coverage_metrics/build install --record /root/ros2_ws/build/coverage_metrics/install.log --single-version-externally-managed install_data
