[1.358s] Invoking command in '/root/ros2_ws/src/zigzag_planner': PYTHONPATH=/root/ros2_ws/build/zigzag_planner/prefix_override:/usr/lib/python3/dist-packages/colcon_core/task/python/colcon_distutils_commands:/root/ros2_ws/install/zigzag_planner/lib/python3.10/site-packages:${PYTHONPATH} /usr/bin/python3 -W ignore:setup.py install is deprecated -W ignore:easy_install command is deprecated setup.py egg_info --egg-base ../../build/zigzag_planner build --build-base /root/ros2_ws/build/zigzag_planner/build install --record /root/ros2_ws/build/zigzag_planner/install.log --single-version-externally-managed install_data
[1.556s] running egg_info
[1.557s] writing ../../build/zigzag_planner/zigzag_planner.egg-info/PKG-INFO
[1.557s] writing dependency_links to ../../build/zigzag_planner/zigzag_planner.egg-info/dependency_links.txt
[1.557s] writing entry points to ../../build/zigzag_planner/zigzag_planner.egg-info/entry_points.txt
[1.557s] writing requirements to ../../build/zigzag_planner/zigzag_planner.egg-info/requires.txt
[1.557s] writing top-level names to ../../build/zigzag_planner/zigzag_planner.egg-info/top_level.txt
[1.559s] reading manifest file '../../build/zigzag_planner/zigzag_planner.egg-info/SOURCES.txt'
[1.559s] writing manifest file '../../build/zigzag_planner/zigzag_planner.egg-info/SOURCES.txt'
[1.559s] running build
[1.559s] running build_py
[1.560s] running install
[1.560s] running install_lib
[1.561s] running install_data
[1.561s] running install_egg_info
[1.562s] removing '/root/ros2_ws/install/zigzag_planner/lib/python3.10/site-packages/zigzag_planner-0.0.0-py3.10.egg-info' (and everything under it)
[1.562s] Copying ../../build/zigzag_planner/zigzag_planner.egg-info to /root/ros2_ws/install/zigzag_planner/lib/python3.10/site-packages/zigzag_planner-0.0.0-py3.10.egg-info
[1.563s] running install_scripts
[1.581s] Installing zigzag_node script to /root/ros2_ws/install/zigzag_planner/lib/zigzag_planner
[1.581s] writing list of installed files to '/root/ros2_ws/build/zigzag_planner/install.log'
[1.635s] Invoked command in '/root/ros2_ws/src/zigzag_planner' returned '0': PYTHONPATH=/root/ros2_ws/build/zigzag_planner/prefix_override:/usr/lib/python3/dist-packages/colcon_core/task/python/colcon_distutils_commands:/root/ros2_ws/install/zigzag_planner/lib/python3.10/site-packages:${PYTHONPATH} /usr/bin/python3 -W ignore:setup.py install is deprecated -W ignore:easy_install command is deprecated setup.py egg_info --egg-base ../../build/zigzag_planner build --build-base /root/ros2_ws/build/zigzag_planner/build install --record /root/ros2_ws/build/zigzag_planner/install.log --single-version-externally-managed install_data
