running egg_info
creating ../../build/coverage_planner/coverage_planner.egg-info
writing ../../build/coverage_planner/coverage_planner.egg-info/PKG-INFO
writing dependency_links to ../../build/coverage_planner/coverage_planner.egg-info/dependency_links.txt
writing entry points to ../../build/coverage_planner/coverage_planner.egg-info/entry_points.txt
writing requirements to ../../build/coverage_planner/coverage_planner.egg-info/requires.txt
writing top-level names to ../../build/coverage_planner/coverage_planner.egg-info/top_level.txt
writing manifest file '../../build/coverage_planner/coverage_planner.egg-info/SOURCES.txt'
reading manifest file '../../build/coverage_planner/coverage_planner.egg-info/SOURCES.txt'
writing manifest file '../../build/coverage_planner/coverage_planner.egg-info/SOURCES.txt'
running build
running build_py
creating /root/ros2_ws/build/coverage_planner/build
creating /root/ros2_ws/build/coverage_planner/build/lib
creating /root/ros2_ws/build/coverage_planner/build/lib/coverage_planner
copying coverage_planner/frontier_node.py -> /root/ros2_ws/build/coverage_planner/build/lib/coverage_planner
copying coverage_planner/__init__.py -> /root/ros2_ws/build/coverage_planner/build/lib/coverage_planner
running install
running install_lib
creating /root/ros2_ws/install/coverage_planner/lib/python3.10/site-packages/coverage_planner
copying /root/ros2_ws/build/coverage_planner/build/lib/coverage_planner/frontier_node.py -> /root/ros2_ws/install/coverage_planner/lib/python3.10/site-packages/coverage_planner
copying /root/ros2_ws/build/coverage_planner/build/lib/coverage_planner/__init__.py -> /root/ros2_ws/install/coverage_planner/lib/python3.10/site-packages/coverage_planner
byte-compiling /root/ros2_ws/install/coverage_planner/lib/python3.10/site-packages/coverage_planner/frontier_node.py to frontier_node.cpython-310.pyc
byte-compiling /root/ros2_ws/install/coverage_planner/lib/python3.10/site-packages/coverage_planner/__init__.py to __init__.cpython-310.pyc
running install_data
creating /root/ros2_ws/install/coverage_planner/share/ament_index
creating /root/ros2_ws/install/coverage_planner/share/ament_index/resource_index
creating /root/ros2_ws/install/coverage_planner/share/ament_index/resource_index/packages
copying resource/coverage_planner -> /root/ros2_ws/install/coverage_planner/share/ament_index/resource_index/packages
copying package.xml -> /root/ros2_ws/install/coverage_planner/share/coverage_planner
running install_egg_info
Copying ../../build/coverage_planner/coverage_planner.egg-info to /root/ros2_ws/install/coverage_planner/lib/python3.10/site-packages/coverage_planner-0.0.0-py3.10.egg-info
running install_scripts
Installing frontier_node script to /root/ros2_ws/install/coverage_planner/lib/coverage_planner
writing list of installed files to '/root/ros2_ws/build/coverage_planner/install.log'
