[0.680s] Invoking command in '/root/ros2_ws/src/coverage_planner': PYTHONPATH=/root/ros2_ws/build/coverage_planner/prefix_override:/usr/lib/python3/dist-packages/colcon_core/task/python/colcon_distutils_commands:/root/ros2_ws/install/coverage_planner/lib/python3.10/site-packages:${PYTHONPATH} /usr/bin/python3 -W ignore:setup.py install is deprecated -W ignore:easy_install command is deprecated setup.py egg_info --egg-base ../../build/coverage_planner build --build-base /root/ros2_ws/build/coverage_planner/build install --record /root/ros2_ws/build/coverage_planner/install.log --single-version-externally-managed install_data
[0.869s] running egg_info
[0.870s] creating ../../build/coverage_planner/coverage_planner.egg-info
[0.870s] writing ../../build/coverage_planner/coverage_planner.egg-info/PKG-INFO
[0.870s] writing dependency_links to ../../build/coverage_planner/coverage_planner.egg-info/dependency_links.txt
[0.870s] writing entry points to ../../build/coverage_planner/coverage_planner.egg-info/entry_points.txt
[0.870s] writing requirements to ../../build/coverage_planner/coverage_planner.egg-info/requires.txt
[0.870s] writing top-level names to ../../build/coverage_planner/coverage_planner.egg-info/top_level.txt
[0.870s] writing manifest file '../../build/coverage_planner/coverage_planner.egg-info/SOURCES.txt'
[0.871s] reading manifest file '../../build/coverage_planner/coverage_planner.egg-info/SOURCES.txt'
[0.872s] writing manifest file '../../build/coverage_planner/coverage_planner.egg-info/SOURCES.txt'
[0.872s] running build
[0.872s] running build_py
[0.872s] creating /root/ros2_ws/build/coverage_planner/build
[0.872s] creating /root/ros2_ws/build/coverage_planner/build/lib
[0.872s] creating /root/ros2_ws/build/coverage_planner/build/lib/coverage_planner
[0.872s] copying coverage_planner/frontier_node.py -> /root/ros2_ws/build/coverage_planner/build/lib/coverage_planner
[0.872s] copying coverage_planner/__init__.py -> /root/ros2_ws/build/coverage_planner/build/lib/coverage_planner
[0.873s] running install
[0.873s] running install_lib
[0.873s] creating /root/ros2_ws/install/coverage_planner/lib/python3.10/site-packages/coverage_planner
[0.873s] copying /root/ros2_ws/build/coverage_planner/build/lib/coverage_planner/frontier_node.py -> /root/ros2_ws/install/coverage_planner/lib/python3.10/site-packages/coverage_planner
[0.873s] copying /root/ros2_ws/build/coverage_planner/build/lib/coverage_planner/__init__.py -> /root/ros2_ws/install/coverage_planner/lib/python3.10/site-packages/coverage_planner
[0.874s] byte-compiling /root/ros2_ws/install/coverage_planner/lib/python3.10/site-packages/coverage_planner/frontier_node.py to frontier_node.cpython-310.pyc
[0.874s] byte-compiling /root/ros2_ws/install/coverage_planner/lib/python3.10/site-packages/coverage_planner/__init__.py to __init__.cpython-310.pyc
[0.874s] running install_data
[0.874s] creating /root/ros2_ws/install/coverage_planner/share/ament_index
[0.875s] creating /root/ros2_ws/install/coverage_planner/share/ament_index/resource_index
[0.875s] creating /root/ros2_ws/install/coverage_planner/share/ament_index/resource_index/packages
[0.875s] copying resource/coverage_planner -> /root/ros2_ws/install/coverage_planner/share/ament_index/resource_index/packages
[0.875s] copying package.xml -> /root/ros2_ws/install/coverage_planner/share/coverage_planner
[0.875s] running install_egg_info
[0.876s] Copying ../../build/coverage_planner/coverage_planner.egg-info to /root/ros2_ws/install/coverage_planner/lib/python3.10/site-packages/coverage_planner-0.0.0-py3.10.egg-info
[0.877s] running install_scripts
[0.893s] Installing frontier_node script to /root/ros2_ws/install/coverage_planner/lib/coverage_planner
[0.893s] writing list of installed files to '/root/ros2_ws/build/coverage_planner/install.log'
[0.919s] Invoked command in '/root/ros2_ws/src/coverage_planner' returned '0': PYTHONPATH=/root/ros2_ws/build/coverage_planner/prefix_override:/usr/lib/python3/dist-packages/colcon_core/task/python/colcon_distutils_commands:/root/ros2_ws/install/coverage_planner/lib/python3.10/site-packages:${PYTHONPATH} /usr/bin/python3 -W ignore:setup.py install is deprecated -W ignore:easy_install command is deprecated setup.py egg_info --egg-base ../../build/coverage_planner build --build-base /root/ros2_ws/build/coverage_planner/build install --record /root/ros2_ws/build/coverage_planner/install.log --single-version-externally-managed install_data
