[0.994s] Invoking command in '/root/ros2_ws/src/webots_ros2/webots_ros2_mavic': AMENT_PREFIX_PATH=/root/ros2_ws/install/webots_ros2_driver:/root/ros2_ws/install/webots_ros2_msgs:/root/ros2_ws/install/webots_ros2_importer:${AMENT_PREFIX_PATH} CMAKE_PREFIX_PATH=/root/ros2_ws/install/webots_ros2_driver:/root/ros2_ws/install/webots_ros2_msgs LD_LIBRARY_PATH=/root/ros2_ws/install/webots_ros2_driver/lib:/root/ros2_ws/install/webots_ros2_msgs/lib:${LD_LIBRARY_PATH} PYTHONPATH=/root/ros2_ws/build/webots_ros2_mavic/prefix_override:/usr/lib/python3/dist-packages/colcon_core/task/python/colcon_distutils_commands:/root/ros2_ws/install/webots_ros2_mavic/lib/python3.10/site-packages:/root/ros2_ws/install/webots_ros2_driver/local/lib/python3.10/dist-packages:/root/ros2_ws/install/webots_ros2_msgs/local/lib/python3.10/dist-packages:/root/ros2_ws/install/webots_ros2_importer/lib/python3.10/site-packages:${PYTHONPATH} /usr/bin/python3 -W ignore:setup.py install is deprecated -W ignore:easy_install command is deprecated setup.py egg_info --egg-base ../../../build/webots_ros2_mavic build --build-base /root/ros2_ws/build/webots_ros2_mavic/build install --record /root/ros2_ws/build/webots_ros2_mavic/install.log --single-version-externally-managed install_data
[1.183s] running egg_info
[1.184s] creating ../../../build/webots_ros2_mavic/webots_ros2_mavic.egg-info
[1.184s] writing ../../../build/webots_ros2_mavic/webots_ros2_mavic.egg-info/PKG-INFO
[1.184s] writing dependency_links to ../../../build/webots_ros2_mavic/webots_ros2_mavic.egg-info/dependency_links.txt
[1.184s] writing entry points to ../../../build/webots_ros2_mavic/webots_ros2_mavic.egg-info/entry_points.txt
[1.184s] writing requirements to ../../../build/webots_ros2_mavic/webots_ros2_mavic.egg-info/requires.txt
[1.184s] writing top-level names to ../../../build/webots_ros2_mavic/webots_ros2_mavic.egg-info/top_level.txt
[1.185s] writing manifest file '../../../build/webots_ros2_mavic/webots_ros2_mavic.egg-info/SOURCES.txt'
[1.186s] reading manifest file '../../../build/webots_ros2_mavic/webots_ros2_mavic.egg-info/SOURCES.txt'
[1.187s] writing manifest file '../../../build/webots_ros2_mavic/webots_ros2_mavic.egg-info/SOURCES.txt'
[1.187s] running build
[1.187s] running build_py
[1.187s] creating /root/ros2_ws/build/webots_ros2_mavic/build
[1.187s] creating /root/ros2_ws/build/webots_ros2_mavic/build/lib
[1.187s] creating /root/ros2_ws/build/webots_ros2_mavic/build/lib/webots_ros2_mavic
[1.187s] copying webots_ros2_mavic/mavic_driver.py -> /root/ros2_ws/build/webots_ros2_mavic/build/lib/webots_ros2_mavic
[1.187s] copying webots_ros2_mavic/__init__.py -> /root/ros2_ws/build/webots_ros2_mavic/build/lib/webots_ros2_mavic
[1.187s] running install
[1.187s] running install_lib
[1.188s] creating /root/ros2_ws/install/webots_ros2_mavic/lib/python3.10/site-packages/webots_ros2_mavic
[1.188s] copying /root/ros2_ws/build/webots_ros2_mavic/build/lib/webots_ros2_mavic/mavic_driver.py -> /root/ros2_ws/install/webots_ros2_mavic/lib/python3.10/site-packages/webots_ros2_mavic
[1.188s] copying /root/ros2_ws/build/webots_ros2_mavic/build/lib/webots_ros2_mavic/__init__.py -> /root/ros2_ws/install/webots_ros2_mavic/lib/python3.10/site-packages/webots_ros2_mavic
[1.188s] byte-compiling /root/ros2_ws/install/webots_ros2_mavic/lib/python3.10/site-packages/webots_ros2_mavic/mavic_driver.py to mavic_driver.cpython-310.pyc
[1.189s] byte-compiling /root/ros2_ws/install/webots_ros2_mavic/lib/python3.10/site-packages/webots_ros2_mavic/__init__.py to __init__.cpython-310.pyc
[1.190s] running install_data
[1.190s] creating /root/ros2_ws/install/webots_ros2_mavic/share/ament_index
[1.190s] creating /root/ros2_ws/install/webots_ros2_mavic/share/ament_index/resource_index
[1.190s] creating /root/ros2_ws/install/webots_ros2_mavic/share/ament_index/resource_index/packages
[1.190s] copying resource/webots_ros2_mavic -> /root/ros2_ws/install/webots_ros2_mavic/share/ament_index/resource_index/packages
[1.190s] creating /root/ros2_ws/install/webots_ros2_mavic/share/webots_ros2_mavic/launch
[1.190s] copying launch/robot_launch.py -> /root/ros2_ws/install/webots_ros2_mavic/share/webots_ros2_mavic/launch
[1.190s] creating /root/ros2_ws/install/webots_ros2_mavic/share/webots_ros2_mavic/worlds
[1.191s] copying worlds/mavic_world.wbt -> /root/ros2_ws/install/webots_ros2_mavic/share/webots_ros2_mavic/worlds
[1.191s] copying worlds/.mavic_world.wbproj -> /root/ros2_ws/install/webots_ros2_mavic/share/webots_ros2_mavic/worlds
[1.191s] creating /root/ros2_ws/install/webots_ros2_mavic/share/webots_ros2_mavic/resource
[1.191s] copying resource/mavic_webots.urdf -> /root/ros2_ws/install/webots_ros2_mavic/share/webots_ros2_mavic/resource
[1.191s] copying package.xml -> /root/ros2_ws/install/webots_ros2_mavic/share/webots_ros2_mavic
[1.191s] running install_egg_info
[1.192s] Copying ../../../build/webots_ros2_mavic/webots_ros2_mavic.egg-info to /root/ros2_ws/install/webots_ros2_mavic/lib/python3.10/site-packages/webots_ros2_mavic-2025.0.1-py3.10.egg-info
[1.192s] running install_scripts
[1.209s] writing list of installed files to '/root/ros2_ws/build/webots_ros2_mavic/install.log'
[1.240s] Invoked command in '/root/ros2_ws/src/webots_ros2/webots_ros2_mavic' returned '0': AMENT_PREFIX_PATH=/root/ros2_ws/install/webots_ros2_driver:/root/ros2_ws/install/webots_ros2_msgs:/root/ros2_ws/install/webots_ros2_importer:${AMENT_PREFIX_PATH} CMAKE_PREFIX_PATH=/root/ros2_ws/install/webots_ros2_driver:/root/ros2_ws/install/webots_ros2_msgs LD_LIBRARY_PATH=/root/ros2_ws/install/webots_ros2_driver/lib:/root/ros2_ws/install/webots_ros2_msgs/lib:${LD_LIBRARY_PATH} PYTHONPATH=/root/ros2_ws/build/webots_ros2_mavic/prefix_override:/usr/lib/python3/dist-packages/colcon_core/task/python/colcon_distutils_commands:/root/ros2_ws/install/webots_ros2_mavic/lib/python3.10/site-packages:/root/ros2_ws/install/webots_ros2_driver/local/lib/python3.10/dist-packages:/root/ros2_ws/install/webots_ros2_msgs/local/lib/python3.10/dist-packages:/root/ros2_ws/install/webots_ros2_importer/lib/python3.10/site-packages:${PYTHONPATH} /usr/bin/python3 -W ignore:setup.py install is deprecated -W ignore:easy_install command is deprecated setup.py egg_info --egg-base ../../../build/webots_ros2_mavic build --build-base /root/ros2_ws/build/webots_ros2_mavic/build install --record /root/ros2_ws/build/webots_ros2_mavic/install.log --single-version-externally-managed install_data
