[0.737s] Invoking command in '/root/ros2_ws/src/coverage_planner': PYTHONPATH=/root/ros2_ws/build/coverage_planner/prefix_override:/usr/lib/python3/dist-packages/colcon_core/task/python/colcon_distutils_commands:/root/ros2_ws/install/coverage_planner/lib/python3.10/site-packages:${PYTHONPATH} /usr/bin/python3 -W ignore:setup.py install is deprecated -W ignore:easy_install command is deprecated setup.py egg_info --egg-base ../../build/coverage_planner build --build-base /root/ros2_ws/build/coverage_planner/build install --record /root/ros2_ws/build/coverage_planner/install.log --single-version-externally-managed install_data
[0.939s] running egg_info
[0.940s] writing ../../build/coverage_planner/coverage_planner.egg-info/PKG-INFO
[0.940s] writing dependency_links to ../../build/coverage_planner/coverage_planner.egg-info/dependency_links.txt
[0.940s] writing entry points to ../../build/coverage_planner/coverage_planner.egg-info/entry_points.txt
[0.940s] writing requirements to ../../build/coverage_planner/coverage_planner.egg-info/requires.txt
[0.940s] writing top-level names to ../../build/coverage_planner/coverage_planner.egg-info/top_level.txt
[0.942s] reading manifest file '../../build/coverage_planner/coverage_planner.egg-info/SOURCES.txt'
[0.942s] writing manifest file '../../build/coverage_planner/coverage_planner.egg-info/SOURCES.txt'
[0.942s] running build
[0.942s] running build_py
[0.943s] running install
[0.943s] running install_lib
[0.944s] running install_data
[0.944s] running install_egg_info
[0.947s] removing '/root/ros2_ws/install/coverage_planner/lib/python3.10/site-packages/coverage_planner-0.0.0-py3.10.egg-info' (and everything under it)
[0.947s] Copying ../../build/coverage_planner/coverage_planner.egg-info to /root/ros2_ws/install/coverage_planner/lib/python3.10/site-packages/coverage_planner-0.0.0-py3.10.egg-info
[0.948s] running install_scripts
[0.966s] Installing frontier_node script to /root/ros2_ws/install/coverage_planner/lib/coverage_planner
[0.966s] writing list of installed files to '/root/ros2_ws/build/coverage_planner/install.log'
[0.990s] Invoked command in '/root/ros2_ws/src/coverage_planner' returned '0': PYTHONPATH=/root/ros2_ws/build/coverage_planner/prefix_override:/usr/lib/python3/dist-packages/colcon_core/task/python/colcon_distutils_commands:/root/ros2_ws/install/coverage_planner/lib/python3.10/site-packages:${PYTHONPATH} /usr/bin/python3 -W ignore:setup.py install is deprecated -W ignore:easy_install command is deprecated setup.py egg_info --egg-base ../../build/coverage_planner build --build-base /root/ros2_ws/build/coverage_planner/build install --record /root/ros2_ws/build/coverage_planner/install.log --single-version-externally-managed install_data
