[1.454s] Invoking command in '/root/ros2_ws/src/coverage_tracker': PYTHONPATH=/root/ros2_ws/build/coverage_tracker/prefix_override:/usr/lib/python3/dist-packages/colcon_core/task/python/colcon_distutils_commands:/root/ros2_ws/install/coverage_tracker/lib/python3.10/site-packages:${PYTHONPATH} /usr/bin/python3 -W ignore:setup.py install is deprecated -W ignore:easy_install command is deprecated setup.py egg_info --egg-base ../../build/coverage_tracker build --build-base /root/ros2_ws/build/coverage_tracker/build install --record /root/ros2_ws/build/coverage_tracker/install.log --single-version-externally-managed install_data
[1.689s] running egg_info
[1.690s] writing ../../build/coverage_tracker/coverage_tracker.egg-info/PKG-INFO
[1.690s] writing dependency_links to ../../build/coverage_tracker/coverage_tracker.egg-info/dependency_links.txt
[1.691s] writing entry points to ../../build/coverage_tracker/coverage_tracker.egg-info/entry_points.txt
[1.691s] writing requirements to ../../build/coverage_tracker/coverage_tracker.egg-info/requires.txt
[1.691s] writing top-level names to ../../build/coverage_tracker/coverage_tracker.egg-info/top_level.txt
[1.693s] reading manifest file '../../build/coverage_tracker/coverage_tracker.egg-info/SOURCES.txt'
[1.694s] writing manifest file '../../build/coverage_tracker/coverage_tracker.egg-info/SOURCES.txt'
[1.694s] running build
[1.694s] running build_py
[1.695s] running install
[1.695s] running install_lib
[1.696s] running install_data
[1.696s] running install_egg_info
[1.698s] removing '/root/ros2_ws/install/coverage_tracker/lib/python3.10/site-packages/coverage_tracker-0.0.0-py3.10.egg-info' (and everything under it)
[1.698s] Copying ../../build/coverage_tracker/coverage_tracker.egg-info to /root/ros2_ws/install/coverage_tracker/lib/python3.10/site-packages/coverage_tracker-0.0.0-py3.10.egg-info
[1.699s] running install_scripts
[1.725s] Installing coverage_tracker script to /root/ros2_ws/install/coverage_tracker/lib/coverage_tracker
[1.725s] writing list of installed files to '/root/ros2_ws/build/coverage_tracker/install.log'
[1.776s] Invoked command in '/root/ros2_ws/src/coverage_tracker' returned '0': PYTHONPATH=/root/ros2_ws/build/coverage_tracker/prefix_override:/usr/lib/python3/dist-packages/colcon_core/task/python/colcon_distutils_commands:/root/ros2_ws/install/coverage_tracker/lib/python3.10/site-packages:${PYTHONPATH} /usr/bin/python3 -W ignore:setup.py install is deprecated -W ignore:easy_install command is deprecated setup.py egg_info --egg-base ../../build/coverage_tracker build --build-base /root/ros2_ws/build/coverage_tracker/build install --record /root/ros2_ws/build/coverage_tracker/install.log --single-version-externally-managed install_data
