-- Found ament_cmake: 1.3.12 (/opt/ros/humble/share/ament_cmake/cmake)
-- Found builtin_interfaces: 1.2.2 (/opt/ros/humble/share/builtin_interfaces/cmake)
-- Found rosidl_generator_c: 3.1.8 (/opt/ros/humble/share/rosidl_generator_c/cmake)
-- Found rosidl_adapter: 3.1.8 (/opt/ros/humble/share/rosidl_adapter/cmake)
-- Found rosidl_generator_cpp: 3.1.8 (/opt/ros/humble/share/rosidl_generator_cpp/cmake)
-- Using all available rosidl_typesupport_c: rosidl_typesupport_fastrtps_c;rosidl_typesupport_introspection_c
-- Using all available rosidl_typesupport_cpp: rosidl_typesupport_fastrtps_cpp;rosidl_typesupport_introspection_cpp
-- Found rosidl_default_generators: 1.2.0 (/opt/ros/humble/share/rosidl_default_generators/cmake)
-- Found geometry_msgs: 4.9.0 (/opt/ros/humble/share/geometry_msgs/cmake)
-- Found vision_msgs: 4.1.1 (/opt/ros/humble/share/vision_msgs/cmake)
-- Found ament_cmake_cppcheck: 0.12.14 (/opt/ros/humble/share/ament_cmake_cppcheck/cmake)
-- Found ament_cmake_cpplint: 0.12.14 (/opt/ros/humble/share/ament_cmake_cpplint/cmake)
-- Found ament_cmake_uncrustify: 0.12.14 (/opt/ros/humble/share/ament_cmake_uncrustify/cmake)
-- Found ament_cmake_ros: 0.10.0 (/opt/ros/humble/share/ament_cmake_ros/cmake)
-- Using all available rosidl_typesupport_c: rosidl_typesupport_fastrtps_c;rosidl_typesupport_introspection_c
-- Using all available rosidl_typesupport_cpp: rosidl_typesupport_fastrtps_cpp;rosidl_typesupport_introspection_cpp
-- Found python_cmake_module: 0.10.0 (/opt/ros/humble/share/python_cmake_module/cmake)
-- Using PYTHON_EXECUTABLE: /usr/bin/python3
-- Using PYTHON_INCLUDE_DIRS: /usr/include/python3.10
-- Using PYTHON_LIBRARIES: /usr/lib/x86_64-linux-gnu/libpython3.10.so
-- Found ament_cmake_flake8: 0.12.14 (/opt/ros/humble/share/ament_cmake_flake8/cmake)
-- Found ament_cmake_pep257: 0.12.14 (/opt/ros/humble/share/ament_cmake_pep257/cmake)
-- Found ament_lint_auto: 0.12.14 (/opt/ros/humble/share/ament_lint_auto/cmake)
-- Added test 'lint_cmake' to check CMake code style
-- Added test 'xmllint' to check XML markup files
-- Configuring done
-- Generating done
-- Build files have been written to: /root/ros2_ws/build/webots_ros2_msgs
[  1%] [34m[1mGenerating C code for ROS interfaces[0m
[  1%] [34m[1mGenerating C++ code for ROS interfaces[0m
[  1%] Built target ament_cmake_python_copy_webots_ros2_msgs
running egg_info
creating webots_ros2_msgs.egg-info
writing webots_ros2_msgs.egg-info/PKG-INFO
writing dependency_links to webots_ros2_msgs.egg-info/dependency_links.txt
writing top-level names to webots_ros2_msgs.egg-info/top_level.txt
writing manifest file 'webots_ros2_msgs.egg-info/SOURCES.txt'
reading manifest file 'webots_ros2_msgs.egg-info/SOURCES.txt'
writing manifest file 'webots_ros2_msgs.egg-info/SOURCES.txt'
[  1%] Built target ament_cmake_python_build_webots_ros2_msgs_egg
[  1%] Built target webots_ros2_msgs__cpp
[  3%] [34m[1mGenerating C++ type support for eProsima Fast-RTPS[0m
[  3%] [34m[1mGenerating C++ type support dispatch for ROS interfaces[0m
[  3%] [34m[1mGenerating C++ introspection for ROS interfaces[0m
[  7%] [32mBuilding C object CMakeFiles/webots_ros2_msgs__rosidl_generator_c.dir/rosidl_generator_c/webots_ros2_msgs/msg/detail/float_stamped__functions.c.o[0m
[  7%] [32mBuilding C object CMakeFiles/webots_ros2_msgs__rosidl_generator_c.dir/rosidl_generator_c/webots_ros2_msgs/msg/detail/bool_stamped__functions.c.o[0m
[  7%] [32mBuilding C object CMakeFiles/webots_ros2_msgs__rosidl_generator_c.dir/rosidl_generator_c/webots_ros2_msgs/msg/detail/string_stamped__functions.c.o[0m
[  7%] [32mBuilding C object CMakeFiles/webots_ros2_msgs__rosidl_generator_c.dir/rosidl_generator_c/webots_ros2_msgs/msg/detail/camera_recognition_object__functions.c.o[0m
[  7%] [32mBuilding C object CMakeFiles/webots_ros2_msgs__rosidl_generator_c.dir/rosidl_generator_c/webots_ros2_msgs/msg/detail/camera_recognition_objects__functions.c.o[0m
[  8%] [32mBuilding C object CMakeFiles/webots_ros2_msgs__rosidl_generator_c.dir/rosidl_generator_c/webots_ros2_msgs/msg/detail/urdf_robot__functions.c.o[0m
[  9%] [32mBuilding C object CMakeFiles/webots_ros2_msgs__rosidl_generator_c.dir/rosidl_generator_c/webots_ros2_msgs/msg/detail/pen_ink_properties__functions.c.o[0m
[ 10%] [32mBuilding C object CMakeFiles/webots_ros2_msgs__rosidl_generator_c.dir/rosidl_generator_c/webots_ros2_msgs/srv/detail/emitter_send_string__functions.c.o[0m
[ 10%] [32mBuilding C object CMakeFiles/webots_ros2_msgs__rosidl_generator_c.dir/rosidl_generator_c/webots_ros2_msgs/srv/detail/set_string__functions.c.o[0m
[ 11%] [32mBuilding C object CMakeFiles/webots_ros2_msgs__rosidl_generator_c.dir/rosidl_generator_c/webots_ros2_msgs/srv/detail/spawn_node_from_string__functions.c.o[0m
[ 12%] [32mBuilding C object CMakeFiles/webots_ros2_msgs__rosidl_generator_c.dir/rosidl_generator_c/webots_ros2_msgs/srv/detail/spawn_urdf_robot__functions.c.o[0m
[ 13%] [32mBuilding C object CMakeFiles/webots_ros2_msgs__rosidl_generator_c.dir/rosidl_generator_c/webots_ros2_msgs/srv/detail/get_bool__functions.c.o[0m
[ 14%] [32m[1mLinking C shared library libwebots_ros2_msgs__rosidl_generator_c.so[0m
[ 14%] Built target webots_ros2_msgs__rosidl_generator_c
[ 17%] [34m[1mGenerating C introspection for ROS interfaces[0m
[ 17%] [34m[1mGenerating C type support for eProsima Fast-RTPS[0m
[ 17%] [34m[1mGenerating C type support dispatch for ROS interfaces[0m
[ 20%] [32mBuilding CXX object CMakeFiles/webots_ros2_msgs__rosidl_typesupport_cpp.dir/rosidl_typesupport_cpp/webots_ros2_msgs/msg/float_stamped__type_support.cpp.o[0m
[ 20%] [32mBuilding CXX object CMakeFiles/webots_ros2_msgs__rosidl_typesupport_cpp.dir/rosidl_typesupport_cpp/webots_ros2_msgs/msg/bool_stamped__type_support.cpp.o[0m
[ 20%] [32mBuilding CXX object CMakeFiles/webots_ros2_msgs__rosidl_typesupport_cpp.dir/rosidl_typesupport_cpp/webots_ros2_msgs/msg/string_stamped__type_support.cpp.o[0m
[ 21%] [32mBuilding CXX object CMakeFiles/webots_ros2_msgs__rosidl_typesupport_cpp.dir/rosidl_typesupport_cpp/webots_ros2_msgs/msg/camera_recognition_object__type_support.cpp.o[0m
[ 22%] [32mBuilding CXX object CMakeFiles/webots_ros2_msgs__rosidl_typesupport_cpp.dir/rosidl_typesupport_cpp/webots_ros2_msgs/srv/emitter_send_string__type_support.cpp.o[0m
[ 22%] [32mBuilding CXX object CMakeFiles/webots_ros2_msgs__rosidl_typesupport_cpp.dir/rosidl_typesupport_cpp/webots_ros2_msgs/msg/camera_recognition_objects__type_support.cpp.o[0m
[ 23%] [32mBuilding CXX object CMakeFiles/webots_ros2_msgs__rosidl_typesupport_cpp.dir/rosidl_typesupport_cpp/webots_ros2_msgs/srv/get_bool__type_support.cpp.o[0m
[ 23%] [32mBuilding CXX object CMakeFiles/webots_ros2_msgs__rosidl_typesupport_cpp.dir/rosidl_typesupport_cpp/webots_ros2_msgs/srv/spawn_node_from_string__type_support.cpp.o[0m
[ 25%] [32mBuilding CXX object CMakeFiles/webots_ros2_msgs__rosidl_typesupport_cpp.dir/rosidl_typesupport_cpp/webots_ros2_msgs/msg/pen_ink_properties__type_support.cpp.o[0m
[ 25%] [32mBuilding CXX object CMakeFiles/webots_ros2_msgs__rosidl_typesupport_cpp.dir/rosidl_typesupport_cpp/webots_ros2_msgs/msg/urdf_robot__type_support.cpp.o[0m
[ 26%] [32mBuilding CXX object CMakeFiles/webots_ros2_msgs__rosidl_typesupport_cpp.dir/rosidl_typesupport_cpp/webots_ros2_msgs/srv/set_string__type_support.cpp.o[0m
[ 27%] [32mBuilding CXX object CMakeFiles/webots_ros2_msgs__rosidl_typesupport_cpp.dir/rosidl_typesupport_cpp/webots_ros2_msgs/srv/spawn_urdf_robot__type_support.cpp.o[0m
[ 28%] [32mBuilding CXX object CMakeFiles/webots_ros2_msgs__rosidl_typesupport_c.dir/rosidl_typesupport_c/webots_ros2_msgs/msg/bool_stamped__type_support.cpp.o[0m
[ 28%] [32mBuilding CXX object CMakeFiles/webots_ros2_msgs__rosidl_typesupport_c.dir/rosidl_typesupport_c/webots_ros2_msgs/msg/float_stamped__type_support.cpp.o[0m
[ 30%] [32mBuilding CXX object CMakeFiles/webots_ros2_msgs__rosidl_typesupport_c.dir/rosidl_typesupport_c/webots_ros2_msgs/msg/string_stamped__type_support.cpp.o[0m
[ 30%] [32mBuilding CXX object CMakeFiles/webots_ros2_msgs__rosidl_typesupport_c.dir/rosidl_typesupport_c/webots_ros2_msgs/msg/camera_recognition_object__type_support.cpp.o[0m
[ 31%] [32mBuilding CXX object CMakeFiles/webots_ros2_msgs__rosidl_typesupport_c.dir/rosidl_typesupport_c/webots_ros2_msgs/msg/camera_recognition_objects__type_support.cpp.o[0m
[ 32%] [32mBuilding CXX object CMakeFiles/webots_ros2_msgs__rosidl_typesupport_c.dir/rosidl_typesupport_c/webots_ros2_msgs/msg/urdf_robot__type_support.cpp.o[0m
[ 33%] [32mBuilding CXX object CMakeFiles/webots_ros2_msgs__rosidl_typesupport_c.dir/rosidl_typesupport_c/webots_ros2_msgs/msg/pen_ink_properties__type_support.cpp.o[0m
[ 33%] [32mBuilding CXX object CMakeFiles/webots_ros2_msgs__rosidl_typesupport_c.dir/rosidl_typesupport_c/webots_ros2_msgs/srv/emitter_send_string__type_support.cpp.o[0m
[ 34%] [32mBuilding CXX object CMakeFiles/webots_ros2_msgs__rosidl_typesupport_c.dir/rosidl_typesupport_c/webots_ros2_msgs/srv/get_bool__type_support.cpp.o[0m
[ 34%] [32mBuilding CXX object CMakeFiles/webots_ros2_msgs__rosidl_typesupport_introspection_cpp.dir/rosidl_typesupport_introspection_cpp/webots_ros2_msgs/msg/detail/bool_stamped__type_support.cpp.o[0m
[ 35%] [32mBuilding CXX object CMakeFiles/webots_ros2_msgs__rosidl_typesupport_c.dir/rosidl_typesupport_c/webots_ros2_msgs/srv/set_string__type_support.cpp.o[0m
[ 37%] [32mBuilding CXX object CMakeFiles/webots_ros2_msgs__rosidl_typesupport_introspection_cpp.dir/rosidl_typesupport_introspection_cpp/webots_ros2_msgs/msg/detail/string_stamped__type_support.cpp.o[0m
[ 37%] [32mBuilding CXX object CMakeFiles/webots_ros2_msgs__rosidl_typesupport_c.dir/rosidl_typesupport_c/webots_ros2_msgs/srv/spawn_node_from_string__type_support.cpp.o[0m
[ 38%] [32mBuilding CXX object CMakeFiles/webots_ros2_msgs__rosidl_typesupport_introspection_cpp.dir/rosidl_typesupport_introspection_cpp/webots_ros2_msgs/msg/detail/float_stamped__type_support.cpp.o[0m
[ 39%] [32mBuilding CXX object CMakeFiles/webots_ros2_msgs__rosidl_typesupport_introspection_cpp.dir/rosidl_typesupport_introspection_cpp/webots_ros2_msgs/msg/detail/camera_recognition_objects__type_support.cpp.o[0m
[ 40%] [32mBuilding CXX object CMakeFiles/webots_ros2_msgs__rosidl_typesupport_introspection_cpp.dir/rosidl_typesupport_introspection_cpp/webots_ros2_msgs/msg/detail/camera_recognition_object__type_support.cpp.o[0m
[ 41%] [32mBuilding CXX object CMakeFiles/webots_ros2_msgs__rosidl_typesupport_fastrtps_cpp.dir/rosidl_typesupport_fastrtps_cpp/webots_ros2_msgs/msg/detail/dds_fastrtps/bool_stamped__type_support.cpp.o[0m
[ 41%] [32mBuilding CXX object CMakeFiles/webots_ros2_msgs__rosidl_typesupport_introspection_cpp.dir/rosidl_typesupport_introspection_cpp/webots_ros2_msgs/msg/detail/pen_ink_properties__type_support.cpp.o[0m
[ 42%] [32mBuilding CXX object CMakeFiles/webots_ros2_msgs__rosidl_typesupport_fastrtps_cpp.dir/rosidl_typesupport_fastrtps_cpp/webots_ros2_msgs/msg/detail/dds_fastrtps/string_stamped__type_support.cpp.o[0m
[ 43%] [32mBuilding CXX object CMakeFiles/webots_ros2_msgs__rosidl_typesupport_introspection_cpp.dir/rosidl_typesupport_introspection_cpp/webots_ros2_msgs/msg/detail/urdf_robot__type_support.cpp.o[0m
[ 44%] [32mBuilding CXX object CMakeFiles/webots_ros2_msgs__rosidl_typesupport_c.dir/rosidl_typesupport_c/webots_ros2_msgs/srv/spawn_urdf_robot__type_support.cpp.o[0m
[ 45%] [32mBuilding CXX object CMakeFiles/webots_ros2_msgs__rosidl_typesupport_fastrtps_cpp.dir/rosidl_typesupport_fastrtps_cpp/webots_ros2_msgs/msg/detail/dds_fastrtps/float_stamped__type_support.cpp.o[0m
[ 46%] [32mBuilding CXX object CMakeFiles/webots_ros2_msgs__rosidl_typesupport_introspection_cpp.dir/rosidl_typesupport_introspection_cpp/webots_ros2_msgs/srv/detail/emitter_send_string__type_support.cpp.o[0m
[ 47%] [32mBuilding CXX object CMakeFiles/webots_ros2_msgs__rosidl_typesupport_fastrtps_cpp.dir/rosidl_typesupport_fastrtps_cpp/webots_ros2_msgs/msg/detail/dds_fastrtps/camera_recognition_object__type_support.cpp.o[0m
[ 48%] [32m[1mLinking CXX shared library libwebots_ros2_msgs__rosidl_typesupport_c.so[0m
[ 48%] Built target webots_ros2_msgs__rosidl_typesupport_c
[ 49%] [32mBuilding CXX object CMakeFiles/webots_ros2_msgs__rosidl_typesupport_fastrtps_cpp.dir/rosidl_typesupport_fastrtps_cpp/webots_ros2_msgs/msg/detail/dds_fastrtps/camera_recognition_objects__type_support.cpp.o[0m
[ 50%] [32m[1mLinking CXX shared library libwebots_ros2_msgs__rosidl_typesupport_cpp.so[0m
[ 51%] [32mBuilding C object CMakeFiles/webots_ros2_msgs__rosidl_typesupport_introspection_c.dir/rosidl_typesupport_introspection_c/webots_ros2_msgs/msg/detail/bool_stamped__type_support.c.o[0m
[ 52%] [32mBuilding C object CMakeFiles/webots_ros2_msgs__rosidl_typesupport_introspection_c.dir/rosidl_typesupport_introspection_c/webots_ros2_msgs/msg/detail/float_stamped__type_support.c.o[0m
[ 52%] Built target webots_ros2_msgs__rosidl_typesupport_cpp
[ 53%] [32mBuilding CXX object CMakeFiles/webots_ros2_msgs__rosidl_typesupport_introspection_cpp.dir/rosidl_typesupport_introspection_cpp/webots_ros2_msgs/srv/detail/get_bool__type_support.cpp.o[0m
[ 54%] [32mBuilding C object CMakeFiles/webots_ros2_msgs__rosidl_typesupport_introspection_c.dir/rosidl_typesupport_introspection_c/webots_ros2_msgs/msg/detail/string_stamped__type_support.c.o[0m
[ 54%] [32mBuilding CXX object CMakeFiles/webots_ros2_msgs__rosidl_typesupport_fastrtps_cpp.dir/rosidl_typesupport_fastrtps_cpp/webots_ros2_msgs/msg/detail/dds_fastrtps/urdf_robot__type_support.cpp.o[0m
[ 55%] [32mBuilding CXX object CMakeFiles/webots_ros2_msgs__rosidl_typesupport_fastrtps_c.dir/rosidl_typesupport_fastrtps_c/webots_ros2_msgs/msg/detail/bool_stamped__type_support_c.cpp.o[0m
[ 56%] [32mBuilding CXX object CMakeFiles/webots_ros2_msgs__rosidl_typesupport_fastrtps_cpp.dir/rosidl_typesupport_fastrtps_cpp/webots_ros2_msgs/msg/detail/dds_fastrtps/pen_ink_properties__type_support.cpp.o[0m
[ 56%] [32mBuilding C object CMakeFiles/webots_ros2_msgs__rosidl_typesupport_introspection_c.dir/rosidl_typesupport_introspection_c/webots_ros2_msgs/msg/detail/camera_recognition_object__type_support.c.o[0m
[ 57%] [32mBuilding C object CMakeFiles/webots_ros2_msgs__rosidl_typesupport_introspection_c.dir/rosidl_typesupport_introspection_c/webots_ros2_msgs/msg/detail/urdf_robot__type_support.c.o[0m
[ 58%] [32mBuilding C object CMakeFiles/webots_ros2_msgs__rosidl_typesupport_introspection_c.dir/rosidl_typesupport_introspection_c/webots_ros2_msgs/msg/detail/camera_recognition_objects__type_support.c.o[0m
[ 59%] [32mBuilding CXX object CMakeFiles/webots_ros2_msgs__rosidl_typesupport_fastrtps_c.dir/rosidl_typesupport_fastrtps_c/webots_ros2_msgs/msg/detail/float_stamped__type_support_c.cpp.o[0m
[ 60%] [32mBuilding C object CMakeFiles/webots_ros2_msgs__rosidl_typesupport_introspection_c.dir/rosidl_typesupport_introspection_c/webots_ros2_msgs/msg/detail/pen_ink_properties__type_support.c.o[0m
[ 62%] [32mBuilding CXX object CMakeFiles/webots_ros2_msgs__rosidl_typesupport_fastrtps_cpp.dir/rosidl_typesupport_fastrtps_cpp/webots_ros2_msgs/srv/detail/dds_fastrtps/emitter_send_string__type_support.cpp.o[0m
[ 62%] [32mBuilding C object CMakeFiles/webots_ros2_msgs__rosidl_typesupport_introspection_c.dir/rosidl_typesupport_introspection_c/webots_ros2_msgs/srv/detail/emitter_send_string__type_support.c.o[0m
[ 63%] [32mBuilding CXX object CMakeFiles/webots_ros2_msgs__rosidl_typesupport_fastrtps_cpp.dir/rosidl_typesupport_fastrtps_cpp/webots_ros2_msgs/srv/detail/dds_fastrtps/get_bool__type_support.cpp.o[0m
[ 64%] [32mBuilding CXX object CMakeFiles/webots_ros2_msgs__rosidl_typesupport_fastrtps_cpp.dir/rosidl_typesupport_fastrtps_cpp/webots_ros2_msgs/srv/detail/dds_fastrtps/set_string__type_support.cpp.o[0m
[ 65%] [32mBuilding CXX object CMakeFiles/webots_ros2_msgs__rosidl_typesupport_introspection_cpp.dir/rosidl_typesupport_introspection_cpp/webots_ros2_msgs/srv/detail/set_string__type_support.cpp.o[0m
[ 66%] [32mBuilding C object CMakeFiles/webots_ros2_msgs__rosidl_typesupport_introspection_c.dir/rosidl_typesupport_introspection_c/webots_ros2_msgs/srv/detail/get_bool__type_support.c.o[0m
[ 66%] [32mBuilding CXX object CMakeFiles/webots_ros2_msgs__rosidl_typesupport_fastrtps_c.dir/rosidl_typesupport_fastrtps_c/webots_ros2_msgs/msg/detail/string_stamped__type_support_c.cpp.o[0m
[ 67%] [32mBuilding CXX object CMakeFiles/webots_ros2_msgs__rosidl_typesupport_introspection_cpp.dir/rosidl_typesupport_introspection_cpp/webots_ros2_msgs/srv/detail/spawn_node_from_string__type_support.cpp.o[0m
[ 68%] [32mBuilding CXX object CMakeFiles/webots_ros2_msgs__rosidl_typesupport_fastrtps_cpp.dir/rosidl_typesupport_fastrtps_cpp/webots_ros2_msgs/srv/detail/dds_fastrtps/spawn_node_from_string__type_support.cpp.o[0m
[ 68%] [32mBuilding CXX object CMakeFiles/webots_ros2_msgs__rosidl_typesupport_fastrtps_cpp.dir/rosidl_typesupport_fastrtps_cpp/webots_ros2_msgs/srv/detail/dds_fastrtps/spawn_urdf_robot__type_support.cpp.o[0m
[ 69%] [32mBuilding CXX object CMakeFiles/webots_ros2_msgs__rosidl_typesupport_introspection_cpp.dir/rosidl_typesupport_introspection_cpp/webots_ros2_msgs/srv/detail/spawn_urdf_robot__type_support.cpp.o[0m
[ 70%] [32mBuilding C object CMakeFiles/webots_ros2_msgs__rosidl_typesupport_introspection_c.dir/rosidl_typesupport_introspection_c/webots_ros2_msgs/srv/detail/set_string__type_support.c.o[0m
[ 70%] [32mBuilding C object CMakeFiles/webots_ros2_msgs__rosidl_typesupport_introspection_c.dir/rosidl_typesupport_introspection_c/webots_ros2_msgs/srv/detail/spawn_node_from_string__type_support.c.o[0m
[ 71%] [32mBuilding C object CMakeFiles/webots_ros2_msgs__rosidl_typesupport_introspection_c.dir/rosidl_typesupport_introspection_c/webots_ros2_msgs/srv/detail/spawn_urdf_robot__type_support.c.o[0m
[ 72%] [32mBuilding CXX object CMakeFiles/webots_ros2_msgs__rosidl_typesupport_fastrtps_c.dir/rosidl_typesupport_fastrtps_c/webots_ros2_msgs/msg/detail/camera_recognition_object__type_support_c.cpp.o[0m
[ 73%] [32m[1mLinking C shared library libwebots_ros2_msgs__rosidl_typesupport_introspection_c.so[0m
[ 73%] Built target webots_ros2_msgs__rosidl_typesupport_introspection_c
[ 74%] [32mBuilding CXX object CMakeFiles/webots_ros2_msgs__rosidl_typesupport_fastrtps_c.dir/rosidl_typesupport_fastrtps_c/webots_ros2_msgs/msg/detail/camera_recognition_objects__type_support_c.cpp.o[0m
[ 75%] [32mBuilding CXX object CMakeFiles/webots_ros2_msgs__rosidl_typesupport_fastrtps_c.dir/rosidl_typesupport_fastrtps_c/webots_ros2_msgs/msg/detail/urdf_robot__type_support_c.cpp.o[0m
[ 76%] [32mBuilding CXX object CMakeFiles/webots_ros2_msgs__rosidl_typesupport_fastrtps_c.dir/rosidl_typesupport_fastrtps_c/webots_ros2_msgs/msg/detail/pen_ink_properties__type_support_c.cpp.o[0m
[ 77%] [32mBuilding CXX object CMakeFiles/webots_ros2_msgs__rosidl_typesupport_fastrtps_c.dir/rosidl_typesupport_fastrtps_c/webots_ros2_msgs/srv/detail/emitter_send_string__type_support_c.cpp.o[0m
[ 77%] [32mBuilding CXX object CMakeFiles/webots_ros2_msgs__rosidl_typesupport_fastrtps_c.dir/rosidl_typesupport_fastrtps_c/webots_ros2_msgs/srv/detail/get_bool__type_support_c.cpp.o[0m
[ 78%] [32mBuilding CXX object CMakeFiles/webots_ros2_msgs__rosidl_typesupport_fastrtps_c.dir/rosidl_typesupport_fastrtps_c/webots_ros2_msgs/srv/detail/set_string__type_support_c.cpp.o[0m
[ 79%] [32mBuilding CXX object CMakeFiles/webots_ros2_msgs__rosidl_typesupport_fastrtps_c.dir/rosidl_typesupport_fastrtps_c/webots_ros2_msgs/srv/detail/spawn_node_from_string__type_support_c.cpp.o[0m
[ 80%] [32mBuilding CXX object CMakeFiles/webots_ros2_msgs__rosidl_typesupport_fastrtps_c.dir/rosidl_typesupport_fastrtps_c/webots_ros2_msgs/srv/detail/spawn_urdf_robot__type_support_c.cpp.o[0m
[ 81%] [32m[1mLinking CXX shared library libwebots_ros2_msgs__rosidl_typesupport_introspection_cpp.so[0m
[ 82%] [32m[1mLinking CXX shared library libwebots_ros2_msgs__rosidl_typesupport_fastrtps_cpp.so[0m
[ 82%] Built target webots_ros2_msgs__rosidl_typesupport_introspection_cpp
[ 82%] Built target webots_ros2_msgs__rosidl_typesupport_fastrtps_cpp
[ 83%] [32m[1mLinking CXX shared library libwebots_ros2_msgs__rosidl_typesupport_fastrtps_c.so[0m
[ 83%] Built target webots_ros2_msgs__rosidl_typesupport_fastrtps_c
[ 83%] Built target webots_ros2_msgs
[ 84%] [34m[1mGenerating Python code for ROS interfaces[0m
[ 84%] Built target webots_ros2_msgs__py
[ 88%] [32mBuilding C object CMakeFiles/webots_ros2_msgs__rosidl_generator_py.dir/rosidl_generator_py/webots_ros2_msgs/msg/_bool_stamped_s.c.o[0m
[ 88%] [32mBuilding C object CMakeFiles/webots_ros2_msgs__rosidl_generator_py.dir/rosidl_generator_py/webots_ros2_msgs/msg/_string_stamped_s.c.o[0m
[ 88%] [32mBuilding C object CMakeFiles/webots_ros2_msgs__rosidl_generator_py.dir/rosidl_generator_py/webots_ros2_msgs/msg/_camera_recognition_objects_s.c.o[0m
[ 88%] [32mBuilding C object CMakeFiles/webots_ros2_msgs__rosidl_generator_py.dir/rosidl_generator_py/webots_ros2_msgs/msg/_float_stamped_s.c.o[0m
[ 88%] [32mBuilding C object CMakeFiles/webots_ros2_msgs__rosidl_generator_py.dir/rosidl_generator_py/webots_ros2_msgs/msg/_camera_recognition_object_s.c.o[0m
[ 89%] [32mBuilding C object CMakeFiles/webots_ros2_msgs__rosidl_generator_py.dir/rosidl_generator_py/webots_ros2_msgs/msg/_urdf_robot_s.c.o[0m
[ 89%] [32mBuilding C object CMakeFiles/webots_ros2_msgs__rosidl_generator_py.dir/rosidl_generator_py/webots_ros2_msgs/srv/_set_string_s.c.o[0m
[ 90%] [32mBuilding C object CMakeFiles/webots_ros2_msgs__rosidl_generator_py.dir/rosidl_generator_py/webots_ros2_msgs/msg/_pen_ink_properties_s.c.o[0m
[ 91%] [32mBuilding C object CMakeFiles/webots_ros2_msgs__rosidl_generator_py.dir/rosidl_generator_py/webots_ros2_msgs/srv/_emitter_send_string_s.c.o[0m
[ 92%] [32mBuilding C object CMakeFiles/webots_ros2_msgs__rosidl_generator_py.dir/rosidl_generator_py/webots_ros2_msgs/srv/_get_bool_s.c.o[0m
[ 93%] [32mBuilding C object CMakeFiles/webots_ros2_msgs__rosidl_generator_py.dir/rosidl_generator_py/webots_ros2_msgs/srv/_spawn_node_from_string_s.c.o[0m
[ 94%] [32mBuilding C object CMakeFiles/webots_ros2_msgs__rosidl_generator_py.dir/rosidl_generator_py/webots_ros2_msgs/srv/_spawn_urdf_robot_s.c.o[0m
[ 95%] [32m[1mLinking C shared library rosidl_generator_py/webots_ros2_msgs/libwebots_ros2_msgs__rosidl_generator_py.so[0m
[ 95%] Built target webots_ros2_msgs__rosidl_generator_py
[ 96%] [32mBuilding C object CMakeFiles/webots_ros2_msgs__rosidl_typesupport_c__pyext.dir/rosidl_generator_py/webots_ros2_msgs/_webots_ros2_msgs_s.ep.rosidl_typesupport_c.c.o[0m
[ 97%] [32mBuilding C object CMakeFiles/webots_ros2_msgs__rosidl_typesupport_fastrtps_c__pyext.dir/rosidl_generator_py/webots_ros2_msgs/_webots_ros2_msgs_s.ep.rosidl_typesupport_fastrtps_c.c.o[0m
[ 97%] [32mBuilding C object CMakeFiles/webots_ros2_msgs__rosidl_typesupport_introspection_c__pyext.dir/rosidl_generator_py/webots_ros2_msgs/_webots_ros2_msgs_s.ep.rosidl_typesupport_introspection_c.c.o[0m
[ 98%] [32m[1mLinking C shared library rosidl_generator_py/webots_ros2_msgs/webots_ros2_msgs_s__rosidl_typesupport_c.cpython-310-x86_64-linux-gnu.so[0m
[100%] [32m[1mLinking C shared library rosidl_generator_py/webots_ros2_msgs/webots_ros2_msgs_s__rosidl_typesupport_introspection_c.cpython-310-x86_64-linux-gnu.so[0m
[100%] [32m[1mLinking C shared library rosidl_generator_py/webots_ros2_msgs/webots_ros2_msgs_s__rosidl_typesupport_fastrtps_c.cpython-310-x86_64-linux-gnu.so[0m
[100%] Built target webots_ros2_msgs__rosidl_typesupport_c__pyext
[100%] Built target webots_ros2_msgs__rosidl_typesupport_introspection_c__pyext
[100%] Built target webots_ros2_msgs__rosidl_typesupport_fastrtps_c__pyext
-- Install configuration: ""
-- Installing: /root/ros2_ws/install/webots_ros2_msgs/share/ament_index/resource_index/rosidl_interfaces/webots_ros2_msgs
-- Installing: /root/ros2_ws/install/webots_ros2_msgs/include/webots_ros2_msgs/webots_ros2_msgs
-- Installing: /root/ros2_ws/install/webots_ros2_msgs/include/webots_ros2_msgs/webots_ros2_msgs/srv
-- Installing: /root/ros2_ws/install/webots_ros2_msgs/include/webots_ros2_msgs/webots_ros2_msgs/srv/spawn_node_from_string.h
-- Installing: /root/ros2_ws/install/webots_ros2_msgs/include/webots_ros2_msgs/webots_ros2_msgs/srv/detail
-- Installing: /root/ros2_ws/install/webots_ros2_msgs/include/webots_ros2_msgs/webots_ros2_msgs/srv/detail/spawn_urdf_robot__functions.h
-- Installing: /root/ros2_ws/install/webots_ros2_msgs/include/webots_ros2_msgs/webots_ros2_msgs/srv/detail/spawn_node_from_string__functions.h
-- Installing: /root/ros2_ws/install/webots_ros2_msgs/include/webots_ros2_msgs/webots_ros2_msgs/srv/detail/emitter_send_string__functions.h
-- Installing: /root/ros2_ws/install/webots_ros2_msgs/include/webots_ros2_msgs/webots_ros2_msgs/srv/detail/emitter_send_string__functions.c
-- Installing: /root/ros2_ws/install/webots_ros2_msgs/include/webots_ros2_msgs/webots_ros2_msgs/srv/detail/spawn_node_from_string__functions.c
-- Installing: /root/ros2_ws/install/webots_ros2_msgs/include/webots_ros2_msgs/webots_ros2_msgs/srv/detail/set_string__struct.h
-- Installing: /root/ros2_ws/install/webots_ros2_msgs/include/webots_ros2_msgs/webots_ros2_msgs/srv/detail/spawn_urdf_robot__type_support.h
-- Installing: /root/ros2_ws/install/webots_ros2_msgs/include/webots_ros2_msgs/webots_ros2_msgs/srv/detail/spawn_node_from_string__type_support.h
-- Installing: /root/ros2_ws/install/webots_ros2_msgs/include/webots_ros2_msgs/webots_ros2_msgs/srv/detail/get_bool__functions.c
-- Installing: /root/ros2_ws/install/webots_ros2_msgs/include/webots_ros2_msgs/webots_ros2_msgs/srv/detail/spawn_node_from_string__struct.h
-- Installing: /root/ros2_ws/install/webots_ros2_msgs/include/webots_ros2_msgs/webots_ros2_msgs/srv/detail/spawn_urdf_robot__functions.c
-- Installing: /root/ros2_ws/install/webots_ros2_msgs/include/webots_ros2_msgs/webots_ros2_msgs/srv/detail/set_string__functions.c
-- Installing: /root/ros2_ws/install/webots_ros2_msgs/include/webots_ros2_msgs/webots_ros2_msgs/srv/detail/emitter_send_string__struct.h
-- Installing: /root/ros2_ws/install/webots_ros2_msgs/include/webots_ros2_msgs/webots_ros2_msgs/srv/detail/set_string__type_support.h
-- Installing: /root/ros2_ws/install/webots_ros2_msgs/include/webots_ros2_msgs/webots_ros2_msgs/srv/detail/get_bool__struct.h
-- Installing: /root/ros2_ws/install/webots_ros2_msgs/include/webots_ros2_msgs/webots_ros2_msgs/srv/detail/spawn_urdf_robot__struct.h
-- Installing: /root/ros2_ws/install/webots_ros2_msgs/include/webots_ros2_msgs/webots_ros2_msgs/srv/detail/get_bool__functions.h
-- Installing: /root/ros2_ws/install/webots_ros2_msgs/include/webots_ros2_msgs/webots_ros2_msgs/srv/detail/set_string__functions.h
-- Installing: /root/ros2_ws/install/webots_ros2_msgs/include/webots_ros2_msgs/webots_ros2_msgs/srv/detail/emitter_send_string__type_support.h
-- Installing: /root/ros2_ws/install/webots_ros2_msgs/include/webots_ros2_msgs/webots_ros2_msgs/srv/detail/get_bool__type_support.h
-- Installing: /root/ros2_ws/install/webots_ros2_msgs/include/webots_ros2_msgs/webots_ros2_msgs/srv/get_bool.h
-- Installing: /root/ros2_ws/install/webots_ros2_msgs/include/webots_ros2_msgs/webots_ros2_msgs/srv/emitter_send_string.h
-- Installing: /root/ros2_ws/install/webots_ros2_msgs/include/webots_ros2_msgs/webots_ros2_msgs/srv/set_string.h
-- Installing: /root/ros2_ws/install/webots_ros2_msgs/include/webots_ros2_msgs/webots_ros2_msgs/srv/spawn_urdf_robot.h
-- Installing: /root/ros2_ws/install/webots_ros2_msgs/include/webots_ros2_msgs/webots_ros2_msgs/msg
-- Installing: /root/ros2_ws/install/webots_ros2_msgs/include/webots_ros2_msgs/webots_ros2_msgs/msg/camera_recognition_object.h
-- Installing: /root/ros2_ws/install/webots_ros2_msgs/include/webots_ros2_msgs/webots_ros2_msgs/msg/string_stamped.h
-- Installing: /root/ros2_ws/install/webots_ros2_msgs/include/webots_ros2_msgs/webots_ros2_msgs/msg/float_stamped.h
-- Installing: /root/ros2_ws/install/webots_ros2_msgs/include/webots_ros2_msgs/webots_ros2_msgs/msg/camera_recognition_objects.h
-- Installing: /root/ros2_ws/install/webots_ros2_msgs/include/webots_ros2_msgs/webots_ros2_msgs/msg/bool_stamped.h
-- Installing: /root/ros2_ws/install/webots_ros2_msgs/include/webots_ros2_msgs/webots_ros2_msgs/msg/pen_ink_properties.h
-- Installing: /root/ros2_ws/install/webots_ros2_msgs/include/webots_ros2_msgs/webots_ros2_msgs/msg/detail
-- Installing: /root/ros2_ws/install/webots_ros2_msgs/include/webots_ros2_msgs/webots_ros2_msgs/msg/detail/pen_ink_properties__functions.c
-- Installing: /root/ros2_ws/install/webots_ros2_msgs/include/webots_ros2_msgs/webots_ros2_msgs/msg/detail/urdf_robot__functions.c
-- Installing: /root/ros2_ws/install/webots_ros2_msgs/include/webots_ros2_msgs/webots_ros2_msgs/msg/detail/camera_recognition_object__struct.h
-- Installing: /root/ros2_ws/install/webots_ros2_msgs/include/webots_ros2_msgs/webots_ros2_msgs/msg/detail/string_stamped__functions.c
-- Installing: /root/ros2_ws/install/webots_ros2_msgs/include/webots_ros2_msgs/webots_ros2_msgs/msg/detail/urdf_robot__struct.h
-- Installing: /root/ros2_ws/install/webots_ros2_msgs/include/webots_ros2_msgs/webots_ros2_msgs/msg/detail/camera_recognition_objects__struct.h
-- Installing: /root/ros2_ws/install/webots_ros2_msgs/include/webots_ros2_msgs/webots_ros2_msgs/msg/detail/camera_recognition_objects__functions.c
-- Installing: /root/ros2_ws/install/webots_ros2_msgs/include/webots_ros2_msgs/webots_ros2_msgs/msg/detail/bool_stamped__functions.c
-- Installing: /root/ros2_ws/install/webots_ros2_msgs/include/webots_ros2_msgs/webots_ros2_msgs/msg/detail/pen_ink_properties__struct.h
-- Installing: /root/ros2_ws/install/webots_ros2_msgs/include/webots_ros2_msgs/webots_ros2_msgs/msg/detail/string_stamped__type_support.h
-- Installing: /root/ros2_ws/install/webots_ros2_msgs/include/webots_ros2_msgs/webots_ros2_msgs/msg/detail/bool_stamped__functions.h
-- Installing: /root/ros2_ws/install/webots_ros2_msgs/include/webots_ros2_msgs/webots_ros2_msgs/msg/detail/pen_ink_properties__functions.h
-- Installing: /root/ros2_ws/install/webots_ros2_msgs/include/webots_ros2_msgs/webots_ros2_msgs/msg/detail/float_stamped__functions.h
-- Installing: /root/ros2_ws/install/webots_ros2_msgs/include/webots_ros2_msgs/webots_ros2_msgs/msg/detail/camera_recognition_objects__functions.h
-- Installing: /root/ros2_ws/install/webots_ros2_msgs/include/webots_ros2_msgs/webots_ros2_msgs/msg/detail/urdf_robot__type_support.h
-- Installing: /root/ros2_ws/install/webots_ros2_msgs/include/webots_ros2_msgs/webots_ros2_msgs/msg/detail/pen_ink_properties__type_support.h
-- Installing: /root/ros2_ws/install/webots_ros2_msgs/include/webots_ros2_msgs/webots_ros2_msgs/msg/detail/camera_recognition_object__type_support.h
-- Installing: /root/ros2_ws/install/webots_ros2_msgs/include/webots_ros2_msgs/webots_ros2_msgs/msg/detail/bool_stamped__type_support.h
-- Installing: /root/ros2_ws/install/webots_ros2_msgs/include/webots_ros2_msgs/webots_ros2_msgs/msg/detail/string_stamped__struct.h
-- Installing: /root/ros2_ws/install/webots_ros2_msgs/include/webots_ros2_msgs/webots_ros2_msgs/msg/detail/camera_recognition_object__functions.c
-- Installing: /root/ros2_ws/install/webots_ros2_msgs/include/webots_ros2_msgs/webots_ros2_msgs/msg/detail/camera_recognition_objects__type_support.h
-- Installing: /root/ros2_ws/install/webots_ros2_msgs/include/webots_ros2_msgs/webots_ros2_msgs/msg/detail/string_stamped__functions.h
-- Installing: /root/ros2_ws/install/webots_ros2_msgs/include/webots_ros2_msgs/webots_ros2_msgs/msg/detail/bool_stamped__struct.h
-- Installing: /root/ros2_ws/install/webots_ros2_msgs/include/webots_ros2_msgs/webots_ros2_msgs/msg/detail/camera_recognition_object__functions.h
-- Installing: /root/ros2_ws/install/webots_ros2_msgs/include/webots_ros2_msgs/webots_ros2_msgs/msg/detail/urdf_robot__functions.h
-- Installing: /root/ros2_ws/install/webots_ros2_msgs/include/webots_ros2_msgs/webots_ros2_msgs/msg/detail/float_stamped__type_support.h
-- Installing: /root/ros2_ws/install/webots_ros2_msgs/include/webots_ros2_msgs/webots_ros2_msgs/msg/detail/float_stamped__struct.h
-- Installing: /root/ros2_ws/install/webots_ros2_msgs/include/webots_ros2_msgs/webots_ros2_msgs/msg/detail/float_stamped__functions.c
-- Installing: /root/ros2_ws/install/webots_ros2_msgs/include/webots_ros2_msgs/webots_ros2_msgs/msg/urdf_robot.h
-- Installing: /root/ros2_ws/install/webots_ros2_msgs/include/webots_ros2_msgs/webots_ros2_msgs/msg/rosidl_generator_c__visibility_control.h
-- Installing: /root/ros2_ws/install/webots_ros2_msgs/share/webots_ros2_msgs/environment/library_path.sh
-- Installing: /root/ros2_ws/install/webots_ros2_msgs/share/webots_ros2_msgs/environment/library_path.dsv
-- Installing: /root/ros2_ws/install/webots_ros2_msgs/lib/libwebots_ros2_msgs__rosidl_generator_c.so
-- Set runtime path of "/root/ros2_ws/install/webots_ros2_msgs/lib/libwebots_ros2_msgs__rosidl_generator_c.so" to ""
-- Up-to-date: /root/ros2_ws/install/webots_ros2_msgs/include/webots_ros2_msgs/webots_ros2_msgs
-- Up-to-date: /root/ros2_ws/install/webots_ros2_msgs/include/webots_ros2_msgs/webots_ros2_msgs/srv
-- Up-to-date: /root/ros2_ws/install/webots_ros2_msgs/include/webots_ros2_msgs/webots_ros2_msgs/srv/detail
-- Installing: /root/ros2_ws/install/webots_ros2_msgs/include/webots_ros2_msgs/webots_ros2_msgs/srv/detail/spawn_node_from_string__rosidl_typesupport_fastrtps_c.h
-- Installing: /root/ros2_ws/install/webots_ros2_msgs/include/webots_ros2_msgs/webots_ros2_msgs/srv/detail/spawn_urdf_robot__rosidl_typesupport_fastrtps_c.h
-- Installing: /root/ros2_ws/install/webots_ros2_msgs/include/webots_ros2_msgs/webots_ros2_msgs/srv/detail/set_string__rosidl_typesupport_fastrtps_c.h
-- Installing: /root/ros2_ws/install/webots_ros2_msgs/include/webots_ros2_msgs/webots_ros2_msgs/srv/detail/emitter_send_string__rosidl_typesupport_fastrtps_c.h
-- Installing: /root/ros2_ws/install/webots_ros2_msgs/include/webots_ros2_msgs/webots_ros2_msgs/srv/detail/get_bool__rosidl_typesupport_fastrtps_c.h
-- Up-to-date: /root/ros2_ws/install/webots_ros2_msgs/include/webots_ros2_msgs/webots_ros2_msgs/msg
-- Installing: /root/ros2_ws/install/webots_ros2_msgs/include/webots_ros2_msgs/webots_ros2_msgs/msg/rosidl_typesupport_fastrtps_c__visibility_control.h
-- Up-to-date: /root/ros2_ws/install/webots_ros2_msgs/include/webots_ros2_msgs/webots_ros2_msgs/msg/detail
-- Installing: /root/ros2_ws/install/webots_ros2_msgs/include/webots_ros2_msgs/webots_ros2_msgs/msg/detail/urdf_robot__rosidl_typesupport_fastrtps_c.h
-- Installing: /root/ros2_ws/install/webots_ros2_msgs/include/webots_ros2_msgs/webots_ros2_msgs/msg/detail/string_stamped__rosidl_typesupport_fastrtps_c.h
-- Installing: /root/ros2_ws/install/webots_ros2_msgs/include/webots_ros2_msgs/webots_ros2_msgs/msg/detail/float_stamped__rosidl_typesupport_fastrtps_c.h
-- Installing: /root/ros2_ws/install/webots_ros2_msgs/include/webots_ros2_msgs/webots_ros2_msgs/msg/detail/bool_stamped__rosidl_typesupport_fastrtps_c.h
-- Installing: /root/ros2_ws/install/webots_ros2_msgs/include/webots_ros2_msgs/webots_ros2_msgs/msg/detail/camera_recognition_objects__rosidl_typesupport_fastrtps_c.h
-- Installing: /root/ros2_ws/install/webots_ros2_msgs/include/webots_ros2_msgs/webots_ros2_msgs/msg/detail/camera_recognition_object__rosidl_typesupport_fastrtps_c.h
-- Installing: /root/ros2_ws/install/webots_ros2_msgs/include/webots_ros2_msgs/webots_ros2_msgs/msg/detail/pen_ink_properties__rosidl_typesupport_fastrtps_c.h
-- Installing: /root/ros2_ws/install/webots_ros2_msgs/lib/libwebots_ros2_msgs__rosidl_typesupport_fastrtps_c.so
-- Set runtime path of "/root/ros2_ws/install/webots_ros2_msgs/lib/libwebots_ros2_msgs__rosidl_typesupport_fastrtps_c.so" to ""
-- Up-to-date: /root/ros2_ws/install/webots_ros2_msgs/include/webots_ros2_msgs/webots_ros2_msgs
-- Up-to-date: /root/ros2_ws/install/webots_ros2_msgs/include/webots_ros2_msgs/webots_ros2_msgs/srv
-- Installing: /root/ros2_ws/install/webots_ros2_msgs/include/webots_ros2_msgs/webots_ros2_msgs/srv/set_string.hpp
-- Installing: /root/ros2_ws/install/webots_ros2_msgs/include/webots_ros2_msgs/webots_ros2_msgs/srv/get_bool.hpp
-- Installing: /root/ros2_ws/install/webots_ros2_msgs/include/webots_ros2_msgs/webots_ros2_msgs/srv/emitter_send_string.hpp
-- Installing: /root/ros2_ws/install/webots_ros2_msgs/include/webots_ros2_msgs/webots_ros2_msgs/srv/spawn_urdf_robot.hpp
-- Up-to-date: /root/ros2_ws/install/webots_ros2_msgs/include/webots_ros2_msgs/webots_ros2_msgs/srv/detail
-- Installing: /root/ros2_ws/install/webots_ros2_msgs/include/webots_ros2_msgs/webots_ros2_msgs/srv/detail/spawn_node_from_string__struct.hpp
-- Installing: /root/ros2_ws/install/webots_ros2_msgs/include/webots_ros2_msgs/webots_ros2_msgs/srv/detail/spawn_urdf_robot__builder.hpp
-- Installing: /root/ros2_ws/install/webots_ros2_msgs/include/webots_ros2_msgs/webots_ros2_msgs/srv/detail/get_bool__type_support.hpp
-- Installing: /root/ros2_ws/install/webots_ros2_msgs/include/webots_ros2_msgs/webots_ros2_msgs/srv/detail/get_bool__traits.hpp
-- Installing: /root/ros2_ws/install/webots_ros2_msgs/include/webots_ros2_msgs/webots_ros2_msgs/srv/detail/set_string__type_support.hpp
-- Installing: /root/ros2_ws/install/webots_ros2_msgs/include/webots_ros2_msgs/webots_ros2_msgs/srv/detail/set_string__builder.hpp
-- Installing: /root/ros2_ws/install/webots_ros2_msgs/include/webots_ros2_msgs/webots_ros2_msgs/srv/detail/emitter_send_string__builder.hpp
-- Installing: /root/ros2_ws/install/webots_ros2_msgs/include/webots_ros2_msgs/webots_ros2_msgs/srv/detail/spawn_node_from_string__type_support.hpp
-- Installing: /root/ros2_ws/install/webots_ros2_msgs/include/webots_ros2_msgs/webots_ros2_msgs/srv/detail/get_bool__builder.hpp
-- Installing: /root/ros2_ws/install/webots_ros2_msgs/include/webots_ros2_msgs/webots_ros2_msgs/srv/detail/spawn_urdf_robot__type_support.hpp
-- Installing: /root/ros2_ws/install/webots_ros2_msgs/include/webots_ros2_msgs/webots_ros2_msgs/srv/detail/set_string__traits.hpp
-- Installing: /root/ros2_ws/install/webots_ros2_msgs/include/webots_ros2_msgs/webots_ros2_msgs/srv/detail/spawn_node_from_string__builder.hpp
-- Installing: /root/ros2_ws/install/webots_ros2_msgs/include/webots_ros2_msgs/webots_ros2_msgs/srv/detail/emitter_send_string__traits.hpp
-- Installing: /root/ros2_ws/install/webots_ros2_msgs/include/webots_ros2_msgs/webots_ros2_msgs/srv/detail/emitter_send_string__type_support.hpp
-- Installing: /root/ros2_ws/install/webots_ros2_msgs/include/webots_ros2_msgs/webots_ros2_msgs/srv/detail/emitter_send_string__struct.hpp
-- Installing: /root/ros2_ws/install/webots_ros2_msgs/include/webots_ros2_msgs/webots_ros2_msgs/srv/detail/get_bool__struct.hpp
-- Installing: /root/ros2_ws/install/webots_ros2_msgs/include/webots_ros2_msgs/webots_ros2_msgs/srv/detail/spawn_urdf_robot__struct.hpp
-- Installing: /root/ros2_ws/install/webots_ros2_msgs/include/webots_ros2_msgs/webots_ros2_msgs/srv/detail/spawn_node_from_string__traits.hpp
-- Installing: /root/ros2_ws/install/webots_ros2_msgs/include/webots_ros2_msgs/webots_ros2_msgs/srv/detail/spawn_urdf_robot__traits.hpp
-- Installing: /root/ros2_ws/install/webots_ros2_msgs/include/webots_ros2_msgs/webots_ros2_msgs/srv/detail/set_string__struct.hpp
-- Installing: /root/ros2_ws/install/webots_ros2_msgs/include/webots_ros2_msgs/webots_ros2_msgs/srv/spawn_node_from_string.hpp
-- Up-to-date: /root/ros2_ws/install/webots_ros2_msgs/include/webots_ros2_msgs/webots_ros2_msgs/msg
-- Installing: /root/ros2_ws/install/webots_ros2_msgs/include/webots_ros2_msgs/webots_ros2_msgs/msg/float_stamped.hpp
-- Installing: /root/ros2_ws/install/webots_ros2_msgs/include/webots_ros2_msgs/webots_ros2_msgs/msg/bool_stamped.hpp
-- Installing: /root/ros2_ws/install/webots_ros2_msgs/include/webots_ros2_msgs/webots_ros2_msgs/msg/camera_recognition_objects.hpp
-- Installing: /root/ros2_ws/install/webots_ros2_msgs/include/webots_ros2_msgs/webots_ros2_msgs/msg/camera_recognition_object.hpp
-- Up-to-date: /root/ros2_ws/install/webots_ros2_msgs/include/webots_ros2_msgs/webots_ros2_msgs/msg/detail
-- Installing: /root/ros2_ws/install/webots_ros2_msgs/include/webots_ros2_msgs/webots_ros2_msgs/msg/detail/camera_recognition_objects__traits.hpp
-- Installing: /root/ros2_ws/install/webots_ros2_msgs/include/webots_ros2_msgs/webots_ros2_msgs/msg/detail/camera_recognition_object__traits.hpp
-- Installing: /root/ros2_ws/install/webots_ros2_msgs/include/webots_ros2_msgs/webots_ros2_msgs/msg/detail/urdf_robot__struct.hpp
-- Installing: /root/ros2_ws/install/webots_ros2_msgs/include/webots_ros2_msgs/webots_ros2_msgs/msg/detail/string_stamped__traits.hpp
-- Installing: /root/ros2_ws/install/webots_ros2_msgs/include/webots_ros2_msgs/webots_ros2_msgs/msg/detail/pen_ink_properties__struct.hpp
-- Installing: /root/ros2_ws/install/webots_ros2_msgs/include/webots_ros2_msgs/webots_ros2_msgs/msg/detail/camera_recognition_object__struct.hpp
-- Installing: /root/ros2_ws/install/webots_ros2_msgs/include/webots_ros2_msgs/webots_ros2_msgs/msg/detail/float_stamped__type_support.hpp
-- Installing: /root/ros2_ws/install/webots_ros2_msgs/include/webots_ros2_msgs/webots_ros2_msgs/msg/detail/pen_ink_properties__builder.hpp
-- Installing: /root/ros2_ws/install/webots_ros2_msgs/include/webots_ros2_msgs/webots_ros2_msgs/msg/detail/bool_stamped__struct.hpp
-- Installing: /root/ros2_ws/install/webots_ros2_msgs/include/webots_ros2_msgs/webots_ros2_msgs/msg/detail/camera_recognition_object__type_support.hpp
-- Installing: /root/ros2_ws/install/webots_ros2_msgs/include/webots_ros2_msgs/webots_ros2_msgs/msg/detail/float_stamped__struct.hpp
-- Installing: /root/ros2_ws/install/webots_ros2_msgs/include/webots_ros2_msgs/webots_ros2_msgs/msg/detail/pen_ink_properties__traits.hpp
-- Installing: /root/ros2_ws/install/webots_ros2_msgs/include/webots_ros2_msgs/webots_ros2_msgs/msg/detail/urdf_robot__builder.hpp
-- Installing: /root/ros2_ws/install/webots_ros2_msgs/include/webots_ros2_msgs/webots_ros2_msgs/msg/detail/camera_recognition_object__builder.hpp
-- Installing: /root/ros2_ws/install/webots_ros2_msgs/include/webots_ros2_msgs/webots_ros2_msgs/msg/detail/camera_recognition_objects__type_support.hpp
-- Installing: /root/ros2_ws/install/webots_ros2_msgs/include/webots_ros2_msgs/webots_ros2_msgs/msg/detail/string_stamped__type_support.hpp
-- Installing: /root/ros2_ws/install/webots_ros2_msgs/include/webots_ros2_msgs/webots_ros2_msgs/msg/detail/camera_recognition_objects__struct.hpp
-- Installing: /root/ros2_ws/install/webots_ros2_msgs/include/webots_ros2_msgs/webots_ros2_msgs/msg/detail/camera_recognition_objects__builder.hpp
-- Installing: /root/ros2_ws/install/webots_ros2_msgs/include/webots_ros2_msgs/webots_ros2_msgs/msg/detail/bool_stamped__type_support.hpp
-- Installing: /root/ros2_ws/install/webots_ros2_msgs/include/webots_ros2_msgs/webots_ros2_msgs/msg/detail/string_stamped__struct.hpp
-- Installing: /root/ros2_ws/install/webots_ros2_msgs/include/webots_ros2_msgs/webots_ros2_msgs/msg/detail/bool_stamped__builder.hpp
-- Installing: /root/ros2_ws/install/webots_ros2_msgs/include/webots_ros2_msgs/webots_ros2_msgs/msg/detail/bool_stamped__traits.hpp
-- Installing: /root/ros2_ws/install/webots_ros2_msgs/include/webots_ros2_msgs/webots_ros2_msgs/msg/detail/pen_ink_properties__type_support.hpp
-- Installing: /root/ros2_ws/install/webots_ros2_msgs/include/webots_ros2_msgs/webots_ros2_msgs/msg/detail/urdf_robot__traits.hpp
-- Installing: /root/ros2_ws/install/webots_ros2_msgs/include/webots_ros2_msgs/webots_ros2_msgs/msg/detail/string_stamped__builder.hpp
-- Installing: /root/ros2_ws/install/webots_ros2_msgs/include/webots_ros2_msgs/webots_ros2_msgs/msg/detail/urdf_robot__type_support.hpp
-- Installing: /root/ros2_ws/install/webots_ros2_msgs/include/webots_ros2_msgs/webots_ros2_msgs/msg/detail/float_stamped__builder.hpp
-- Installing: /root/ros2_ws/install/webots_ros2_msgs/include/webots_ros2_msgs/webots_ros2_msgs/msg/detail/float_stamped__traits.hpp
-- Installing: /root/ros2_ws/install/webots_ros2_msgs/include/webots_ros2_msgs/webots_ros2_msgs/msg/urdf_robot.hpp
-- Installing: /root/ros2_ws/install/webots_ros2_msgs/include/webots_ros2_msgs/webots_ros2_msgs/msg/string_stamped.hpp
-- Installing: /root/ros2_ws/install/webots_ros2_msgs/include/webots_ros2_msgs/webots_ros2_msgs/msg/pen_ink_properties.hpp
-- Installing: /root/ros2_ws/install/webots_ros2_msgs/include/webots_ros2_msgs/webots_ros2_msgs/msg/rosidl_generator_cpp__visibility_control.hpp
-- Up-to-date: /root/ros2_ws/install/webots_ros2_msgs/include/webots_ros2_msgs/webots_ros2_msgs
-- Up-to-date: /root/ros2_ws/install/webots_ros2_msgs/include/webots_ros2_msgs/webots_ros2_msgs/srv
-- Up-to-date: /root/ros2_ws/install/webots_ros2_msgs/include/webots_ros2_msgs/webots_ros2_msgs/srv/detail
-- Installing: /root/ros2_ws/install/webots_ros2_msgs/include/webots_ros2_msgs/webots_ros2_msgs/srv/detail/set_string__rosidl_typesupport_fastrtps_cpp.hpp
-- Installing: /root/ros2_ws/install/webots_ros2_msgs/include/webots_ros2_msgs/webots_ros2_msgs/srv/detail/spawn_node_from_string__rosidl_typesupport_fastrtps_cpp.hpp
-- Installing: /root/ros2_ws/install/webots_ros2_msgs/include/webots_ros2_msgs/webots_ros2_msgs/srv/detail/get_bool__rosidl_typesupport_fastrtps_cpp.hpp
-- Installing: /root/ros2_ws/install/webots_ros2_msgs/include/webots_ros2_msgs/webots_ros2_msgs/srv/detail/emitter_send_string__rosidl_typesupport_fastrtps_cpp.hpp
-- Installing: /root/ros2_ws/install/webots_ros2_msgs/include/webots_ros2_msgs/webots_ros2_msgs/srv/detail/dds_fastrtps
-- Installing: /root/ros2_ws/install/webots_ros2_msgs/include/webots_ros2_msgs/webots_ros2_msgs/srv/detail/spawn_urdf_robot__rosidl_typesupport_fastrtps_cpp.hpp
-- Up-to-date: /root/ros2_ws/install/webots_ros2_msgs/include/webots_ros2_msgs/webots_ros2_msgs/msg
-- Installing: /root/ros2_ws/install/webots_ros2_msgs/include/webots_ros2_msgs/webots_ros2_msgs/msg/rosidl_typesupport_fastrtps_cpp__visibility_control.h
-- Up-to-date: /root/ros2_ws/install/webots_ros2_msgs/include/webots_ros2_msgs/webots_ros2_msgs/msg/detail
-- Installing: /root/ros2_ws/install/webots_ros2_msgs/include/webots_ros2_msgs/webots_ros2_msgs/msg/detail/string_stamped__rosidl_typesupport_fastrtps_cpp.hpp
-- Installing: /root/ros2_ws/install/webots_ros2_msgs/include/webots_ros2_msgs/webots_ros2_msgs/msg/detail/float_stamped__rosidl_typesupport_fastrtps_cpp.hpp
-- Installing: /root/ros2_ws/install/webots_ros2_msgs/include/webots_ros2_msgs/webots_ros2_msgs/msg/detail/pen_ink_properties__rosidl_typesupport_fastrtps_cpp.hpp
-- Installing: /root/ros2_ws/install/webots_ros2_msgs/include/webots_ros2_msgs/webots_ros2_msgs/msg/detail/dds_fastrtps
-- Installing: /root/ros2_ws/install/webots_ros2_msgs/include/webots_ros2_msgs/webots_ros2_msgs/msg/detail/bool_stamped__rosidl_typesupport_fastrtps_cpp.hpp
-- Installing: /root/ros2_ws/install/webots_ros2_msgs/include/webots_ros2_msgs/webots_ros2_msgs/msg/detail/urdf_robot__rosidl_typesupport_fastrtps_cpp.hpp
-- Installing: /root/ros2_ws/install/webots_ros2_msgs/include/webots_ros2_msgs/webots_ros2_msgs/msg/detail/camera_recognition_objects__rosidl_typesupport_fastrtps_cpp.hpp
-- Installing: /root/ros2_ws/install/webots_ros2_msgs/include/webots_ros2_msgs/webots_ros2_msgs/msg/detail/camera_recognition_object__rosidl_typesupport_fastrtps_cpp.hpp
-- Installing: /root/ros2_ws/install/webots_ros2_msgs/lib/libwebots_ros2_msgs__rosidl_typesupport_fastrtps_cpp.so
-- Set runtime path of "/root/ros2_ws/install/webots_ros2_msgs/lib/libwebots_ros2_msgs__rosidl_typesupport_fastrtps_cpp.so" to ""
-- Up-to-date: /root/ros2_ws/install/webots_ros2_msgs/include/webots_ros2_msgs/webots_ros2_msgs
-- Up-to-date: /root/ros2_ws/install/webots_ros2_msgs/include/webots_ros2_msgs/webots_ros2_msgs/srv
-- Up-to-date: /root/ros2_ws/install/webots_ros2_msgs/include/webots_ros2_msgs/webots_ros2_msgs/srv/detail
-- Installing: /root/ros2_ws/install/webots_ros2_msgs/include/webots_ros2_msgs/webots_ros2_msgs/srv/detail/set_string__rosidl_typesupport_introspection_c.h
-- Installing: /root/ros2_ws/install/webots_ros2_msgs/include/webots_ros2_msgs/webots_ros2_msgs/srv/detail/spawn_urdf_robot__type_support.c
-- Installing: /root/ros2_ws/install/webots_ros2_msgs/include/webots_ros2_msgs/webots_ros2_msgs/srv/detail/emitter_send_string__type_support.c
-- Installing: /root/ros2_ws/install/webots_ros2_msgs/include/webots_ros2_msgs/webots_ros2_msgs/srv/detail/spawn_node_from_string__type_support.c
-- Installing: /root/ros2_ws/install/webots_ros2_msgs/include/webots_ros2_msgs/webots_ros2_msgs/srv/detail/spawn_node_from_string__rosidl_typesupport_introspection_c.h
-- Installing: /root/ros2_ws/install/webots_ros2_msgs/include/webots_ros2_msgs/webots_ros2_msgs/srv/detail/spawn_urdf_robot__rosidl_typesupport_introspection_c.h
-- Installing: /root/ros2_ws/install/webots_ros2_msgs/include/webots_ros2_msgs/webots_ros2_msgs/srv/detail/emitter_send_string__rosidl_typesupport_introspection_c.h
-- Installing: /root/ros2_ws/install/webots_ros2_msgs/include/webots_ros2_msgs/webots_ros2_msgs/srv/detail/get_bool__rosidl_typesupport_introspection_c.h
-- Installing: /root/ros2_ws/install/webots_ros2_msgs/include/webots_ros2_msgs/webots_ros2_msgs/srv/detail/get_bool__type_support.c
-- Installing: /root/ros2_ws/install/webots_ros2_msgs/include/webots_ros2_msgs/webots_ros2_msgs/srv/detail/set_string__type_support.c
-- Up-to-date: /root/ros2_ws/install/webots_ros2_msgs/include/webots_ros2_msgs/webots_ros2_msgs/msg
-- Installing: /root/ros2_ws/install/webots_ros2_msgs/include/webots_ros2_msgs/webots_ros2_msgs/msg/rosidl_typesupport_introspection_c__visibility_control.h
-- Up-to-date: /root/ros2_ws/install/webots_ros2_msgs/include/webots_ros2_msgs/webots_ros2_msgs/msg/detail
-- Installing: /root/ros2_ws/install/webots_ros2_msgs/include/webots_ros2_msgs/webots_ros2_msgs/msg/detail/camera_recognition_objects__rosidl_typesupport_introspection_c.h
-- Installing: /root/ros2_ws/install/webots_ros2_msgs/include/webots_ros2_msgs/webots_ros2_msgs/msg/detail/urdf_robot__rosidl_typesupport_introspection_c.h
-- Installing: /root/ros2_ws/install/webots_ros2_msgs/include/webots_ros2_msgs/webots_ros2_msgs/msg/detail/float_stamped__rosidl_typesupport_introspection_c.h
-- Installing: /root/ros2_ws/install/webots_ros2_msgs/include/webots_ros2_msgs/webots_ros2_msgs/msg/detail/pen_ink_properties__rosidl_typesupport_introspection_c.h
-- Installing: /root/ros2_ws/install/webots_ros2_msgs/include/webots_ros2_msgs/webots_ros2_msgs/msg/detail/bool_stamped__type_support.c
-- Installing: /root/ros2_ws/install/webots_ros2_msgs/include/webots_ros2_msgs/webots_ros2_msgs/msg/detail/pen_ink_properties__type_support.c
-- Installing: /root/ros2_ws/install/webots_ros2_msgs/include/webots_ros2_msgs/webots_ros2_msgs/msg/detail/camera_recognition_objects__type_support.c
-- Installing: /root/ros2_ws/install/webots_ros2_msgs/include/webots_ros2_msgs/webots_ros2_msgs/msg/detail/camera_recognition_object__type_support.c
-- Installing: /root/ros2_ws/install/webots_ros2_msgs/include/webots_ros2_msgs/webots_ros2_msgs/msg/detail/string_stamped__rosidl_typesupport_introspection_c.h
-- Installing: /root/ros2_ws/install/webots_ros2_msgs/include/webots_ros2_msgs/webots_ros2_msgs/msg/detail/urdf_robot__type_support.c
-- Installing: /root/ros2_ws/install/webots_ros2_msgs/include/webots_ros2_msgs/webots_ros2_msgs/msg/detail/string_stamped__type_support.c
-- Installing: /root/ros2_ws/install/webots_ros2_msgs/include/webots_ros2_msgs/webots_ros2_msgs/msg/detail/bool_stamped__rosidl_typesupport_introspection_c.h
-- Installing: /root/ros2_ws/install/webots_ros2_msgs/include/webots_ros2_msgs/webots_ros2_msgs/msg/detail/float_stamped__type_support.c
-- Installing: /root/ros2_ws/install/webots_ros2_msgs/include/webots_ros2_msgs/webots_ros2_msgs/msg/detail/camera_recognition_object__rosidl_typesupport_introspection_c.h
-- Installing: /root/ros2_ws/install/webots_ros2_msgs/lib/libwebots_ros2_msgs__rosidl_typesupport_introspection_c.so
-- Set runtime path of "/root/ros2_ws/install/webots_ros2_msgs/lib/libwebots_ros2_msgs__rosidl_typesupport_introspection_c.so" to ""
-- Installing: /root/ros2_ws/install/webots_ros2_msgs/lib/libwebots_ros2_msgs__rosidl_typesupport_c.so
-- Set runtime path of "/root/ros2_ws/install/webots_ros2_msgs/lib/libwebots_ros2_msgs__rosidl_typesupport_c.so" to ""
-- Up-to-date: /root/ros2_ws/install/webots_ros2_msgs/include/webots_ros2_msgs/webots_ros2_msgs
-- Up-to-date: /root/ros2_ws/install/webots_ros2_msgs/include/webots_ros2_msgs/webots_ros2_msgs/srv
-- Up-to-date: /root/ros2_ws/install/webots_ros2_msgs/include/webots_ros2_msgs/webots_ros2_msgs/srv/detail
-- Installing: /root/ros2_ws/install/webots_ros2_msgs/include/webots_ros2_msgs/webots_ros2_msgs/srv/detail/spawn_node_from_string__rosidl_typesupport_introspection_cpp.hpp
-- Installing: /root/ros2_ws/install/webots_ros2_msgs/include/webots_ros2_msgs/webots_ros2_msgs/srv/detail/spawn_node_from_string__type_support.cpp
-- Installing: /root/ros2_ws/install/webots_ros2_msgs/include/webots_ros2_msgs/webots_ros2_msgs/srv/detail/set_string__type_support.cpp
-- Installing: /root/ros2_ws/install/webots_ros2_msgs/include/webots_ros2_msgs/webots_ros2_msgs/srv/detail/get_bool__type_support.cpp
-- Installing: /root/ros2_ws/install/webots_ros2_msgs/include/webots_ros2_msgs/webots_ros2_msgs/srv/detail/spawn_urdf_robot__rosidl_typesupport_introspection_cpp.hpp
-- Installing: /root/ros2_ws/install/webots_ros2_msgs/include/webots_ros2_msgs/webots_ros2_msgs/srv/detail/spawn_urdf_robot__type_support.cpp
-- Installing: /root/ros2_ws/install/webots_ros2_msgs/include/webots_ros2_msgs/webots_ros2_msgs/srv/detail/emitter_send_string__type_support.cpp
-- Installing: /root/ros2_ws/install/webots_ros2_msgs/include/webots_ros2_msgs/webots_ros2_msgs/srv/detail/emitter_send_string__rosidl_typesupport_introspection_cpp.hpp
-- Installing: /root/ros2_ws/install/webots_ros2_msgs/include/webots_ros2_msgs/webots_ros2_msgs/srv/detail/set_string__rosidl_typesupport_introspection_cpp.hpp
-- Installing: /root/ros2_ws/install/webots_ros2_msgs/include/webots_ros2_msgs/webots_ros2_msgs/srv/detail/get_bool__rosidl_typesupport_introspection_cpp.hpp
-- Up-to-date: /root/ros2_ws/install/webots_ros2_msgs/include/webots_ros2_msgs/webots_ros2_msgs/msg
-- Up-to-date: /root/ros2_ws/install/webots_ros2_msgs/include/webots_ros2_msgs/webots_ros2_msgs/msg/detail
-- Installing: /root/ros2_ws/install/webots_ros2_msgs/include/webots_ros2_msgs/webots_ros2_msgs/msg/detail/float_stamped__type_support.cpp
-- Installing: /root/ros2_ws/install/webots_ros2_msgs/include/webots_ros2_msgs/webots_ros2_msgs/msg/detail/urdf_robot__type_support.cpp
-- Installing: /root/ros2_ws/install/webots_ros2_msgs/include/webots_ros2_msgs/webots_ros2_msgs/msg/detail/bool_stamped__type_support.cpp
-- Installing: /root/ros2_ws/install/webots_ros2_msgs/include/webots_ros2_msgs/webots_ros2_msgs/msg/detail/camera_recognition_objects__rosidl_typesupport_introspection_cpp.hpp
-- Installing: /root/ros2_ws/install/webots_ros2_msgs/include/webots_ros2_msgs/webots_ros2_msgs/msg/detail/string_stamped__rosidl_typesupport_introspection_cpp.hpp
-- Installing: /root/ros2_ws/install/webots_ros2_msgs/include/webots_ros2_msgs/webots_ros2_msgs/msg/detail/bool_stamped__rosidl_typesupport_introspection_cpp.hpp
-- Installing: /root/ros2_ws/install/webots_ros2_msgs/include/webots_ros2_msgs/webots_ros2_msgs/msg/detail/float_stamped__rosidl_typesupport_introspection_cpp.hpp
-- Installing: /root/ros2_ws/install/webots_ros2_msgs/include/webots_ros2_msgs/webots_ros2_msgs/msg/detail/camera_recognition_object__type_support.cpp
-- Installing: /root/ros2_ws/install/webots_ros2_msgs/include/webots_ros2_msgs/webots_ros2_msgs/msg/detail/pen_ink_properties__type_support.cpp
-- Installing: /root/ros2_ws/install/webots_ros2_msgs/include/webots_ros2_msgs/webots_ros2_msgs/msg/detail/camera_recognition_objects__type_support.cpp
-- Installing: /root/ros2_ws/install/webots_ros2_msgs/include/webots_ros2_msgs/webots_ros2_msgs/msg/detail/pen_ink_properties__rosidl_typesupport_introspection_cpp.hpp
-- Installing: /root/ros2_ws/install/webots_ros2_msgs/include/webots_ros2_msgs/webots_ros2_msgs/msg/detail/urdf_robot__rosidl_typesupport_introspection_cpp.hpp
-- Installing: /root/ros2_ws/install/webots_ros2_msgs/include/webots_ros2_msgs/webots_ros2_msgs/msg/detail/string_stamped__type_support.cpp
-- Installing: /root/ros2_ws/install/webots_ros2_msgs/include/webots_ros2_msgs/webots_ros2_msgs/msg/detail/camera_recognition_object__rosidl_typesupport_introspection_cpp.hpp
-- Installing: /root/ros2_ws/install/webots_ros2_msgs/lib/libwebots_ros2_msgs__rosidl_typesupport_introspection_cpp.so
-- Set runtime path of "/root/ros2_ws/install/webots_ros2_msgs/lib/libwebots_ros2_msgs__rosidl_typesupport_introspection_cpp.so" to ""
-- Installing: /root/ros2_ws/install/webots_ros2_msgs/lib/libwebots_ros2_msgs__rosidl_typesupport_cpp.so
-- Set runtime path of "/root/ros2_ws/install/webots_ros2_msgs/lib/libwebots_ros2_msgs__rosidl_typesupport_cpp.so" to ""
-- Installing: /root/ros2_ws/install/webots_ros2_msgs/share/webots_ros2_msgs/environment/pythonpath.sh
-- Installing: /root/ros2_ws/install/webots_ros2_msgs/share/webots_ros2_msgs/environment/pythonpath.dsv
-- Installing: /root/ros2_ws/install/webots_ros2_msgs/local/lib/python3.10/dist-packages/webots_ros2_msgs-2025.0.1-py3.10.egg-info
-- Installing: /root/ros2_ws/install/webots_ros2_msgs/local/lib/python3.10/dist-packages/webots_ros2_msgs-2025.0.1-py3.10.egg-info/dependency_links.txt
-- Installing: /root/ros2_ws/install/webots_ros2_msgs/local/lib/python3.10/dist-packages/webots_ros2_msgs-2025.0.1-py3.10.egg-info/SOURCES.txt
-- Installing: /root/ros2_ws/install/webots_ros2_msgs/local/lib/python3.10/dist-packages/webots_ros2_msgs-2025.0.1-py3.10.egg-info/PKG-INFO
-- Installing: /root/ros2_ws/install/webots_ros2_msgs/local/lib/python3.10/dist-packages/webots_ros2_msgs-2025.0.1-py3.10.egg-info/top_level.txt
-- Installing: /root/ros2_ws/install/webots_ros2_msgs/local/lib/python3.10/dist-packages/webots_ros2_msgs
-- Installing: /root/ros2_ws/install/webots_ros2_msgs/local/lib/python3.10/dist-packages/webots_ros2_msgs/srv
-- Installing: /root/ros2_ws/install/webots_ros2_msgs/local/lib/python3.10/dist-packages/webots_ros2_msgs/srv/_set_string.py
-- Installing: /root/ros2_ws/install/webots_ros2_msgs/local/lib/python3.10/dist-packages/webots_ros2_msgs/srv/_emitter_send_string_s.c
-- Installing: /root/ros2_ws/install/webots_ros2_msgs/local/lib/python3.10/dist-packages/webots_ros2_msgs/srv/_spawn_urdf_robot_s.c
-- Installing: /root/ros2_ws/install/webots_ros2_msgs/local/lib/python3.10/dist-packages/webots_ros2_msgs/srv/_spawn_node_from_string_s.c
-- Installing: /root/ros2_ws/install/webots_ros2_msgs/local/lib/python3.10/dist-packages/webots_ros2_msgs/srv/_spawn_node_from_string.py
-- Installing: /root/ros2_ws/install/webots_ros2_msgs/local/lib/python3.10/dist-packages/webots_ros2_msgs/srv/_get_bool.py
-- Installing: /root/ros2_ws/install/webots_ros2_msgs/local/lib/python3.10/dist-packages/webots_ros2_msgs/srv/_get_bool_s.c
-- Installing: /root/ros2_ws/install/webots_ros2_msgs/local/lib/python3.10/dist-packages/webots_ros2_msgs/srv/_emitter_send_string.py
-- Installing: /root/ros2_ws/install/webots_ros2_msgs/local/lib/python3.10/dist-packages/webots_ros2_msgs/srv/_spawn_urdf_robot.py
-- Installing: /root/ros2_ws/install/webots_ros2_msgs/local/lib/python3.10/dist-packages/webots_ros2_msgs/srv/__init__.py
-- Installing: /root/ros2_ws/install/webots_ros2_msgs/local/lib/python3.10/dist-packages/webots_ros2_msgs/srv/_set_string_s.c
-- Installing: /root/ros2_ws/install/webots_ros2_msgs/local/lib/python3.10/dist-packages/webots_ros2_msgs/_webots_ros2_msgs_s.ep.rosidl_typesupport_introspection_c.c
-- Installing: /root/ros2_ws/install/webots_ros2_msgs/local/lib/python3.10/dist-packages/webots_ros2_msgs/_webots_ros2_msgs_s.ep.rosidl_typesupport_c.c
-- Installing: /root/ros2_ws/install/webots_ros2_msgs/local/lib/python3.10/dist-packages/webots_ros2_msgs/webots_ros2_msgs_s__rosidl_typesupport_introspection_c.cpython-310-x86_64-linux-gnu.so
-- Installing: /root/ros2_ws/install/webots_ros2_msgs/local/lib/python3.10/dist-packages/webots_ros2_msgs/webots_ros2_msgs_s__rosidl_typesupport_fastrtps_c.cpython-310-x86_64-linux-gnu.so
-- Installing: /root/ros2_ws/install/webots_ros2_msgs/local/lib/python3.10/dist-packages/webots_ros2_msgs/webots_ros2_msgs_s__rosidl_typesupport_c.cpython-310-x86_64-linux-gnu.so
-- Installing: /root/ros2_ws/install/webots_ros2_msgs/local/lib/python3.10/dist-packages/webots_ros2_msgs/libwebots_ros2_msgs__rosidl_generator_py.so
-- Installing: /root/ros2_ws/install/webots_ros2_msgs/local/lib/python3.10/dist-packages/webots_ros2_msgs/__init__.py
-- Installing: /root/ros2_ws/install/webots_ros2_msgs/local/lib/python3.10/dist-packages/webots_ros2_msgs/msg
-- Installing: /root/ros2_ws/install/webots_ros2_msgs/local/lib/python3.10/dist-packages/webots_ros2_msgs/msg/_bool_stamped_s.c
-- Installing: /root/ros2_ws/install/webots_ros2_msgs/local/lib/python3.10/dist-packages/webots_ros2_msgs/msg/_camera_recognition_objects_s.c
-- Installing: /root/ros2_ws/install/webots_ros2_msgs/local/lib/python3.10/dist-packages/webots_ros2_msgs/msg/_pen_ink_properties_s.c
-- Installing: /root/ros2_ws/install/webots_ros2_msgs/local/lib/python3.10/dist-packages/webots_ros2_msgs/msg/_float_stamped.py
-- Installing: /root/ros2_ws/install/webots_ros2_msgs/local/lib/python3.10/dist-packages/webots_ros2_msgs/msg/_urdf_robot.py
-- Installing: /root/ros2_ws/install/webots_ros2_msgs/local/lib/python3.10/dist-packages/webots_ros2_msgs/msg/_urdf_robot_s.c
-- Installing: /root/ros2_ws/install/webots_ros2_msgs/local/lib/python3.10/dist-packages/webots_ros2_msgs/msg/_string_stamped.py
-- Installing: /root/ros2_ws/install/webots_ros2_msgs/local/lib/python3.10/dist-packages/webots_ros2_msgs/msg/_camera_recognition_object.py
-- Installing: /root/ros2_ws/install/webots_ros2_msgs/local/lib/python3.10/dist-packages/webots_ros2_msgs/msg/_float_stamped_s.c
-- Installing: /root/ros2_ws/install/webots_ros2_msgs/local/lib/python3.10/dist-packages/webots_ros2_msgs/msg/_camera_recognition_objects.py
-- Installing: /root/ros2_ws/install/webots_ros2_msgs/local/lib/python3.10/dist-packages/webots_ros2_msgs/msg/_camera_recognition_object_s.c
-- Installing: /root/ros2_ws/install/webots_ros2_msgs/local/lib/python3.10/dist-packages/webots_ros2_msgs/msg/_pen_ink_properties.py
-- Installing: /root/ros2_ws/install/webots_ros2_msgs/local/lib/python3.10/dist-packages/webots_ros2_msgs/msg/_string_stamped_s.c
-- Installing: /root/ros2_ws/install/webots_ros2_msgs/local/lib/python3.10/dist-packages/webots_ros2_msgs/msg/__init__.py
-- Installing: /root/ros2_ws/install/webots_ros2_msgs/local/lib/python3.10/dist-packages/webots_ros2_msgs/msg/_bool_stamped.py
-- Installing: /root/ros2_ws/install/webots_ros2_msgs/local/lib/python3.10/dist-packages/webots_ros2_msgs/_webots_ros2_msgs_s.ep.rosidl_typesupport_fastrtps_c.c
Listing '/root/ros2_ws/install/webots_ros2_msgs/local/lib/python3.10/dist-packages/webots_ros2_msgs'...
Compiling '/root/ros2_ws/install/webots_ros2_msgs/local/lib/python3.10/dist-packages/webots_ros2_msgs/__init__.py'...
Listing '/root/ros2_ws/install/webots_ros2_msgs/local/lib/python3.10/dist-packages/webots_ros2_msgs/msg'...
Compiling '/root/ros2_ws/install/webots_ros2_msgs/local/lib/python3.10/dist-packages/webots_ros2_msgs/msg/__init__.py'...
Compiling '/root/ros2_ws/install/webots_ros2_msgs/local/lib/python3.10/dist-packages/webots_ros2_msgs/msg/_bool_stamped.py'...
Compiling '/root/ros2_ws/install/webots_ros2_msgs/local/lib/python3.10/dist-packages/webots_ros2_msgs/msg/_camera_recognition_object.py'...
Compiling '/root/ros2_ws/install/webots_ros2_msgs/local/lib/python3.10/dist-packages/webots_ros2_msgs/msg/_camera_recognition_objects.py'...
Compiling '/root/ros2_ws/install/webots_ros2_msgs/local/lib/python3.10/dist-packages/webots_ros2_msgs/msg/_float_stamped.py'...
Compiling '/root/ros2_ws/install/webots_ros2_msgs/local/lib/python3.10/dist-packages/webots_ros2_msgs/msg/_pen_ink_properties.py'...
Compiling '/root/ros2_ws/install/webots_ros2_msgs/local/lib/python3.10/dist-packages/webots_ros2_msgs/msg/_string_stamped.py'...
Compiling '/root/ros2_ws/install/webots_ros2_msgs/local/lib/python3.10/dist-packages/webots_ros2_msgs/msg/_urdf_robot.py'...
Listing '/root/ros2_ws/install/webots_ros2_msgs/local/lib/python3.10/dist-packages/webots_ros2_msgs/srv'...
Compiling '/root/ros2_ws/install/webots_ros2_msgs/local/lib/python3.10/dist-packages/webots_ros2_msgs/srv/__init__.py'...
Compiling '/root/ros2_ws/install/webots_ros2_msgs/local/lib/python3.10/dist-packages/webots_ros2_msgs/srv/_emitter_send_string.py'...
Compiling '/root/ros2_ws/install/webots_ros2_msgs/local/lib/python3.10/dist-packages/webots_ros2_msgs/srv/_get_bool.py'...
Compiling '/root/ros2_ws/install/webots_ros2_msgs/local/lib/python3.10/dist-packages/webots_ros2_msgs/srv/_set_string.py'...
Compiling '/root/ros2_ws/install/webots_ros2_msgs/local/lib/python3.10/dist-packages/webots_ros2_msgs/srv/_spawn_node_from_string.py'...
Compiling '/root/ros2_ws/install/webots_ros2_msgs/local/lib/python3.10/dist-packages/webots_ros2_msgs/srv/_spawn_urdf_robot.py'...
-- Installing: /root/ros2_ws/install/webots_ros2_msgs/local/lib/python3.10/dist-packages/webots_ros2_msgs/webots_ros2_msgs_s__rosidl_typesupport_fastrtps_c.cpython-310-x86_64-linux-gnu.so
-- Set runtime path of "/root/ros2_ws/install/webots_ros2_msgs/local/lib/python3.10/dist-packages/webots_ros2_msgs/webots_ros2_msgs_s__rosidl_typesupport_fastrtps_c.cpython-310-x86_64-linux-gnu.so" to ""
-- Installing: /root/ros2_ws/install/webots_ros2_msgs/local/lib/python3.10/dist-packages/webots_ros2_msgs/webots_ros2_msgs_s__rosidl_typesupport_introspection_c.cpython-310-x86_64-linux-gnu.so
-- Set runtime path of "/root/ros2_ws/install/webots_ros2_msgs/local/lib/python3.10/dist-packages/webots_ros2_msgs/webots_ros2_msgs_s__rosidl_typesupport_introspection_c.cpython-310-x86_64-linux-gnu.so" to ""
-- Installing: /root/ros2_ws/install/webots_ros2_msgs/local/lib/python3.10/dist-packages/webots_ros2_msgs/webots_ros2_msgs_s__rosidl_typesupport_c.cpython-310-x86_64-linux-gnu.so
-- Set runtime path of "/root/ros2_ws/install/webots_ros2_msgs/local/lib/python3.10/dist-packages/webots_ros2_msgs/webots_ros2_msgs_s__rosidl_typesupport_c.cpython-310-x86_64-linux-gnu.so" to ""
-- Installing: /root/ros2_ws/install/webots_ros2_msgs/lib/libwebots_ros2_msgs__rosidl_generator_py.so
-- Set runtime path of "/root/ros2_ws/install/webots_ros2_msgs/lib/libwebots_ros2_msgs__rosidl_generator_py.so" to ""
-- Installing: /root/ros2_ws/install/webots_ros2_msgs/share/webots_ros2_msgs/msg/BoolStamped.idl
-- Installing: /root/ros2_ws/install/webots_ros2_msgs/share/webots_ros2_msgs/msg/FloatStamped.idl
-- Installing: /root/ros2_ws/install/webots_ros2_msgs/share/webots_ros2_msgs/msg/StringStamped.idl
-- Installing: /root/ros2_ws/install/webots_ros2_msgs/share/webots_ros2_msgs/msg/CameraRecognitionObject.idl
-- Installing: /root/ros2_ws/install/webots_ros2_msgs/share/webots_ros2_msgs/msg/CameraRecognitionObjects.idl
-- Installing: /root/ros2_ws/install/webots_ros2_msgs/share/webots_ros2_msgs/msg/UrdfRobot.idl
-- Installing: /root/ros2_ws/install/webots_ros2_msgs/share/webots_ros2_msgs/msg/PenInkProperties.idl
-- Installing: /root/ros2_ws/install/webots_ros2_msgs/share/webots_ros2_msgs/srv/EmitterSendString.idl
-- Installing: /root/ros2_ws/install/webots_ros2_msgs/share/webots_ros2_msgs/srv/GetBool.idl
-- Installing: /root/ros2_ws/install/webots_ros2_msgs/share/webots_ros2_msgs/srv/SetString.idl
-- Installing: /root/ros2_ws/install/webots_ros2_msgs/share/webots_ros2_msgs/srv/SpawnNodeFromString.idl
-- Installing: /root/ros2_ws/install/webots_ros2_msgs/share/webots_ros2_msgs/srv/SpawnUrdfRobot.idl
-- Installing: /root/ros2_ws/install/webots_ros2_msgs/share/webots_ros2_msgs/msg/BoolStamped.msg
-- Installing: /root/ros2_ws/install/webots_ros2_msgs/share/webots_ros2_msgs/msg/FloatStamped.msg
-- Installing: /root/ros2_ws/install/webots_ros2_msgs/share/webots_ros2_msgs/msg/StringStamped.msg
-- Installing: /root/ros2_ws/install/webots_ros2_msgs/share/webots_ros2_msgs/msg/CameraRecognitionObject.msg
-- Installing: /root/ros2_ws/install/webots_ros2_msgs/share/webots_ros2_msgs/msg/CameraRecognitionObjects.msg
-- Installing: /root/ros2_ws/install/webots_ros2_msgs/share/webots_ros2_msgs/msg/UrdfRobot.msg
-- Installing: /root/ros2_ws/install/webots_ros2_msgs/share/webots_ros2_msgs/msg/PenInkProperties.msg
-- Installing: /root/ros2_ws/install/webots_ros2_msgs/share/webots_ros2_msgs/srv/EmitterSendString.srv
-- Installing: /root/ros2_ws/install/webots_ros2_msgs/share/webots_ros2_msgs/srv/EmitterSendString_Request.msg
-- Installing: /root/ros2_ws/install/webots_ros2_msgs/share/webots_ros2_msgs/srv/EmitterSendString_Response.msg
-- Installing: /root/ros2_ws/install/webots_ros2_msgs/share/webots_ros2_msgs/srv/GetBool.srv
-- Installing: /root/ros2_ws/install/webots_ros2_msgs/share/webots_ros2_msgs/srv/GetBool_Request.msg
-- Installing: /root/ros2_ws/install/webots_ros2_msgs/share/webots_ros2_msgs/srv/GetBool_Response.msg
-- Installing: /root/ros2_ws/install/webots_ros2_msgs/share/webots_ros2_msgs/srv/SetString.srv
-- Installing: /root/ros2_ws/install/webots_ros2_msgs/share/webots_ros2_msgs/srv/SetString_Request.msg
-- Installing: /root/ros2_ws/install/webots_ros2_msgs/share/webots_ros2_msgs/srv/SetString_Response.msg
-- Installing: /root/ros2_ws/install/webots_ros2_msgs/share/webots_ros2_msgs/srv/SpawnNodeFromString.srv
-- Installing: /root/ros2_ws/install/webots_ros2_msgs/share/webots_ros2_msgs/srv/SpawnNodeFromString_Request.msg
-- Installing: /root/ros2_ws/install/webots_ros2_msgs/share/webots_ros2_msgs/srv/SpawnNodeFromString_Response.msg
-- Installing: /root/ros2_ws/install/webots_ros2_msgs/share/webots_ros2_msgs/srv/SpawnUrdfRobot.srv
-- Installing: /root/ros2_ws/install/webots_ros2_msgs/share/webots_ros2_msgs/srv/SpawnUrdfRobot_Request.msg
-- Installing: /root/ros2_ws/install/webots_ros2_msgs/share/webots_ros2_msgs/srv/SpawnUrdfRobot_Response.msg
-- Installing: /root/ros2_ws/install/webots_ros2_msgs/share/ament_index/resource_index/package_run_dependencies/webots_ros2_msgs
-- Installing: /root/ros2_ws/install/webots_ros2_msgs/share/ament_index/resource_index/parent_prefix_path/webots_ros2_msgs
-- Installing: /root/ros2_ws/install/webots_ros2_msgs/share/webots_ros2_msgs/environment/ament_prefix_path.sh
-- Installing: /root/ros2_ws/install/webots_ros2_msgs/share/webots_ros2_msgs/environment/ament_prefix_path.dsv
-- Installing: /root/ros2_ws/install/webots_ros2_msgs/share/webots_ros2_msgs/environment/path.sh
-- Installing: /root/ros2_ws/install/webots_ros2_msgs/share/webots_ros2_msgs/environment/path.dsv
-- Installing: /root/ros2_ws/install/webots_ros2_msgs/share/webots_ros2_msgs/local_setup.bash
-- Installing: /root/ros2_ws/install/webots_ros2_msgs/share/webots_ros2_msgs/local_setup.sh
-- Installing: /root/ros2_ws/install/webots_ros2_msgs/share/webots_ros2_msgs/local_setup.zsh
-- Installing: /root/ros2_ws/install/webots_ros2_msgs/share/webots_ros2_msgs/local_setup.dsv
-- Installing: /root/ros2_ws/install/webots_ros2_msgs/share/webots_ros2_msgs/package.dsv
-- Installing: /root/ros2_ws/install/webots_ros2_msgs/share/ament_index/resource_index/packages/webots_ros2_msgs
-- Installing: /root/ros2_ws/install/webots_ros2_msgs/share/webots_ros2_msgs/cmake/export_webots_ros2_msgs__rosidl_generator_cExport.cmake
-- Installing: /root/ros2_ws/install/webots_ros2_msgs/share/webots_ros2_msgs/cmake/export_webots_ros2_msgs__rosidl_generator_cExport-noconfig.cmake
-- Installing: /root/ros2_ws/install/webots_ros2_msgs/share/webots_ros2_msgs/cmake/export_webots_ros2_msgs__rosidl_typesupport_fastrtps_cExport.cmake
-- Installing: /root/ros2_ws/install/webots_ros2_msgs/share/webots_ros2_msgs/cmake/export_webots_ros2_msgs__rosidl_typesupport_fastrtps_cExport-noconfig.cmake
-- Installing: /root/ros2_ws/install/webots_ros2_msgs/share/webots_ros2_msgs/cmake/export_webots_ros2_msgs__rosidl_generator_cppExport.cmake
-- Installing: /root/ros2_ws/install/webots_ros2_msgs/share/webots_ros2_msgs/cmake/export_webots_ros2_msgs__rosidl_typesupport_fastrtps_cppExport.cmake
-- Installing: /root/ros2_ws/install/webots_ros2_msgs/share/webots_ros2_msgs/cmake/export_webots_ros2_msgs__rosidl_typesupport_fastrtps_cppExport-noconfig.cmake
-- Installing: /root/ros2_ws/install/webots_ros2_msgs/share/webots_ros2_msgs/cmake/webots_ros2_msgs__rosidl_typesupport_introspection_cExport.cmake
-- Installing: /root/ros2_ws/install/webots_ros2_msgs/share/webots_ros2_msgs/cmake/webots_ros2_msgs__rosidl_typesupport_introspection_cExport-noconfig.cmake
-- Installing: /root/ros2_ws/install/webots_ros2_msgs/share/webots_ros2_msgs/cmake/webots_ros2_msgs__rosidl_typesupport_cExport.cmake
-- Installing: /root/ros2_ws/install/webots_ros2_msgs/share/webots_ros2_msgs/cmake/webots_ros2_msgs__rosidl_typesupport_cExport-noconfig.cmake
-- Installing: /root/ros2_ws/install/webots_ros2_msgs/share/webots_ros2_msgs/cmake/webots_ros2_msgs__rosidl_typesupport_introspection_cppExport.cmake
-- Installing: /root/ros2_ws/install/webots_ros2_msgs/share/webots_ros2_msgs/cmake/webots_ros2_msgs__rosidl_typesupport_introspection_cppExport-noconfig.cmake
-- Installing: /root/ros2_ws/install/webots_ros2_msgs/share/webots_ros2_msgs/cmake/webots_ros2_msgs__rosidl_typesupport_cppExport.cmake
-- Installing: /root/ros2_ws/install/webots_ros2_msgs/share/webots_ros2_msgs/cmake/webots_ros2_msgs__rosidl_typesupport_cppExport-noconfig.cmake
-- Installing: /root/ros2_ws/install/webots_ros2_msgs/share/webots_ros2_msgs/cmake/export_webots_ros2_msgs__rosidl_generator_pyExport.cmake
-- Installing: /root/ros2_ws/install/webots_ros2_msgs/share/webots_ros2_msgs/cmake/export_webots_ros2_msgs__rosidl_generator_pyExport-noconfig.cmake
-- Installing: /root/ros2_ws/install/webots_ros2_msgs/share/webots_ros2_msgs/cmake/rosidl_cmake-extras.cmake
-- Installing: /root/ros2_ws/install/webots_ros2_msgs/share/webots_ros2_msgs/cmake/ament_cmake_export_dependencies-extras.cmake
-- Installing: /root/ros2_ws/install/webots_ros2_msgs/share/webots_ros2_msgs/cmake/ament_cmake_export_include_directories-extras.cmake
-- Installing: /root/ros2_ws/install/webots_ros2_msgs/share/webots_ros2_msgs/cmake/ament_cmake_export_libraries-extras.cmake
-- Installing: /root/ros2_ws/install/webots_ros2_msgs/share/webots_ros2_msgs/cmake/ament_cmake_export_targets-extras.cmake
-- Installing: /root/ros2_ws/install/webots_ros2_msgs/share/webots_ros2_msgs/cmake/rosidl_cmake_export_typesupport_targets-extras.cmake
-- Installing: /root/ros2_ws/install/webots_ros2_msgs/share/webots_ros2_msgs/cmake/rosidl_cmake_export_typesupport_libraries-extras.cmake
-- Installing: /root/ros2_ws/install/webots_ros2_msgs/share/webots_ros2_msgs/cmake/webots_ros2_msgsConfig.cmake
-- Installing: /root/ros2_ws/install/webots_ros2_msgs/share/webots_ros2_msgs/cmake/webots_ros2_msgsConfig-version.cmake
-- Installing: /root/ros2_ws/install/webots_ros2_msgs/share/webots_ros2_msgs/package.xml
