running egg_info
creating ../../../build/webots_ros2_crazyflie/webots_ros2_crazyflie.egg-info
writing ../../../build/webots_ros2_crazyflie/webots_ros2_crazyflie.egg-info/PKG-INFO
writing dependency_links to ../../../build/webots_ros2_crazyflie/webots_ros2_crazyflie.egg-info/dependency_links.txt
writing entry points to ../../../build/webots_ros2_crazyflie/webots_ros2_crazyflie.egg-info/entry_points.txt
writing requirements to ../../../build/webots_ros2_crazyflie/webots_ros2_crazyflie.egg-info/requires.txt
writing top-level names to ../../../build/webots_ros2_crazyflie/webots_ros2_crazyflie.egg-info/top_level.txt
writing manifest file '../../../build/webots_ros2_crazyflie/webots_ros2_crazyflie.egg-info/SOURCES.txt'
reading manifest file '../../../build/webots_ros2_crazyflie/webots_ros2_crazyflie.egg-info/SOURCES.txt'
writing manifest file '../../../build/webots_ros2_crazyflie/webots_ros2_crazyflie.egg-info/SOURCES.txt'
running build
running build_py
creating /root/ros2_ws/build/webots_ros2_crazyflie/build
creating /root/ros2_ws/build/webots_ros2_crazyflie/build/lib
creating /root/ros2_ws/build/webots_ros2_crazyflie/build/lib/webots_ros2_crazyflie
copying webots_ros2_crazyflie/crazyflie_driver.py -> /root/ros2_ws/build/webots_ros2_crazyflie/build/lib/webots_ros2_crazyflie
copying webots_ros2_crazyflie/__init__.py -> /root/ros2_ws/build/webots_ros2_crazyflie/build/lib/webots_ros2_crazyflie
running install
running install_lib
creating /root/ros2_ws/install/webots_ros2_crazyflie/lib/python3.10/site-packages/webots_ros2_crazyflie
copying /root/ros2_ws/build/webots_ros2_crazyflie/build/lib/webots_ros2_crazyflie/crazyflie_driver.py -> /root/ros2_ws/install/webots_ros2_crazyflie/lib/python3.10/site-packages/webots_ros2_crazyflie
copying /root/ros2_ws/build/webots_ros2_crazyflie/build/lib/webots_ros2_crazyflie/__init__.py -> /root/ros2_ws/install/webots_ros2_crazyflie/lib/python3.10/site-packages/webots_ros2_crazyflie
byte-compiling /root/ros2_ws/install/webots_ros2_crazyflie/lib/python3.10/site-packages/webots_ros2_crazyflie/crazyflie_driver.py to crazyflie_driver.cpython-310.pyc
byte-compiling /root/ros2_ws/install/webots_ros2_crazyflie/lib/python3.10/site-packages/webots_ros2_crazyflie/__init__.py to __init__.cpython-310.pyc
running install_data
creating /root/ros2_ws/install/webots_ros2_crazyflie/share/ament_index
creating /root/ros2_ws/install/webots_ros2_crazyflie/share/ament_index/resource_index
creating /root/ros2_ws/install/webots_ros2_crazyflie/share/ament_index/resource_index/packages
copying resource/webots_ros2_crazyflie -> /root/ros2_ws/install/webots_ros2_crazyflie/share/ament_index/resource_index/packages
creating /root/ros2_ws/install/webots_ros2_crazyflie/share/webots_ros2_crazyflie/launch
copying launch/robot_launch.py -> /root/ros2_ws/install/webots_ros2_crazyflie/share/webots_ros2_crazyflie/launch
creating /root/ros2_ws/install/webots_ros2_crazyflie/share/webots_ros2_crazyflie/worlds
copying worlds/crazyflie_apartment.wbt -> /root/ros2_ws/install/webots_ros2_crazyflie/share/webots_ros2_crazyflie/worlds
copying worlds/.crazyflie_apartment.wbproj -> /root/ros2_ws/install/webots_ros2_crazyflie/share/webots_ros2_crazyflie/worlds
creating /root/ros2_ws/install/webots_ros2_crazyflie/share/webots_ros2_crazyflie/resource
copying resource/crazyflie_webots.urdf -> /root/ros2_ws/install/webots_ros2_crazyflie/share/webots_ros2_crazyflie/resource
copying package.xml -> /root/ros2_ws/install/webots_ros2_crazyflie/share/webots_ros2_crazyflie
running install_egg_info
Copying ../../../build/webots_ros2_crazyflie/webots_ros2_crazyflie.egg-info to /root/ros2_ws/install/webots_ros2_crazyflie/lib/python3.10/site-packages/webots_ros2_crazyflie-2025.0.1-py3.10.egg-info
running install_scripts
Installing crazyflie_driver script to /root/ros2_ws/install/webots_ros2_crazyflie/lib/webots_ros2_crazyflie
writing list of installed files to '/root/ros2_ws/build/webots_ros2_crazyflie/install.log'
