[0.984s] Invoking command in '/root/ros2_ws/src/webots_ros2/webots_ros2_crazyflie': AMENT_PREFIX_PATH=/root/ros2_ws/install/webots_ros2_driver:/root/ros2_ws/install/webots_ros2_msgs:/root/ros2_ws/install/webots_ros2_importer:${AMENT_PREFIX_PATH} CMAKE_PREFIX_PATH=/root/ros2_ws/install/webots_ros2_driver:/root/ros2_ws/install/webots_ros2_msgs LD_LIBRARY_PATH=/root/ros2_ws/install/webots_ros2_driver/lib:/root/ros2_ws/install/webots_ros2_msgs/lib:${LD_LIBRARY_PATH} PYTHONPATH=/root/ros2_ws/build/webots_ros2_crazyflie/prefix_override:/usr/lib/python3/dist-packages/colcon_core/task/python/colcon_distutils_commands:/root/ros2_ws/install/webots_ros2_crazyflie/lib/python3.10/site-packages:/root/ros2_ws/install/webots_ros2_driver/local/lib/python3.10/dist-packages:/root/ros2_ws/install/webots_ros2_msgs/local/lib/python3.10/dist-packages:/root/ros2_ws/install/webots_ros2_importer/lib/python3.10/site-packages:${PYTHONPATH} /usr/bin/python3 -W ignore:setup.py install is deprecated -W ignore:easy_install command is deprecated setup.py egg_info --egg-base ../../../build/webots_ros2_crazyflie build --build-base /root/ros2_ws/build/webots_ros2_crazyflie/build install --record /root/ros2_ws/build/webots_ros2_crazyflie/install.log --single-version-externally-managed install_data
[1.175s] running egg_info
[1.176s] creating ../../../build/webots_ros2_crazyflie/webots_ros2_crazyflie.egg-info
[1.176s] writing ../../../build/webots_ros2_crazyflie/webots_ros2_crazyflie.egg-info/PKG-INFO
[1.176s] writing dependency_links to ../../../build/webots_ros2_crazyflie/webots_ros2_crazyflie.egg-info/dependency_links.txt
[1.176s] writing entry points to ../../../build/webots_ros2_crazyflie/webots_ros2_crazyflie.egg-info/entry_points.txt
[1.176s] writing requirements to ../../../build/webots_ros2_crazyflie/webots_ros2_crazyflie.egg-info/requires.txt
[1.176s] writing top-level names to ../../../build/webots_ros2_crazyflie/webots_ros2_crazyflie.egg-info/top_level.txt
[1.176s] writing manifest file '../../../build/webots_ros2_crazyflie/webots_ros2_crazyflie.egg-info/SOURCES.txt'
[1.178s] reading manifest file '../../../build/webots_ros2_crazyflie/webots_ros2_crazyflie.egg-info/SOURCES.txt'
[1.178s] writing manifest file '../../../build/webots_ros2_crazyflie/webots_ros2_crazyflie.egg-info/SOURCES.txt'
[1.178s] running build
[1.178s] running build_py
[1.179s] creating /root/ros2_ws/build/webots_ros2_crazyflie/build
[1.179s] creating /root/ros2_ws/build/webots_ros2_crazyflie/build/lib
[1.179s] creating /root/ros2_ws/build/webots_ros2_crazyflie/build/lib/webots_ros2_crazyflie
[1.179s] copying webots_ros2_crazyflie/crazyflie_driver.py -> /root/ros2_ws/build/webots_ros2_crazyflie/build/lib/webots_ros2_crazyflie
[1.179s] copying webots_ros2_crazyflie/__init__.py -> /root/ros2_ws/build/webots_ros2_crazyflie/build/lib/webots_ros2_crazyflie
[1.179s] running install
[1.179s] running install_lib
[1.180s] creating /root/ros2_ws/install/webots_ros2_crazyflie/lib/python3.10/site-packages/webots_ros2_crazyflie
[1.180s] copying /root/ros2_ws/build/webots_ros2_crazyflie/build/lib/webots_ros2_crazyflie/crazyflie_driver.py -> /root/ros2_ws/install/webots_ros2_crazyflie/lib/python3.10/site-packages/webots_ros2_crazyflie
[1.180s] copying /root/ros2_ws/build/webots_ros2_crazyflie/build/lib/webots_ros2_crazyflie/__init__.py -> /root/ros2_ws/install/webots_ros2_crazyflie/lib/python3.10/site-packages/webots_ros2_crazyflie
[1.180s] byte-compiling /root/ros2_ws/install/webots_ros2_crazyflie/lib/python3.10/site-packages/webots_ros2_crazyflie/crazyflie_driver.py to crazyflie_driver.cpython-310.pyc
[1.182s] byte-compiling /root/ros2_ws/install/webots_ros2_crazyflie/lib/python3.10/site-packages/webots_ros2_crazyflie/__init__.py to __init__.cpython-310.pyc
[1.183s] running install_data
[1.183s] creating /root/ros2_ws/install/webots_ros2_crazyflie/share/ament_index
[1.183s] creating /root/ros2_ws/install/webots_ros2_crazyflie/share/ament_index/resource_index
[1.183s] creating /root/ros2_ws/install/webots_ros2_crazyflie/share/ament_index/resource_index/packages
[1.183s] copying resource/webots_ros2_crazyflie -> /root/ros2_ws/install/webots_ros2_crazyflie/share/ament_index/resource_index/packages
[1.183s] creating /root/ros2_ws/install/webots_ros2_crazyflie/share/webots_ros2_crazyflie/launch
[1.183s] copying launch/robot_launch.py -> /root/ros2_ws/install/webots_ros2_crazyflie/share/webots_ros2_crazyflie/launch
[1.183s] creating /root/ros2_ws/install/webots_ros2_crazyflie/share/webots_ros2_crazyflie/worlds
[1.183s] copying worlds/crazyflie_apartment.wbt -> /root/ros2_ws/install/webots_ros2_crazyflie/share/webots_ros2_crazyflie/worlds
[1.183s] copying worlds/.crazyflie_apartment.wbproj -> /root/ros2_ws/install/webots_ros2_crazyflie/share/webots_ros2_crazyflie/worlds
[1.183s] creating /root/ros2_ws/install/webots_ros2_crazyflie/share/webots_ros2_crazyflie/resource
[1.183s] copying resource/crazyflie_webots.urdf -> /root/ros2_ws/install/webots_ros2_crazyflie/share/webots_ros2_crazyflie/resource
[1.183s] copying package.xml -> /root/ros2_ws/install/webots_ros2_crazyflie/share/webots_ros2_crazyflie
[1.183s] running install_egg_info
[1.185s] Copying ../../../build/webots_ros2_crazyflie/webots_ros2_crazyflie.egg-info to /root/ros2_ws/install/webots_ros2_crazyflie/lib/python3.10/site-packages/webots_ros2_crazyflie-2025.0.1-py3.10.egg-info
[1.185s] running install_scripts
[1.201s] Installing crazyflie_driver script to /root/ros2_ws/install/webots_ros2_crazyflie/lib/webots_ros2_crazyflie
[1.201s] writing list of installed files to '/root/ros2_ws/build/webots_ros2_crazyflie/install.log'
[1.244s] Invoked command in '/root/ros2_ws/src/webots_ros2/webots_ros2_crazyflie' returned '0': AMENT_PREFIX_PATH=/root/ros2_ws/install/webots_ros2_driver:/root/ros2_ws/install/webots_ros2_msgs:/root/ros2_ws/install/webots_ros2_importer:${AMENT_PREFIX_PATH} CMAKE_PREFIX_PATH=/root/ros2_ws/install/webots_ros2_driver:/root/ros2_ws/install/webots_ros2_msgs LD_LIBRARY_PATH=/root/ros2_ws/install/webots_ros2_driver/lib:/root/ros2_ws/install/webots_ros2_msgs/lib:${LD_LIBRARY_PATH} PYTHONPATH=/root/ros2_ws/build/webots_ros2_crazyflie/prefix_override:/usr/lib/python3/dist-packages/colcon_core/task/python/colcon_distutils_commands:/root/ros2_ws/install/webots_ros2_crazyflie/lib/python3.10/site-packages:/root/ros2_ws/install/webots_ros2_driver/local/lib/python3.10/dist-packages:/root/ros2_ws/install/webots_ros2_msgs/local/lib/python3.10/dist-packages:/root/ros2_ws/install/webots_ros2_importer/lib/python3.10/site-packages:${PYTHONPATH} /usr/bin/python3 -W ignore:setup.py install is deprecated -W ignore:easy_install command is deprecated setup.py egg_info --egg-base ../../../build/webots_ros2_crazyflie build --build-base /root/ros2_ws/build/webots_ros2_crazyflie/build install --record /root/ros2_ws/build/webots_ros2_crazyflie/install.log --single-version-externally-managed install_data
